2024-03-16 21:49:11,412 [INFO] Activator:176 - 


2024-03-16 21:49:11,416 [INFO] Activator:177 - !SESSION log4j initialized
2024-03-16 21:49:14,798 [INFO] LogOutputStream:77 - [STDOUT_REDIRECT] 
2024-03-16 21:49:16,595 [INFO] ApplicationProperties:184 - Using Application install path: /opt/st/stm32cubeide_1.14.0/plugins/com.st.stm32cube.common.mx_6.10.0.202311202037
2024-03-16 21:49:16,622 [INFO] DbMcusXml:78 - Set database path to: /opt/st/stm32cubeide_1.14.0/plugins/com.st.stm32cube.common.mx_6.10.0.202311202037//db//mcu/
2024-03-16 21:49:16,622 [INFO] ApiDb:274 - Set plugin database path to: /opt/st/stm32cubeide_1.14.0/plugins/com.st.stm32cube.common.mx_6.10.0.202311202037//db//plugins/boardmanager/
2024-03-16 21:49:16,623 [WARN] ApiDb:259 - Overriding images path with different value:  => /opt/st/stm32cubeide_1.14.0/plugins/com.st.stm32cube.common.mx_6.10.0.202311202037//db//plugins/mcufinder/images/
2024-03-16 21:49:16,630 [INFO] ApiDb:250 - Set database path to: /home/bhakti/.stmcufinder/plugins/mcufinder//mcu/
2024-03-16 21:49:16,631 [INFO] DbMcusAds:125 - Set database path to: /home/bhakti/.stmcufinder/plugins/mcufinder//mcu/
2024-03-16 21:49:16,633 [INFO] CrossReferenceDbSqlite:203 - Set database path to: /home/bhakti/.stmcufinder/plugins/mcufinder//mcu/cs/
2024-03-16 21:49:16,735 [INFO] RulesReader:64 - Compatibility file has been processed (297 Rules)
2024-03-16 21:49:16,783 [INFO] DbMcusXml:78 - Set database path to: /opt/st/stm32cubeide_1.14.0/plugins/com.st.stm32cube.common.mx_6.10.0.202311202037//db//mcu/
2024-03-16 21:49:16,783 [INFO] ApiDb:274 - Set plugin database path to: /opt/st/stm32cubeide_1.14.0/plugins/com.st.stm32cube.common.mx_6.10.0.202311202037//db//plugins/boardmanager/
2024-03-16 21:49:16,783 [INFO] ApiDb:261 - Set plugin images path to: /opt/st/stm32cubeide_1.14.0/plugins/com.st.stm32cube.common.mx_6.10.0.202311202037//db//plugins/mcufinder/images/
2024-03-16 21:49:16,783 [WARN] DbFile:41 - Overriding database path with different value: /home/bhakti/.stmcufinder/plugins/mcufinder/ => /home/bhakti/.stmcufinder/plugins/mcufinder
2024-03-16 21:49:16,783 [INFO] ApiDb:250 - Set database path to: /home/bhakti/.stmcufinder/plugins/mcufinder//mcu/
2024-03-16 21:49:16,783 [WARN] DbFile:41 - Overriding database path with different value: /home/bhakti/.stmcufinder/plugins/mcufinder/ => /home/bhakti/.stmcufinder/plugins/mcufinder
2024-03-16 21:49:16,783 [INFO] DbMcusAds:125 - Set database path to: /home/bhakti/.stmcufinder/plugins/mcufinder//mcu/
2024-03-16 21:49:16,783 [WARN] DbFile:41 - Overriding database path with different value: /home/bhakti/.stmcufinder/plugins/mcufinder/ => /home/bhakti/.stmcufinder/plugins/mcufinder
2024-03-16 21:49:16,783 [WARN] DbFile:41 - Overriding database path with different value: /home/bhakti/.stmcufinder/plugins/mcufinder/ => /home/bhakti/.stmcufinder/plugins/mcufinder
2024-03-16 21:49:16,783 [INFO] CrossReferenceDbSqlite:203 - Set database path to: /home/bhakti/.stmcufinder/plugins/mcufinder//mcu/cs/
2024-03-16 21:49:16,841 [INFO] MainPanel:264 - HeapMemory: 268435456
2024-03-16 21:49:16,916 [INFO] DbMcusXml:78 - Set database path to: /opt/st/stm32cubeide_1.14.0/plugins/com.st.stm32cube.common.mx_6.10.0.202311202037//db//mcu/
2024-03-16 21:49:16,916 [INFO] ApiDb:274 - Set plugin database path to: /opt/st/stm32cubeide_1.14.0/plugins/com.st.stm32cube.common.mx_6.10.0.202311202037//db//plugins/boardmanager/
2024-03-16 21:49:16,916 [INFO] ApiDb:261 - Set plugin images path to: /opt/st/stm32cubeide_1.14.0/plugins/com.st.stm32cube.common.mx_6.10.0.202311202037//db//plugins/mcufinder/images/
2024-03-16 21:49:16,917 [WARN] DbFile:41 - Overriding database path with different value: /home/bhakti/.stmcufinder/plugins/mcufinder/ => /home/bhakti/.stmcufinder/plugins/mcufinder
2024-03-16 21:49:16,917 [INFO] ApiDb:250 - Set database path to: /home/bhakti/.stmcufinder/plugins/mcufinder//mcu/
2024-03-16 21:49:16,917 [WARN] DbFile:41 - Overriding database path with different value: /home/bhakti/.stmcufinder/plugins/mcufinder/ => /home/bhakti/.stmcufinder/plugins/mcufinder
2024-03-16 21:49:16,917 [INFO] DbMcusAds:125 - Set database path to: /home/bhakti/.stmcufinder/plugins/mcufinder//mcu/
2024-03-16 21:49:16,917 [WARN] DbFile:41 - Overriding database path with different value: /home/bhakti/.stmcufinder/plugins/mcufinder/ => /home/bhakti/.stmcufinder/plugins/mcufinder
2024-03-16 21:49:16,917 [WARN] DbFile:41 - Overriding database path with different value: /home/bhakti/.stmcufinder/plugins/mcufinder/ => /home/bhakti/.stmcufinder/plugins/mcufinder
2024-03-16 21:49:16,917 [INFO] CrossReferenceDbSqlite:203 - Set database path to: /home/bhakti/.stmcufinder/plugins/mcufinder//mcu/cs/
2024-03-16 21:49:16,930 [INFO] ApplicationProperties:184 - Using Application install path: /opt/st/stm32cubeide_1.14.0/plugins/com.st.stm32cube.common.mx_6.10.0.202311202037
2024-03-16 21:49:16,931 [INFO] PluginManage:196 - Search for loadable plugins [exclusion list=, ]
2024-03-16 21:49:16,932 [INFO] PluginManage:310 - Check plugin analytics
2024-03-16 21:49:17,059 [INFO] AnalyticsPlugin:253 - Accepted Software Licenses: 
2024-03-16 21:49:17,059 [INFO] AnalyticsPlugin:255 - Accepted CMSIS Pack Licenses: 
2024-03-16 21:49:17,060 [INFO] AnalyticsPlugin:257 - Accepted Firmware Licenses: 
2024-03-16 21:49:17,062 [INFO] PluginManage:359 - Loaded plugin analytics (category:tool,tabindex:-1)
2024-03-16 21:49:17,062 [INFO] PluginManage:310 - Check plugin cadmodel
2024-03-16 21:49:17,170 [INFO] CADModel:105 - Init CAD model plugin
2024-03-16 21:49:17,170 [INFO] PluginManage:359 - Loaded plugin cadmodel (category:power,tabindex:5)
2024-03-16 21:49:17,171 [INFO] PluginManage:310 - Check plugin clock
2024-03-16 21:49:17,179 [INFO] PluginManage:359 - Loaded plugin clock (category:base,tabindex:2)
2024-03-16 21:49:17,179 [INFO] PluginManage:310 - Check plugin ddr
2024-03-16 21:49:17,181 [INFO] PluginManage:359 - Loaded plugin ddr (category:tool,tabindex:6)
2024-03-16 21:49:17,181 [INFO] PluginManage:310 - Check plugin filemanager
2024-03-16 21:49:17,293 [INFO] PluginManage:359 - Loaded plugin filemanager (category:base,tabindex:10)
2024-03-16 21:49:17,293 [INFO] PluginManage:310 - Check plugin ipmanager
2024-03-16 21:49:17,298 [INFO] PluginManage:359 - Loaded plugin ipmanager (category:base,tabindex:5)
2024-03-16 21:49:17,298 [INFO] PluginManage:310 - Check plugin lpbam
2024-03-16 21:49:17,306 [INFO] PluginManage:359 - Loaded plugin lpbam (category:base,tabindex:0)
2024-03-16 21:49:17,306 [INFO] PluginManage:310 - Check plugin memorymap
2024-03-16 21:49:17,316 [INFO] PluginManage:359 - Loaded plugin memorymap (category:base,tabindex:4)
2024-03-16 21:49:17,316 [INFO] PluginManage:310 - Check plugin pinoutandconfiguration
2024-03-16 21:49:17,323 [INFO] PluginManage:359 - Loaded plugin pinoutandconfiguration (category:base,tabindex:1)
2024-03-16 21:49:17,323 [INFO] PluginManage:310 - Check plugin pinoutconfig
2024-03-16 21:49:17,390 [WARN] SupportedApi:132 - Cannot load RTOS API schema: s4s-elt-must-match.1: The content of 'definitions' must match (annotation?, (simpleType | complexType)?, (unique | key | keyref)*)). A problem was found starting at: attribute.
2024-03-16 21:49:17,499 [INFO] PluginManage:359 - Loaded plugin pinoutconfig (category:base,tabindex:0)
2024-03-16 21:49:17,499 [INFO] PluginManage:310 - Check plugin power
2024-03-16 21:49:17,506 [INFO] PluginManage:359 - Loaded plugin power (category:power,tabindex:4)
2024-03-16 21:49:17,507 [INFO] PluginManage:310 - Check plugin projectmanager
2024-03-16 21:49:17,518 [INFO] PluginManage:359 - Loaded plugin projectmanager (category:projectmanager,tabindex:3)
2024-03-16 21:49:17,518 [INFO] PluginManage:310 - Check plugin thirdparty
2024-03-16 21:49:17,603 [INFO] PluginManage:359 - Loaded plugin thirdparty (category:base,tabindex:-1)
2024-03-16 21:49:17,603 [WARN] IntegrityCheckThread:84 - waiting for thirdparty lock release [integrity check]
2024-03-16 21:49:17,603 [INFO] PluginManage:310 - Check plugin tools
2024-03-16 21:49:17,603 [INFO] IntegrityCheckThread:86 - entering critical section [integrity check]
2024-03-16 21:49:17,603 [INFO] ThirdPartyUpdaterWithRetryManager:70 - Updater plugin not ready yet. [1/15]
2024-03-16 21:49:17,605 [INFO] PluginManage:359 - Loaded plugin tools (category:base,tabindex:7)
2024-03-16 21:49:17,605 [INFO] PluginManage:310 - Check plugin tutovideos
2024-03-16 21:49:17,744 [INFO] PluginManage:359 - Loaded plugin tutovideos (category:base,tabindex:-1)
2024-03-16 21:49:17,744 [INFO] PluginManage:310 - Check plugin updater
2024-03-16 21:49:17,753 [INFO] PluginManage:359 - Loaded plugin updater (category:base,tabindex:12)
2024-03-16 21:49:17,754 [INFO] PluginManage:310 - Check plugin userauth
2024-03-16 21:49:17,758 [INFO] UserAuth:114 - Init User Auth plugin
2024-03-16 21:49:17,758 [INFO] PluginManage:359 - Loaded plugin userauth (category:base,tabindex:14)
2024-03-16 21:49:17,759 [INFO] PluginManage:283 - PluginManage : Loaded plugins [17]
2024-03-16 21:49:17,918 [INFO] PinOutPanel:1499 - setPackage(No Configuration,No Configuration)
2024-03-16 21:49:18,016 [INFO] CADModel:165 - CPN selected for project level
2024-03-16 21:49:18,016 [INFO] CADModel:114 - Register for checkConnection events
2024-03-16 21:49:18,035 [INFO] IPUIPlugin:80 - create IPUIPlugin
2024-03-16 21:49:18,035 [INFO] PluginManager:220 - loadIPPluginJar : add usbx
2024-03-16 21:49:18,043 [INFO] IPUIPlugin:80 - create IPUIPlugin
2024-03-16 21:49:18,043 [INFO] PluginManager:220 - loadIPPluginJar : add freertos
2024-03-16 21:49:18,045 [INFO] IPUIPlugin:80 - create IPUIPlugin
2024-03-16 21:49:18,045 [INFO] PluginManager:220 - loadIPPluginJar : add fatfs
2024-03-16 21:49:18,051 [INFO] IPUIPlugin:80 - create IPUIPlugin
2024-03-16 21:49:18,051 [INFO] PluginManager:220 - loadIPPluginJar : add resmgrutility
2024-03-16 21:49:18,054 [INFO] IPUIPlugin:80 - create IPUIPlugin
2024-03-16 21:49:18,054 [INFO] PluginManager:220 - loadIPPluginJar : add tracer_emb
2024-03-16 21:49:18,065 [INFO] IPUIPlugin:80 - create IPUIPlugin
2024-03-16 21:49:18,065 [INFO] PluginManager:220 - loadIPPluginJar : add gtzc
2024-03-16 21:49:18,068 [INFO] IPUIPlugin:80 - create IPUIPlugin
2024-03-16 21:49:18,069 [INFO] PluginManager:220 - loadIPPluginJar : add genericplugin
2024-03-16 21:49:18,077 [INFO] IPUIPlugin:80 - create IPUIPlugin
2024-03-16 21:49:18,077 [INFO] PluginManager:220 - loadIPPluginJar : add stm32_wpan
2024-03-16 21:49:18,081 [INFO] IPUIPlugin:80 - create IPUIPlugin
2024-03-16 21:49:18,081 [INFO] PluginManager:220 - loadIPPluginJar : add lorawan
2024-03-16 21:49:18,096 [INFO] IPUIPlugin:80 - create IPUIPlugin
2024-03-16 21:49:18,100 [INFO] PluginManager:220 - loadIPPluginJar : add plateformsettings
2024-03-16 21:49:18,108 [INFO] IPUIPlugin:80 - create IPUIPlugin
2024-03-16 21:49:18,108 [INFO] PluginManager:220 - loadIPPluginJar : add usart
2024-03-16 21:49:18,126 [INFO] IPUIPlugin:80 - create IPUIPlugin
2024-03-16 21:49:18,127 [INFO] PluginManager:220 - loadIPPluginJar : add mdma
2024-03-16 21:49:18,136 [INFO] IPUIPlugin:80 - create IPUIPlugin
2024-03-16 21:49:18,136 [INFO] PluginManager:220 - loadIPPluginJar : add gpio
2024-03-16 21:49:18,151 [INFO] IPUIPlugin:80 - create IPUIPlugin
2024-03-16 21:49:18,152 [INFO] PluginManager:220 - loadIPPluginJar : add adc
2024-03-16 21:49:18,155 [INFO] IPUIPlugin:80 - create IPUIPlugin
2024-03-16 21:49:18,155 [INFO] PluginManager:220 - loadIPPluginJar : add can
2024-03-16 21:49:18,159 [INFO] IPUIPlugin:80 - create IPUIPlugin
2024-03-16 21:49:18,159 [INFO] PluginManager:220 - loadIPPluginJar : add ipddr
2024-03-16 21:49:18,162 [INFO] IPUIPlugin:80 - create IPUIPlugin
2024-03-16 21:49:18,162 [INFO] PluginManager:220 - loadIPPluginJar : add sai
2024-03-16 21:49:18,164 [INFO] IPUIPlugin:80 - create IPUIPlugin
2024-03-16 21:49:18,165 [INFO] PluginManager:220 - loadIPPluginJar : add tsc
2024-03-16 21:49:18,172 [INFO] IPUIPlugin:80 - create IPUIPlugin
2024-03-16 21:49:18,172 [INFO] PluginManager:220 - loadIPPluginJar : add gic
2024-03-16 21:49:18,175 [INFO] IPUIPlugin:80 - create IPUIPlugin
2024-03-16 21:49:18,175 [INFO] PluginManager:220 - loadIPPluginJar : add ucpd
2024-03-16 21:49:18,182 [INFO] IPUIPlugin:80 - create IPUIPlugin
2024-03-16 21:49:18,182 [INFO] PluginManager:220 - loadIPPluginJar : add dma
2024-03-16 21:49:18,184 [INFO] IPUIPlugin:80 - create IPUIPlugin
2024-03-16 21:49:18,185 [INFO] PluginManager:220 - loadIPPluginJar : add ts
2024-03-16 21:49:18,190 [INFO] IPUIPlugin:80 - create IPUIPlugin
2024-03-16 21:49:18,191 [INFO] PluginManager:220 - loadIPPluginJar : add fmc
2024-03-16 21:49:18,193 [INFO] IPUIPlugin:80 - create IPUIPlugin
2024-03-16 21:49:18,193 [INFO] PluginManager:220 - loadIPPluginJar : add i2c
2024-03-16 21:49:18,194 [INFO] IPUIPlugin:80 - create IPUIPlugin
2024-03-16 21:49:18,195 [INFO] PluginManager:220 - loadIPPluginJar : add dfsdm
2024-03-16 21:49:18,196 [INFO] IPUIPlugin:80 - create IPUIPlugin
2024-03-16 21:49:18,197 [INFO] PluginManager:220 - loadIPPluginJar : add hash
2024-03-16 21:49:18,198 [INFO] IPUIPlugin:80 - create IPUIPlugin
2024-03-16 21:49:18,198 [INFO] PluginManager:220 - loadIPPluginJar : add ltdc
2024-03-16 21:49:18,200 [INFO] IPUIPlugin:80 - create IPUIPlugin
2024-03-16 21:49:18,200 [INFO] PluginManager:220 - loadIPPluginJar : add opamp
2024-03-16 21:49:18,202 [INFO] IPUIPlugin:80 - create IPUIPlugin
2024-03-16 21:49:18,202 [INFO] PluginManager:220 - loadIPPluginJar : add aes
2024-03-16 21:49:18,203 [INFO] IPUIPlugin:80 - create IPUIPlugin
2024-03-16 21:49:18,204 [INFO] PluginManager:220 - loadIPPluginJar : add comp
2024-03-16 21:49:18,205 [INFO] IPUIPlugin:80 - create IPUIPlugin
2024-03-16 21:49:18,205 [INFO] PluginManager:220 - loadIPPluginJar : add tim
2024-03-16 21:49:18,207 [INFO] IPUIPlugin:80 - create IPUIPlugin
2024-03-16 21:49:18,207 [INFO] PluginManager:220 - loadIPPluginJar : add spi
2024-03-16 21:49:18,209 [INFO] IPUIPlugin:80 - create IPUIPlugin
2024-03-16 21:49:18,209 [INFO] PluginManager:220 - loadIPPluginJar : add pdm2pcm
2024-03-16 21:49:18,211 [INFO] IPUIPlugin:80 - create IPUIPlugin
2024-03-16 21:49:18,211 [INFO] PluginManager:220 - loadIPPluginJar : add dma3
2024-03-16 21:49:18,214 [INFO] IPUIPlugin:80 - create IPUIPlugin
2024-03-16 21:49:18,214 [INFO] PluginManager:220 - loadIPPluginJar : add openamp
2024-03-16 21:49:18,215 [INFO] IPUIPlugin:80 - create IPUIPlugin
2024-03-16 21:49:18,215 [INFO] PluginManager:220 - loadIPPluginJar : add quadspi
2024-03-16 21:49:18,217 [INFO] IPUIPlugin:80 - create IPUIPlugin
2024-03-16 21:49:18,217 [INFO] PluginManager:220 - loadIPPluginJar : add gfxmmu
2024-03-16 21:49:18,220 [INFO] IPUIPlugin:80 - create IPUIPlugin
2024-03-16 21:49:18,220 [INFO] PluginManager:220 - loadIPPluginJar : add nvic
2024-03-16 21:49:18,223 [INFO] IPUIPlugin:80 - create IPUIPlugin
2024-03-16 21:49:18,223 [INFO] PluginManager:220 - loadIPPluginJar : add touchsensing
2024-03-16 21:49:18,225 [INFO] IPUIPlugin:80 - create IPUIPlugin
2024-03-16 21:49:18,225 [INFO] PluginManager:220 - loadIPPluginJar : add i2s
2024-03-16 21:49:18,231 [INFO] IPUIPlugin:80 - create IPUIPlugin
2024-03-16 21:49:18,231 [INFO] PluginManager:220 - loadIPPluginJar : add linkedlist
2024-03-16 21:49:18,233 [INFO] IPUIPlugin:80 - create IPUIPlugin
2024-03-16 21:49:18,233 [INFO] PluginManager:220 - loadIPPluginJar : add cryp
2024-03-16 21:49:18,235 [INFO] IPUIPlugin:80 - create IPUIPlugin
2024-03-16 21:49:18,235 [INFO] PluginManager:220 - loadIPPluginJar : add i3c
2024-03-16 21:49:18,335 [INFO] CADModel:165 - CPN selected for project level
2024-03-16 21:49:18,335 [INFO] CADModel:114 - Register for checkConnection events
2024-03-16 21:49:18,335 [FATAL] Updater:308 - Updater called before beeing initialized
2024-03-16 21:49:18,335 [ERROR] CADModel:125 - Updater not yet initialized, retry later 
2024-03-16 21:49:18,447 [INFO] CADModel:165 - CPN selected for project level
2024-03-16 21:49:18,448 [INFO] CADModel:114 - Register for checkConnection events
2024-03-16 21:49:18,448 [FATAL] Updater:308 - Updater called before beeing initialized
2024-03-16 21:49:18,448 [ERROR] CADModel:125 - Updater not yet initialized, retry later 
2024-03-16 21:49:18,451 [FATAL] Updater:308 - Updater called before beeing initialized
2024-03-16 21:49:18,516 [FATAL] Updater:308 - Updater called before beeing initialized
2024-03-16 21:49:18,519 [INFO] DbMcusAds:53 - JSON generation date=Wed Nov 29 16:22:27 IST 2023 (1701255147349)
2024-03-16 21:49:18,520 [FATAL] Updater:308 - Updater called before beeing initialized
2024-03-16 21:49:18,548 [WARN] DetailPanel:346 - Failed to get advertising image, set to default
2024-03-16 21:49:18,632 [FATAL] Updater:308 - Updater called before beeing initialized
2024-03-16 21:49:18,634 [FATAL] Updater:308 - Updater called before beeing initialized
2024-03-16 21:49:18,634 [FATAL] Updater:308 - Updater called before beeing initialized
2024-03-16 21:49:18,634 [WARN] DetailPanel:346 - Failed to get advertising image, set to default
2024-03-16 21:49:18,635 [FATAL] Updater:308 - Updater called before beeing initialized
2024-03-16 21:49:18,660 [ERROR] Updater:1120 - MainUpdater not yet initialized. External WinMGr cannot be set.
2024-03-16 21:49:18,661 [INFO] Updater:1056 - Updater Version found : 6.10.0
2024-03-16 21:49:18,678 [INFO] ApplicationProperties:184 - Using Application install path: /opt/st/stm32cubeide_1.14.0/plugins/com.st.stm32cube.common.mx_6.10.0.202311202037
2024-03-16 21:49:18,960 [INFO] MainUpdater:2873 - connection check result : 10
2024-03-16 21:49:18,961 [INFO] MainUpdater:3567 - Updater definition file requires update
2024-03-16 21:49:18,961 [INFO] MainUpdater:290 - Updater Check For Update Now.
2024-03-16 21:49:18,962 [INFO] MicroXplorer:498 - Change Database Version : DB.6.0.100
2024-03-16 21:49:18,967 [INFO] McuFinderGlobals:63 - Set McuFinder mode to 2 (CubeIDE integrated)
2024-03-16 21:49:18,967 [INFO] UserAuth:180 - activating auth plugin
2024-03-16 21:49:18,970 [INFO] UserAuth:404 - Internet connection configuration mode: 1
2024-03-16 21:49:18,981 [INFO] JxBrowserEngine:152 - Initiate JxBrowser Engine with user profile folder
2024-03-16 21:49:19,034 [INFO] ServerAccessManage:473 - Download File updaters.zip
2024-03-16 21:49:19,699 [INFO] WebApp:161 - Instantiating new browser for Auth
2024-03-16 21:49:20,220 [INFO] WebApp:780 - Register for checkConnection events
2024-03-16 21:49:20,220 [INFO] WebApp:414 - Apply proxy settings
2024-03-16 21:49:20,220 [INFO] WebApp:499 - Chromium requires no authentication
2024-03-16 21:49:20,227 [INFO] WebApp:442 - Direct internet connection detected
2024-03-16 21:49:20,379 [INFO] WebApp:192 - Starting web application
2024-03-16 21:49:20,379 [INFO] WebApp:544 - Web application path used /opt/st/stm32cubeide_1.14.0/plugins/com.st.stm32cube.common.mx_6.10.0.202311202037/db/plugins/mcufinder/reactClient1/index.html
2024-03-16 21:49:20,486 [INFO] FileExtend:240 - Unzip File : updaters.zip
2024-03-16 21:49:20,486 [INFO] FileExtend:255 - Standard Zip Deflate
2024-03-16 21:49:20,604 [WARN] MainUpdater:1194 - Updater busy. Cannot search thirdparties
2024-03-16 21:49:20,604 [INFO] ThirdPartyUpdaterWithRetryManager:96 - Updater plugin is busy. [1/15]
2024-03-16 21:49:20,648 [INFO] ServerAccessManage:473 - Download File PacksControlFlags.xml
2024-03-16 21:49:20,859 [INFO] ServerAccessManage:473 - Download File cubemx.pidx
2024-03-16 21:49:20,937 [INFO] LoadServerUpdatesThread:375 - End of LoadServerUpdate Thread
2024-03-16 21:49:21,098 [INFO] CheckServerUpdateThread:120 - End of CheckServer Thread
2024-03-16 21:49:23,697 [WARN] PackLoader:240 - Cannot read IP mode file for STMicroelectronics.X-CUBE-SMBUS.2.1.0
2024-03-16 21:49:23,702 [WARN] PackLoader:240 - Cannot read IP mode file for STMicroelectronics.X-CUBE-TOUCHGFX.4.23.0
2024-03-16 21:49:23,727 [WARN] PackLoader:240 - Cannot read IP mode file for STMicroelectronics.X-CUBE-AZRTOS-F7.1.1.0
2024-03-16 21:49:23,737 [WARN] PackLoader:240 - Cannot read IP mode file for STMicroelectronics.FP-SNS-MOTENV1.4.3.2
2024-03-16 21:49:23,742 [WARN] PackLoader:240 - Cannot read IP mode file for STMicroelectronics.FP-SNS-FLIGHT1.5.0.2
2024-03-16 21:49:23,749 [WARN] PackLoader:240 - Cannot read IP mode file for STMicroelectronics.X-CUBE-DISPLAY.3.0.0
2024-03-16 21:49:23,759 [WARN] PackLoader:240 - Cannot read IP mode file for STMicroelectronics.X-CUBE-BLE1.7.0.0
2024-03-16 21:49:23,763 [WARN] PackLoader:240 - Cannot read IP mode file for emotas.I-CUBE-CANOPEN.1.3.0
2024-03-16 21:49:23,773 [WARN] PackLoader:240 - Cannot read IP mode file for STMicroelectronics.X-CUBE-BLEMGR.3.1.0
2024-03-16 21:49:23,779 [WARN] PackLoader:240 - Cannot read IP mode file for STMicroelectronics.FP-SNS-SMARTAG2.1.2.0
2024-03-16 21:49:23,788 [INFO] LogOutputStream:77 - [STDOUT_REDIRECT] 1 : Invalid condition id : UX_CORESTACK_Condition cause : null
2024-03-16 21:49:23,789 [INFO] LogOutputStream:77 - [STDOUT_REDIRECT] 1 : Invalid condition id : UX_CORESTACK_Condition cause : null
2024-03-16 21:49:23,789 [INFO] LogOutputStream:77 - [STDOUT_REDIRECT] 1 : Invalid condition id : UX_CORESTACK_Condition cause : null
2024-03-16 21:49:23,789 [INFO] LogOutputStream:77 - [STDOUT_REDIRECT] 1 : Invalid condition id : UX_CORESTACK_Condition cause : null
2024-03-16 21:49:23,789 [INFO] LogOutputStream:77 - [STDOUT_REDIRECT] 1 : Invalid condition id : UX_CORESTACK_Condition cause : null
2024-03-16 21:49:23,794 [WARN] PackLoader:240 - Cannot read IP mode file for STMicroelectronics.X-CUBE-AZRTOS-WL.2.0.0
2024-03-16 21:49:23,801 [WARN] PackLoader:240 - Cannot read IP mode file for WES.I-CUBE-Cesium.1.3.0
2024-03-16 21:49:23,805 [WARN] PackLoader:240 - Cannot read IP mode file for STMicroelectronics.X-CUBE-BLE2.3.3.0
2024-03-16 21:49:23,810 [WARN] PackLoader:240 - Cannot read IP mode file for STMicroelectronics.X-CUBE-ALGOBUILD.1.3.0
2024-03-16 21:49:23,831 [WARN] PackLoader:240 - Cannot read IP mode file for STMicroelectronics.X-CUBE-AZRTOS-G0.1.1.0
2024-03-16 21:49:23,837 [WARN] PackLoader:240 - Cannot read IP mode file for STMicroelectronics.X-CUBE-NFC4.3.0.0
2024-03-16 21:49:23,846 [WARN] PackLoader:240 - Cannot read IP mode file for STMicroelectronics.X-CUBE-BLEMGR.3.0.0
2024-03-16 21:49:23,851 [WARN] PackLoader:240 - Cannot read IP mode file for STMicroelectronics.FP-ATR-SIGFOX1.3.2.0
2024-03-16 21:49:23,855 [WARN] PackLoader:240 - Cannot read IP mode file for STMicroelectronics.X-CUBE-EEPRMA1.5.1.0
2024-03-16 21:49:23,888 [WARN] PackLoader:240 - Cannot read IP mode file for SEGGER.I-CUBE-embOS.1.3.1
2024-03-16 21:49:23,930 [WARN] PackLoader:240 - Cannot read IP mode file for STMicroelectronics.X-CUBE-GNSS1.6.0.0
2024-03-16 21:49:23,947 [WARN] PackLoader:240 - Cannot read IP mode file for STMicroelectronics.X-CUBE-AZRTOS-F4.1.1.0
2024-03-16 21:49:23,952 [WARN] PackLoader:240 - Cannot read IP mode file for wolfSSL.I-CUBE-wolfSSL.5.6.6
2024-03-16 21:49:23,967 [WARN] PackLoader:240 - Cannot read IP mode file for STMicroelectronics.X-CUBE-AZRTOS-L5.2.0.0
2024-03-16 21:49:23,974 [WARN] PackLoader:240 - Cannot read IP mode file for ITTIA_DB.I-CUBE-ITTIADB.8.8.0
2024-03-16 21:49:23,977 [WARN] PackLoader:240 - Cannot read IP mode file for STMicroelectronics.X-CUBE-NFC7.1.0.1
2024-03-16 21:49:23,984 [WARN] PackLoader:240 - Cannot read IP mode file for STMicroelectronics.X-CUBE-NFC6.3.0.0
2024-03-16 21:49:23,989 [WARN] PackLoader:240 - Cannot read IP mode file for STMicroelectronics.X-CUBE-AI.8.1.0
2024-03-16 21:49:24,005 [WARN] ConditionMgr:438 - getConditionDescription Invalid condition id : LAN8742 Phy interface Condition cause : null
2024-03-16 21:49:24,006 [WARN] PackLoader:240 - Cannot read IP mode file for STMicroelectronics.X-CUBE-AZRTOS-L4.2.0.0
2024-03-16 21:49:24,008 [WARN] ConditionMgr:1039 - genDependencies : Invalid condition id : LAN8742 Phy interface Condition cause : null
2024-03-16 21:49:24,008 [WARN] ConditionMgr:1039 - genDependencies : Invalid condition id : LAN8742 Phy interface Condition cause : null
2024-03-16 21:49:24,009 [WARN] ConditionMgr:1039 - genDependencies : Invalid condition id : LAN8742 Phy interface Condition cause : null
2024-03-16 21:49:24,015 [WARN] PackLoader:240 - Cannot read IP mode file for STMicroelectronics.X-CUBE-SFXS2LP1.4.0.0
2024-03-16 21:49:24,028 [WARN] ConditionMgr:438 - getConditionDescription Invalid condition id : UX DEVICE CLASS RTOS Condition cause : null
2024-03-16 21:49:24,028 [WARN] ConditionMgr:438 - getConditionDescription Invalid condition id : UX DEVICE CLASS RTOS Condition cause : null
2024-03-16 21:49:24,032 [WARN] PackLoader:240 - Cannot read IP mode file for STMicroelectronics.X-CUBE-AZRTOS-WB.2.0.0
2024-03-16 21:49:24,032 [WARN] ConditionMgr:1039 - genDependencies : Invalid condition id : UX DEVICE CLASS RTOS Condition cause : null
2024-03-16 21:49:24,033 [WARN] ConditionMgr:1039 - genDependencies : Invalid condition id : UX DEVICE CLASS RTOS Condition cause : null
2024-03-16 21:49:24,033 [WARN] ConditionMgr:1039 - genDependencies : Invalid condition id : UX DEVICE CLASS RTOS Condition cause : null
2024-03-16 21:49:24,033 [WARN] ConditionMgr:1039 - genDependencies : Invalid condition id : UX DEVICE CLASS RTOS Condition cause : null
2024-03-16 21:49:24,033 [WARN] ConditionMgr:1039 - genDependencies : Invalid condition id : UX DEVICE CLASS RTOS Condition cause : null
2024-03-16 21:49:24,044 [WARN] PackLoader:240 - Cannot read IP mode file for STMicroelectronics.X-CUBE-SUBG2.5.0.0
2024-03-16 21:49:24,061 [WARN] PackLoader:240 - Cannot read IP mode file for STMicroelectronics.X-CUBE-AZRTOS-G4.2.0.0
2024-03-16 21:49:24,074 [WARN] PackLoader:240 - Cannot read IP mode file for Infineon.AIROC-Wi-Fi-Bluetooth-STM32.1.5.1
2024-03-16 21:49:24,080 [WARN] PackLoader:240 - Cannot read IP mode file for STMicroelectronics.FP-SNS-MOTENVWB1.1.3.1
2024-03-16 21:49:24,083 [WARN] PackLoader:240 - Cannot read IP mode file for STMicroelectronics.X-CUBE-ISPU.2.0.0
2024-03-16 21:49:24,119 [WARN] PackLoader:240 - Cannot read IP mode file for STMicroelectronics.X-CUBE-MEMS1.10.0.0
2024-03-16 21:49:24,244 [WARN] PackLoader:240 - Cannot read IP mode file for STMicroelectronics.X-CUBE-FREERTOS.1.1.0
2024-03-16 21:49:24,247 [WARN] PackLoader:240 - Cannot read IP mode file for portGmbH.I-Cube-SoM-uGOAL.1.1.0
2024-03-16 21:49:24,250 [WARN] PackLoader:240 - Cannot read IP mode file for STMicroelectronics.X-CUBE-ALS.1.0.1
2024-03-16 21:49:24,253 [WARN] PackLoader:240 - Cannot read IP mode file for STMicroelectronics.FP-ATR-ASTRA1.2.0.0
2024-03-16 21:49:24,265 [WARN] PackLoader:240 - Cannot read IP mode file for STMicroelectronics.X-CUBE-TOF1.3.4.0
2024-03-16 21:49:24,295 [WARN] PackLoader:240 - Cannot read IP mode file for STMicroelectronics.X-CUBE-TOF1.3.4.1
2024-03-16 21:49:24,374 [WARN] PackLoader:240 - Cannot read IP mode file for STMicroelectronics.X-CUBE-AZRTOS-H7.3.2.0
2024-03-16 21:49:24,379 [INFO] ThirdParty:978 - Integrity check success = true
2024-03-16 21:49:24,379 [INFO] IntegrityCheckThread:100 - exiting critical section [integrity check]
2024-03-16 21:49:24,379 [INFO] IntegrityCheckThread:103 - End integrity checks thread
2024-03-16 21:49:40,791 [ERROR] LogOutputStream:75 - [STDERR_REDIRECT] SLF4J: Failed to load class "org.slf4j.impl.StaticLoggerBinder".
2024-03-16 21:49:40,791 [ERROR] LogOutputStream:75 - [STDERR_REDIRECT] SLF4J: Defaulting to no-operation (NOP) logger implementation
2024-03-16 21:49:40,791 [ERROR] LogOutputStream:75 - [STDERR_REDIRECT] SLF4J: See http://www.slf4j.org/codes.html#StaticLoggerBinder for further details.
2024-03-16 23:22:45,075 [ERROR] LogOutputStream:75 - [STDERR_REDIRECT] 
