2024-03-28 23:29:18,869 [INFO] Activator:176 - 


2024-03-28 23:29:18,875 [INFO] Activator:177 - !SESSION log4j initialized
2024-03-28 23:29:24,512 [INFO] LogOutputStream:77 - [STDOUT_REDIRECT] 
2024-03-28 23:29:26,147 [INFO] ApplicationProperties:184 - Using Application install path: /opt/st/stm32cubeide_1.14.0/plugins/com.st.stm32cube.common.mx_6.10.0.202311202037
2024-03-28 23:29:26,172 [INFO] DbMcusXml:78 - Set database path to: /opt/st/stm32cubeide_1.14.0/plugins/com.st.stm32cube.common.mx_6.10.0.202311202037//db//mcu/
2024-03-28 23:29:26,173 [INFO] ApiDb:274 - Set plugin database path to: /opt/st/stm32cubeide_1.14.0/plugins/com.st.stm32cube.common.mx_6.10.0.202311202037//db//plugins/boardmanager/
2024-03-28 23:29:26,173 [WARN] ApiDb:259 - Overriding images path with different value:  => /opt/st/stm32cubeide_1.14.0/plugins/com.st.stm32cube.common.mx_6.10.0.202311202037//db//plugins/mcufinder/images/
2024-03-28 23:29:26,182 [INFO] ApiDb:250 - Set database path to: /home/bhakti/.stmcufinder/plugins/mcufinder//mcu/
2024-03-28 23:29:26,184 [INFO] DbMcusAds:125 - Set database path to: /home/bhakti/.stmcufinder/plugins/mcufinder//mcu/
2024-03-28 23:29:26,187 [INFO] CrossReferenceDbSqlite:203 - Set database path to: /home/bhakti/.stmcufinder/plugins/mcufinder//mcu/cs/
2024-03-28 23:29:26,373 [INFO] RulesReader:64 - Compatibility file has been processed (297 Rules)
2024-03-28 23:29:26,459 [INFO] DbMcusXml:78 - Set database path to: /opt/st/stm32cubeide_1.14.0/plugins/com.st.stm32cube.common.mx_6.10.0.202311202037//db//mcu/
2024-03-28 23:29:26,459 [INFO] ApiDb:274 - Set plugin database path to: /opt/st/stm32cubeide_1.14.0/plugins/com.st.stm32cube.common.mx_6.10.0.202311202037//db//plugins/boardmanager/
2024-03-28 23:29:26,460 [INFO] ApiDb:261 - Set plugin images path to: /opt/st/stm32cubeide_1.14.0/plugins/com.st.stm32cube.common.mx_6.10.0.202311202037//db//plugins/mcufinder/images/
2024-03-28 23:29:26,460 [WARN] DbFile:41 - Overriding database path with different value: /home/bhakti/.stmcufinder/plugins/mcufinder/ => /home/bhakti/.stmcufinder/plugins/mcufinder
2024-03-28 23:29:26,460 [INFO] ApiDb:250 - Set database path to: /home/bhakti/.stmcufinder/plugins/mcufinder//mcu/
2024-03-28 23:29:26,460 [WARN] DbFile:41 - Overriding database path with different value: /home/bhakti/.stmcufinder/plugins/mcufinder/ => /home/bhakti/.stmcufinder/plugins/mcufinder
2024-03-28 23:29:26,460 [INFO] DbMcusAds:125 - Set database path to: /home/bhakti/.stmcufinder/plugins/mcufinder//mcu/
2024-03-28 23:29:26,460 [WARN] DbFile:41 - Overriding database path with different value: /home/bhakti/.stmcufinder/plugins/mcufinder/ => /home/bhakti/.stmcufinder/plugins/mcufinder
2024-03-28 23:29:26,461 [WARN] DbFile:41 - Overriding database path with different value: /home/bhakti/.stmcufinder/plugins/mcufinder/ => /home/bhakti/.stmcufinder/plugins/mcufinder
2024-03-28 23:29:26,461 [INFO] CrossReferenceDbSqlite:203 - Set database path to: /home/bhakti/.stmcufinder/plugins/mcufinder//mcu/cs/
2024-03-28 23:29:26,555 [INFO] MainPanel:264 - HeapMemory: 268435456
2024-03-28 23:29:26,678 [INFO] DbMcusXml:78 - Set database path to: /opt/st/stm32cubeide_1.14.0/plugins/com.st.stm32cube.common.mx_6.10.0.202311202037//db//mcu/
2024-03-28 23:29:26,678 [INFO] ApiDb:274 - Set plugin database path to: /opt/st/stm32cubeide_1.14.0/plugins/com.st.stm32cube.common.mx_6.10.0.202311202037//db//plugins/boardmanager/
2024-03-28 23:29:26,678 [INFO] ApiDb:261 - Set plugin images path to: /opt/st/stm32cubeide_1.14.0/plugins/com.st.stm32cube.common.mx_6.10.0.202311202037//db//plugins/mcufinder/images/
2024-03-28 23:29:26,679 [WARN] DbFile:41 - Overriding database path with different value: /home/bhakti/.stmcufinder/plugins/mcufinder/ => /home/bhakti/.stmcufinder/plugins/mcufinder
2024-03-28 23:29:26,679 [INFO] ApiDb:250 - Set database path to: /home/bhakti/.stmcufinder/plugins/mcufinder//mcu/
2024-03-28 23:29:26,679 [WARN] DbFile:41 - Overriding database path with different value: /home/bhakti/.stmcufinder/plugins/mcufinder/ => /home/bhakti/.stmcufinder/plugins/mcufinder
2024-03-28 23:29:26,680 [INFO] DbMcusAds:125 - Set database path to: /home/bhakti/.stmcufinder/plugins/mcufinder//mcu/
2024-03-28 23:29:26,680 [WARN] DbFile:41 - Overriding database path with different value: /home/bhakti/.stmcufinder/plugins/mcufinder/ => /home/bhakti/.stmcufinder/plugins/mcufinder
2024-03-28 23:29:26,680 [WARN] DbFile:41 - Overriding database path with different value: /home/bhakti/.stmcufinder/plugins/mcufinder/ => /home/bhakti/.stmcufinder/plugins/mcufinder
2024-03-28 23:29:26,680 [INFO] CrossReferenceDbSqlite:203 - Set database path to: /home/bhakti/.stmcufinder/plugins/mcufinder//mcu/cs/
2024-03-28 23:29:26,698 [INFO] ApplicationProperties:184 - Using Application install path: /opt/st/stm32cubeide_1.14.0/plugins/com.st.stm32cube.common.mx_6.10.0.202311202037
2024-03-28 23:29:26,702 [INFO] PluginManage:196 - Search for loadable plugins [exclusion list=, ]
2024-03-28 23:29:26,705 [INFO] PluginManage:310 - Check plugin analytics
2024-03-28 23:29:26,993 [INFO] AnalyticsPlugin:253 - Accepted Software Licenses: 
2024-03-28 23:29:26,993 [INFO] AnalyticsPlugin:255 - Accepted CMSIS Pack Licenses: 
2024-03-28 23:29:26,994 [INFO] AnalyticsPlugin:257 - Accepted Firmware Licenses: 
2024-03-28 23:29:26,997 [INFO] PluginManage:359 - Loaded plugin analytics (category:tool,tabindex:-1)
2024-03-28 23:29:26,998 [INFO] PluginManage:310 - Check plugin cadmodel
2024-03-28 23:29:27,193 [INFO] CADModel:105 - Init CAD model plugin
2024-03-28 23:29:27,194 [INFO] PluginManage:359 - Loaded plugin cadmodel (category:power,tabindex:5)
2024-03-28 23:29:27,194 [INFO] PluginManage:310 - Check plugin clock
2024-03-28 23:29:27,205 [INFO] PluginManage:359 - Loaded plugin clock (category:base,tabindex:2)
2024-03-28 23:29:27,206 [INFO] PluginManage:310 - Check plugin ddr
2024-03-28 23:29:27,208 [INFO] PluginManage:359 - Loaded plugin ddr (category:tool,tabindex:6)
2024-03-28 23:29:27,208 [INFO] PluginManage:310 - Check plugin filemanager
2024-03-28 23:29:27,381 [INFO] PluginManage:359 - Loaded plugin filemanager (category:base,tabindex:10)
2024-03-28 23:29:27,381 [INFO] PluginManage:310 - Check plugin ipmanager
2024-03-28 23:29:27,388 [INFO] PluginManage:359 - Loaded plugin ipmanager (category:base,tabindex:5)
2024-03-28 23:29:27,388 [INFO] PluginManage:310 - Check plugin lpbam
2024-03-28 23:29:27,401 [INFO] PluginManage:359 - Loaded plugin lpbam (category:base,tabindex:0)
2024-03-28 23:29:27,401 [INFO] PluginManage:310 - Check plugin memorymap
2024-03-28 23:29:27,416 [INFO] PluginManage:359 - Loaded plugin memorymap (category:base,tabindex:4)
2024-03-28 23:29:27,416 [INFO] PluginManage:310 - Check plugin pinoutandconfiguration
2024-03-28 23:29:27,427 [INFO] PluginManage:359 - Loaded plugin pinoutandconfiguration (category:base,tabindex:1)
2024-03-28 23:29:27,428 [INFO] PluginManage:310 - Check plugin pinoutconfig
2024-03-28 23:29:27,541 [WARN] SupportedApi:132 - Cannot load RTOS API schema: s4s-elt-must-match.1: The content of 'definitions' must match (annotation?, (simpleType | complexType)?, (unique | key | keyref)*)). A problem was found starting at: attribute.
2024-03-28 23:29:27,724 [INFO] PluginManage:359 - Loaded plugin pinoutconfig (category:base,tabindex:0)
2024-03-28 23:29:27,724 [INFO] PluginManage:310 - Check plugin power
2024-03-28 23:29:27,741 [INFO] PluginManage:359 - Loaded plugin power (category:power,tabindex:4)
2024-03-28 23:29:27,741 [INFO] PluginManage:310 - Check plugin projectmanager
2024-03-28 23:29:27,759 [INFO] PluginManage:359 - Loaded plugin projectmanager (category:projectmanager,tabindex:3)
2024-03-28 23:29:27,760 [INFO] PluginManage:310 - Check plugin thirdparty
2024-03-28 23:29:27,897 [WARN] IntegrityCheckThread:84 - waiting for thirdparty lock release [integrity check]
2024-03-28 23:29:27,898 [INFO] PluginManage:359 - Loaded plugin thirdparty (category:base,tabindex:-1)
2024-03-28 23:29:27,898 [INFO] IntegrityCheckThread:86 - entering critical section [integrity check]
2024-03-28 23:29:27,898 [INFO] PluginManage:310 - Check plugin tools
2024-03-28 23:29:27,899 [INFO] ThirdPartyUpdaterWithRetryManager:70 - Updater plugin not ready yet. [1/15]
2024-03-28 23:29:27,901 [INFO] PluginManage:359 - Loaded plugin tools (category:base,tabindex:7)
2024-03-28 23:29:27,901 [INFO] PluginManage:310 - Check plugin tutovideos
2024-03-28 23:29:28,152 [INFO] PluginManage:359 - Loaded plugin tutovideos (category:base,tabindex:-1)
2024-03-28 23:29:28,152 [INFO] PluginManage:310 - Check plugin updater
2024-03-28 23:29:28,165 [INFO] PluginManage:359 - Loaded plugin updater (category:base,tabindex:12)
2024-03-28 23:29:28,165 [INFO] PluginManage:310 - Check plugin userauth
2024-03-28 23:29:28,172 [INFO] UserAuth:114 - Init User Auth plugin
2024-03-28 23:29:28,173 [INFO] PluginManage:359 - Loaded plugin userauth (category:base,tabindex:14)
2024-03-28 23:29:28,174 [INFO] PluginManage:283 - PluginManage : Loaded plugins [17]
2024-03-28 23:29:28,453 [INFO] PinOutPanel:1499 - setPackage(No Configuration,No Configuration)
2024-03-28 23:29:28,538 [INFO] CADModel:165 - CPN selected for project level
2024-03-28 23:29:28,538 [INFO] CADModel:114 - Register for checkConnection events
2024-03-28 23:29:28,554 [INFO] IPUIPlugin:80 - create IPUIPlugin
2024-03-28 23:29:28,554 [INFO] PluginManager:220 - loadIPPluginJar : add usbx
2024-03-28 23:29:28,561 [INFO] IPUIPlugin:80 - create IPUIPlugin
2024-03-28 23:29:28,561 [INFO] PluginManager:220 - loadIPPluginJar : add freertos
2024-03-28 23:29:28,564 [INFO] IPUIPlugin:80 - create IPUIPlugin
2024-03-28 23:29:28,564 [INFO] PluginManager:220 - loadIPPluginJar : add fatfs
2024-03-28 23:29:28,570 [INFO] IPUIPlugin:80 - create IPUIPlugin
2024-03-28 23:29:28,570 [INFO] PluginManager:220 - loadIPPluginJar : add resmgrutility
2024-03-28 23:29:28,574 [INFO] IPUIPlugin:80 - create IPUIPlugin
2024-03-28 23:29:28,574 [INFO] PluginManager:220 - loadIPPluginJar : add tracer_emb
2024-03-28 23:29:28,577 [INFO] IPUIPlugin:80 - create IPUIPlugin
2024-03-28 23:29:28,578 [INFO] PluginManager:220 - loadIPPluginJar : add gtzc
2024-03-28 23:29:28,580 [INFO] IPUIPlugin:80 - create IPUIPlugin
2024-03-28 23:29:28,580 [INFO] PluginManager:220 - loadIPPluginJar : add genericplugin
2024-03-28 23:29:28,588 [INFO] IPUIPlugin:80 - create IPUIPlugin
2024-03-28 23:29:28,589 [INFO] PluginManager:220 - loadIPPluginJar : add stm32_wpan
2024-03-28 23:29:28,616 [INFO] IPUIPlugin:80 - create IPUIPlugin
2024-03-28 23:29:28,617 [INFO] PluginManager:220 - loadIPPluginJar : add lorawan
2024-03-28 23:29:28,627 [INFO] IPUIPlugin:80 - create IPUIPlugin
2024-03-28 23:29:28,630 [INFO] PluginManager:220 - loadIPPluginJar : add plateformsettings
2024-03-28 23:29:28,633 [INFO] IPUIPlugin:80 - create IPUIPlugin
2024-03-28 23:29:28,633 [INFO] PluginManager:220 - loadIPPluginJar : add usart
2024-03-28 23:29:28,642 [INFO] IPUIPlugin:80 - create IPUIPlugin
2024-03-28 23:29:28,643 [INFO] PluginManager:220 - loadIPPluginJar : add mdma
2024-03-28 23:29:28,648 [INFO] IPUIPlugin:80 - create IPUIPlugin
2024-03-28 23:29:28,648 [INFO] PluginManager:220 - loadIPPluginJar : add gpio
2024-03-28 23:29:28,656 [INFO] IPUIPlugin:80 - create IPUIPlugin
2024-03-28 23:29:28,656 [INFO] PluginManager:220 - loadIPPluginJar : add adc
2024-03-28 23:29:28,659 [INFO] IPUIPlugin:80 - create IPUIPlugin
2024-03-28 23:29:28,659 [INFO] PluginManager:220 - loadIPPluginJar : add can
2024-03-28 23:29:28,663 [INFO] IPUIPlugin:80 - create IPUIPlugin
2024-03-28 23:29:28,663 [INFO] PluginManager:220 - loadIPPluginJar : add ipddr
2024-03-28 23:29:28,666 [INFO] IPUIPlugin:80 - create IPUIPlugin
2024-03-28 23:29:28,666 [INFO] PluginManager:220 - loadIPPluginJar : add sai
2024-03-28 23:29:28,668 [INFO] IPUIPlugin:80 - create IPUIPlugin
2024-03-28 23:29:28,668 [INFO] PluginManager:220 - loadIPPluginJar : add tsc
2024-03-28 23:29:28,676 [INFO] IPUIPlugin:80 - create IPUIPlugin
2024-03-28 23:29:28,676 [INFO] PluginManager:220 - loadIPPluginJar : add gic
2024-03-28 23:29:28,678 [INFO] IPUIPlugin:80 - create IPUIPlugin
2024-03-28 23:29:28,679 [INFO] PluginManager:220 - loadIPPluginJar : add ucpd
2024-03-28 23:29:28,688 [INFO] IPUIPlugin:80 - create IPUIPlugin
2024-03-28 23:29:28,689 [INFO] PluginManager:220 - loadIPPluginJar : add dma
2024-03-28 23:29:28,692 [INFO] IPUIPlugin:80 - create IPUIPlugin
2024-03-28 23:29:28,692 [INFO] PluginManager:220 - loadIPPluginJar : add ts
2024-03-28 23:29:28,698 [INFO] IPUIPlugin:80 - create IPUIPlugin
2024-03-28 23:29:28,698 [INFO] PluginManager:220 - loadIPPluginJar : add fmc
2024-03-28 23:29:28,702 [INFO] IPUIPlugin:80 - create IPUIPlugin
2024-03-28 23:29:28,702 [INFO] PluginManager:220 - loadIPPluginJar : add i2c
2024-03-28 23:29:28,706 [INFO] IPUIPlugin:80 - create IPUIPlugin
2024-03-28 23:29:28,706 [INFO] PluginManager:220 - loadIPPluginJar : add dfsdm
2024-03-28 23:29:28,710 [INFO] IPUIPlugin:80 - create IPUIPlugin
2024-03-28 23:29:28,710 [INFO] PluginManager:220 - loadIPPluginJar : add hash
2024-03-28 23:29:28,712 [INFO] IPUIPlugin:80 - create IPUIPlugin
2024-03-28 23:29:28,713 [INFO] PluginManager:220 - loadIPPluginJar : add ltdc
2024-03-28 23:29:28,719 [INFO] IPUIPlugin:80 - create IPUIPlugin
2024-03-28 23:29:28,719 [INFO] PluginManager:220 - loadIPPluginJar : add opamp
2024-03-28 23:29:28,722 [INFO] IPUIPlugin:80 - create IPUIPlugin
2024-03-28 23:29:28,722 [INFO] PluginManager:220 - loadIPPluginJar : add aes
2024-03-28 23:29:28,723 [INFO] IPUIPlugin:80 - create IPUIPlugin
2024-03-28 23:29:28,724 [INFO] PluginManager:220 - loadIPPluginJar : add comp
2024-03-28 23:29:28,725 [INFO] IPUIPlugin:80 - create IPUIPlugin
2024-03-28 23:29:28,726 [INFO] PluginManager:220 - loadIPPluginJar : add tim
2024-03-28 23:29:28,728 [INFO] IPUIPlugin:80 - create IPUIPlugin
2024-03-28 23:29:28,729 [INFO] PluginManager:220 - loadIPPluginJar : add spi
2024-03-28 23:29:28,732 [INFO] IPUIPlugin:80 - create IPUIPlugin
2024-03-28 23:29:28,733 [INFO] PluginManager:220 - loadIPPluginJar : add pdm2pcm
2024-03-28 23:29:28,735 [INFO] IPUIPlugin:80 - create IPUIPlugin
2024-03-28 23:29:28,735 [INFO] PluginManager:220 - loadIPPluginJar : add dma3
2024-03-28 23:29:28,738 [INFO] IPUIPlugin:80 - create IPUIPlugin
2024-03-28 23:29:28,738 [INFO] PluginManager:220 - loadIPPluginJar : add openamp
2024-03-28 23:29:28,740 [INFO] IPUIPlugin:80 - create IPUIPlugin
2024-03-28 23:29:28,740 [INFO] PluginManager:220 - loadIPPluginJar : add quadspi
2024-03-28 23:29:28,742 [INFO] IPUIPlugin:80 - create IPUIPlugin
2024-03-28 23:29:28,743 [INFO] PluginManager:220 - loadIPPluginJar : add gfxmmu
2024-03-28 23:29:28,747 [INFO] IPUIPlugin:80 - create IPUIPlugin
2024-03-28 23:29:28,747 [INFO] PluginManager:220 - loadIPPluginJar : add nvic
2024-03-28 23:29:28,751 [INFO] IPUIPlugin:80 - create IPUIPlugin
2024-03-28 23:29:28,751 [INFO] PluginManager:220 - loadIPPluginJar : add touchsensing
2024-03-28 23:29:28,754 [INFO] IPUIPlugin:80 - create IPUIPlugin
2024-03-28 23:29:28,754 [INFO] PluginManager:220 - loadIPPluginJar : add i2s
2024-03-28 23:29:28,762 [INFO] IPUIPlugin:80 - create IPUIPlugin
2024-03-28 23:29:28,762 [INFO] PluginManager:220 - loadIPPluginJar : add linkedlist
2024-03-28 23:29:28,764 [INFO] IPUIPlugin:80 - create IPUIPlugin
2024-03-28 23:29:28,765 [INFO] PluginManager:220 - loadIPPluginJar : add cryp
2024-03-28 23:29:28,767 [INFO] IPUIPlugin:80 - create IPUIPlugin
2024-03-28 23:29:28,767 [INFO] PluginManager:220 - loadIPPluginJar : add i3c
2024-03-28 23:29:28,896 [INFO] CADModel:165 - CPN selected for project level
2024-03-28 23:29:28,896 [INFO] CADModel:114 - Register for checkConnection events
2024-03-28 23:29:28,897 [FATAL] Updater:308 - Updater called before beeing initialized
2024-03-28 23:29:28,897 [ERROR] CADModel:125 - Updater not yet initialized, retry later 
2024-03-28 23:29:29,139 [INFO] CADModel:165 - CPN selected for project level
2024-03-28 23:29:29,139 [INFO] CADModel:114 - Register for checkConnection events
2024-03-28 23:29:29,139 [FATAL] Updater:308 - Updater called before beeing initialized
2024-03-28 23:29:29,139 [ERROR] CADModel:125 - Updater not yet initialized, retry later 
2024-03-28 23:29:29,146 [FATAL] Updater:308 - Updater called before beeing initialized
2024-03-28 23:29:29,291 [FATAL] Updater:308 - Updater called before beeing initialized
2024-03-28 23:29:29,299 [INFO] DbMcusAds:53 - JSON generation date=Wed Nov 29 16:22:27 IST 2023 (1701255147349)
2024-03-28 23:29:29,300 [FATAL] Updater:308 - Updater called before beeing initialized
2024-03-28 23:29:29,384 [WARN] DetailPanel:346 - Failed to get advertising image, set to default
2024-03-28 23:29:29,630 [FATAL] Updater:308 - Updater called before beeing initialized
2024-03-28 23:29:29,632 [FATAL] Updater:308 - Updater called before beeing initialized
2024-03-28 23:29:29,633 [FATAL] Updater:308 - Updater called before beeing initialized
2024-03-28 23:29:29,633 [WARN] DetailPanel:346 - Failed to get advertising image, set to default
2024-03-28 23:29:29,634 [FATAL] Updater:308 - Updater called before beeing initialized
2024-03-28 23:29:29,699 [ERROR] Updater:1120 - MainUpdater not yet initialized. External WinMGr cannot be set.
2024-03-28 23:29:29,705 [INFO] Updater:1056 - Updater Version found : 6.10.0
2024-03-28 23:29:29,732 [INFO] ApplicationProperties:184 - Using Application install path: /opt/st/stm32cubeide_1.14.0/plugins/com.st.stm32cube.common.mx_6.10.0.202311202037
2024-03-28 23:29:30,362 [INFO] MainUpdater:2873 - connection check result : 10
2024-03-28 23:29:30,363 [INFO] MainUpdater:290 - Updater Check For Update Now.
2024-03-28 23:29:30,363 [INFO] MicroXplorer:498 - Change Database Version : DB.6.0.100
2024-03-28 23:29:30,368 [INFO] McuFinderGlobals:63 - Set McuFinder mode to 2 (CubeIDE integrated)
2024-03-28 23:29:30,368 [INFO] UserAuth:180 - activating auth plugin
2024-03-28 23:29:30,372 [INFO] UserAuth:404 - Internet connection configuration mode: 1
2024-03-28 23:29:30,398 [INFO] JxBrowserEngine:152 - Initiate JxBrowser Engine with user profile folder
2024-03-28 23:29:30,564 [INFO] CheckServerUpdateThread:120 - End of CheckServer Thread
2024-03-28 23:29:31,116 [WARN] PackLoader:240 - Cannot read IP mode file for STMicroelectronics.X-CUBE-SMBUS.2.1.0
2024-03-28 23:29:31,129 [WARN] PackLoader:240 - Cannot read IP mode file for STMicroelectronics.X-CUBE-TOUCHGFX.4.23.0
2024-03-28 23:29:31,193 [WARN] PackLoader:240 - Cannot read IP mode file for STMicroelectronics.X-CUBE-AZRTOS-F7.1.1.0
2024-03-28 23:29:31,212 [WARN] PackLoader:240 - Cannot read IP mode file for STMicroelectronics.FP-SNS-MOTENV1.4.3.2
2024-03-28 23:29:31,226 [WARN] PackLoader:240 - Cannot read IP mode file for STMicroelectronics.FP-SNS-FLIGHT1.5.0.2
2024-03-28 23:29:31,248 [WARN] PackLoader:240 - Cannot read IP mode file for STMicroelectronics.X-CUBE-DISPLAY.3.0.0
2024-03-28 23:29:31,271 [WARN] PackLoader:240 - Cannot read IP mode file for STMicroelectronics.X-CUBE-BLE1.7.0.0
2024-03-28 23:29:31,279 [WARN] PackLoader:240 - Cannot read IP mode file for emotas.I-CUBE-CANOPEN.1.3.0
2024-03-28 23:29:31,307 [WARN] PackLoader:240 - Cannot read IP mode file for STMicroelectronics.X-CUBE-BLEMGR.3.1.0
2024-03-28 23:29:31,325 [WARN] PackLoader:240 - Cannot read IP mode file for STMicroelectronics.FP-SNS-SMARTAG2.1.2.0
2024-03-28 23:29:31,354 [INFO] LogOutputStream:77 - [STDOUT_REDIRECT] 1 : Invalid condition id : UX_CORESTACK_Condition cause : null
2024-03-28 23:29:31,355 [INFO] LogOutputStream:77 - [STDOUT_REDIRECT] 1 : Invalid condition id : UX_CORESTACK_Condition cause : null
2024-03-28 23:29:31,356 [INFO] LogOutputStream:77 - [STDOUT_REDIRECT] 1 : Invalid condition id : UX_CORESTACK_Condition cause : null
2024-03-28 23:29:31,357 [INFO] LogOutputStream:77 - [STDOUT_REDIRECT] 1 : Invalid condition id : UX_CORESTACK_Condition cause : null
2024-03-28 23:29:31,357 [INFO] LogOutputStream:77 - [STDOUT_REDIRECT] 1 : Invalid condition id : UX_CORESTACK_Condition cause : null
2024-03-28 23:29:31,364 [WARN] PackLoader:240 - Cannot read IP mode file for STMicroelectronics.X-CUBE-AZRTOS-WL.2.0.0
2024-03-28 23:29:31,379 [WARN] PackLoader:240 - Cannot read IP mode file for WES.I-CUBE-Cesium.1.3.0
2024-03-28 23:29:31,387 [WARN] PackLoader:240 - Cannot read IP mode file for STMicroelectronics.X-CUBE-BLE2.3.3.0
2024-03-28 23:29:31,404 [WARN] PackLoader:240 - Cannot read IP mode file for STMicroelectronics.X-CUBE-ALGOBUILD.1.3.0
2024-03-28 23:29:31,451 [WARN] PackLoader:240 - Cannot read IP mode file for STMicroelectronics.X-CUBE-AZRTOS-G0.1.1.0
2024-03-28 23:29:31,468 [WARN] PackLoader:240 - Cannot read IP mode file for STMicroelectronics.X-CUBE-NFC4.3.0.0
2024-03-28 23:29:31,495 [WARN] PackLoader:240 - Cannot read IP mode file for STMicroelectronics.X-CUBE-BLEMGR.3.0.0
2024-03-28 23:29:31,513 [WARN] PackLoader:240 - Cannot read IP mode file for STMicroelectronics.FP-ATR-SIGFOX1.3.2.0
2024-03-28 23:29:31,526 [WARN] PackLoader:240 - Cannot read IP mode file for STMicroelectronics.X-CUBE-EEPRMA1.5.1.0
2024-03-28 23:29:31,612 [WARN] PackLoader:240 - Cannot read IP mode file for SEGGER.I-CUBE-embOS.1.3.1
2024-03-28 23:29:31,637 [INFO] WebApp:161 - Instantiating new browser for Auth
2024-03-28 23:29:31,729 [WARN] PackLoader:240 - Cannot read IP mode file for STMicroelectronics.X-CUBE-GNSS1.6.0.0
2024-03-28 23:29:31,777 [WARN] PackLoader:240 - Cannot read IP mode file for STMicroelectronics.X-CUBE-AZRTOS-F4.1.1.0
2024-03-28 23:29:31,790 [WARN] PackLoader:240 - Cannot read IP mode file for wolfSSL.I-CUBE-wolfSSL.5.6.6
2024-03-28 23:29:31,825 [WARN] PackLoader:240 - Cannot read IP mode file for STMicroelectronics.X-CUBE-AZRTOS-L5.2.0.0
2024-03-28 23:29:31,847 [WARN] PackLoader:240 - Cannot read IP mode file for STMicroelectronics.X-CUBE-NFC6.3.1.0
2024-03-28 23:29:31,862 [WARN] PackLoader:240 - Cannot read IP mode file for ITTIA_DB.I-CUBE-ITTIADB.8.8.0
2024-03-28 23:29:31,871 [WARN] PackLoader:240 - Cannot read IP mode file for STMicroelectronics.X-CUBE-NFC7.1.0.1
2024-03-28 23:29:31,890 [WARN] PackLoader:240 - Cannot read IP mode file for STMicroelectronics.X-CUBE-NFC6.3.0.0
2024-03-28 23:29:31,913 [WARN] PackLoader:240 - Cannot read IP mode file for STMicroelectronics.X-CUBE-AI.8.1.0
2024-03-28 23:29:31,969 [WARN] ConditionMgr:438 - getConditionDescription Invalid condition id : LAN8742 Phy interface Condition cause : null
2024-03-28 23:29:31,970 [WARN] PackLoader:240 - Cannot read IP mode file for STMicroelectronics.X-CUBE-AZRTOS-L4.2.0.0
2024-03-28 23:29:31,974 [WARN] ConditionMgr:1039 - genDependencies : Invalid condition id : LAN8742 Phy interface Condition cause : null
2024-03-28 23:29:31,975 [WARN] ConditionMgr:1039 - genDependencies : Invalid condition id : LAN8742 Phy interface Condition cause : null
2024-03-28 23:29:31,976 [WARN] ConditionMgr:1039 - genDependencies : Invalid condition id : LAN8742 Phy interface Condition cause : null
2024-03-28 23:29:31,993 [WARN] PackLoader:240 - Cannot read IP mode file for STMicroelectronics.X-CUBE-SFXS2LP1.4.0.0
2024-03-28 23:29:32,067 [WARN] ConditionMgr:438 - getConditionDescription Invalid condition id : UX DEVICE CLASS RTOS Condition cause : null
2024-03-28 23:29:32,068 [WARN] ConditionMgr:438 - getConditionDescription Invalid condition id : UX DEVICE CLASS RTOS Condition cause : null
2024-03-28 23:29:32,074 [WARN] PackLoader:240 - Cannot read IP mode file for STMicroelectronics.X-CUBE-AZRTOS-WB.2.0.0
2024-03-28 23:29:32,076 [WARN] ConditionMgr:1039 - genDependencies : Invalid condition id : UX DEVICE CLASS RTOS Condition cause : null
2024-03-28 23:29:32,076 [WARN] ConditionMgr:1039 - genDependencies : Invalid condition id : UX DEVICE CLASS RTOS Condition cause : null
2024-03-28 23:29:32,078 [WARN] ConditionMgr:1039 - genDependencies : Invalid condition id : UX DEVICE CLASS RTOS Condition cause : null
2024-03-28 23:29:32,080 [WARN] ConditionMgr:1039 - genDependencies : Invalid condition id : UX DEVICE CLASS RTOS Condition cause : null
2024-03-28 23:29:32,080 [WARN] ConditionMgr:1039 - genDependencies : Invalid condition id : UX DEVICE CLASS RTOS Condition cause : null
2024-03-28 23:29:32,109 [WARN] PackLoader:240 - Cannot read IP mode file for STMicroelectronics.X-CUBE-SUBG2.5.0.0
2024-03-28 23:29:32,186 [WARN] PackLoader:240 - Cannot read IP mode file for STMicroelectronics.X-CUBE-AZRTOS-G4.2.0.0
2024-03-28 23:29:32,217 [WARN] PackLoader:240 - Cannot read IP mode file for Infineon.AIROC-Wi-Fi-Bluetooth-STM32.1.5.1
2024-03-28 23:29:32,254 [WARN] PackLoader:240 - Cannot read IP mode file for STMicroelectronics.FP-SNS-MOTENVWB1.1.3.1
2024-03-28 23:29:32,267 [WARN] PackLoader:240 - Cannot read IP mode file for STMicroelectronics.X-CUBE-ISPU.2.0.0
2024-03-28 23:29:32,368 [WARN] PackLoader:240 - Cannot read IP mode file for STMicroelectronics.X-CUBE-MEMS1.10.0.0
2024-03-28 23:29:32,706 [WARN] PackLoader:240 - Cannot read IP mode file for STMicroelectronics.X-CUBE-FREERTOS.1.1.0
2024-03-28 23:29:32,711 [WARN] PackLoader:240 - Cannot read IP mode file for portGmbH.I-Cube-SoM-uGOAL.1.1.0
2024-03-28 23:29:32,715 [WARN] PackLoader:240 - Cannot read IP mode file for STMicroelectronics.X-CUBE-ALS.1.0.1
2024-03-28 23:29:32,719 [WARN] PackLoader:240 - Cannot read IP mode file for STMicroelectronics.FP-ATR-ASTRA1.2.0.0
2024-03-28 23:29:32,739 [WARN] PackLoader:240 - Cannot read IP mode file for STMicroelectronics.X-CUBE-TOF1.3.4.0
2024-03-28 23:29:32,801 [WARN] PackLoader:240 - Cannot read IP mode file for STMicroelectronics.X-CUBE-TOF1.3.4.1
2024-03-28 23:29:32,887 [WARN] PackLoader:240 - Cannot read IP mode file for STMicroelectronics.X-CUBE-AZRTOS-H7.3.2.0
2024-03-28 23:29:32,894 [INFO] ThirdParty:978 - Integrity check success = true
2024-03-28 23:29:32,895 [INFO] IntegrityCheckThread:100 - exiting critical section [integrity check]
2024-03-28 23:29:32,895 [INFO] IntegrityCheckThread:103 - End integrity checks thread
2024-03-28 23:29:33,005 [INFO] WebApp:780 - Register for checkConnection events
2024-03-28 23:29:33,005 [INFO] WebApp:414 - Apply proxy settings
2024-03-28 23:29:33,006 [INFO] WebApp:499 - Chromium requires no authentication
2024-03-28 23:29:33,015 [INFO] WebApp:442 - Direct internet connection detected
2024-03-28 23:29:33,282 [INFO] WebApp:192 - Starting web application
2024-03-28 23:29:33,282 [INFO] WebApp:544 - Web application path used /opt/st/stm32cubeide_1.14.0/plugins/com.st.stm32cube.common.mx_6.10.0.202311202037/db/plugins/mcufinder/reactClient1/index.html
2024-03-28 23:29:53,853 [ERROR] LogOutputStream:75 - [STDERR_REDIRECT] SLF4J: Failed to load class "org.slf4j.impl.StaticLoggerBinder".
2024-03-28 23:29:53,853 [ERROR] LogOutputStream:75 - [STDERR_REDIRECT] SLF4J: Defaulting to no-operation (NOP) logger implementation
2024-03-28 23:29:53,854 [ERROR] LogOutputStream:75 - [STDERR_REDIRECT] SLF4J: See http://www.slf4j.org/codes.html#StaticLoggerBinder for further details.
