2024-04-01 16:20:01,192 [INFO] Activator:176 - 


2024-04-01 16:20:01,200 [INFO] Activator:177 - !SESSION log4j initialized
2024-04-01 16:20:08,853 [INFO] LogOutputStream:77 - [STDOUT_REDIRECT] 
2024-04-01 16:20:10,925 [INFO] ApplicationProperties:184 - Using Application install path: /opt/st/stm32cubeide_1.14.0/plugins/com.st.stm32cube.common.mx_6.10.0.202311202037
2024-04-01 16:20:10,955 [INFO] DbMcusXml:78 - Set database path to: /opt/st/stm32cubeide_1.14.0/plugins/com.st.stm32cube.common.mx_6.10.0.202311202037//db//mcu/
2024-04-01 16:20:10,955 [INFO] ApiDb:274 - Set plugin database path to: /opt/st/stm32cubeide_1.14.0/plugins/com.st.stm32cube.common.mx_6.10.0.202311202037//db//plugins/boardmanager/
2024-04-01 16:20:10,956 [WARN] ApiDb:259 - Overriding images path with different value:  => /opt/st/stm32cubeide_1.14.0/plugins/com.st.stm32cube.common.mx_6.10.0.202311202037//db//plugins/mcufinder/images/
2024-04-01 16:20:10,977 [INFO] ApiDb:250 - Set database path to: /home/bhakti/.stmcufinder/plugins/mcufinder//mcu/
2024-04-01 16:20:10,979 [INFO] DbMcusAds:125 - Set database path to: /home/bhakti/.stmcufinder/plugins/mcufinder//mcu/
2024-04-01 16:20:10,985 [INFO] CrossReferenceDbSqlite:203 - Set database path to: /home/bhakti/.stmcufinder/plugins/mcufinder//mcu/cs/
2024-04-01 16:20:11,200 [INFO] RulesReader:64 - Compatibility file has been processed (297 Rules)
2024-04-01 16:20:11,303 [INFO] DbMcusXml:78 - Set database path to: /opt/st/stm32cubeide_1.14.0/plugins/com.st.stm32cube.common.mx_6.10.0.202311202037//db//mcu/
2024-04-01 16:20:11,304 [INFO] ApiDb:274 - Set plugin database path to: /opt/st/stm32cubeide_1.14.0/plugins/com.st.stm32cube.common.mx_6.10.0.202311202037//db//plugins/boardmanager/
2024-04-01 16:20:11,304 [INFO] ApiDb:261 - Set plugin images path to: /opt/st/stm32cubeide_1.14.0/plugins/com.st.stm32cube.common.mx_6.10.0.202311202037//db//plugins/mcufinder/images/
2024-04-01 16:20:11,304 [WARN] DbFile:41 - Overriding database path with different value: /home/bhakti/.stmcufinder/plugins/mcufinder/ => /home/bhakti/.stmcufinder/plugins/mcufinder
2024-04-01 16:20:11,304 [INFO] ApiDb:250 - Set database path to: /home/bhakti/.stmcufinder/plugins/mcufinder//mcu/
2024-04-01 16:20:11,305 [WARN] DbFile:41 - Overriding database path with different value: /home/bhakti/.stmcufinder/plugins/mcufinder/ => /home/bhakti/.stmcufinder/plugins/mcufinder
2024-04-01 16:20:11,305 [INFO] DbMcusAds:125 - Set database path to: /home/bhakti/.stmcufinder/plugins/mcufinder//mcu/
2024-04-01 16:20:11,305 [WARN] DbFile:41 - Overriding database path with different value: /home/bhakti/.stmcufinder/plugins/mcufinder/ => /home/bhakti/.stmcufinder/plugins/mcufinder
2024-04-01 16:20:11,305 [WARN] DbFile:41 - Overriding database path with different value: /home/bhakti/.stmcufinder/plugins/mcufinder/ => /home/bhakti/.stmcufinder/plugins/mcufinder
2024-04-01 16:20:11,305 [INFO] CrossReferenceDbSqlite:203 - Set database path to: /home/bhakti/.stmcufinder/plugins/mcufinder//mcu/cs/
2024-04-01 16:20:11,424 [INFO] MainPanel:264 - HeapMemory: 268435456
2024-04-01 16:20:11,617 [INFO] DbMcusXml:78 - Set database path to: /opt/st/stm32cubeide_1.14.0/plugins/com.st.stm32cube.common.mx_6.10.0.202311202037//db//mcu/
2024-04-01 16:20:11,617 [INFO] ApiDb:274 - Set plugin database path to: /opt/st/stm32cubeide_1.14.0/plugins/com.st.stm32cube.common.mx_6.10.0.202311202037//db//plugins/boardmanager/
2024-04-01 16:20:11,618 [INFO] ApiDb:261 - Set plugin images path to: /opt/st/stm32cubeide_1.14.0/plugins/com.st.stm32cube.common.mx_6.10.0.202311202037//db//plugins/mcufinder/images/
2024-04-01 16:20:11,619 [WARN] DbFile:41 - Overriding database path with different value: /home/bhakti/.stmcufinder/plugins/mcufinder/ => /home/bhakti/.stmcufinder/plugins/mcufinder
2024-04-01 16:20:11,619 [INFO] ApiDb:250 - Set database path to: /home/bhakti/.stmcufinder/plugins/mcufinder//mcu/
2024-04-01 16:20:11,619 [WARN] DbFile:41 - Overriding database path with different value: /home/bhakti/.stmcufinder/plugins/mcufinder/ => /home/bhakti/.stmcufinder/plugins/mcufinder
2024-04-01 16:20:11,620 [INFO] DbMcusAds:125 - Set database path to: /home/bhakti/.stmcufinder/plugins/mcufinder//mcu/
2024-04-01 16:20:11,620 [WARN] DbFile:41 - Overriding database path with different value: /home/bhakti/.stmcufinder/plugins/mcufinder/ => /home/bhakti/.stmcufinder/plugins/mcufinder
2024-04-01 16:20:11,620 [WARN] DbFile:41 - Overriding database path with different value: /home/bhakti/.stmcufinder/plugins/mcufinder/ => /home/bhakti/.stmcufinder/plugins/mcufinder
2024-04-01 16:20:11,620 [INFO] CrossReferenceDbSqlite:203 - Set database path to: /home/bhakti/.stmcufinder/plugins/mcufinder//mcu/cs/
2024-04-01 16:20:11,659 [INFO] ApplicationProperties:184 - Using Application install path: /opt/st/stm32cubeide_1.14.0/plugins/com.st.stm32cube.common.mx_6.10.0.202311202037
2024-04-01 16:20:11,663 [INFO] PluginManage:196 - Search for loadable plugins [exclusion list=, ]
2024-04-01 16:20:11,665 [INFO] PluginManage:310 - Check plugin analytics
2024-04-01 16:20:12,084 [INFO] AnalyticsPlugin:253 - Accepted Software Licenses: 
2024-04-01 16:20:12,084 [INFO] AnalyticsPlugin:255 - Accepted CMSIS Pack Licenses: 
2024-04-01 16:20:12,085 [INFO] AnalyticsPlugin:257 - Accepted Firmware Licenses: 
2024-04-01 16:20:12,095 [INFO] PluginManage:359 - Loaded plugin analytics (category:tool,tabindex:-1)
2024-04-01 16:20:12,095 [INFO] PluginManage:310 - Check plugin cadmodel
2024-04-01 16:20:12,357 [INFO] CADModel:105 - Init CAD model plugin
2024-04-01 16:20:12,357 [INFO] PluginManage:359 - Loaded plugin cadmodel (category:power,tabindex:5)
2024-04-01 16:20:12,358 [INFO] PluginManage:310 - Check plugin clock
2024-04-01 16:20:12,374 [INFO] PluginManage:359 - Loaded plugin clock (category:base,tabindex:2)
2024-04-01 16:20:12,375 [INFO] PluginManage:310 - Check plugin ddr
2024-04-01 16:20:12,378 [INFO] PluginManage:359 - Loaded plugin ddr (category:tool,tabindex:6)
2024-04-01 16:20:12,378 [INFO] PluginManage:310 - Check plugin filemanager
2024-04-01 16:20:12,610 [INFO] PluginManage:359 - Loaded plugin filemanager (category:base,tabindex:10)
2024-04-01 16:20:12,610 [INFO] PluginManage:310 - Check plugin ipmanager
2024-04-01 16:20:12,617 [INFO] PluginManage:359 - Loaded plugin ipmanager (category:base,tabindex:5)
2024-04-01 16:20:12,618 [INFO] PluginManage:310 - Check plugin lpbam
2024-04-01 16:20:12,631 [INFO] PluginManage:359 - Loaded plugin lpbam (category:base,tabindex:0)
2024-04-01 16:20:12,631 [INFO] PluginManage:310 - Check plugin memorymap
2024-04-01 16:20:12,667 [INFO] PluginManage:359 - Loaded plugin memorymap (category:base,tabindex:4)
2024-04-01 16:20:12,667 [INFO] PluginManage:310 - Check plugin pinoutandconfiguration
2024-04-01 16:20:12,684 [INFO] PluginManage:359 - Loaded plugin pinoutandconfiguration (category:base,tabindex:1)
2024-04-01 16:20:12,684 [INFO] PluginManage:310 - Check plugin pinoutconfig
2024-04-01 16:20:12,853 [WARN] SupportedApi:132 - Cannot load RTOS API schema: s4s-elt-must-match.1: The content of 'definitions' must match (annotation?, (simpleType | complexType)?, (unique | key | keyref)*)). A problem was found starting at: attribute.
2024-04-01 16:20:13,168 [INFO] PluginManage:359 - Loaded plugin pinoutconfig (category:base,tabindex:0)
2024-04-01 16:20:13,169 [INFO] PluginManage:310 - Check plugin power
2024-04-01 16:20:13,187 [INFO] PluginManage:359 - Loaded plugin power (category:power,tabindex:4)
2024-04-01 16:20:13,188 [INFO] PluginManage:310 - Check plugin projectmanager
2024-04-01 16:20:13,224 [INFO] PluginManage:359 - Loaded plugin projectmanager (category:projectmanager,tabindex:3)
2024-04-01 16:20:13,225 [INFO] PluginManage:310 - Check plugin thirdparty
2024-04-01 16:20:13,467 [INFO] PluginManage:359 - Loaded plugin thirdparty (category:base,tabindex:-1)
2024-04-01 16:20:13,467 [INFO] PluginManage:310 - Check plugin tools
2024-04-01 16:20:13,466 [WARN] IntegrityCheckThread:84 - waiting for thirdparty lock release [integrity check]
2024-04-01 16:20:13,467 [INFO] IntegrityCheckThread:86 - entering critical section [integrity check]
2024-04-01 16:20:13,468 [INFO] ThirdPartyUpdaterWithRetryManager:70 - Updater plugin not ready yet. [1/15]
2024-04-01 16:20:13,471 [INFO] PluginManage:359 - Loaded plugin tools (category:base,tabindex:7)
2024-04-01 16:20:13,471 [INFO] PluginManage:310 - Check plugin tutovideos
2024-04-01 16:20:13,827 [INFO] PluginManage:359 - Loaded plugin tutovideos (category:base,tabindex:-1)
2024-04-01 16:20:13,828 [INFO] PluginManage:310 - Check plugin updater
2024-04-01 16:20:13,844 [INFO] PluginManage:359 - Loaded plugin updater (category:base,tabindex:12)
2024-04-01 16:20:13,845 [INFO] PluginManage:310 - Check plugin userauth
2024-04-01 16:20:13,853 [INFO] UserAuth:114 - Init User Auth plugin
2024-04-01 16:20:13,854 [INFO] PluginManage:359 - Loaded plugin userauth (category:base,tabindex:14)
2024-04-01 16:20:13,855 [INFO] PluginManage:283 - PluginManage : Loaded plugins [17]
2024-04-01 16:20:14,187 [INFO] PinOutPanel:1499 - setPackage(No Configuration,No Configuration)
2024-04-01 16:20:14,363 [INFO] CADModel:165 - CPN selected for project level
2024-04-01 16:20:14,364 [INFO] CADModel:114 - Register for checkConnection events
2024-04-01 16:20:14,392 [INFO] IPUIPlugin:80 - create IPUIPlugin
2024-04-01 16:20:14,393 [INFO] PluginManager:220 - loadIPPluginJar : add usbx
2024-04-01 16:20:14,402 [INFO] IPUIPlugin:80 - create IPUIPlugin
2024-04-01 16:20:14,403 [INFO] PluginManager:220 - loadIPPluginJar : add freertos
2024-04-01 16:20:14,405 [INFO] IPUIPlugin:80 - create IPUIPlugin
2024-04-01 16:20:14,406 [INFO] PluginManager:220 - loadIPPluginJar : add fatfs
2024-04-01 16:20:14,414 [INFO] IPUIPlugin:80 - create IPUIPlugin
2024-04-01 16:20:14,414 [INFO] PluginManager:220 - loadIPPluginJar : add resmgrutility
2024-04-01 16:20:14,417 [INFO] IPUIPlugin:80 - create IPUIPlugin
2024-04-01 16:20:14,418 [INFO] PluginManager:220 - loadIPPluginJar : add tracer_emb
2024-04-01 16:20:14,422 [INFO] IPUIPlugin:80 - create IPUIPlugin
2024-04-01 16:20:14,423 [INFO] PluginManager:220 - loadIPPluginJar : add gtzc
2024-04-01 16:20:14,425 [INFO] IPUIPlugin:80 - create IPUIPlugin
2024-04-01 16:20:14,426 [INFO] PluginManager:220 - loadIPPluginJar : add genericplugin
2024-04-01 16:20:14,437 [INFO] IPUIPlugin:80 - create IPUIPlugin
2024-04-01 16:20:14,437 [INFO] PluginManager:220 - loadIPPluginJar : add stm32_wpan
2024-04-01 16:20:14,442 [INFO] IPUIPlugin:80 - create IPUIPlugin
2024-04-01 16:20:14,442 [INFO] PluginManager:220 - loadIPPluginJar : add lorawan
2024-04-01 16:20:14,477 [INFO] IPUIPlugin:80 - create IPUIPlugin
2024-04-01 16:20:14,486 [INFO] PluginManager:220 - loadIPPluginJar : add plateformsettings
2024-04-01 16:20:14,492 [INFO] IPUIPlugin:80 - create IPUIPlugin
2024-04-01 16:20:14,493 [INFO] PluginManager:220 - loadIPPluginJar : add usart
2024-04-01 16:20:14,506 [INFO] IPUIPlugin:80 - create IPUIPlugin
2024-04-01 16:20:14,508 [INFO] PluginManager:220 - loadIPPluginJar : add mdma
2024-04-01 16:20:14,517 [INFO] IPUIPlugin:80 - create IPUIPlugin
2024-04-01 16:20:14,518 [INFO] PluginManager:220 - loadIPPluginJar : add gpio
2024-04-01 16:20:14,531 [INFO] IPUIPlugin:80 - create IPUIPlugin
2024-04-01 16:20:14,532 [INFO] PluginManager:220 - loadIPPluginJar : add adc
2024-04-01 16:20:14,536 [INFO] IPUIPlugin:80 - create IPUIPlugin
2024-04-01 16:20:14,536 [INFO] PluginManager:220 - loadIPPluginJar : add can
2024-04-01 16:20:14,542 [INFO] IPUIPlugin:80 - create IPUIPlugin
2024-04-01 16:20:14,543 [INFO] PluginManager:220 - loadIPPluginJar : add ipddr
2024-04-01 16:20:14,549 [INFO] IPUIPlugin:80 - create IPUIPlugin
2024-04-01 16:20:14,550 [INFO] PluginManager:220 - loadIPPluginJar : add sai
2024-04-01 16:20:14,553 [INFO] IPUIPlugin:80 - create IPUIPlugin
2024-04-01 16:20:14,553 [INFO] PluginManager:220 - loadIPPluginJar : add tsc
2024-04-01 16:20:14,563 [INFO] IPUIPlugin:80 - create IPUIPlugin
2024-04-01 16:20:14,564 [INFO] PluginManager:220 - loadIPPluginJar : add gic
2024-04-01 16:20:14,568 [INFO] IPUIPlugin:80 - create IPUIPlugin
2024-04-01 16:20:14,568 [INFO] PluginManager:220 - loadIPPluginJar : add ucpd
2024-04-01 16:20:14,579 [INFO] IPUIPlugin:80 - create IPUIPlugin
2024-04-01 16:20:14,580 [INFO] PluginManager:220 - loadIPPluginJar : add dma
2024-04-01 16:20:14,583 [INFO] IPUIPlugin:80 - create IPUIPlugin
2024-04-01 16:20:14,583 [INFO] PluginManager:220 - loadIPPluginJar : add ts
2024-04-01 16:20:14,593 [INFO] IPUIPlugin:80 - create IPUIPlugin
2024-04-01 16:20:14,593 [INFO] PluginManager:220 - loadIPPluginJar : add fmc
2024-04-01 16:20:14,598 [INFO] IPUIPlugin:80 - create IPUIPlugin
2024-04-01 16:20:14,598 [INFO] PluginManager:220 - loadIPPluginJar : add i2c
2024-04-01 16:20:14,602 [INFO] IPUIPlugin:80 - create IPUIPlugin
2024-04-01 16:20:14,603 [INFO] PluginManager:220 - loadIPPluginJar : add dfsdm
2024-04-01 16:20:14,607 [INFO] IPUIPlugin:80 - create IPUIPlugin
2024-04-01 16:20:14,607 [INFO] PluginManager:220 - loadIPPluginJar : add hash
2024-04-01 16:20:14,609 [INFO] IPUIPlugin:80 - create IPUIPlugin
2024-04-01 16:20:14,610 [INFO] PluginManager:220 - loadIPPluginJar : add ltdc
2024-04-01 16:20:14,615 [INFO] IPUIPlugin:80 - create IPUIPlugin
2024-04-01 16:20:14,615 [INFO] PluginManager:220 - loadIPPluginJar : add opamp
2024-04-01 16:20:14,620 [INFO] IPUIPlugin:80 - create IPUIPlugin
2024-04-01 16:20:14,620 [INFO] PluginManager:220 - loadIPPluginJar : add aes
2024-04-01 16:20:14,622 [INFO] IPUIPlugin:80 - create IPUIPlugin
2024-04-01 16:20:14,623 [INFO] PluginManager:220 - loadIPPluginJar : add comp
2024-04-01 16:20:14,626 [INFO] IPUIPlugin:80 - create IPUIPlugin
2024-04-01 16:20:14,626 [INFO] PluginManager:220 - loadIPPluginJar : add tim
2024-04-01 16:20:14,629 [INFO] IPUIPlugin:80 - create IPUIPlugin
2024-04-01 16:20:14,629 [INFO] PluginManager:220 - loadIPPluginJar : add spi
2024-04-01 16:20:14,634 [INFO] IPUIPlugin:80 - create IPUIPlugin
2024-04-01 16:20:14,635 [INFO] PluginManager:220 - loadIPPluginJar : add pdm2pcm
2024-04-01 16:20:14,639 [INFO] IPUIPlugin:80 - create IPUIPlugin
2024-04-01 16:20:14,639 [INFO] PluginManager:220 - loadIPPluginJar : add dma3
2024-04-01 16:20:14,644 [INFO] IPUIPlugin:80 - create IPUIPlugin
2024-04-01 16:20:14,644 [INFO] PluginManager:220 - loadIPPluginJar : add openamp
2024-04-01 16:20:14,648 [INFO] IPUIPlugin:80 - create IPUIPlugin
2024-04-01 16:20:14,648 [INFO] PluginManager:220 - loadIPPluginJar : add quadspi
2024-04-01 16:20:14,653 [INFO] IPUIPlugin:80 - create IPUIPlugin
2024-04-01 16:20:14,653 [INFO] PluginManager:220 - loadIPPluginJar : add gfxmmu
2024-04-01 16:20:14,660 [INFO] IPUIPlugin:80 - create IPUIPlugin
2024-04-01 16:20:14,661 [INFO] PluginManager:220 - loadIPPluginJar : add nvic
2024-04-01 16:20:14,668 [INFO] IPUIPlugin:80 - create IPUIPlugin
2024-04-01 16:20:14,668 [INFO] PluginManager:220 - loadIPPluginJar : add touchsensing
2024-04-01 16:20:14,673 [INFO] IPUIPlugin:80 - create IPUIPlugin
2024-04-01 16:20:14,673 [INFO] PluginManager:220 - loadIPPluginJar : add i2s
2024-04-01 16:20:14,688 [INFO] IPUIPlugin:80 - create IPUIPlugin
2024-04-01 16:20:14,688 [INFO] PluginManager:220 - loadIPPluginJar : add linkedlist
2024-04-01 16:20:14,693 [INFO] IPUIPlugin:80 - create IPUIPlugin
2024-04-01 16:20:14,693 [INFO] PluginManager:220 - loadIPPluginJar : add cryp
2024-04-01 16:20:14,718 [INFO] IPUIPlugin:80 - create IPUIPlugin
2024-04-01 16:20:14,719 [INFO] PluginManager:220 - loadIPPluginJar : add i3c
2024-04-01 16:20:14,869 [INFO] CADModel:165 - CPN selected for project level
2024-04-01 16:20:14,869 [INFO] CADModel:114 - Register for checkConnection events
2024-04-01 16:20:14,870 [FATAL] Updater:308 - Updater called before beeing initialized
2024-04-01 16:20:14,871 [ERROR] CADModel:125 - Updater not yet initialized, retry later 
2024-04-01 16:20:15,087 [INFO] CADModel:165 - CPN selected for project level
2024-04-01 16:20:15,087 [INFO] CADModel:114 - Register for checkConnection events
2024-04-01 16:20:15,087 [FATAL] Updater:308 - Updater called before beeing initialized
2024-04-01 16:20:15,087 [ERROR] CADModel:125 - Updater not yet initialized, retry later 
2024-04-01 16:20:15,092 [FATAL] Updater:308 - Updater called before beeing initialized
2024-04-01 16:20:15,212 [FATAL] Updater:308 - Updater called before beeing initialized
2024-04-01 16:20:15,219 [INFO] DbMcusAds:53 - JSON generation date=Wed Nov 29 16:22:27 IST 2023 (1701255147349)
2024-04-01 16:20:15,220 [FATAL] Updater:308 - Updater called before beeing initialized
2024-04-01 16:20:15,275 [WARN] DetailPanel:346 - Failed to get advertising image, set to default
2024-04-01 16:20:15,457 [FATAL] Updater:308 - Updater called before beeing initialized
2024-04-01 16:20:15,461 [FATAL] Updater:308 - Updater called before beeing initialized
2024-04-01 16:20:15,461 [FATAL] Updater:308 - Updater called before beeing initialized
2024-04-01 16:20:15,461 [WARN] DetailPanel:346 - Failed to get advertising image, set to default
2024-04-01 16:20:15,463 [FATAL] Updater:308 - Updater called before beeing initialized
2024-04-01 16:20:15,521 [ERROR] Updater:1120 - MainUpdater not yet initialized. External WinMGr cannot be set.
2024-04-01 16:20:15,525 [INFO] Updater:1056 - Updater Version found : 6.10.0
2024-04-01 16:20:15,560 [INFO] ApplicationProperties:184 - Using Application install path: /opt/st/stm32cubeide_1.14.0/plugins/com.st.stm32cube.common.mx_6.10.0.202311202037
2024-04-01 16:20:16,070 [INFO] MainUpdater:2873 - connection check result : 10
2024-04-01 16:20:16,070 [INFO] MainUpdater:3567 - Updater definition file requires update
2024-04-01 16:20:16,071 [INFO] MainUpdater:290 - Updater Check For Update Now.
2024-04-01 16:20:16,071 [INFO] MicroXplorer:498 - Change Database Version : DB.6.0.100
2024-04-01 16:20:16,086 [INFO] McuFinderGlobals:63 - Set McuFinder mode to 2 (CubeIDE integrated)
2024-04-01 16:20:16,086 [INFO] UserAuth:180 - activating auth plugin
2024-04-01 16:20:16,090 [INFO] UserAuth:404 - Internet connection configuration mode: 1
2024-04-01 16:20:16,108 [INFO] JxBrowserEngine:152 - Initiate JxBrowser Engine with user profile folder
2024-04-01 16:20:16,124 [INFO] ServerAccessManage:473 - Download File updaters.zip
2024-04-01 16:20:16,469 [WARN] MainUpdater:1194 - Updater busy. Cannot search thirdparties
2024-04-01 16:20:16,470 [INFO] ThirdPartyUpdaterWithRetryManager:96 - Updater plugin is busy. [1/15]
2024-04-01 16:20:16,605 [INFO] FileExtend:240 - Unzip File : updaters.zip
2024-04-01 16:20:16,605 [INFO] FileExtend:255 - Standard Zip Deflate
2024-04-01 16:20:16,863 [INFO] ServerAccessManage:473 - Download File PacksControlFlags.xml
2024-04-01 16:20:17,051 [INFO] ServerAccessManage:473 - Download File cubemx.pidx
2024-04-01 16:20:17,444 [INFO] WebApp:161 - Instantiating new browser for Auth
2024-04-01 16:20:17,619 [INFO] ServerAccessManage:473 - Download File STMicroelectronics.FP-SNS-MOTENV1.pdsc
2024-04-01 16:20:18,464 [INFO] WebApp:780 - Register for checkConnection events
2024-04-01 16:20:18,464 [INFO] WebApp:414 - Apply proxy settings
2024-04-01 16:20:18,465 [INFO] WebApp:499 - Chromium requires no authentication
2024-04-01 16:20:18,480 [INFO] WebApp:442 - Direct internet connection detected
2024-04-01 16:20:18,797 [INFO] WebApp:192 - Starting web application
2024-04-01 16:20:18,797 [INFO] WebApp:544 - Web application path used /opt/st/stm32cubeide_1.14.0/plugins/com.st.stm32cube.common.mx_6.10.0.202311202037/db/plugins/mcufinder/reactClient1/index.html
2024-04-01 16:20:18,937 [INFO] ServerAccessManage:473 - Download File STMicroelectronics.X-CUBE-SAFEA1.pdsc
2024-04-01 16:20:19,253 [INFO] ServerAccessManage:473 - Download File STMicroelectronics.X-CUBE-TOUCHGFX.pdsc
2024-04-01 16:20:19,470 [WARN] MainUpdater:1194 - Updater busy. Cannot search thirdparties
2024-04-01 16:20:19,471 [INFO] ThirdPartyUpdaterWithRetryManager:96 - Updater plugin is busy. [2/15]
2024-04-01 16:20:20,671 [WARN] PackLoader:240 - Cannot read IP mode file for STMicroelectronics.FP-SNS-MOTENV1.5.0.0
2024-04-01 16:20:20,701 [WARN] PackLoader:240 - Cannot read IP mode file for STMicroelectronics.X-CUBE-SAFEA1.1.2.2
2024-04-01 16:20:20,708 [WARN] PackLoader:240 - Cannot read IP mode file for STMicroelectronics.X-CUBE-TOUCHGFX.4.23.1
2024-04-01 16:20:20,708 [INFO] PopulateThirdPartyThread:66 - Ending populate Thread
2024-04-01 16:20:20,710 [INFO] ThirdParty:1030 - CMSIS Pack Vendor :STMicroelectronics X-CUBE-TOUCHGFX 4.23.1
2024-04-01 16:20:20,711 [INFO] ThirdParty:1030 - CMSIS Pack Vendor :STMicroelectronics FP-SNS-MOTENV1 5.0.0
2024-04-01 16:20:20,711 [INFO] ThirdParty:1030 - CMSIS Pack Vendor :STMicroelectronics X-CUBE-SAFEA1 1.2.2
2024-04-01 16:20:20,711 [INFO] LoadServerUpdatesThread:375 - End of LoadServerUpdate Thread
2024-04-01 16:20:20,807 [INFO] CheckServerUpdateThread:120 - End of CheckServer Thread
2024-04-01 16:20:22,658 [WARN] PackLoader:240 - Cannot read IP mode file for STMicroelectronics.X-CUBE-SMBUS.2.1.0
2024-04-01 16:20:22,662 [WARN] PackLoader:240 - Cannot read IP mode file for STMicroelectronics.X-CUBE-TOUCHGFX.4.23.1
2024-04-01 16:20:22,664 [WARN] PackLoader:240 - Cannot read IP mode file for STMicroelectronics.X-CUBE-TOUCHGFX.4.23.0
2024-04-01 16:20:22,694 [WARN] PackLoader:240 - Cannot read IP mode file for STMicroelectronics.X-CUBE-AZRTOS-F7.1.1.0
2024-04-01 16:20:22,706 [WARN] PackLoader:240 - Cannot read IP mode file for STMicroelectronics.FP-SNS-MOTENV1.4.3.2
2024-04-01 16:20:22,712 [WARN] PackLoader:240 - Cannot read IP mode file for STMicroelectronics.FP-SNS-FLIGHT1.5.0.2
2024-04-01 16:20:22,720 [WARN] PackLoader:240 - Cannot read IP mode file for STMicroelectronics.X-CUBE-DISPLAY.3.0.0
2024-04-01 16:20:22,740 [WARN] PackLoader:240 - Cannot read IP mode file for STMicroelectronics.X-CUBE-BLE1.7.0.0
2024-04-01 16:20:22,746 [WARN] PackLoader:240 - Cannot read IP mode file for emotas.I-CUBE-CANOPEN.1.3.0
2024-04-01 16:20:22,765 [WARN] PackLoader:240 - Cannot read IP mode file for STMicroelectronics.X-CUBE-BLEMGR.3.1.0
2024-04-01 16:20:22,775 [WARN] PackLoader:240 - Cannot read IP mode file for STMicroelectronics.FP-SNS-SMARTAG2.1.2.0
2024-04-01 16:20:22,786 [INFO] LogOutputStream:77 - [STDOUT_REDIRECT] 1 : Invalid condition id : UX_CORESTACK_Condition cause : null
2024-04-01 16:20:22,787 [INFO] LogOutputStream:77 - [STDOUT_REDIRECT] 1 : Invalid condition id : UX_CORESTACK_Condition cause : null
2024-04-01 16:20:22,787 [INFO] LogOutputStream:77 - [STDOUT_REDIRECT] 1 : Invalid condition id : UX_CORESTACK_Condition cause : null
2024-04-01 16:20:22,788 [INFO] LogOutputStream:77 - [STDOUT_REDIRECT] 1 : Invalid condition id : UX_CORESTACK_Condition cause : null
2024-04-01 16:20:22,788 [INFO] LogOutputStream:77 - [STDOUT_REDIRECT] 1 : Invalid condition id : UX_CORESTACK_Condition cause : null
2024-04-01 16:20:22,796 [WARN] PackLoader:240 - Cannot read IP mode file for STMicroelectronics.X-CUBE-AZRTOS-WL.2.0.0
2024-04-01 16:20:22,803 [WARN] PackLoader:240 - Cannot read IP mode file for STMicroelectronics.FP-SNS-MOTENV1.5.0.0
2024-04-01 16:20:22,814 [WARN] PackLoader:240 - Cannot read IP mode file for WES.I-CUBE-Cesium.1.3.0
2024-04-01 16:20:22,820 [WARN] PackLoader:240 - Cannot read IP mode file for STMicroelectronics.X-CUBE-BLE2.3.3.0
2024-04-01 16:20:22,828 [WARN] PackLoader:240 - Cannot read IP mode file for STMicroelectronics.X-CUBE-ALGOBUILD.1.3.0
2024-04-01 16:20:22,856 [WARN] PackLoader:240 - Cannot read IP mode file for STMicroelectronics.X-CUBE-AZRTOS-G0.1.1.0
2024-04-01 16:20:22,868 [WARN] PackLoader:240 - Cannot read IP mode file for STMicroelectronics.X-CUBE-SAFEA1.1.2.2
2024-04-01 16:20:22,876 [WARN] PackLoader:240 - Cannot read IP mode file for STMicroelectronics.X-CUBE-NFC4.3.0.0
2024-04-01 16:20:22,899 [WARN] PackLoader:240 - Cannot read IP mode file for STMicroelectronics.X-CUBE-BLEMGR.3.0.0
2024-04-01 16:20:22,909 [WARN] PackLoader:240 - Cannot read IP mode file for STMicroelectronics.FP-ATR-SIGFOX1.3.2.0
2024-04-01 16:20:22,917 [WARN] PackLoader:240 - Cannot read IP mode file for STMicroelectronics.X-CUBE-EEPRMA1.5.1.0
2024-04-01 16:20:22,972 [WARN] PackLoader:240 - Cannot read IP mode file for SEGGER.I-CUBE-embOS.1.3.1
2024-04-01 16:20:23,038 [WARN] PackLoader:240 - Cannot read IP mode file for STMicroelectronics.X-CUBE-GNSS1.6.0.0
2024-04-01 16:20:23,068 [WARN] PackLoader:240 - Cannot read IP mode file for STMicroelectronics.X-CUBE-AZRTOS-F4.1.1.0
2024-04-01 16:20:23,077 [WARN] PackLoader:240 - Cannot read IP mode file for wolfSSL.I-CUBE-wolfSSL.5.6.6
2024-04-01 16:20:23,100 [WARN] PackLoader:240 - Cannot read IP mode file for STMicroelectronics.X-CUBE-AZRTOS-L5.2.0.0
2024-04-01 16:20:23,115 [WARN] PackLoader:240 - Cannot read IP mode file for STMicroelectronics.X-CUBE-NFC6.3.1.0
2024-04-01 16:20:23,124 [WARN] PackLoader:240 - Cannot read IP mode file for ITTIA_DB.I-CUBE-ITTIADB.8.8.0
2024-04-01 16:20:23,130 [WARN] PackLoader:240 - Cannot read IP mode file for STMicroelectronics.X-CUBE-NFC7.1.0.1
2024-04-01 16:20:23,139 [WARN] PackLoader:240 - Cannot read IP mode file for STMicroelectronics.X-CUBE-NFC6.3.0.0
2024-04-01 16:20:23,145 [WARN] PackLoader:240 - Cannot read IP mode file for STMicroelectronics.X-CUBE-AI.8.1.0
2024-04-01 16:20:23,170 [WARN] ConditionMgr:438 - getConditionDescription Invalid condition id : LAN8742 Phy interface Condition cause : null
2024-04-01 16:20:23,171 [WARN] PackLoader:240 - Cannot read IP mode file for STMicroelectronics.X-CUBE-AZRTOS-L4.2.0.0
2024-04-01 16:20:23,174 [WARN] ConditionMgr:1039 - genDependencies : Invalid condition id : LAN8742 Phy interface Condition cause : null
2024-04-01 16:20:23,175 [WARN] ConditionMgr:1039 - genDependencies : Invalid condition id : LAN8742 Phy interface Condition cause : null
2024-04-01 16:20:23,176 [WARN] ConditionMgr:1039 - genDependencies : Invalid condition id : LAN8742 Phy interface Condition cause : null
2024-04-01 16:20:23,188 [WARN] PackLoader:240 - Cannot read IP mode file for STMicroelectronics.X-CUBE-SFXS2LP1.4.0.0
2024-04-01 16:20:23,205 [WARN] ConditionMgr:438 - getConditionDescription Invalid condition id : UX DEVICE CLASS RTOS Condition cause : null
2024-04-01 16:20:23,206 [WARN] ConditionMgr:438 - getConditionDescription Invalid condition id : UX DEVICE CLASS RTOS Condition cause : null
2024-04-01 16:20:23,209 [WARN] PackLoader:240 - Cannot read IP mode file for STMicroelectronics.X-CUBE-AZRTOS-WB.2.0.0
2024-04-01 16:20:23,210 [WARN] ConditionMgr:1039 - genDependencies : Invalid condition id : UX DEVICE CLASS RTOS Condition cause : null
2024-04-01 16:20:23,210 [WARN] ConditionMgr:1039 - genDependencies : Invalid condition id : UX DEVICE CLASS RTOS Condition cause : null
2024-04-01 16:20:23,211 [WARN] ConditionMgr:1039 - genDependencies : Invalid condition id : UX DEVICE CLASS RTOS Condition cause : null
2024-04-01 16:20:23,212 [WARN] ConditionMgr:1039 - genDependencies : Invalid condition id : UX DEVICE CLASS RTOS Condition cause : null
2024-04-01 16:20:23,213 [WARN] ConditionMgr:1039 - genDependencies : Invalid condition id : UX DEVICE CLASS RTOS Condition cause : null
2024-04-01 16:20:23,226 [WARN] PackLoader:240 - Cannot read IP mode file for STMicroelectronics.X-CUBE-SUBG2.5.0.0
2024-04-01 16:20:23,254 [WARN] PackLoader:240 - Cannot read IP mode file for STMicroelectronics.X-CUBE-AZRTOS-G4.2.0.0
2024-04-01 16:20:23,271 [WARN] PackLoader:240 - Cannot read IP mode file for Infineon.AIROC-Wi-Fi-Bluetooth-STM32.1.5.1
2024-04-01 16:20:23,280 [WARN] PackLoader:240 - Cannot read IP mode file for STMicroelectronics.FP-SNS-MOTENVWB1.1.3.1
2024-04-01 16:20:23,285 [WARN] PackLoader:240 - Cannot read IP mode file for STMicroelectronics.X-CUBE-ISPU.2.0.0
2024-04-01 16:20:23,342 [WARN] PackLoader:240 - Cannot read IP mode file for STMicroelectronics.X-CUBE-MEMS1.10.0.0
2024-04-01 16:20:23,565 [WARN] PackLoader:240 - Cannot read IP mode file for STMicroelectronics.X-CUBE-FREERTOS.1.1.0
2024-04-01 16:20:23,570 [WARN] PackLoader:240 - Cannot read IP mode file for portGmbH.I-Cube-SoM-uGOAL.1.1.0
2024-04-01 16:20:23,574 [WARN] PackLoader:240 - Cannot read IP mode file for STMicroelectronics.X-CUBE-ALS.1.0.1
2024-04-01 16:20:23,579 [WARN] PackLoader:240 - Cannot read IP mode file for STMicroelectronics.FP-ATR-ASTRA1.2.0.0
2024-04-01 16:20:23,592 [WARN] PackLoader:240 - Cannot read IP mode file for STMicroelectronics.X-CUBE-TOF1.3.4.0
2024-04-01 16:20:23,622 [WARN] PackLoader:240 - Cannot read IP mode file for STMicroelectronics.X-CUBE-TOF1.3.4.1
2024-04-01 16:20:23,670 [WARN] PackLoader:240 - Cannot read IP mode file for STMicroelectronics.X-CUBE-AZRTOS-H7.3.2.0
2024-04-01 16:20:23,674 [INFO] ThirdParty:978 - Integrity check success = true
2024-04-01 16:20:23,674 [INFO] IntegrityCheckThread:100 - exiting critical section [integrity check]
2024-04-01 16:20:23,674 [INFO] IntegrityCheckThread:103 - End integrity checks thread
2024-04-01 16:20:39,423 [ERROR] LogOutputStream:75 - [STDERR_REDIRECT] SLF4J: Failed to load class "org.slf4j.impl.StaticLoggerBinder".
2024-04-01 16:20:39,423 [ERROR] LogOutputStream:75 - [STDERR_REDIRECT] SLF4J: Defaulting to no-operation (NOP) logger implementation
2024-04-01 16:20:39,424 [ERROR] LogOutputStream:75 - [STDERR_REDIRECT] SLF4J: See http://www.slf4j.org/codes.html#StaticLoggerBinder for further details.
