2024-02-24 00:20:14,733 [ERROR] ConfigurationRetriever:142 - IOException on connection: Read timed out
2024-02-24 00:20:17,799 [ERROR] LogOutputStream:75 - [STDERR_REDIRECT] 
2024-02-24 13:34:24,930 [INFO] Activator:176 - 


2024-02-24 13:34:24,931 [INFO] Activator:177 - !SESSION log4j initialized
2024-02-24 13:34:29,421 [INFO] LogOutputStream:77 - [STDOUT_REDIRECT] 
2024-02-24 13:34:50,035 [INFO] ApplicationProperties:184 - Using Application install path: /opt/st/stm32cubeide_1.14.0/plugins/com.st.stm32cube.common.mx_6.10.0.202311202037
2024-02-24 13:34:50,050 [INFO] DbMcusXml:78 - Set database path to: /opt/st/stm32cubeide_1.14.0/plugins/com.st.stm32cube.common.mx_6.10.0.202311202037//db//mcu/
2024-02-24 13:34:50,050 [INFO] ApiDb:274 - Set plugin database path to: /opt/st/stm32cubeide_1.14.0/plugins/com.st.stm32cube.common.mx_6.10.0.202311202037//db//plugins/boardmanager/
2024-02-24 13:34:50,050 [WARN] ApiDb:259 - Overriding images path with different value:  => /opt/st/stm32cubeide_1.14.0/plugins/com.st.stm32cube.common.mx_6.10.0.202311202037//db//plugins/mcufinder/images/
2024-02-24 13:34:50,056 [INFO] ApiDb:250 - Set database path to: /home/bhakti/.stmcufinder/plugins/mcufinder//mcu/
2024-02-24 13:34:50,057 [INFO] DbMcusAds:125 - Set database path to: /home/bhakti/.stmcufinder/plugins/mcufinder//mcu/
2024-02-24 13:34:50,058 [INFO] CrossReferenceDbSqlite:203 - Set database path to: /home/bhakti/.stmcufinder/plugins/mcufinder//mcu/cs/
2024-02-24 13:34:50,157 [INFO] RulesReader:64 - Compatibility file has been processed (297 Rules)
2024-02-24 13:34:50,207 [INFO] DbMcusXml:78 - Set database path to: /opt/st/stm32cubeide_1.14.0/plugins/com.st.stm32cube.common.mx_6.10.0.202311202037//db//mcu/
2024-02-24 13:34:50,207 [INFO] ApiDb:274 - Set plugin database path to: /opt/st/stm32cubeide_1.14.0/plugins/com.st.stm32cube.common.mx_6.10.0.202311202037//db//plugins/boardmanager/
2024-02-24 13:34:50,207 [INFO] ApiDb:261 - Set plugin images path to: /opt/st/stm32cubeide_1.14.0/plugins/com.st.stm32cube.common.mx_6.10.0.202311202037//db//plugins/mcufinder/images/
2024-02-24 13:34:50,207 [WARN] DbFile:41 - Overriding database path with different value: /home/bhakti/.stmcufinder/plugins/mcufinder/ => /home/bhakti/.stmcufinder/plugins/mcufinder
2024-02-24 13:34:50,207 [INFO] ApiDb:250 - Set database path to: /home/bhakti/.stmcufinder/plugins/mcufinder//mcu/
2024-02-24 13:34:50,207 [WARN] DbFile:41 - Overriding database path with different value: /home/bhakti/.stmcufinder/plugins/mcufinder/ => /home/bhakti/.stmcufinder/plugins/mcufinder
2024-02-24 13:34:50,207 [INFO] DbMcusAds:125 - Set database path to: /home/bhakti/.stmcufinder/plugins/mcufinder//mcu/
2024-02-24 13:34:50,207 [WARN] DbFile:41 - Overriding database path with different value: /home/bhakti/.stmcufinder/plugins/mcufinder/ => /home/bhakti/.stmcufinder/plugins/mcufinder
2024-02-24 13:34:50,207 [WARN] DbFile:41 - Overriding database path with different value: /home/bhakti/.stmcufinder/plugins/mcufinder/ => /home/bhakti/.stmcufinder/plugins/mcufinder
2024-02-24 13:34:50,208 [INFO] CrossReferenceDbSqlite:203 - Set database path to: /home/bhakti/.stmcufinder/plugins/mcufinder//mcu/cs/
2024-02-24 13:34:50,262 [INFO] MainPanel:264 - HeapMemory: 268435456
2024-02-24 13:34:50,341 [INFO] DbMcusXml:78 - Set database path to: /opt/st/stm32cubeide_1.14.0/plugins/com.st.stm32cube.common.mx_6.10.0.202311202037//db//mcu/
2024-02-24 13:34:50,341 [INFO] ApiDb:274 - Set plugin database path to: /opt/st/stm32cubeide_1.14.0/plugins/com.st.stm32cube.common.mx_6.10.0.202311202037//db//plugins/boardmanager/
2024-02-24 13:34:50,341 [INFO] ApiDb:261 - Set plugin images path to: /opt/st/stm32cubeide_1.14.0/plugins/com.st.stm32cube.common.mx_6.10.0.202311202037//db//plugins/mcufinder/images/
2024-02-24 13:34:50,341 [WARN] DbFile:41 - Overriding database path with different value: /home/bhakti/.stmcufinder/plugins/mcufinder/ => /home/bhakti/.stmcufinder/plugins/mcufinder
2024-02-24 13:34:50,341 [INFO] ApiDb:250 - Set database path to: /home/bhakti/.stmcufinder/plugins/mcufinder//mcu/
2024-02-24 13:34:50,341 [WARN] DbFile:41 - Overriding database path with different value: /home/bhakti/.stmcufinder/plugins/mcufinder/ => /home/bhakti/.stmcufinder/plugins/mcufinder
2024-02-24 13:34:50,342 [INFO] DbMcusAds:125 - Set database path to: /home/bhakti/.stmcufinder/plugins/mcufinder//mcu/
2024-02-24 13:34:50,342 [WARN] DbFile:41 - Overriding database path with different value: /home/bhakti/.stmcufinder/plugins/mcufinder/ => /home/bhakti/.stmcufinder/plugins/mcufinder
2024-02-24 13:34:50,342 [WARN] DbFile:41 - Overriding database path with different value: /home/bhakti/.stmcufinder/plugins/mcufinder/ => /home/bhakti/.stmcufinder/plugins/mcufinder
2024-02-24 13:34:50,342 [INFO] CrossReferenceDbSqlite:203 - Set database path to: /home/bhakti/.stmcufinder/plugins/mcufinder//mcu/cs/
2024-02-24 13:34:50,355 [INFO] ApplicationProperties:184 - Using Application install path: /opt/st/stm32cubeide_1.14.0/plugins/com.st.stm32cube.common.mx_6.10.0.202311202037
2024-02-24 13:34:50,356 [INFO] PluginManage:196 - Search for loadable plugins [exclusion list=, ]
2024-02-24 13:34:50,357 [INFO] PluginManage:310 - Check plugin analytics
2024-02-24 13:34:50,510 [INFO] AnalyticsPlugin:253 - Accepted Software Licenses: 
2024-02-24 13:34:50,511 [INFO] AnalyticsPlugin:255 - Accepted CMSIS Pack Licenses: 
2024-02-24 13:34:50,511 [INFO] AnalyticsPlugin:257 - Accepted Firmware Licenses: 
2024-02-24 13:34:50,513 [INFO] PluginManage:359 - Loaded plugin analytics (category:tool,tabindex:-1)
2024-02-24 13:34:50,513 [INFO] PluginManage:310 - Check plugin cadmodel
2024-02-24 13:34:50,543 [INFO] CADModel:105 - Init CAD model plugin
2024-02-24 13:34:50,544 [INFO] PluginManage:359 - Loaded plugin cadmodel (category:power,tabindex:5)
2024-02-24 13:34:50,544 [INFO] PluginManage:310 - Check plugin clock
2024-02-24 13:34:50,553 [INFO] PluginManage:359 - Loaded plugin clock (category:base,tabindex:2)
2024-02-24 13:34:50,554 [INFO] PluginManage:310 - Check plugin ddr
2024-02-24 13:34:50,556 [INFO] PluginManage:359 - Loaded plugin ddr (category:tool,tabindex:6)
2024-02-24 13:34:50,556 [INFO] PluginManage:310 - Check plugin filemanager
2024-02-24 13:34:50,689 [INFO] PluginManage:359 - Loaded plugin filemanager (category:base,tabindex:10)
2024-02-24 13:34:50,690 [INFO] PluginManage:310 - Check plugin ipmanager
2024-02-24 13:34:50,694 [INFO] PluginManage:359 - Loaded plugin ipmanager (category:base,tabindex:5)
2024-02-24 13:34:50,694 [INFO] PluginManage:310 - Check plugin lpbam
2024-02-24 13:34:50,704 [INFO] PluginManage:359 - Loaded plugin lpbam (category:base,tabindex:0)
2024-02-24 13:34:50,704 [INFO] PluginManage:310 - Check plugin memorymap
2024-02-24 13:34:50,715 [INFO] PluginManage:359 - Loaded plugin memorymap (category:base,tabindex:4)
2024-02-24 13:34:50,715 [INFO] PluginManage:310 - Check plugin pinoutandconfiguration
2024-02-24 13:34:50,723 [INFO] PluginManage:359 - Loaded plugin pinoutandconfiguration (category:base,tabindex:1)
2024-02-24 13:34:50,723 [INFO] PluginManage:310 - Check plugin pinoutconfig
2024-02-24 13:34:50,799 [WARN] SupportedApi:132 - Cannot load RTOS API schema: s4s-elt-must-match.1: The content of 'definitions' must match (annotation?, (simpleType | complexType)?, (unique | key | keyref)*)). A problem was found starting at: attribute.
2024-02-24 13:34:50,914 [INFO] PluginManage:359 - Loaded plugin pinoutconfig (category:base,tabindex:0)
2024-02-24 13:34:50,915 [INFO] PluginManage:310 - Check plugin power
2024-02-24 13:34:50,925 [INFO] PluginManage:359 - Loaded plugin power (category:power,tabindex:4)
2024-02-24 13:34:50,925 [INFO] PluginManage:310 - Check plugin projectmanager
2024-02-24 13:34:50,943 [INFO] PluginManage:359 - Loaded plugin projectmanager (category:projectmanager,tabindex:3)
2024-02-24 13:34:50,943 [INFO] PluginManage:310 - Check plugin thirdparty
2024-02-24 13:34:51,059 [WARN] IntegrityCheckThread:84 - waiting for thirdparty lock release [integrity check]
2024-02-24 13:34:51,059 [INFO] PluginManage:359 - Loaded plugin thirdparty (category:base,tabindex:-1)
2024-02-24 13:34:51,059 [INFO] IntegrityCheckThread:86 - entering critical section [integrity check]
2024-02-24 13:34:51,060 [INFO] PluginManage:310 - Check plugin tools
2024-02-24 13:34:51,060 [INFO] ThirdPartyUpdaterWithRetryManager:70 - Updater plugin not ready yet. [1/15]
2024-02-24 13:34:51,063 [INFO] PluginManage:359 - Loaded plugin tools (category:base,tabindex:7)
2024-02-24 13:34:51,063 [INFO] PluginManage:310 - Check plugin tutovideos
2024-02-24 13:34:51,204 [INFO] PluginManage:359 - Loaded plugin tutovideos (category:base,tabindex:-1)
2024-02-24 13:34:51,204 [INFO] PluginManage:310 - Check plugin updater
2024-02-24 13:34:51,214 [INFO] PluginManage:359 - Loaded plugin updater (category:base,tabindex:12)
2024-02-24 13:34:51,214 [INFO] PluginManage:310 - Check plugin userauth
2024-02-24 13:34:51,219 [INFO] UserAuth:114 - Init User Auth plugin
2024-02-24 13:34:51,219 [INFO] PluginManage:359 - Loaded plugin userauth (category:base,tabindex:14)
2024-02-24 13:34:51,219 [INFO] PluginManage:283 - PluginManage : Loaded plugins [17]
2024-02-24 13:34:51,381 [INFO] PinOutPanel:1499 - setPackage(No Configuration,No Configuration)
2024-02-24 13:34:51,438 [INFO] CADModel:165 - CPN selected for project level
2024-02-24 13:34:51,438 [INFO] CADModel:114 - Register for checkConnection events
2024-02-24 13:34:51,472 [INFO] IPUIPlugin:80 - create IPUIPlugin
2024-02-24 13:34:51,472 [INFO] PluginManager:220 - loadIPPluginJar : add usbx
2024-02-24 13:34:51,478 [INFO] IPUIPlugin:80 - create IPUIPlugin
2024-02-24 13:34:51,478 [INFO] PluginManager:220 - loadIPPluginJar : add freertos
2024-02-24 13:34:51,479 [INFO] IPUIPlugin:80 - create IPUIPlugin
2024-02-24 13:34:51,479 [INFO] PluginManager:220 - loadIPPluginJar : add fatfs
2024-02-24 13:34:51,484 [INFO] IPUIPlugin:80 - create IPUIPlugin
2024-02-24 13:34:51,484 [INFO] PluginManager:220 - loadIPPluginJar : add resmgrutility
2024-02-24 13:34:51,487 [INFO] IPUIPlugin:80 - create IPUIPlugin
2024-02-24 13:34:51,487 [INFO] PluginManager:220 - loadIPPluginJar : add tracer_emb
2024-02-24 13:34:51,490 [INFO] IPUIPlugin:80 - create IPUIPlugin
2024-02-24 13:34:51,490 [INFO] PluginManager:220 - loadIPPluginJar : add gtzc
2024-02-24 13:34:51,492 [INFO] IPUIPlugin:80 - create IPUIPlugin
2024-02-24 13:34:51,492 [INFO] PluginManager:220 - loadIPPluginJar : add genericplugin
2024-02-24 13:34:51,499 [INFO] IPUIPlugin:80 - create IPUIPlugin
2024-02-24 13:34:51,499 [INFO] PluginManager:220 - loadIPPluginJar : add stm32_wpan
2024-02-24 13:34:51,501 [INFO] IPUIPlugin:80 - create IPUIPlugin
2024-02-24 13:34:51,501 [INFO] PluginManager:220 - loadIPPluginJar : add lorawan
2024-02-24 13:34:51,507 [INFO] IPUIPlugin:80 - create IPUIPlugin
2024-02-24 13:34:51,509 [INFO] PluginManager:220 - loadIPPluginJar : add plateformsettings
2024-02-24 13:34:51,513 [INFO] IPUIPlugin:80 - create IPUIPlugin
2024-02-24 13:34:51,514 [INFO] PluginManager:220 - loadIPPluginJar : add usart
2024-02-24 13:34:51,522 [INFO] IPUIPlugin:80 - create IPUIPlugin
2024-02-24 13:34:51,524 [INFO] PluginManager:220 - loadIPPluginJar : add mdma
2024-02-24 13:34:51,529 [INFO] IPUIPlugin:80 - create IPUIPlugin
2024-02-24 13:34:51,530 [INFO] PluginManager:220 - loadIPPluginJar : add gpio
2024-02-24 13:34:51,535 [INFO] IPUIPlugin:80 - create IPUIPlugin
2024-02-24 13:34:51,535 [INFO] PluginManager:220 - loadIPPluginJar : add adc
2024-02-24 13:34:51,538 [INFO] IPUIPlugin:80 - create IPUIPlugin
2024-02-24 13:34:51,538 [INFO] PluginManager:220 - loadIPPluginJar : add can
2024-02-24 13:34:51,541 [INFO] IPUIPlugin:80 - create IPUIPlugin
2024-02-24 13:34:51,541 [INFO] PluginManager:220 - loadIPPluginJar : add ipddr
2024-02-24 13:34:51,545 [INFO] IPUIPlugin:80 - create IPUIPlugin
2024-02-24 13:34:51,545 [INFO] PluginManager:220 - loadIPPluginJar : add sai
2024-02-24 13:34:51,546 [INFO] IPUIPlugin:80 - create IPUIPlugin
2024-02-24 13:34:51,546 [INFO] PluginManager:220 - loadIPPluginJar : add tsc
2024-02-24 13:34:51,552 [INFO] IPUIPlugin:80 - create IPUIPlugin
2024-02-24 13:34:51,552 [INFO] PluginManager:220 - loadIPPluginJar : add gic
2024-02-24 13:34:51,553 [INFO] IPUIPlugin:80 - create IPUIPlugin
2024-02-24 13:34:51,554 [INFO] PluginManager:220 - loadIPPluginJar : add ucpd
2024-02-24 13:34:51,560 [INFO] IPUIPlugin:80 - create IPUIPlugin
2024-02-24 13:34:51,560 [INFO] PluginManager:220 - loadIPPluginJar : add dma
2024-02-24 13:34:51,561 [INFO] IPUIPlugin:80 - create IPUIPlugin
2024-02-24 13:34:51,561 [INFO] PluginManager:220 - loadIPPluginJar : add ts
2024-02-24 13:34:51,566 [INFO] IPUIPlugin:80 - create IPUIPlugin
2024-02-24 13:34:51,566 [INFO] PluginManager:220 - loadIPPluginJar : add fmc
2024-02-24 13:34:51,568 [INFO] IPUIPlugin:80 - create IPUIPlugin
2024-02-24 13:34:51,568 [INFO] PluginManager:220 - loadIPPluginJar : add i2c
2024-02-24 13:34:51,570 [INFO] IPUIPlugin:80 - create IPUIPlugin
2024-02-24 13:34:51,570 [INFO] PluginManager:220 - loadIPPluginJar : add dfsdm
2024-02-24 13:34:51,574 [INFO] IPUIPlugin:80 - create IPUIPlugin
2024-02-24 13:34:51,574 [INFO] PluginManager:220 - loadIPPluginJar : add hash
2024-02-24 13:34:51,575 [INFO] IPUIPlugin:80 - create IPUIPlugin
2024-02-24 13:34:51,575 [INFO] PluginManager:220 - loadIPPluginJar : add ltdc
2024-02-24 13:34:51,577 [INFO] IPUIPlugin:80 - create IPUIPlugin
2024-02-24 13:34:51,578 [INFO] PluginManager:220 - loadIPPluginJar : add opamp
2024-02-24 13:34:51,581 [INFO] IPUIPlugin:80 - create IPUIPlugin
2024-02-24 13:34:51,581 [INFO] PluginManager:220 - loadIPPluginJar : add aes
2024-02-24 13:34:51,583 [INFO] IPUIPlugin:80 - create IPUIPlugin
2024-02-24 13:34:51,583 [INFO] PluginManager:220 - loadIPPluginJar : add comp
2024-02-24 13:34:51,584 [INFO] IPUIPlugin:80 - create IPUIPlugin
2024-02-24 13:34:51,584 [INFO] PluginManager:220 - loadIPPluginJar : add tim
2024-02-24 13:34:51,587 [INFO] IPUIPlugin:80 - create IPUIPlugin
2024-02-24 13:34:51,587 [INFO] PluginManager:220 - loadIPPluginJar : add spi
2024-02-24 13:34:51,590 [INFO] IPUIPlugin:80 - create IPUIPlugin
2024-02-24 13:34:51,590 [INFO] PluginManager:220 - loadIPPluginJar : add pdm2pcm
2024-02-24 13:34:51,591 [INFO] IPUIPlugin:80 - create IPUIPlugin
2024-02-24 13:34:51,591 [INFO] PluginManager:220 - loadIPPluginJar : add dma3
2024-02-24 13:34:51,595 [INFO] IPUIPlugin:80 - create IPUIPlugin
2024-02-24 13:34:51,595 [INFO] PluginManager:220 - loadIPPluginJar : add openamp
2024-02-24 13:34:51,597 [INFO] IPUIPlugin:80 - create IPUIPlugin
2024-02-24 13:34:51,597 [INFO] PluginManager:220 - loadIPPluginJar : add quadspi
2024-02-24 13:34:51,598 [INFO] IPUIPlugin:80 - create IPUIPlugin
2024-02-24 13:34:51,598 [INFO] PluginManager:220 - loadIPPluginJar : add gfxmmu
2024-02-24 13:34:51,603 [INFO] IPUIPlugin:80 - create IPUIPlugin
2024-02-24 13:34:51,603 [INFO] PluginManager:220 - loadIPPluginJar : add nvic
2024-02-24 13:34:51,606 [INFO] IPUIPlugin:80 - create IPUIPlugin
2024-02-24 13:34:51,606 [INFO] PluginManager:220 - loadIPPluginJar : add touchsensing
2024-02-24 13:34:51,609 [INFO] IPUIPlugin:80 - create IPUIPlugin
2024-02-24 13:34:51,609 [INFO] PluginManager:220 - loadIPPluginJar : add i2s
2024-02-24 13:34:51,618 [INFO] IPUIPlugin:80 - create IPUIPlugin
2024-02-24 13:34:51,618 [INFO] PluginManager:220 - loadIPPluginJar : add linkedlist
2024-02-24 13:34:51,621 [INFO] IPUIPlugin:80 - create IPUIPlugin
2024-02-24 13:34:51,622 [INFO] PluginManager:220 - loadIPPluginJar : add cryp
2024-02-24 13:34:51,625 [INFO] IPUIPlugin:80 - create IPUIPlugin
2024-02-24 13:34:51,625 [INFO] PluginManager:220 - loadIPPluginJar : add i3c
2024-02-24 13:34:51,739 [INFO] CADModel:165 - CPN selected for project level
2024-02-24 13:34:51,739 [INFO] CADModel:114 - Register for checkConnection events
2024-02-24 13:34:51,739 [FATAL] Updater:308 - Updater called before beeing initialized
2024-02-24 13:34:51,740 [ERROR] CADModel:125 - Updater not yet initialized, retry later 
2024-02-24 13:34:51,862 [INFO] CADModel:165 - CPN selected for project level
2024-02-24 13:34:51,863 [INFO] CADModel:114 - Register for checkConnection events
2024-02-24 13:34:51,863 [FATAL] Updater:308 - Updater called before beeing initialized
2024-02-24 13:34:51,863 [ERROR] CADModel:125 - Updater not yet initialized, retry later 
2024-02-24 13:34:51,867 [FATAL] Updater:308 - Updater called before beeing initialized
2024-02-24 13:34:51,974 [FATAL] Updater:308 - Updater called before beeing initialized
2024-02-24 13:34:51,978 [INFO] DbMcusAds:53 - JSON generation date=Wed Nov 29 16:22:27 IST 2023 (1701255147349)
2024-02-24 13:34:51,978 [FATAL] Updater:308 - Updater called before beeing initialized
2024-02-24 13:34:52,012 [WARN] DetailPanel:346 - Failed to get advertising image, set to default
2024-02-24 13:34:52,090 [FATAL] Updater:308 - Updater called before beeing initialized
2024-02-24 13:34:52,091 [FATAL] Updater:308 - Updater called before beeing initialized
2024-02-24 13:34:52,091 [FATAL] Updater:308 - Updater called before beeing initialized
2024-02-24 13:34:52,091 [WARN] DetailPanel:346 - Failed to get advertising image, set to default
2024-02-24 13:34:52,092 [FATAL] Updater:308 - Updater called before beeing initialized
2024-02-24 13:34:52,125 [ERROR] Updater:1120 - MainUpdater not yet initialized. External WinMGr cannot be set.
2024-02-24 13:34:52,127 [INFO] Updater:1056 - Updater Version found : 6.10.0
2024-02-24 13:34:52,150 [INFO] ApplicationProperties:184 - Using Application install path: /opt/st/stm32cubeide_1.14.0/plugins/com.st.stm32cube.common.mx_6.10.0.202311202037
2024-02-24 13:34:54,061 [INFO] ThirdPartyUpdaterWithRetryManager:70 - Updater plugin not ready yet. [2/15]
2024-02-24 13:34:54,514 [ERROR] ConfigurationRetriever:142 - IOException on connection: Read timed out
2024-02-24 13:34:55,422 [INFO] MainUpdater:2873 - connection check result : 10
2024-02-24 13:34:55,423 [INFO] MainUpdater:290 - Updater Check For Update Now.
2024-02-24 13:34:55,423 [INFO] MicroXplorer:498 - Change Database Version : DB.6.0.100
2024-02-24 13:34:55,427 [INFO] McuFinderGlobals:63 - Set McuFinder mode to 2 (CubeIDE integrated)
2024-02-24 13:34:55,428 [INFO] UserAuth:180 - activating auth plugin
2024-02-24 13:34:55,431 [INFO] UserAuth:404 - Internet connection configuration mode: 1
2024-02-24 13:34:55,444 [INFO] JxBrowserEngine:152 - Initiate JxBrowser Engine with user profile folder
2024-02-24 13:34:55,614 [INFO] CheckServerUpdateThread:120 - End of CheckServer Thread
2024-02-24 13:34:56,130 [INFO] WebApp:161 - Instantiating new browser for Auth
2024-02-24 13:34:56,611 [INFO] WebApp:780 - Register for checkConnection events
2024-02-24 13:34:56,611 [INFO] WebApp:414 - Apply proxy settings
2024-02-24 13:34:56,611 [INFO] WebApp:499 - Chromium requires no authentication
2024-02-24 13:34:56,617 [INFO] WebApp:442 - Direct internet connection detected
2024-02-24 13:34:56,727 [INFO] WebApp:192 - Starting web application
2024-02-24 13:34:56,728 [INFO] WebApp:544 - Web application path used /opt/st/stm32cubeide_1.14.0/plugins/com.st.stm32cube.common.mx_6.10.0.202311202037/db/plugins/mcufinder/reactClient1/index.html
2024-02-24 13:34:56,743 [ERROR] ConfigurationRetriever:142 - IOException on connection: Read timed out
2024-02-24 13:34:57,158 [WARN] PackLoader:240 - Cannot read IP mode file for STMicroelectronics.X-CUBE-SMBUS.2.1.0
2024-02-24 13:34:57,163 [WARN] PackLoader:240 - Cannot read IP mode file for STMicroelectronics.X-CUBE-TOUCHGFX.4.23.0
2024-02-24 13:34:57,188 [WARN] PackLoader:240 - Cannot read IP mode file for STMicroelectronics.X-CUBE-AZRTOS-F7.1.1.0
2024-02-24 13:34:57,197 [WARN] PackLoader:240 - Cannot read IP mode file for STMicroelectronics.FP-SNS-MOTENV1.4.3.2
2024-02-24 13:34:57,203 [WARN] PackLoader:240 - Cannot read IP mode file for STMicroelectronics.FP-SNS-FLIGHT1.5.0.2
2024-02-24 13:34:57,211 [WARN] PackLoader:240 - Cannot read IP mode file for STMicroelectronics.X-CUBE-DISPLAY.3.0.0
2024-02-24 13:34:57,222 [WARN] PackLoader:240 - Cannot read IP mode file for STMicroelectronics.X-CUBE-BLE1.7.0.0
2024-02-24 13:34:57,226 [WARN] PackLoader:240 - Cannot read IP mode file for emotas.I-CUBE-CANOPEN.1.3.0
2024-02-24 13:34:57,230 [WARN] PackLoader:240 - Cannot read IP mode file for STMicroelectronics.FP-SNS-SMARTAG2.1.2.0
2024-02-24 13:34:57,241 [INFO] LogOutputStream:77 - [STDOUT_REDIRECT] 1 : Invalid condition id : UX_CORESTACK_Condition cause : null
2024-02-24 13:34:57,241 [INFO] LogOutputStream:77 - [STDOUT_REDIRECT] 1 : Invalid condition id : UX_CORESTACK_Condition cause : null
2024-02-24 13:34:57,242 [INFO] LogOutputStream:77 - [STDOUT_REDIRECT] 1 : Invalid condition id : UX_CORESTACK_Condition cause : null
2024-02-24 13:34:57,242 [INFO] LogOutputStream:77 - [STDOUT_REDIRECT] 1 : Invalid condition id : UX_CORESTACK_Condition cause : null
2024-02-24 13:34:57,242 [INFO] LogOutputStream:77 - [STDOUT_REDIRECT] 1 : Invalid condition id : UX_CORESTACK_Condition cause : null
2024-02-24 13:34:57,246 [WARN] PackLoader:240 - Cannot read IP mode file for STMicroelectronics.X-CUBE-AZRTOS-WL.2.0.0
2024-02-24 13:34:57,254 [WARN] PackLoader:240 - Cannot read IP mode file for WES.I-CUBE-Cesium.1.3.0
2024-02-24 13:34:57,258 [WARN] PackLoader:240 - Cannot read IP mode file for STMicroelectronics.X-CUBE-BLE2.3.3.0
2024-02-24 13:34:57,264 [WARN] PackLoader:240 - Cannot read IP mode file for STMicroelectronics.X-CUBE-ALGOBUILD.1.3.0
2024-02-24 13:34:57,280 [WARN] PackLoader:240 - Cannot read IP mode file for STMicroelectronics.X-CUBE-AZRTOS-G0.1.1.0
2024-02-24 13:34:57,287 [WARN] PackLoader:240 - Cannot read IP mode file for STMicroelectronics.X-CUBE-NFC4.3.0.0
2024-02-24 13:34:57,295 [WARN] PackLoader:240 - Cannot read IP mode file for STMicroelectronics.X-CUBE-BLEMGR.3.0.0
2024-02-24 13:34:57,299 [WARN] PackLoader:240 - Cannot read IP mode file for STMicroelectronics.FP-ATR-SIGFOX1.3.2.0
2024-02-24 13:34:57,304 [WARN] PackLoader:240 - Cannot read IP mode file for STMicroelectronics.X-CUBE-EEPRMA1.5.1.0
2024-02-24 13:34:57,332 [WARN] PackLoader:240 - Cannot read IP mode file for SEGGER.I-CUBE-embOS.1.3.1
2024-02-24 13:34:57,373 [WARN] PackLoader:240 - Cannot read IP mode file for STMicroelectronics.X-CUBE-GNSS1.6.0.0
2024-02-24 13:34:57,386 [WARN] PackLoader:240 - Cannot read IP mode file for STMicroelectronics.X-CUBE-AZRTOS-F4.1.1.0
2024-02-24 13:34:57,391 [WARN] PackLoader:240 - Cannot read IP mode file for wolfSSL.I-CUBE-wolfSSL.5.6.6
2024-02-24 13:34:57,403 [WARN] PackLoader:240 - Cannot read IP mode file for STMicroelectronics.X-CUBE-AZRTOS-L5.2.0.0
2024-02-24 13:34:57,409 [WARN] PackLoader:240 - Cannot read IP mode file for ITTIA_DB.I-CUBE-ITTIADB.8.8.0
2024-02-24 13:34:57,412 [WARN] PackLoader:240 - Cannot read IP mode file for STMicroelectronics.X-CUBE-NFC7.1.0.1
2024-02-24 13:34:57,418 [WARN] PackLoader:240 - Cannot read IP mode file for STMicroelectronics.X-CUBE-NFC6.3.0.0
2024-02-24 13:34:57,422 [WARN] PackLoader:240 - Cannot read IP mode file for STMicroelectronics.X-CUBE-AI.8.1.0
2024-02-24 13:34:57,435 [WARN] ConditionMgr:438 - getConditionDescription Invalid condition id : LAN8742 Phy interface Condition cause : null
2024-02-24 13:34:57,436 [WARN] PackLoader:240 - Cannot read IP mode file for STMicroelectronics.X-CUBE-AZRTOS-L4.2.0.0
2024-02-24 13:34:57,437 [WARN] ConditionMgr:1039 - genDependencies : Invalid condition id : LAN8742 Phy interface Condition cause : null
2024-02-24 13:34:57,437 [WARN] ConditionMgr:1039 - genDependencies : Invalid condition id : LAN8742 Phy interface Condition cause : null
2024-02-24 13:34:57,438 [WARN] ConditionMgr:1039 - genDependencies : Invalid condition id : LAN8742 Phy interface Condition cause : null
2024-02-24 13:34:57,443 [WARN] PackLoader:240 - Cannot read IP mode file for STMicroelectronics.X-CUBE-SFXS2LP1.4.0.0
2024-02-24 13:34:57,453 [WARN] ConditionMgr:438 - getConditionDescription Invalid condition id : UX DEVICE CLASS RTOS Condition cause : null
2024-02-24 13:34:57,454 [WARN] ConditionMgr:438 - getConditionDescription Invalid condition id : UX DEVICE CLASS RTOS Condition cause : null
2024-02-24 13:34:57,455 [WARN] PackLoader:240 - Cannot read IP mode file for STMicroelectronics.X-CUBE-AZRTOS-WB.2.0.0
2024-02-24 13:34:57,456 [WARN] ConditionMgr:1039 - genDependencies : Invalid condition id : UX DEVICE CLASS RTOS Condition cause : null
2024-02-24 13:34:57,456 [WARN] ConditionMgr:1039 - genDependencies : Invalid condition id : UX DEVICE CLASS RTOS Condition cause : null
2024-02-24 13:34:57,456 [WARN] ConditionMgr:1039 - genDependencies : Invalid condition id : UX DEVICE CLASS RTOS Condition cause : null
2024-02-24 13:34:57,457 [WARN] ConditionMgr:1039 - genDependencies : Invalid condition id : UX DEVICE CLASS RTOS Condition cause : null
2024-02-24 13:34:57,457 [WARN] ConditionMgr:1039 - genDependencies : Invalid condition id : UX DEVICE CLASS RTOS Condition cause : null
2024-02-24 13:34:57,464 [WARN] PackLoader:240 - Cannot read IP mode file for STMicroelectronics.X-CUBE-SUBG2.5.0.0
2024-02-24 13:34:57,478 [WARN] PackLoader:240 - Cannot read IP mode file for STMicroelectronics.X-CUBE-AZRTOS-G4.2.0.0
2024-02-24 13:34:57,487 [WARN] PackLoader:240 - Cannot read IP mode file for Infineon.AIROC-Wi-Fi-Bluetooth-STM32.1.5.1
2024-02-24 13:34:57,493 [WARN] PackLoader:240 - Cannot read IP mode file for STMicroelectronics.FP-SNS-MOTENVWB1.1.3.1
2024-02-24 13:34:57,495 [WARN] PackLoader:240 - Cannot read IP mode file for STMicroelectronics.X-CUBE-ISPU.2.0.0
2024-02-24 13:34:57,544 [WARN] PackLoader:240 - Cannot read IP mode file for STMicroelectronics.X-CUBE-MEMS1.10.0.0
2024-02-24 13:34:57,754 [WARN] PackLoader:240 - Cannot read IP mode file for STMicroelectronics.X-CUBE-FREERTOS.1.1.0
2024-02-24 13:34:57,759 [WARN] PackLoader:240 - Cannot read IP mode file for portGmbH.I-Cube-SoM-uGOAL.1.1.0
2024-02-24 13:34:57,762 [WARN] PackLoader:240 - Cannot read IP mode file for STMicroelectronics.X-CUBE-ALS.1.0.1
2024-02-24 13:34:57,765 [WARN] PackLoader:240 - Cannot read IP mode file for STMicroelectronics.FP-ATR-ASTRA1.2.0.0
2024-02-24 13:34:57,775 [WARN] PackLoader:240 - Cannot read IP mode file for STMicroelectronics.X-CUBE-TOF1.3.4.0
2024-02-24 13:34:57,808 [WARN] PackLoader:240 - Cannot read IP mode file for STMicroelectronics.X-CUBE-AZRTOS-H7.3.2.0
2024-02-24 13:34:57,816 [INFO] ThirdParty:978 - Integrity check success = true
2024-02-24 13:34:57,816 [INFO] IntegrityCheckThread:100 - exiting critical section [integrity check]
2024-02-24 13:34:57,816 [INFO] IntegrityCheckThread:103 - End integrity checks thread
2024-02-24 13:34:59,965 [ERROR] ConfigurationRetriever:142 - IOException on connection: Read timed out
2024-02-24 13:35:17,170 [ERROR] LogOutputStream:75 - [STDERR_REDIRECT] SLF4J: Failed to load class "org.slf4j.impl.StaticLoggerBinder".
2024-02-24 13:35:17,171 [ERROR] LogOutputStream:75 - [STDERR_REDIRECT] SLF4J: Defaulting to no-operation (NOP) logger implementation
2024-02-24 13:35:17,171 [ERROR] LogOutputStream:75 - [STDERR_REDIRECT] SLF4J: See http://www.slf4j.org/codes.html#StaticLoggerBinder for further details.
2024-02-24 15:31:23,564 [ERROR] ConfigurationRetriever:142 - IOException on connection: Read timed out
2024-02-24 15:31:25,568 [ERROR] ConfigurationRetriever:142 - IOException on connection: Connect timed out
2024-02-24 15:31:27,569 [ERROR] ConfigurationRetriever:142 - IOException on connection: Connect timed out
2024-02-24 15:31:29,594 [ERROR] ConfigurationRetriever:142 - IOException on connection: Connect timed out
2024-02-24 15:31:38,328 [ERROR] ConfigurationRetriever:142 - IOException on connection: Read timed out
2024-02-24 15:40:05,621 [ERROR] AdobePublisher:162 - Exception while opening the connection: java.net.SocketTimeoutException: Read timed out
2024-02-24 15:40:07,667 [ERROR] AdobePublisher:162 - Exception while opening the connection: java.net.SocketTimeoutException: Read timed out
2024-02-24 15:40:09,757 [ERROR] AdobePublisher:162 - Exception while opening the connection: java.net.SocketTimeoutException: Read timed out
2024-02-24 16:04:39,566 [ERROR] LogOutputStream:75 - [STDERR_REDIRECT] 
