2024-02-25 18:31:34,374 [INFO] Activator:176 - 


2024-02-25 18:31:34,381 [INFO] Activator:177 - !SESSION log4j initialized
2024-02-25 18:31:42,588 [INFO] LogOutputStream:77 - [STDOUT_REDIRECT] 
2024-02-25 18:32:09,580 [INFO] ApplicationProperties:184 - Using Application install path: /opt/st/stm32cubeide_1.14.0/plugins/com.st.stm32cube.common.mx_6.10.0.202311202037
2024-02-25 18:32:09,604 [INFO] DbMcusXml:78 - Set database path to: /opt/st/stm32cubeide_1.14.0/plugins/com.st.stm32cube.common.mx_6.10.0.202311202037//db//mcu/
2024-02-25 18:32:09,605 [INFO] ApiDb:274 - Set plugin database path to: /opt/st/stm32cubeide_1.14.0/plugins/com.st.stm32cube.common.mx_6.10.0.202311202037//db//plugins/boardmanager/
2024-02-25 18:32:09,605 [WARN] ApiDb:259 - Overriding images path with different value:  => /opt/st/stm32cubeide_1.14.0/plugins/com.st.stm32cube.common.mx_6.10.0.202311202037//db//plugins/mcufinder/images/
2024-02-25 18:32:09,611 [INFO] ApiDb:250 - Set database path to: /home/bhakti/.stmcufinder/plugins/mcufinder//mcu/
2024-02-25 18:32:09,612 [INFO] DbMcusAds:125 - Set database path to: /home/bhakti/.stmcufinder/plugins/mcufinder//mcu/
2024-02-25 18:32:09,615 [INFO] CrossReferenceDbSqlite:203 - Set database path to: /home/bhakti/.stmcufinder/plugins/mcufinder//mcu/cs/
2024-02-25 18:32:09,746 [INFO] RulesReader:64 - Compatibility file has been processed (297 Rules)
2024-02-25 18:32:09,813 [INFO] DbMcusXml:78 - Set database path to: /opt/st/stm32cubeide_1.14.0/plugins/com.st.stm32cube.common.mx_6.10.0.202311202037//db//mcu/
2024-02-25 18:32:09,813 [INFO] ApiDb:274 - Set plugin database path to: /opt/st/stm32cubeide_1.14.0/plugins/com.st.stm32cube.common.mx_6.10.0.202311202037//db//plugins/boardmanager/
2024-02-25 18:32:09,813 [INFO] ApiDb:261 - Set plugin images path to: /opt/st/stm32cubeide_1.14.0/plugins/com.st.stm32cube.common.mx_6.10.0.202311202037//db//plugins/mcufinder/images/
2024-02-25 18:32:09,813 [WARN] DbFile:41 - Overriding database path with different value: /home/bhakti/.stmcufinder/plugins/mcufinder/ => /home/bhakti/.stmcufinder/plugins/mcufinder
2024-02-25 18:32:09,814 [INFO] ApiDb:250 - Set database path to: /home/bhakti/.stmcufinder/plugins/mcufinder//mcu/
2024-02-25 18:32:09,814 [WARN] DbFile:41 - Overriding database path with different value: /home/bhakti/.stmcufinder/plugins/mcufinder/ => /home/bhakti/.stmcufinder/plugins/mcufinder
2024-02-25 18:32:09,814 [INFO] DbMcusAds:125 - Set database path to: /home/bhakti/.stmcufinder/plugins/mcufinder//mcu/
2024-02-25 18:32:09,814 [WARN] DbFile:41 - Overriding database path with different value: /home/bhakti/.stmcufinder/plugins/mcufinder/ => /home/bhakti/.stmcufinder/plugins/mcufinder
2024-02-25 18:32:09,814 [WARN] DbFile:41 - Overriding database path with different value: /home/bhakti/.stmcufinder/plugins/mcufinder/ => /home/bhakti/.stmcufinder/plugins/mcufinder
2024-02-25 18:32:09,814 [INFO] CrossReferenceDbSqlite:203 - Set database path to: /home/bhakti/.stmcufinder/plugins/mcufinder//mcu/cs/
2024-02-25 18:32:09,893 [INFO] MainPanel:264 - HeapMemory: 268435456
2024-02-25 18:32:10,004 [INFO] DbMcusXml:78 - Set database path to: /opt/st/stm32cubeide_1.14.0/plugins/com.st.stm32cube.common.mx_6.10.0.202311202037//db//mcu/
2024-02-25 18:32:10,004 [INFO] ApiDb:274 - Set plugin database path to: /opt/st/stm32cubeide_1.14.0/plugins/com.st.stm32cube.common.mx_6.10.0.202311202037//db//plugins/boardmanager/
2024-02-25 18:32:10,005 [INFO] ApiDb:261 - Set plugin images path to: /opt/st/stm32cubeide_1.14.0/plugins/com.st.stm32cube.common.mx_6.10.0.202311202037//db//plugins/mcufinder/images/
2024-02-25 18:32:10,005 [WARN] DbFile:41 - Overriding database path with different value: /home/bhakti/.stmcufinder/plugins/mcufinder/ => /home/bhakti/.stmcufinder/plugins/mcufinder
2024-02-25 18:32:10,005 [INFO] ApiDb:250 - Set database path to: /home/bhakti/.stmcufinder/plugins/mcufinder//mcu/
2024-02-25 18:32:10,005 [WARN] DbFile:41 - Overriding database path with different value: /home/bhakti/.stmcufinder/plugins/mcufinder/ => /home/bhakti/.stmcufinder/plugins/mcufinder
2024-02-25 18:32:10,005 [INFO] DbMcusAds:125 - Set database path to: /home/bhakti/.stmcufinder/plugins/mcufinder//mcu/
2024-02-25 18:32:10,005 [WARN] DbFile:41 - Overriding database path with different value: /home/bhakti/.stmcufinder/plugins/mcufinder/ => /home/bhakti/.stmcufinder/plugins/mcufinder
2024-02-25 18:32:10,005 [WARN] DbFile:41 - Overriding database path with different value: /home/bhakti/.stmcufinder/plugins/mcufinder/ => /home/bhakti/.stmcufinder/plugins/mcufinder
2024-02-25 18:32:10,006 [INFO] CrossReferenceDbSqlite:203 - Set database path to: /home/bhakti/.stmcufinder/plugins/mcufinder//mcu/cs/
2024-02-25 18:32:10,022 [INFO] ApplicationProperties:184 - Using Application install path: /opt/st/stm32cubeide_1.14.0/plugins/com.st.stm32cube.common.mx_6.10.0.202311202037
2024-02-25 18:32:10,023 [INFO] PluginManage:196 - Search for loadable plugins [exclusion list=, ]
2024-02-25 18:32:10,025 [INFO] PluginManage:310 - Check plugin analytics
2024-02-25 18:32:10,220 [INFO] AnalyticsPlugin:253 - Accepted Software Licenses: 
2024-02-25 18:32:10,220 [INFO] AnalyticsPlugin:255 - Accepted CMSIS Pack Licenses: 
2024-02-25 18:32:10,220 [INFO] AnalyticsPlugin:257 - Accepted Firmware Licenses: 
2024-02-25 18:32:10,226 [INFO] PluginManage:359 - Loaded plugin analytics (category:tool,tabindex:-1)
2024-02-25 18:32:10,226 [INFO] PluginManage:310 - Check plugin cadmodel
2024-02-25 18:32:10,263 [INFO] CADModel:105 - Init CAD model plugin
2024-02-25 18:32:10,263 [INFO] PluginManage:359 - Loaded plugin cadmodel (category:power,tabindex:5)
2024-02-25 18:32:10,263 [INFO] PluginManage:310 - Check plugin clock
2024-02-25 18:32:10,286 [INFO] PluginManage:359 - Loaded plugin clock (category:base,tabindex:2)
2024-02-25 18:32:10,286 [INFO] PluginManage:310 - Check plugin ddr
2024-02-25 18:32:10,291 [INFO] PluginManage:359 - Loaded plugin ddr (category:tool,tabindex:6)
2024-02-25 18:32:10,291 [INFO] PluginManage:310 - Check plugin filemanager
2024-02-25 18:32:10,484 [INFO] PluginManage:359 - Loaded plugin filemanager (category:base,tabindex:10)
2024-02-25 18:32:10,485 [INFO] PluginManage:310 - Check plugin ipmanager
2024-02-25 18:32:10,494 [INFO] PluginManage:359 - Loaded plugin ipmanager (category:base,tabindex:5)
2024-02-25 18:32:10,495 [INFO] PluginManage:310 - Check plugin lpbam
2024-02-25 18:32:10,510 [INFO] PluginManage:359 - Loaded plugin lpbam (category:base,tabindex:0)
2024-02-25 18:32:10,510 [INFO] PluginManage:310 - Check plugin memorymap
2024-02-25 18:32:10,528 [INFO] PluginManage:359 - Loaded plugin memorymap (category:base,tabindex:4)
2024-02-25 18:32:10,528 [INFO] PluginManage:310 - Check plugin pinoutandconfiguration
2024-02-25 18:32:10,538 [INFO] PluginManage:359 - Loaded plugin pinoutandconfiguration (category:base,tabindex:1)
2024-02-25 18:32:10,539 [INFO] PluginManage:310 - Check plugin pinoutconfig
2024-02-25 18:32:10,625 [WARN] SupportedApi:132 - Cannot load RTOS API schema: s4s-elt-must-match.1: The content of 'definitions' must match (annotation?, (simpleType | complexType)?, (unique | key | keyref)*)). A problem was found starting at: attribute.
2024-02-25 18:32:10,774 [INFO] PluginManage:359 - Loaded plugin pinoutconfig (category:base,tabindex:0)
2024-02-25 18:32:10,774 [INFO] PluginManage:310 - Check plugin power
2024-02-25 18:32:10,786 [INFO] PluginManage:359 - Loaded plugin power (category:power,tabindex:4)
2024-02-25 18:32:10,786 [INFO] PluginManage:310 - Check plugin projectmanager
2024-02-25 18:32:10,805 [INFO] PluginManage:359 - Loaded plugin projectmanager (category:projectmanager,tabindex:3)
2024-02-25 18:32:10,806 [INFO] PluginManage:310 - Check plugin thirdparty
2024-02-25 18:32:10,942 [WARN] IntegrityCheckThread:84 - waiting for thirdparty lock release [integrity check]
2024-02-25 18:32:10,942 [INFO] PluginManage:359 - Loaded plugin thirdparty (category:base,tabindex:-1)
2024-02-25 18:32:10,942 [INFO] IntegrityCheckThread:86 - entering critical section [integrity check]
2024-02-25 18:32:10,943 [INFO] PluginManage:310 - Check plugin tools
2024-02-25 18:32:10,943 [INFO] ThirdPartyUpdaterWithRetryManager:70 - Updater plugin not ready yet. [1/15]
2024-02-25 18:32:10,947 [INFO] PluginManage:359 - Loaded plugin tools (category:base,tabindex:7)
2024-02-25 18:32:10,948 [INFO] PluginManage:310 - Check plugin tutovideos
2024-02-25 18:32:11,173 [INFO] PluginManage:359 - Loaded plugin tutovideos (category:base,tabindex:-1)
2024-02-25 18:32:11,173 [INFO] PluginManage:310 - Check plugin updater
2024-02-25 18:32:11,189 [INFO] PluginManage:359 - Loaded plugin updater (category:base,tabindex:12)
2024-02-25 18:32:11,189 [INFO] PluginManage:310 - Check plugin userauth
2024-02-25 18:32:11,197 [INFO] UserAuth:114 - Init User Auth plugin
2024-02-25 18:32:11,198 [INFO] PluginManage:359 - Loaded plugin userauth (category:base,tabindex:14)
2024-02-25 18:32:11,200 [INFO] PluginManage:283 - PluginManage : Loaded plugins [17]
2024-02-25 18:32:11,446 [INFO] PinOutPanel:1499 - setPackage(No Configuration,No Configuration)
2024-02-25 18:32:11,536 [INFO] CADModel:165 - CPN selected for project level
2024-02-25 18:32:11,537 [INFO] CADModel:114 - Register for checkConnection events
2024-02-25 18:32:11,557 [INFO] IPUIPlugin:80 - create IPUIPlugin
2024-02-25 18:32:11,557 [INFO] PluginManager:220 - loadIPPluginJar : add usbx
2024-02-25 18:32:11,565 [INFO] IPUIPlugin:80 - create IPUIPlugin
2024-02-25 18:32:11,566 [INFO] PluginManager:220 - loadIPPluginJar : add freertos
2024-02-25 18:32:11,569 [INFO] IPUIPlugin:80 - create IPUIPlugin
2024-02-25 18:32:11,569 [INFO] PluginManager:220 - loadIPPluginJar : add fatfs
2024-02-25 18:32:11,574 [INFO] IPUIPlugin:80 - create IPUIPlugin
2024-02-25 18:32:11,575 [INFO] PluginManager:220 - loadIPPluginJar : add resmgrutility
2024-02-25 18:32:11,577 [INFO] IPUIPlugin:80 - create IPUIPlugin
2024-02-25 18:32:11,577 [INFO] PluginManager:220 - loadIPPluginJar : add tracer_emb
2024-02-25 18:32:11,582 [INFO] IPUIPlugin:80 - create IPUIPlugin
2024-02-25 18:32:11,582 [INFO] PluginManager:220 - loadIPPluginJar : add gtzc
2024-02-25 18:32:11,584 [INFO] IPUIPlugin:80 - create IPUIPlugin
2024-02-25 18:32:11,584 [INFO] PluginManager:220 - loadIPPluginJar : add genericplugin
2024-02-25 18:32:11,590 [INFO] IPUIPlugin:80 - create IPUIPlugin
2024-02-25 18:32:11,591 [INFO] PluginManager:220 - loadIPPluginJar : add stm32_wpan
2024-02-25 18:32:11,594 [INFO] IPUIPlugin:80 - create IPUIPlugin
2024-02-25 18:32:11,594 [INFO] PluginManager:220 - loadIPPluginJar : add lorawan
2024-02-25 18:32:11,605 [INFO] IPUIPlugin:80 - create IPUIPlugin
2024-02-25 18:32:11,609 [INFO] PluginManager:220 - loadIPPluginJar : add plateformsettings
2024-02-25 18:32:11,613 [INFO] IPUIPlugin:80 - create IPUIPlugin
2024-02-25 18:32:11,613 [INFO] PluginManager:220 - loadIPPluginJar : add usart
2024-02-25 18:32:11,623 [INFO] IPUIPlugin:80 - create IPUIPlugin
2024-02-25 18:32:11,624 [INFO] PluginManager:220 - loadIPPluginJar : add mdma
2024-02-25 18:32:11,632 [INFO] IPUIPlugin:80 - create IPUIPlugin
2024-02-25 18:32:11,633 [INFO] PluginManager:220 - loadIPPluginJar : add gpio
2024-02-25 18:32:11,641 [INFO] IPUIPlugin:80 - create IPUIPlugin
2024-02-25 18:32:11,641 [INFO] PluginManager:220 - loadIPPluginJar : add adc
2024-02-25 18:32:11,643 [INFO] IPUIPlugin:80 - create IPUIPlugin
2024-02-25 18:32:11,643 [INFO] PluginManager:220 - loadIPPluginJar : add can
2024-02-25 18:32:11,648 [INFO] IPUIPlugin:80 - create IPUIPlugin
2024-02-25 18:32:11,649 [INFO] PluginManager:220 - loadIPPluginJar : add ipddr
2024-02-25 18:32:11,653 [INFO] IPUIPlugin:80 - create IPUIPlugin
2024-02-25 18:32:11,653 [INFO] PluginManager:220 - loadIPPluginJar : add sai
2024-02-25 18:32:11,655 [INFO] IPUIPlugin:80 - create IPUIPlugin
2024-02-25 18:32:11,655 [INFO] PluginManager:220 - loadIPPluginJar : add tsc
2024-02-25 18:32:11,662 [INFO] IPUIPlugin:80 - create IPUIPlugin
2024-02-25 18:32:11,662 [INFO] PluginManager:220 - loadIPPluginJar : add gic
2024-02-25 18:32:11,666 [INFO] IPUIPlugin:80 - create IPUIPlugin
2024-02-25 18:32:11,666 [INFO] PluginManager:220 - loadIPPluginJar : add ucpd
2024-02-25 18:32:11,672 [INFO] IPUIPlugin:80 - create IPUIPlugin
2024-02-25 18:32:11,673 [INFO] PluginManager:220 - loadIPPluginJar : add dma
2024-02-25 18:32:11,674 [INFO] IPUIPlugin:80 - create IPUIPlugin
2024-02-25 18:32:11,674 [INFO] PluginManager:220 - loadIPPluginJar : add ts
2024-02-25 18:32:11,680 [INFO] IPUIPlugin:80 - create IPUIPlugin
2024-02-25 18:32:11,680 [INFO] PluginManager:220 - loadIPPluginJar : add fmc
2024-02-25 18:32:11,684 [INFO] IPUIPlugin:80 - create IPUIPlugin
2024-02-25 18:32:11,685 [INFO] PluginManager:220 - loadIPPluginJar : add i2c
2024-02-25 18:32:11,688 [INFO] IPUIPlugin:80 - create IPUIPlugin
2024-02-25 18:32:11,688 [INFO] PluginManager:220 - loadIPPluginJar : add dfsdm
2024-02-25 18:32:11,691 [INFO] IPUIPlugin:80 - create IPUIPlugin
2024-02-25 18:32:11,691 [INFO] PluginManager:220 - loadIPPluginJar : add hash
2024-02-25 18:32:11,692 [INFO] IPUIPlugin:80 - create IPUIPlugin
2024-02-25 18:32:11,693 [INFO] PluginManager:220 - loadIPPluginJar : add ltdc
2024-02-25 18:32:11,699 [INFO] IPUIPlugin:80 - create IPUIPlugin
2024-02-25 18:32:11,700 [INFO] PluginManager:220 - loadIPPluginJar : add opamp
2024-02-25 18:32:11,703 [INFO] IPUIPlugin:80 - create IPUIPlugin
2024-02-25 18:32:11,703 [INFO] PluginManager:220 - loadIPPluginJar : add aes
2024-02-25 18:32:11,705 [INFO] IPUIPlugin:80 - create IPUIPlugin
2024-02-25 18:32:11,705 [INFO] PluginManager:220 - loadIPPluginJar : add comp
2024-02-25 18:32:11,707 [INFO] IPUIPlugin:80 - create IPUIPlugin
2024-02-25 18:32:11,707 [INFO] PluginManager:220 - loadIPPluginJar : add tim
2024-02-25 18:32:11,709 [INFO] IPUIPlugin:80 - create IPUIPlugin
2024-02-25 18:32:11,709 [INFO] PluginManager:220 - loadIPPluginJar : add spi
2024-02-25 18:32:11,713 [INFO] IPUIPlugin:80 - create IPUIPlugin
2024-02-25 18:32:11,713 [INFO] PluginManager:220 - loadIPPluginJar : add pdm2pcm
2024-02-25 18:32:11,717 [INFO] IPUIPlugin:80 - create IPUIPlugin
2024-02-25 18:32:11,717 [INFO] PluginManager:220 - loadIPPluginJar : add dma3
2024-02-25 18:32:11,721 [INFO] IPUIPlugin:80 - create IPUIPlugin
2024-02-25 18:32:11,721 [INFO] PluginManager:220 - loadIPPluginJar : add openamp
2024-02-25 18:32:11,722 [INFO] IPUIPlugin:80 - create IPUIPlugin
2024-02-25 18:32:11,722 [INFO] PluginManager:220 - loadIPPluginJar : add quadspi
2024-02-25 18:32:11,724 [INFO] IPUIPlugin:80 - create IPUIPlugin
2024-02-25 18:32:11,725 [INFO] PluginManager:220 - loadIPPluginJar : add gfxmmu
2024-02-25 18:32:11,731 [INFO] IPUIPlugin:80 - create IPUIPlugin
2024-02-25 18:32:11,731 [INFO] PluginManager:220 - loadIPPluginJar : add nvic
2024-02-25 18:32:11,737 [INFO] IPUIPlugin:80 - create IPUIPlugin
2024-02-25 18:32:11,737 [INFO] PluginManager:220 - loadIPPluginJar : add touchsensing
2024-02-25 18:32:11,740 [INFO] IPUIPlugin:80 - create IPUIPlugin
2024-02-25 18:32:11,740 [INFO] PluginManager:220 - loadIPPluginJar : add i2s
2024-02-25 18:32:11,751 [INFO] IPUIPlugin:80 - create IPUIPlugin
2024-02-25 18:32:11,751 [INFO] PluginManager:220 - loadIPPluginJar : add linkedlist
2024-02-25 18:32:11,754 [INFO] IPUIPlugin:80 - create IPUIPlugin
2024-02-25 18:32:11,754 [INFO] PluginManager:220 - loadIPPluginJar : add cryp
2024-02-25 18:32:11,757 [INFO] IPUIPlugin:80 - create IPUIPlugin
2024-02-25 18:32:11,757 [INFO] PluginManager:220 - loadIPPluginJar : add i3c
2024-02-25 18:32:11,877 [INFO] CADModel:165 - CPN selected for project level
2024-02-25 18:32:11,877 [INFO] CADModel:114 - Register for checkConnection events
2024-02-25 18:32:11,878 [FATAL] Updater:308 - Updater called before beeing initialized
2024-02-25 18:32:11,878 [ERROR] CADModel:125 - Updater not yet initialized, retry later 
2024-02-25 18:32:12,073 [INFO] CADModel:165 - CPN selected for project level
2024-02-25 18:32:12,073 [INFO] CADModel:114 - Register for checkConnection events
2024-02-25 18:32:12,073 [FATAL] Updater:308 - Updater called before beeing initialized
2024-02-25 18:32:12,073 [ERROR] CADModel:125 - Updater not yet initialized, retry later 
2024-02-25 18:32:12,078 [FATAL] Updater:308 - Updater called before beeing initialized
2024-02-25 18:32:12,202 [FATAL] Updater:308 - Updater called before beeing initialized
2024-02-25 18:32:12,210 [INFO] DbMcusAds:53 - JSON generation date=Wed Nov 29 16:22:27 IST 2023 (1701255147349)
2024-02-25 18:32:12,211 [FATAL] Updater:308 - Updater called before beeing initialized
2024-02-25 18:32:12,272 [WARN] DetailPanel:346 - Failed to get advertising image, set to default
2024-02-25 18:32:12,409 [FATAL] Updater:308 - Updater called before beeing initialized
2024-02-25 18:32:12,411 [FATAL] Updater:308 - Updater called before beeing initialized
2024-02-25 18:32:12,411 [FATAL] Updater:308 - Updater called before beeing initialized
2024-02-25 18:32:12,411 [WARN] DetailPanel:346 - Failed to get advertising image, set to default
2024-02-25 18:32:12,412 [FATAL] Updater:308 - Updater called before beeing initialized
2024-02-25 18:32:12,467 [ERROR] Updater:1120 - MainUpdater not yet initialized. External WinMGr cannot be set.
2024-02-25 18:32:12,469 [INFO] Updater:1056 - Updater Version found : 6.10.0
2024-02-25 18:32:12,510 [INFO] ApplicationProperties:184 - Using Application install path: /opt/st/stm32cubeide_1.14.0/plugins/com.st.stm32cube.common.mx_6.10.0.202311202037
2024-02-25 18:32:13,117 [INFO] MainUpdater:2873 - connection check result : 10
2024-02-25 18:32:13,118 [INFO] MainUpdater:290 - Updater Check For Update Now.
2024-02-25 18:32:13,118 [INFO] MicroXplorer:498 - Change Database Version : DB.6.0.100
2024-02-25 18:32:13,127 [INFO] McuFinderGlobals:63 - Set McuFinder mode to 2 (CubeIDE integrated)
2024-02-25 18:32:13,127 [INFO] UserAuth:180 - activating auth plugin
2024-02-25 18:32:13,135 [INFO] UserAuth:404 - Internet connection configuration mode: 1
2024-02-25 18:32:13,163 [INFO] JxBrowserEngine:152 - Initiate JxBrowser Engine with user profile folder
2024-02-25 18:32:13,366 [INFO] CheckServerUpdateThread:120 - End of CheckServer Thread
2024-02-25 18:32:14,234 [WARN] PackLoader:240 - Cannot read IP mode file for STMicroelectronics.X-CUBE-SMBUS.2.1.0
2024-02-25 18:32:14,244 [WARN] PackLoader:240 - Cannot read IP mode file for STMicroelectronics.X-CUBE-TOUCHGFX.4.23.0
2024-02-25 18:32:14,323 [WARN] PackLoader:240 - Cannot read IP mode file for STMicroelectronics.X-CUBE-AZRTOS-F7.1.1.0
2024-02-25 18:32:14,349 [WARN] PackLoader:240 - Cannot read IP mode file for STMicroelectronics.FP-SNS-MOTENV1.4.3.2
2024-02-25 18:32:14,362 [WARN] PackLoader:240 - Cannot read IP mode file for STMicroelectronics.FP-SNS-FLIGHT1.5.0.2
2024-02-25 18:32:14,381 [WARN] PackLoader:240 - Cannot read IP mode file for STMicroelectronics.X-CUBE-DISPLAY.3.0.0
2024-02-25 18:32:14,412 [WARN] PackLoader:240 - Cannot read IP mode file for STMicroelectronics.X-CUBE-BLE1.7.0.0
2024-02-25 18:32:14,428 [WARN] PackLoader:240 - Cannot read IP mode file for emotas.I-CUBE-CANOPEN.1.3.0
2024-02-25 18:32:14,438 [WARN] PackLoader:240 - Cannot read IP mode file for STMicroelectronics.FP-SNS-SMARTAG2.1.2.0
2024-02-25 18:32:14,461 [INFO] LogOutputStream:77 - [STDOUT_REDIRECT] 1 : Invalid condition id : UX_CORESTACK_Condition cause : null
2024-02-25 18:32:14,462 [INFO] LogOutputStream:77 - [STDOUT_REDIRECT] 1 : Invalid condition id : UX_CORESTACK_Condition cause : null
2024-02-25 18:32:14,462 [INFO] LogOutputStream:77 - [STDOUT_REDIRECT] 1 : Invalid condition id : UX_CORESTACK_Condition cause : null
2024-02-25 18:32:14,463 [INFO] LogOutputStream:77 - [STDOUT_REDIRECT] 1 : Invalid condition id : UX_CORESTACK_Condition cause : null
2024-02-25 18:32:14,463 [INFO] LogOutputStream:77 - [STDOUT_REDIRECT] 1 : Invalid condition id : UX_CORESTACK_Condition cause : null
2024-02-25 18:32:14,474 [WARN] PackLoader:240 - Cannot read IP mode file for STMicroelectronics.X-CUBE-AZRTOS-WL.2.0.0
2024-02-25 18:32:14,498 [WARN] PackLoader:240 - Cannot read IP mode file for WES.I-CUBE-Cesium.1.3.0
2024-02-25 18:32:14,499 [INFO] WebApp:161 - Instantiating new browser for Auth
2024-02-25 18:32:14,512 [WARN] PackLoader:240 - Cannot read IP mode file for STMicroelectronics.X-CUBE-BLE2.3.3.0
2024-02-25 18:32:14,533 [WARN] PackLoader:240 - Cannot read IP mode file for STMicroelectronics.X-CUBE-ALGOBUILD.1.3.0
2024-02-25 18:32:14,584 [WARN] PackLoader:240 - Cannot read IP mode file for STMicroelectronics.X-CUBE-AZRTOS-G0.1.1.0
2024-02-25 18:32:14,599 [WARN] PackLoader:240 - Cannot read IP mode file for STMicroelectronics.X-CUBE-NFC4.3.0.0
2024-02-25 18:32:14,648 [WARN] PackLoader:240 - Cannot read IP mode file for STMicroelectronics.X-CUBE-BLEMGR.3.0.0
2024-02-25 18:32:14,661 [WARN] PackLoader:240 - Cannot read IP mode file for STMicroelectronics.FP-ATR-SIGFOX1.3.2.0
2024-02-25 18:32:14,675 [WARN] PackLoader:240 - Cannot read IP mode file for STMicroelectronics.X-CUBE-EEPRMA1.5.1.0
2024-02-25 18:32:14,764 [WARN] PackLoader:240 - Cannot read IP mode file for SEGGER.I-CUBE-embOS.1.3.1
2024-02-25 18:32:14,868 [WARN] PackLoader:240 - Cannot read IP mode file for STMicroelectronics.X-CUBE-GNSS1.6.0.0
2024-02-25 18:32:14,929 [WARN] PackLoader:240 - Cannot read IP mode file for STMicroelectronics.X-CUBE-AZRTOS-F4.1.1.0
2024-02-25 18:32:14,946 [WARN] PackLoader:240 - Cannot read IP mode file for wolfSSL.I-CUBE-wolfSSL.5.6.6
2024-02-25 18:32:15,011 [WARN] PackLoader:240 - Cannot read IP mode file for STMicroelectronics.X-CUBE-AZRTOS-L5.2.0.0
2024-02-25 18:32:15,028 [WARN] PackLoader:240 - Cannot read IP mode file for ITTIA_DB.I-CUBE-ITTIADB.8.8.0
2024-02-25 18:32:15,042 [WARN] PackLoader:240 - Cannot read IP mode file for STMicroelectronics.X-CUBE-NFC7.1.0.1
2024-02-25 18:32:15,062 [WARN] PackLoader:240 - Cannot read IP mode file for STMicroelectronics.X-CUBE-NFC6.3.0.0
2024-02-25 18:32:15,079 [WARN] PackLoader:240 - Cannot read IP mode file for STMicroelectronics.X-CUBE-AI.8.1.0
2024-02-25 18:32:15,121 [WARN] ConditionMgr:438 - getConditionDescription Invalid condition id : LAN8742 Phy interface Condition cause : null
2024-02-25 18:32:15,123 [WARN] PackLoader:240 - Cannot read IP mode file for STMicroelectronics.X-CUBE-AZRTOS-L4.2.0.0
2024-02-25 18:32:15,127 [WARN] ConditionMgr:1039 - genDependencies : Invalid condition id : LAN8742 Phy interface Condition cause : null
2024-02-25 18:32:15,127 [WARN] ConditionMgr:1039 - genDependencies : Invalid condition id : LAN8742 Phy interface Condition cause : null
2024-02-25 18:32:15,129 [WARN] ConditionMgr:1039 - genDependencies : Invalid condition id : LAN8742 Phy interface Condition cause : null
2024-02-25 18:32:15,145 [WARN] PackLoader:240 - Cannot read IP mode file for STMicroelectronics.X-CUBE-SFXS2LP1.4.0.0
2024-02-25 18:32:15,191 [WARN] ConditionMgr:438 - getConditionDescription Invalid condition id : UX DEVICE CLASS RTOS Condition cause : null
2024-02-25 18:32:15,191 [WARN] ConditionMgr:438 - getConditionDescription Invalid condition id : UX DEVICE CLASS RTOS Condition cause : null
2024-02-25 18:32:15,197 [WARN] PackLoader:240 - Cannot read IP mode file for STMicroelectronics.X-CUBE-AZRTOS-WB.2.0.0
2024-02-25 18:32:15,198 [WARN] ConditionMgr:1039 - genDependencies : Invalid condition id : UX DEVICE CLASS RTOS Condition cause : null
2024-02-25 18:32:15,198 [WARN] ConditionMgr:1039 - genDependencies : Invalid condition id : UX DEVICE CLASS RTOS Condition cause : null
2024-02-25 18:32:15,199 [WARN] ConditionMgr:1039 - genDependencies : Invalid condition id : UX DEVICE CLASS RTOS Condition cause : null
2024-02-25 18:32:15,200 [WARN] ConditionMgr:1039 - genDependencies : Invalid condition id : UX DEVICE CLASS RTOS Condition cause : null
2024-02-25 18:32:15,201 [WARN] ConditionMgr:1039 - genDependencies : Invalid condition id : UX DEVICE CLASS RTOS Condition cause : null
2024-02-25 18:32:15,227 [WARN] PackLoader:240 - Cannot read IP mode file for STMicroelectronics.X-CUBE-SUBG2.5.0.0
2024-02-25 18:32:15,267 [WARN] PackLoader:240 - Cannot read IP mode file for STMicroelectronics.X-CUBE-AZRTOS-G4.2.0.0
2024-02-25 18:32:15,298 [WARN] PackLoader:240 - Cannot read IP mode file for Infineon.AIROC-Wi-Fi-Bluetooth-STM32.1.5.1
2024-02-25 18:32:15,321 [WARN] PackLoader:240 - Cannot read IP mode file for STMicroelectronics.FP-SNS-MOTENVWB1.1.3.1
2024-02-25 18:32:15,328 [WARN] PackLoader:240 - Cannot read IP mode file for STMicroelectronics.X-CUBE-ISPU.2.0.0
2024-02-25 18:32:15,409 [WARN] PackLoader:240 - Cannot read IP mode file for STMicroelectronics.X-CUBE-MEMS1.10.0.0
2024-02-25 18:32:15,762 [WARN] PackLoader:240 - Cannot read IP mode file for STMicroelectronics.X-CUBE-FREERTOS.1.1.0
2024-02-25 18:32:15,774 [WARN] PackLoader:240 - Cannot read IP mode file for portGmbH.I-Cube-SoM-uGOAL.1.1.0
2024-02-25 18:32:15,779 [WARN] PackLoader:240 - Cannot read IP mode file for STMicroelectronics.X-CUBE-ALS.1.0.1
2024-02-25 18:32:15,786 [WARN] PackLoader:240 - Cannot read IP mode file for STMicroelectronics.FP-ATR-ASTRA1.2.0.0
2024-02-25 18:32:15,807 [WARN] PackLoader:240 - Cannot read IP mode file for STMicroelectronics.X-CUBE-TOF1.3.4.0
2024-02-25 18:32:15,862 [WARN] PackLoader:240 - Cannot read IP mode file for STMicroelectronics.X-CUBE-AZRTOS-H7.3.2.0
2024-02-25 18:32:15,869 [INFO] ThirdParty:978 - Integrity check success = true
2024-02-25 18:32:15,870 [INFO] IntegrityCheckThread:100 - exiting critical section [integrity check]
2024-02-25 18:32:15,870 [INFO] IntegrityCheckThread:103 - End integrity checks thread
2024-02-25 18:32:16,068 [INFO] WebApp:780 - Register for checkConnection events
2024-02-25 18:32:16,069 [INFO] WebApp:414 - Apply proxy settings
2024-02-25 18:32:16,069 [INFO] WebApp:499 - Chromium requires no authentication
2024-02-25 18:32:16,087 [INFO] WebApp:442 - Direct internet connection detected
2024-02-25 18:32:16,534 [INFO] WebApp:192 - Starting web application
2024-02-25 18:32:16,539 [INFO] WebApp:544 - Web application path used /opt/st/stm32cubeide_1.14.0/plugins/com.st.stm32cube.common.mx_6.10.0.202311202037/db/plugins/mcufinder/reactClient1/index.html
2024-02-25 18:32:37,233 [ERROR] LogOutputStream:75 - [STDERR_REDIRECT] SLF4J: Failed to load class "org.slf4j.impl.StaticLoggerBinder".
2024-02-25 18:32:37,234 [ERROR] LogOutputStream:75 - [STDERR_REDIRECT] SLF4J: Defaulting to no-operation (NOP) logger implementation
2024-02-25 18:32:37,234 [ERROR] LogOutputStream:75 - [STDERR_REDIRECT] SLF4J: See http://www.slf4j.org/codes.html#StaticLoggerBinder for further details.
2024-02-25 23:37:18,604 [ERROR] LogOutputStream:75 - [STDERR_REDIRECT] 
