2024-02-26 12:37:39,163 [INFO] Activator:176 - 


2024-02-26 12:37:39,169 [INFO] Activator:177 - !SESSION log4j initialized
2024-02-26 12:37:43,326 [INFO] LogOutputStream:77 - [STDOUT_REDIRECT] 
2024-02-26 12:37:55,115 [INFO] ApplicationProperties:184 - Using Application install path: /opt/st/stm32cubeide_1.14.0/plugins/com.st.stm32cube.common.mx_6.10.0.202311202037
2024-02-26 12:37:55,135 [INFO] DbMcusXml:78 - Set database path to: /opt/st/stm32cubeide_1.14.0/plugins/com.st.stm32cube.common.mx_6.10.0.202311202037//db//mcu/
2024-02-26 12:37:55,135 [INFO] ApiDb:274 - Set plugin database path to: /opt/st/stm32cubeide_1.14.0/plugins/com.st.stm32cube.common.mx_6.10.0.202311202037//db//plugins/boardmanager/
2024-02-26 12:37:55,136 [WARN] ApiDb:259 - Overriding images path with different value:  => /opt/st/stm32cubeide_1.14.0/plugins/com.st.stm32cube.common.mx_6.10.0.202311202037//db//plugins/mcufinder/images/
2024-02-26 12:37:55,144 [INFO] ApiDb:250 - Set database path to: /home/bhakti/.stmcufinder/plugins/mcufinder//mcu/
2024-02-26 12:37:55,145 [INFO] DbMcusAds:125 - Set database path to: /home/bhakti/.stmcufinder/plugins/mcufinder//mcu/
2024-02-26 12:37:55,147 [INFO] CrossReferenceDbSqlite:203 - Set database path to: /home/bhakti/.stmcufinder/plugins/mcufinder//mcu/cs/
2024-02-26 12:37:55,260 [INFO] RulesReader:64 - Compatibility file has been processed (297 Rules)
2024-02-26 12:37:55,326 [INFO] DbMcusXml:78 - Set database path to: /opt/st/stm32cubeide_1.14.0/plugins/com.st.stm32cube.common.mx_6.10.0.202311202037//db//mcu/
2024-02-26 12:37:55,326 [INFO] ApiDb:274 - Set plugin database path to: /opt/st/stm32cubeide_1.14.0/plugins/com.st.stm32cube.common.mx_6.10.0.202311202037//db//plugins/boardmanager/
2024-02-26 12:37:55,327 [INFO] ApiDb:261 - Set plugin images path to: /opt/st/stm32cubeide_1.14.0/plugins/com.st.stm32cube.common.mx_6.10.0.202311202037//db//plugins/mcufinder/images/
2024-02-26 12:37:55,327 [WARN] DbFile:41 - Overriding database path with different value: /home/bhakti/.stmcufinder/plugins/mcufinder/ => /home/bhakti/.stmcufinder/plugins/mcufinder
2024-02-26 12:37:55,327 [INFO] ApiDb:250 - Set database path to: /home/bhakti/.stmcufinder/plugins/mcufinder//mcu/
2024-02-26 12:37:55,328 [WARN] DbFile:41 - Overriding database path with different value: /home/bhakti/.stmcufinder/plugins/mcufinder/ => /home/bhakti/.stmcufinder/plugins/mcufinder
2024-02-26 12:37:55,328 [INFO] DbMcusAds:125 - Set database path to: /home/bhakti/.stmcufinder/plugins/mcufinder//mcu/
2024-02-26 12:37:55,328 [WARN] DbFile:41 - Overriding database path with different value: /home/bhakti/.stmcufinder/plugins/mcufinder/ => /home/bhakti/.stmcufinder/plugins/mcufinder
2024-02-26 12:37:55,328 [WARN] DbFile:41 - Overriding database path with different value: /home/bhakti/.stmcufinder/plugins/mcufinder/ => /home/bhakti/.stmcufinder/plugins/mcufinder
2024-02-26 12:37:55,328 [INFO] CrossReferenceDbSqlite:203 - Set database path to: /home/bhakti/.stmcufinder/plugins/mcufinder//mcu/cs/
2024-02-26 12:37:55,397 [INFO] MainPanel:264 - HeapMemory: 268435456
2024-02-26 12:37:55,471 [INFO] DbMcusXml:78 - Set database path to: /opt/st/stm32cubeide_1.14.0/plugins/com.st.stm32cube.common.mx_6.10.0.202311202037//db//mcu/
2024-02-26 12:37:55,471 [INFO] ApiDb:274 - Set plugin database path to: /opt/st/stm32cubeide_1.14.0/plugins/com.st.stm32cube.common.mx_6.10.0.202311202037//db//plugins/boardmanager/
2024-02-26 12:37:55,471 [INFO] ApiDb:261 - Set plugin images path to: /opt/st/stm32cubeide_1.14.0/plugins/com.st.stm32cube.common.mx_6.10.0.202311202037//db//plugins/mcufinder/images/
2024-02-26 12:37:55,472 [WARN] DbFile:41 - Overriding database path with different value: /home/bhakti/.stmcufinder/plugins/mcufinder/ => /home/bhakti/.stmcufinder/plugins/mcufinder
2024-02-26 12:37:55,472 [INFO] ApiDb:250 - Set database path to: /home/bhakti/.stmcufinder/plugins/mcufinder//mcu/
2024-02-26 12:37:55,472 [WARN] DbFile:41 - Overriding database path with different value: /home/bhakti/.stmcufinder/plugins/mcufinder/ => /home/bhakti/.stmcufinder/plugins/mcufinder
2024-02-26 12:37:55,472 [INFO] DbMcusAds:125 - Set database path to: /home/bhakti/.stmcufinder/plugins/mcufinder//mcu/
2024-02-26 12:37:55,472 [WARN] DbFile:41 - Overriding database path with different value: /home/bhakti/.stmcufinder/plugins/mcufinder/ => /home/bhakti/.stmcufinder/plugins/mcufinder
2024-02-26 12:37:55,472 [WARN] DbFile:41 - Overriding database path with different value: /home/bhakti/.stmcufinder/plugins/mcufinder/ => /home/bhakti/.stmcufinder/plugins/mcufinder
2024-02-26 12:37:55,472 [INFO] CrossReferenceDbSqlite:203 - Set database path to: /home/bhakti/.stmcufinder/plugins/mcufinder//mcu/cs/
2024-02-26 12:37:55,485 [INFO] ApplicationProperties:184 - Using Application install path: /opt/st/stm32cubeide_1.14.0/plugins/com.st.stm32cube.common.mx_6.10.0.202311202037
2024-02-26 12:37:55,486 [INFO] PluginManage:196 - Search for loadable plugins [exclusion list=, ]
2024-02-26 12:37:55,487 [INFO] PluginManage:310 - Check plugin analytics
2024-02-26 12:37:55,634 [INFO] AnalyticsPlugin:253 - Accepted Software Licenses: 
2024-02-26 12:37:55,635 [INFO] AnalyticsPlugin:255 - Accepted CMSIS Pack Licenses: 
2024-02-26 12:37:55,635 [INFO] AnalyticsPlugin:257 - Accepted Firmware Licenses: 
2024-02-26 12:37:55,639 [INFO] PluginManage:359 - Loaded plugin analytics (category:tool,tabindex:-1)
2024-02-26 12:37:55,639 [INFO] PluginManage:310 - Check plugin cadmodel
2024-02-26 12:37:55,675 [INFO] CADModel:105 - Init CAD model plugin
2024-02-26 12:37:55,675 [INFO] PluginManage:359 - Loaded plugin cadmodel (category:power,tabindex:5)
2024-02-26 12:37:55,675 [INFO] PluginManage:310 - Check plugin clock
2024-02-26 12:37:55,688 [INFO] PluginManage:359 - Loaded plugin clock (category:base,tabindex:2)
2024-02-26 12:37:55,688 [INFO] PluginManage:310 - Check plugin ddr
2024-02-26 12:37:55,691 [INFO] PluginManage:359 - Loaded plugin ddr (category:tool,tabindex:6)
2024-02-26 12:37:55,691 [INFO] PluginManage:310 - Check plugin filemanager
2024-02-26 12:37:55,835 [INFO] PluginManage:359 - Loaded plugin filemanager (category:base,tabindex:10)
2024-02-26 12:37:55,836 [INFO] PluginManage:310 - Check plugin ipmanager
2024-02-26 12:37:55,841 [INFO] PluginManage:359 - Loaded plugin ipmanager (category:base,tabindex:5)
2024-02-26 12:37:55,841 [INFO] PluginManage:310 - Check plugin lpbam
2024-02-26 12:37:55,849 [INFO] PluginManage:359 - Loaded plugin lpbam (category:base,tabindex:0)
2024-02-26 12:37:55,850 [INFO] PluginManage:310 - Check plugin memorymap
2024-02-26 12:37:55,858 [INFO] PluginManage:359 - Loaded plugin memorymap (category:base,tabindex:4)
2024-02-26 12:37:55,858 [INFO] PluginManage:310 - Check plugin pinoutandconfiguration
2024-02-26 12:37:55,864 [INFO] PluginManage:359 - Loaded plugin pinoutandconfiguration (category:base,tabindex:1)
2024-02-26 12:37:55,864 [INFO] PluginManage:310 - Check plugin pinoutconfig
2024-02-26 12:37:55,932 [WARN] SupportedApi:132 - Cannot load RTOS API schema: s4s-elt-must-match.1: The content of 'definitions' must match (annotation?, (simpleType | complexType)?, (unique | key | keyref)*)). A problem was found starting at: attribute.
2024-02-26 12:37:56,048 [INFO] PluginManage:359 - Loaded plugin pinoutconfig (category:base,tabindex:0)
2024-02-26 12:37:56,049 [INFO] PluginManage:310 - Check plugin power
2024-02-26 12:37:56,062 [INFO] PluginManage:359 - Loaded plugin power (category:power,tabindex:4)
2024-02-26 12:37:56,062 [INFO] PluginManage:310 - Check plugin projectmanager
2024-02-26 12:37:56,078 [INFO] PluginManage:359 - Loaded plugin projectmanager (category:projectmanager,tabindex:3)
2024-02-26 12:37:56,078 [INFO] PluginManage:310 - Check plugin thirdparty
2024-02-26 12:37:56,194 [WARN] IntegrityCheckThread:84 - waiting for thirdparty lock release [integrity check]
2024-02-26 12:37:56,194 [INFO] PluginManage:359 - Loaded plugin thirdparty (category:base,tabindex:-1)
2024-02-26 12:37:56,194 [INFO] IntegrityCheckThread:86 - entering critical section [integrity check]
2024-02-26 12:37:56,194 [INFO] PluginManage:310 - Check plugin tools
2024-02-26 12:37:56,195 [INFO] ThirdPartyUpdaterWithRetryManager:70 - Updater plugin not ready yet. [1/15]
2024-02-26 12:37:56,197 [INFO] PluginManage:359 - Loaded plugin tools (category:base,tabindex:7)
2024-02-26 12:37:56,197 [INFO] PluginManage:310 - Check plugin tutovideos
2024-02-26 12:37:56,350 [INFO] PluginManage:359 - Loaded plugin tutovideos (category:base,tabindex:-1)
2024-02-26 12:37:56,350 [INFO] PluginManage:310 - Check plugin updater
2024-02-26 12:37:56,359 [INFO] PluginManage:359 - Loaded plugin updater (category:base,tabindex:12)
2024-02-26 12:37:56,360 [INFO] PluginManage:310 - Check plugin userauth
2024-02-26 12:37:56,364 [INFO] UserAuth:114 - Init User Auth plugin
2024-02-26 12:37:56,365 [INFO] PluginManage:359 - Loaded plugin userauth (category:base,tabindex:14)
2024-02-26 12:37:56,365 [INFO] PluginManage:283 - PluginManage : Loaded plugins [17]
2024-02-26 12:37:56,544 [INFO] PinOutPanel:1499 - setPackage(No Configuration,No Configuration)
2024-02-26 12:37:56,606 [INFO] CADModel:165 - CPN selected for project level
2024-02-26 12:37:56,607 [INFO] CADModel:114 - Register for checkConnection events
2024-02-26 12:37:56,621 [INFO] IPUIPlugin:80 - create IPUIPlugin
2024-02-26 12:37:56,621 [INFO] PluginManager:220 - loadIPPluginJar : add usbx
2024-02-26 12:37:56,627 [INFO] IPUIPlugin:80 - create IPUIPlugin
2024-02-26 12:37:56,627 [INFO] PluginManager:220 - loadIPPluginJar : add freertos
2024-02-26 12:37:56,629 [INFO] IPUIPlugin:80 - create IPUIPlugin
2024-02-26 12:37:56,629 [INFO] PluginManager:220 - loadIPPluginJar : add fatfs
2024-02-26 12:37:56,634 [INFO] IPUIPlugin:80 - create IPUIPlugin
2024-02-26 12:37:56,634 [INFO] PluginManager:220 - loadIPPluginJar : add resmgrutility
2024-02-26 12:37:56,636 [INFO] IPUIPlugin:80 - create IPUIPlugin
2024-02-26 12:37:56,637 [INFO] PluginManager:220 - loadIPPluginJar : add tracer_emb
2024-02-26 12:37:56,640 [INFO] IPUIPlugin:80 - create IPUIPlugin
2024-02-26 12:37:56,640 [INFO] PluginManager:220 - loadIPPluginJar : add gtzc
2024-02-26 12:37:56,641 [INFO] IPUIPlugin:80 - create IPUIPlugin
2024-02-26 12:37:56,641 [INFO] PluginManager:220 - loadIPPluginJar : add genericplugin
2024-02-26 12:37:56,647 [INFO] IPUIPlugin:80 - create IPUIPlugin
2024-02-26 12:37:56,647 [INFO] PluginManager:220 - loadIPPluginJar : add stm32_wpan
2024-02-26 12:37:56,650 [INFO] IPUIPlugin:80 - create IPUIPlugin
2024-02-26 12:37:56,650 [INFO] PluginManager:220 - loadIPPluginJar : add lorawan
2024-02-26 12:37:56,656 [INFO] IPUIPlugin:80 - create IPUIPlugin
2024-02-26 12:37:56,659 [INFO] PluginManager:220 - loadIPPluginJar : add plateformsettings
2024-02-26 12:37:56,662 [INFO] IPUIPlugin:80 - create IPUIPlugin
2024-02-26 12:37:56,662 [INFO] PluginManager:220 - loadIPPluginJar : add usart
2024-02-26 12:37:56,671 [INFO] IPUIPlugin:80 - create IPUIPlugin
2024-02-26 12:37:56,672 [INFO] PluginManager:220 - loadIPPluginJar : add mdma
2024-02-26 12:37:56,679 [INFO] IPUIPlugin:80 - create IPUIPlugin
2024-02-26 12:37:56,679 [INFO] PluginManager:220 - loadIPPluginJar : add gpio
2024-02-26 12:37:56,686 [INFO] IPUIPlugin:80 - create IPUIPlugin
2024-02-26 12:37:56,686 [INFO] PluginManager:220 - loadIPPluginJar : add adc
2024-02-26 12:37:56,688 [INFO] IPUIPlugin:80 - create IPUIPlugin
2024-02-26 12:37:56,689 [INFO] PluginManager:220 - loadIPPluginJar : add can
2024-02-26 12:37:56,691 [INFO] IPUIPlugin:80 - create IPUIPlugin
2024-02-26 12:37:56,692 [INFO] PluginManager:220 - loadIPPluginJar : add ipddr
2024-02-26 12:37:56,694 [INFO] IPUIPlugin:80 - create IPUIPlugin
2024-02-26 12:37:56,694 [INFO] PluginManager:220 - loadIPPluginJar : add sai
2024-02-26 12:37:56,696 [INFO] IPUIPlugin:80 - create IPUIPlugin
2024-02-26 12:37:56,696 [INFO] PluginManager:220 - loadIPPluginJar : add tsc
2024-02-26 12:37:56,702 [INFO] IPUIPlugin:80 - create IPUIPlugin
2024-02-26 12:37:56,702 [INFO] PluginManager:220 - loadIPPluginJar : add gic
2024-02-26 12:37:56,703 [INFO] IPUIPlugin:80 - create IPUIPlugin
2024-02-26 12:37:56,703 [INFO] PluginManager:220 - loadIPPluginJar : add ucpd
2024-02-26 12:37:56,709 [INFO] IPUIPlugin:80 - create IPUIPlugin
2024-02-26 12:37:56,709 [INFO] PluginManager:220 - loadIPPluginJar : add dma
2024-02-26 12:37:56,711 [INFO] IPUIPlugin:80 - create IPUIPlugin
2024-02-26 12:37:56,711 [INFO] PluginManager:220 - loadIPPluginJar : add ts
2024-02-26 12:37:56,715 [INFO] IPUIPlugin:80 - create IPUIPlugin
2024-02-26 12:37:56,715 [INFO] PluginManager:220 - loadIPPluginJar : add fmc
2024-02-26 12:37:56,717 [INFO] IPUIPlugin:80 - create IPUIPlugin
2024-02-26 12:37:56,718 [INFO] PluginManager:220 - loadIPPluginJar : add i2c
2024-02-26 12:37:56,720 [INFO] IPUIPlugin:80 - create IPUIPlugin
2024-02-26 12:37:56,720 [INFO] PluginManager:220 - loadIPPluginJar : add dfsdm
2024-02-26 12:37:56,722 [INFO] IPUIPlugin:80 - create IPUIPlugin
2024-02-26 12:37:56,722 [INFO] PluginManager:220 - loadIPPluginJar : add hash
2024-02-26 12:37:56,724 [INFO] IPUIPlugin:80 - create IPUIPlugin
2024-02-26 12:37:56,724 [INFO] PluginManager:220 - loadIPPluginJar : add ltdc
2024-02-26 12:37:56,727 [INFO] IPUIPlugin:80 - create IPUIPlugin
2024-02-26 12:37:56,727 [INFO] PluginManager:220 - loadIPPluginJar : add opamp
2024-02-26 12:37:56,729 [INFO] IPUIPlugin:80 - create IPUIPlugin
2024-02-26 12:37:56,729 [INFO] PluginManager:220 - loadIPPluginJar : add aes
2024-02-26 12:37:56,731 [INFO] IPUIPlugin:80 - create IPUIPlugin
2024-02-26 12:37:56,731 [INFO] PluginManager:220 - loadIPPluginJar : add comp
2024-02-26 12:37:56,733 [INFO] IPUIPlugin:80 - create IPUIPlugin
2024-02-26 12:37:56,733 [INFO] PluginManager:220 - loadIPPluginJar : add tim
2024-02-26 12:37:56,735 [INFO] IPUIPlugin:80 - create IPUIPlugin
2024-02-26 12:37:56,735 [INFO] PluginManager:220 - loadIPPluginJar : add spi
2024-02-26 12:37:56,738 [INFO] IPUIPlugin:80 - create IPUIPlugin
2024-02-26 12:37:56,738 [INFO] PluginManager:220 - loadIPPluginJar : add pdm2pcm
2024-02-26 12:37:56,740 [INFO] IPUIPlugin:80 - create IPUIPlugin
2024-02-26 12:37:56,740 [INFO] PluginManager:220 - loadIPPluginJar : add dma3
2024-02-26 12:37:56,743 [INFO] IPUIPlugin:80 - create IPUIPlugin
2024-02-26 12:37:56,743 [INFO] PluginManager:220 - loadIPPluginJar : add openamp
2024-02-26 12:37:56,745 [INFO] IPUIPlugin:80 - create IPUIPlugin
2024-02-26 12:37:56,745 [INFO] PluginManager:220 - loadIPPluginJar : add quadspi
2024-02-26 12:37:56,747 [INFO] IPUIPlugin:80 - create IPUIPlugin
2024-02-26 12:37:56,747 [INFO] PluginManager:220 - loadIPPluginJar : add gfxmmu
2024-02-26 12:37:56,751 [INFO] IPUIPlugin:80 - create IPUIPlugin
2024-02-26 12:37:56,751 [INFO] PluginManager:220 - loadIPPluginJar : add nvic
2024-02-26 12:37:56,754 [INFO] IPUIPlugin:80 - create IPUIPlugin
2024-02-26 12:37:56,754 [INFO] PluginManager:220 - loadIPPluginJar : add touchsensing
2024-02-26 12:37:56,756 [INFO] IPUIPlugin:80 - create IPUIPlugin
2024-02-26 12:37:56,757 [INFO] PluginManager:220 - loadIPPluginJar : add i2s
2024-02-26 12:37:56,764 [INFO] IPUIPlugin:80 - create IPUIPlugin
2024-02-26 12:37:56,764 [INFO] PluginManager:220 - loadIPPluginJar : add linkedlist
2024-02-26 12:37:56,766 [INFO] IPUIPlugin:80 - create IPUIPlugin
2024-02-26 12:37:56,766 [INFO] PluginManager:220 - loadIPPluginJar : add cryp
2024-02-26 12:37:56,768 [INFO] IPUIPlugin:80 - create IPUIPlugin
2024-02-26 12:37:56,769 [INFO] PluginManager:220 - loadIPPluginJar : add i3c
2024-02-26 12:37:56,872 [INFO] CADModel:165 - CPN selected for project level
2024-02-26 12:37:56,872 [INFO] CADModel:114 - Register for checkConnection events
2024-02-26 12:37:56,873 [FATAL] Updater:308 - Updater called before beeing initialized
2024-02-26 12:37:56,873 [ERROR] CADModel:125 - Updater not yet initialized, retry later 
2024-02-26 12:37:56,982 [INFO] CADModel:165 - CPN selected for project level
2024-02-26 12:37:56,982 [INFO] CADModel:114 - Register for checkConnection events
2024-02-26 12:37:56,983 [FATAL] Updater:308 - Updater called before beeing initialized
2024-02-26 12:37:56,983 [ERROR] CADModel:125 - Updater not yet initialized, retry later 
2024-02-26 12:37:56,985 [FATAL] Updater:308 - Updater called before beeing initialized
2024-02-26 12:37:57,050 [FATAL] Updater:308 - Updater called before beeing initialized
2024-02-26 12:37:57,054 [INFO] DbMcusAds:53 - JSON generation date=Wed Nov 29 16:22:27 IST 2023 (1701255147349)
2024-02-26 12:37:57,054 [FATAL] Updater:308 - Updater called before beeing initialized
2024-02-26 12:37:57,085 [WARN] DetailPanel:346 - Failed to get advertising image, set to default
2024-02-26 12:37:57,155 [FATAL] Updater:308 - Updater called before beeing initialized
2024-02-26 12:37:57,157 [FATAL] Updater:308 - Updater called before beeing initialized
2024-02-26 12:37:57,157 [FATAL] Updater:308 - Updater called before beeing initialized
2024-02-26 12:37:57,157 [WARN] DetailPanel:346 - Failed to get advertising image, set to default
2024-02-26 12:37:57,158 [FATAL] Updater:308 - Updater called before beeing initialized
2024-02-26 12:37:57,189 [ERROR] Updater:1120 - MainUpdater not yet initialized. External WinMGr cannot be set.
2024-02-26 12:37:57,191 [INFO] Updater:1056 - Updater Version found : 6.10.0
2024-02-26 12:37:57,218 [INFO] ApplicationProperties:184 - Using Application install path: /opt/st/stm32cubeide_1.14.0/plugins/com.st.stm32cube.common.mx_6.10.0.202311202037
2024-02-26 12:37:57,489 [INFO] MainUpdater:2873 - connection check result : 10
2024-02-26 12:37:57,490 [INFO] MainUpdater:290 - Updater Check For Update Now.
2024-02-26 12:37:57,490 [INFO] MicroXplorer:498 - Change Database Version : DB.6.0.100
2024-02-26 12:37:57,495 [INFO] McuFinderGlobals:63 - Set McuFinder mode to 2 (CubeIDE integrated)
2024-02-26 12:37:57,496 [INFO] UserAuth:180 - activating auth plugin
2024-02-26 12:37:57,499 [INFO] UserAuth:404 - Internet connection configuration mode: 1
2024-02-26 12:37:57,514 [INFO] JxBrowserEngine:152 - Initiate JxBrowser Engine with user profile folder
2024-02-26 12:37:57,674 [INFO] CheckServerUpdateThread:120 - End of CheckServer Thread
2024-02-26 12:37:58,245 [INFO] WebApp:161 - Instantiating new browser for Auth
2024-02-26 12:37:58,868 [INFO] WebApp:780 - Register for checkConnection events
2024-02-26 12:37:58,868 [INFO] WebApp:414 - Apply proxy settings
2024-02-26 12:37:58,868 [INFO] WebApp:499 - Chromium requires no authentication
2024-02-26 12:37:58,874 [INFO] WebApp:442 - Direct internet connection detected
2024-02-26 12:37:59,011 [INFO] WebApp:192 - Starting web application
2024-02-26 12:37:59,012 [INFO] WebApp:544 - Web application path used /opt/st/stm32cubeide_1.14.0/plugins/com.st.stm32cube.common.mx_6.10.0.202311202037/db/plugins/mcufinder/reactClient1/index.html
2024-02-26 12:37:59,365 [WARN] PackLoader:240 - Cannot read IP mode file for STMicroelectronics.X-CUBE-SMBUS.2.1.0
2024-02-26 12:37:59,372 [WARN] PackLoader:240 - Cannot read IP mode file for STMicroelectronics.X-CUBE-TOUCHGFX.4.23.0
2024-02-26 12:37:59,411 [WARN] PackLoader:240 - Cannot read IP mode file for STMicroelectronics.X-CUBE-AZRTOS-F7.1.1.0
2024-02-26 12:37:59,425 [WARN] PackLoader:240 - Cannot read IP mode file for STMicroelectronics.FP-SNS-MOTENV1.4.3.2
2024-02-26 12:37:59,433 [WARN] PackLoader:240 - Cannot read IP mode file for STMicroelectronics.FP-SNS-FLIGHT1.5.0.2
2024-02-26 12:37:59,444 [WARN] PackLoader:240 - Cannot read IP mode file for STMicroelectronics.X-CUBE-DISPLAY.3.0.0
2024-02-26 12:37:59,459 [WARN] PackLoader:240 - Cannot read IP mode file for STMicroelectronics.X-CUBE-BLE1.7.0.0
2024-02-26 12:37:59,465 [WARN] PackLoader:240 - Cannot read IP mode file for emotas.I-CUBE-CANOPEN.1.3.0
2024-02-26 12:37:59,471 [WARN] PackLoader:240 - Cannot read IP mode file for STMicroelectronics.FP-SNS-SMARTAG2.1.2.0
2024-02-26 12:37:59,483 [INFO] LogOutputStream:77 - [STDOUT_REDIRECT] 1 : Invalid condition id : UX_CORESTACK_Condition cause : null
2024-02-26 12:37:59,484 [INFO] LogOutputStream:77 - [STDOUT_REDIRECT] 1 : Invalid condition id : UX_CORESTACK_Condition cause : null
2024-02-26 12:37:59,485 [INFO] LogOutputStream:77 - [STDOUT_REDIRECT] 1 : Invalid condition id : UX_CORESTACK_Condition cause : null
2024-02-26 12:37:59,485 [INFO] LogOutputStream:77 - [STDOUT_REDIRECT] 1 : Invalid condition id : UX_CORESTACK_Condition cause : null
2024-02-26 12:37:59,485 [INFO] LogOutputStream:77 - [STDOUT_REDIRECT] 1 : Invalid condition id : UX_CORESTACK_Condition cause : null
2024-02-26 12:37:59,491 [WARN] PackLoader:240 - Cannot read IP mode file for STMicroelectronics.X-CUBE-AZRTOS-WL.2.0.0
2024-02-26 12:37:59,501 [WARN] PackLoader:240 - Cannot read IP mode file for WES.I-CUBE-Cesium.1.3.0
2024-02-26 12:37:59,507 [WARN] PackLoader:240 - Cannot read IP mode file for STMicroelectronics.X-CUBE-BLE2.3.3.0
2024-02-26 12:37:59,515 [WARN] PackLoader:240 - Cannot read IP mode file for STMicroelectronics.X-CUBE-ALGOBUILD.1.3.0
2024-02-26 12:37:59,535 [WARN] PackLoader:240 - Cannot read IP mode file for STMicroelectronics.X-CUBE-AZRTOS-G0.1.1.0
2024-02-26 12:37:59,545 [WARN] PackLoader:240 - Cannot read IP mode file for STMicroelectronics.X-CUBE-NFC4.3.0.0
2024-02-26 12:37:59,557 [WARN] PackLoader:240 - Cannot read IP mode file for STMicroelectronics.X-CUBE-BLEMGR.3.0.0
2024-02-26 12:37:59,565 [WARN] PackLoader:240 - Cannot read IP mode file for STMicroelectronics.FP-ATR-SIGFOX1.3.2.0
2024-02-26 12:37:59,572 [WARN] PackLoader:240 - Cannot read IP mode file for STMicroelectronics.X-CUBE-EEPRMA1.5.1.0
2024-02-26 12:37:59,637 [WARN] PackLoader:240 - Cannot read IP mode file for SEGGER.I-CUBE-embOS.1.3.1
2024-02-26 12:37:59,690 [WARN] PackLoader:240 - Cannot read IP mode file for STMicroelectronics.X-CUBE-GNSS1.6.0.0
2024-02-26 12:37:59,704 [WARN] PackLoader:240 - Cannot read IP mode file for STMicroelectronics.X-CUBE-AZRTOS-F4.1.1.0
2024-02-26 12:37:59,710 [WARN] PackLoader:240 - Cannot read IP mode file for wolfSSL.I-CUBE-wolfSSL.5.6.6
2024-02-26 12:37:59,724 [WARN] PackLoader:240 - Cannot read IP mode file for STMicroelectronics.X-CUBE-AZRTOS-L5.2.0.0
2024-02-26 12:37:59,729 [WARN] PackLoader:240 - Cannot read IP mode file for ITTIA_DB.I-CUBE-ITTIADB.8.8.0
2024-02-26 12:37:59,733 [WARN] PackLoader:240 - Cannot read IP mode file for STMicroelectronics.X-CUBE-NFC7.1.0.1
2024-02-26 12:37:59,740 [WARN] PackLoader:240 - Cannot read IP mode file for STMicroelectronics.X-CUBE-NFC6.3.0.0
2024-02-26 12:37:59,746 [WARN] PackLoader:240 - Cannot read IP mode file for STMicroelectronics.X-CUBE-AI.8.1.0
2024-02-26 12:37:59,761 [WARN] ConditionMgr:438 - getConditionDescription Invalid condition id : LAN8742 Phy interface Condition cause : null
2024-02-26 12:37:59,762 [WARN] PackLoader:240 - Cannot read IP mode file for STMicroelectronics.X-CUBE-AZRTOS-L4.2.0.0
2024-02-26 12:37:59,764 [WARN] ConditionMgr:1039 - genDependencies : Invalid condition id : LAN8742 Phy interface Condition cause : null
2024-02-26 12:37:59,764 [WARN] ConditionMgr:1039 - genDependencies : Invalid condition id : LAN8742 Phy interface Condition cause : null
2024-02-26 12:37:59,765 [WARN] ConditionMgr:1039 - genDependencies : Invalid condition id : LAN8742 Phy interface Condition cause : null
2024-02-26 12:37:59,774 [WARN] PackLoader:240 - Cannot read IP mode file for STMicroelectronics.X-CUBE-SFXS2LP1.4.0.0
2024-02-26 12:37:59,784 [WARN] ConditionMgr:438 - getConditionDescription Invalid condition id : UX DEVICE CLASS RTOS Condition cause : null
2024-02-26 12:37:59,784 [WARN] ConditionMgr:438 - getConditionDescription Invalid condition id : UX DEVICE CLASS RTOS Condition cause : null
2024-02-26 12:37:59,786 [WARN] PackLoader:240 - Cannot read IP mode file for STMicroelectronics.X-CUBE-AZRTOS-WB.2.0.0
2024-02-26 12:37:59,786 [WARN] ConditionMgr:1039 - genDependencies : Invalid condition id : UX DEVICE CLASS RTOS Condition cause : null
2024-02-26 12:37:59,787 [WARN] ConditionMgr:1039 - genDependencies : Invalid condition id : UX DEVICE CLASS RTOS Condition cause : null
2024-02-26 12:37:59,787 [WARN] ConditionMgr:1039 - genDependencies : Invalid condition id : UX DEVICE CLASS RTOS Condition cause : null
2024-02-26 12:37:59,788 [WARN] ConditionMgr:1039 - genDependencies : Invalid condition id : UX DEVICE CLASS RTOS Condition cause : null
2024-02-26 12:37:59,788 [WARN] ConditionMgr:1039 - genDependencies : Invalid condition id : UX DEVICE CLASS RTOS Condition cause : null
2024-02-26 12:37:59,796 [WARN] PackLoader:240 - Cannot read IP mode file for STMicroelectronics.X-CUBE-SUBG2.5.0.0
2024-02-26 12:37:59,819 [WARN] PackLoader:240 - Cannot read IP mode file for STMicroelectronics.X-CUBE-AZRTOS-G4.2.0.0
2024-02-26 12:37:59,836 [WARN] PackLoader:240 - Cannot read IP mode file for Infineon.AIROC-Wi-Fi-Bluetooth-STM32.1.5.1
2024-02-26 12:37:59,846 [WARN] PackLoader:240 - Cannot read IP mode file for STMicroelectronics.FP-SNS-MOTENVWB1.1.3.1
2024-02-26 12:37:59,850 [WARN] PackLoader:240 - Cannot read IP mode file for STMicroelectronics.X-CUBE-ISPU.2.0.0
2024-02-26 12:37:59,914 [WARN] PackLoader:240 - Cannot read IP mode file for STMicroelectronics.X-CUBE-MEMS1.10.0.0
2024-02-26 12:38:00,052 [WARN] PackLoader:240 - Cannot read IP mode file for STMicroelectronics.X-CUBE-FREERTOS.1.1.0
2024-02-26 12:38:00,055 [WARN] PackLoader:240 - Cannot read IP mode file for portGmbH.I-Cube-SoM-uGOAL.1.1.0
2024-02-26 12:38:00,058 [WARN] PackLoader:240 - Cannot read IP mode file for STMicroelectronics.X-CUBE-ALS.1.0.1
2024-02-26 12:38:00,061 [WARN] PackLoader:240 - Cannot read IP mode file for STMicroelectronics.FP-ATR-ASTRA1.2.0.0
2024-02-26 12:38:00,068 [WARN] PackLoader:240 - Cannot read IP mode file for STMicroelectronics.X-CUBE-TOF1.3.4.0
2024-02-26 12:38:00,090 [WARN] PackLoader:240 - Cannot read IP mode file for STMicroelectronics.X-CUBE-AZRTOS-H7.3.2.0
2024-02-26 12:38:00,093 [INFO] ThirdParty:978 - Integrity check success = true
2024-02-26 12:38:00,093 [INFO] IntegrityCheckThread:100 - exiting critical section [integrity check]
2024-02-26 12:38:00,093 [INFO] IntegrityCheckThread:103 - End integrity checks thread
2024-02-26 12:38:19,493 [ERROR] LogOutputStream:75 - [STDERR_REDIRECT] SLF4J: Failed to load class "org.slf4j.impl.StaticLoggerBinder".
2024-02-26 12:38:19,494 [ERROR] LogOutputStream:75 - [STDERR_REDIRECT] SLF4J: Defaulting to no-operation (NOP) logger implementation
2024-02-26 12:38:19,494 [ERROR] LogOutputStream:75 - [STDERR_REDIRECT] SLF4J: See http://www.slf4j.org/codes.html#StaticLoggerBinder for further details.
2024-02-26 22:23:47,451 [ERROR] LogOutputStream:75 - [STDERR_REDIRECT] 
