2024-03-21 15:58:58,565 [INFO] McuFinderGlobals:63 - Set McuFinder mode to 2 (CubeIDE integrated)
2024-03-21 15:58:59,256 [INFO] MainUpdater:2873 - connection check result : 10
2024-03-21 15:58:59,262 [INFO] McuFinderGlobals:76 - Set McuFinderConnectedMode to true
2024-03-21 15:59:00,272 [INFO] ServerAccessManage:473 - Download File mcusAds.json._tmp_
2024-03-21 15:59:00,392 [INFO] LoadUrlFilesThread:156 - End of LoadUrlFiles Thread
2024-03-21 15:59:00,994 [INFO] ServerAccessManage:473 - Download File cube-finder-db.zip
2024-03-21 15:59:34,911 [INFO] FileExtend:240 - Unzip File : cube-finder-db.zip
2024-03-21 15:59:34,912 [INFO] FileExtend:255 - Standard Zip Deflate
2024-03-21 15:59:35,508 [INFO] LoadUrlFilesThread:156 - End of LoadUrlFiles Thread
2024-03-21 15:59:38,647 [INFO] ServerAccessManage:473 - Download File crdb.zip
2024-03-21 15:59:41,227 [INFO] FileExtend:240 - Unzip File : crdb.zip
2024-03-21 15:59:41,228 [INFO] FileExtend:255 - Standard Zip Deflate
2024-03-21 15:59:41,354 [INFO] LoadUrlFilesThread:156 - End of LoadUrlFiles Thread
2024-03-21 15:59:43,018 [INFO] ServerAccessManage:473 - Download File tutoVideoDB.zip
2024-03-21 15:59:43,163 [INFO] FileExtend:240 - Unzip File : tutoVideoDB.zip
2024-03-21 15:59:43,163 [INFO] FileExtend:255 - Standard Zip Deflate
2024-03-21 15:59:43,274 [INFO] LoadUrlFilesThread:156 - End of LoadUrlFiles Thread
2024-03-21 15:59:43,281 [WARN] DbFile:41 - Overriding database path with different value: /home/bhakti/.stmcufinder/plugins/mcufinder/ => /home/bhakti/.stmcufinder/plugins/mcufinder
2024-03-21 15:59:43,681 [INFO] ServerAccessManage:473 - Download File api_config.json
2024-03-21 15:59:43,786 [INFO] LoadUrlFilesThread:156 - End of LoadUrlFiles Thread
2024-03-21 15:59:43,795 [INFO] DbMcusAds:53 - JSON generation date=Wed Nov 29 16:22:27 IST 2023 (1701255147349)
2024-03-21 15:59:43,844 [INFO] LoadUrlFilesThread:185 - End of LoadServerUrlFiles without Thread
2024-03-21 15:59:43,845 [INFO] TargetSelectorAdapter:259 - Refresh data is successful
2024-03-21 15:59:43,976 [INFO] ApiDb:581 - Connected to CubeFinder SQLite database (/home/bhakti/.stmcufinder/plugins/mcufinder/mcu/cube-finder-db.db)
2024-03-21 15:59:44,008 [INFO] ApiDb:668 - CubeFinder database Data Model version=2.1
2024-03-21 15:59:44,008 [INFO] ApiDb:669 - CubeFinder database Configuration version=3.0.39
2024-03-21 15:59:44,009 [INFO] ApiDb:670 - CubeFinder database generation date=2024-03-01 (1709305525)
2024-03-21 15:59:44,009 [INFO] ApiDb:671 - CubeFinder database FW Pack versions=[FP-ATR-ASTRA1_V2.0.0, FP-SNS-FLIGHT1_V5.0.1, FP-SNS-FLIGHT1_V5.0.2, FP-SNS-MOTENV1_V4.3.1, FP-SNS-MOTENV1_V4.3.2, FP-SNS-MOTENVWB1_V1.3.1, FP-SNS-SMARTAG2_V1.2.0, STM32Cube_FW_C0_V1.1.0, STM32Cube_FW_F4_V1.28.0, STM32Cube_FW_F7_V1.17.0, STM32Cube_FW_G0_V1.6.2, STM32Cube_FW_G4_V1.5.2, STM32Cube_FW_H5_V0.5.1, STM32Cube_FW_H5_V1.1.1, STM32Cube_FW_H5_V1.2.0, STM32Cube_FW_H5_V1.2.0RC4, STM32Cube_FW_H7RS_V1.0.0, STM32Cube_FW_H7RS_V1.0.0RC4, STM32Cube_FW_H7_V1.11.0, STM32Cube_FW_L0_V1.12.2, STM32Cube_FW_L5_V1.5.1, STM32Cube_FW_U0_V1.0.0, STM32Cube_FW_U0_V1.0.0RC1, STM32Cube_FW_U5_V1.3.0RC4, STM32Cube_FW_U5_V1.5.0, STM32Cube_FW_U5_V1.5.0RC1, STM32Cube_FW_WBA_V1.0.0RC1, STM32Cube_FW_WBA_V1.2.0, STM32Cube_FW_WBA_V1.2.0RC2, STM32Cube_FW_WBA_V1.3.0, STM32Cube_FW_WBA_V1.3.0RC1, STM32Cube_FW_WB_V1.15.0RC1, STM32Cube_FW_WB_V1.16.0, STM32Cube_FW_WB_V1.16.0RC2, STM32Cube_FW_WB_V1.18.0, STM32Cube_FW_WB_V1.19.0, STM32Cube_FW_WL_V1.3.0, X-CUBE-ALGOBUILD_V1.3.0, X-CUBE-ALS_V1.0.1, X-CUBE-AZRTOS-F4_V1.1.0, X-CUBE-AZRTOS-F7_V1.1.0, X-CUBE-AZRTOS-G0_V1.1.0, X-CUBE-AZRTOS-G4_V2.0.0, X-CUBE-AZRTOS-H7_V3.2.0, X-CUBE-AZRTOS-L4_V1.0.0, X-CUBE-AZRTOS-L4_V2.0.0, X-CUBE-AZRTOS-L5_V1.1.0, X-CUBE-AZRTOS-WB_V2.0.0, X-CUBE-AZRTOS-WL_V2.0.0, X-CUBE-BLE1_V7.0.0, X-CUBE-BLE2_V3.3.0, X-CUBE-BLEMGR_V3.1.0, X-CUBE-EEPRMA1_V4.1.0, X-CUBE-EEPRMA1_V5.1.0, X-CUBE-FREERTOS_V1.1.0, X-CUBE-GNSS1_V6.0.0, X-CUBE-MEMS1_V10.0.0, X-CUBE-MEMS1_V9.1.0, X-CUBE-MEMS1_V9.4.0, X-CUBE-MEMS1_V9.6.0, X-CUBE-NFC4_V3.0.0, X-CUBE-NFC7_V1.0.1, X-CUBE-SFXS2LP1_V4.0.0, X-CUBE-SUBG2_V5.0.0, X-CUBE-TOF1_V3.4.0]
2024-03-21 15:59:45,875 [INFO] ApiDb:240 - Found 371 in-development CPN: [B-G473E-ZEST1S, B-WB1M-WPAN1, B-WL5M-SUBG1, NUCLEO-C031C6, NUCLEO-H503RB, NUCLEO-H563ZI, NUCLEO-U545RE-Q, NUCLEO-U5A5ZJ-Q, NUCLEO-WBA52CG, NUCLEO-WBA55CG, STEVAL-MKBOXPRO, STEVAL-PROTEUS1, STEVAL-STWINBX1, STM320518-EVAL, STM32C0116-DK, STM32C011D6Y3TR, STM32C011D6Y6TR, STM32C011F4P3, STM32C011F4P6, STM32C011F4U3, STM32C011F4U6TR, STM32C011F6P3, STM32C011F6P6, STM32C011F6U3, STM32C011F6U6TR, STM32C011J4M3, STM32C011J4M6, STM32C011J6M3, STM32C011J6M6, STM32C0316-DK, STM32C031C4T3, STM32C031C4T6, STM32C031C4U3, STM32C031C4U6, STM32C031C6T3, STM32C031C6T6, STM32C031C6U3, STM32C031C6U6, STM32C031F4P3, STM32C031F4P6, STM32C031F6P3, STM32C031F6P6, STM32C031G4U3, STM32C031G4U6, STM32C031G6U3, STM32C031G6U6, STM32C031K4T3, STM32C031K4T6, STM32C031K4U3, STM32C031K4U6, STM32C031K6T3, STM32C031K6T6, STM32C031K6U3, STM32C031K6U6, STM32G071K8TXN, STM32G071K8UXN, STM32G081GBU6N, STM32G081KBT6N, STM32G081KBUXN, STM32G0B1CCT6N, STM32G0B1KCT6, STM32G0B1NEY6TR, STM32G0B1RCT6N, STM32G0C1CCT6, STM32G0C1CCT6N, STM32G0C1CCU6N, STM32G0C1CET6N, STM32G0C1CEU6N, STM32G0C1KCT6, STM32G0C1NEY6TR, STM32G0C1RCI6N, STM32G0C1RCT6N, STM32G0C1REI6N, STM32G0C1RET6N, STM32G0C1VCI6, STM32G0C1VEI6, STM32G471CCT6, STM32G471CCU6, STM32G471CET3, STM32G471CET6, STM32G471CEU3, STM32G471CEU6, STM32G471MCT6, STM32G471MET3, STM32G471MET6, STM32G471MEY6TR, STM32G471QCT6, STM32G471QET3, STM32G471RCT6, STM32G471RET3, STM32G471RET6, STM32G471VCH6, STM32G471VCI6, STM32G471VCT6, STM32G471VEH3, STM32G471VEH6, STM32G471VEI3, STM32G471VEI6, STM32G471VET3, STM32G471VET6, STM32G474CCT6, STM32H503CBT6, STM32H503CBU6, STM32H503EBY6TR, STM32H503KBU6, STM32H503RBT6, STM32H562AGI6, STM32H562AII6, STM32H562IGK6, STM32H562IGT6, STM32H562IIK6, STM32H562IIT6, STM32H562RGT6, STM32H562RGV6, STM32H562RIT6, STM32H562RIV6, STM32H562VGT6, STM32H562VIT6, STM32H562ZGT6, STM32H562ZIT6, STM32H563AGI6, STM32H563AII3Q, STM32H563AII6, STM32H563IGK6, STM32H563IGT6, STM32H563IIK3Q, STM32H563IIK6, STM32H563IIT3Q, STM32H563IIT6, STM32H563MIY3QTR, STM32H563RGT6, STM32H563RGV6, STM32H563RIT6, STM32H563RIV6, STM32H563VGT6, STM32H563VIT3Q, STM32H563VIT6, STM32H563ZGT6, STM32H563ZIT3Q, STM32H563ZIT6, STM32H573AII3Q, STM32H573AII6, STM32H573I-DK, STM32H573IIK3Q, STM32H573IIK6, STM32H573IIT3Q, STM32H573IIT6, STM32H573MIY3QTR, STM32H573RIT6, STM32H573RIV6, STM32H573VIT3Q, STM32H573VIT6, STM32H573ZIT3Q, STM32H573ZIT6, STM32L4R5QGI6STR, STM32MP131AAE3, STM32MP131AAF3, STM32MP131AAG3, STM32MP131CAE3, STM32MP131CAF3, STM32MP131CAG3, STM32MP131DAE7, STM32MP131DAF7, STM32MP131DAG7, STM32MP131FAE7, STM32MP131FAF7, STM32MP131FAG7, STM32MP133AAE3, STM32MP133AAF3, STM32MP133AAG3, STM32MP133CAE3, STM32MP133CAF3, STM32MP133CAG3, STM32MP133DAE7, STM32MP133DAF7, STM32MP133DAG7, STM32MP133FAE7, STM32MP133FAF7, STM32MP133FAG7, STM32MP135AAE3, STM32MP135AAF3, STM32MP135AAG3, STM32MP135CAE3, STM32MP135CAF3, STM32MP135CAG3, STM32MP135DAE7, STM32MP135DAF7, STM32MP135DAG7, STM32MP135F-DK, STM32MP135FAE7, STM32MP135FAF7, STM32MP135FAF7T, STM32MP135FAF7U, STM32MP135FAG7, STM32U535CBT6, STM32U535CBT6Q, STM32U535CBU6, STM32U535CBU6Q, STM32U535CCT6, STM32U535CCT6Q, STM32U535CCU6, STM32U535CCU6Q, STM32U535CET6, STM32U535CET6Q, STM32U535CEU6, STM32U535CEU6Q, STM32U535JEY6QTR, STM32U535NCY6QTR, STM32U535NEY6QTR, STM32U535RBI6, STM32U535RBI6Q, STM32U535RBT6, STM32U535RBT6Q, STM32U535RCI6, STM32U535RCI6Q, STM32U535RCT6, STM32U535RCT6Q, STM32U535REI6, STM32U535REI6Q, STM32U535RET6, STM32U535RET6Q, STM32U535VCI6, STM32U535VCI6Q, STM32U535VCT6, STM32U535VCT6Q, STM32U535VEI6, STM32U535VEI6Q, STM32U535VET6, STM32U535VET6Q, STM32U545CET6, STM32U545CET6Q, STM32U545CEU6, STM32U545CEU6Q, STM32U545JEY6QTR, STM32U545NEY6QTR, STM32U545REI6, STM32U545REI6Q, STM32U545RET6, STM32U545RET6Q, STM32U545VEI6, STM32U545VEI6Q, STM32U545VET6, STM32U545VET6Q, STM32U595AIH6, STM32U595AIH6Q, STM32U595AJH6, STM32U595AJH6Q, STM32U595QII6, STM32U595QII6Q, STM32U595QJI6, STM32U595QJI6Q, STM32U595RIT6, STM32U595RIT6Q, STM32U595RJT6, STM32U595RJT6Q, STM32U595VIT6, STM32U595VIT6Q, STM32U595VJT6, STM32U595VJT6Q, STM32U595ZIT6, STM32U595ZIT6Q, STM32U595ZIY6QTR, STM32U595ZJT6, STM32U595ZJT6Q, STM32U595ZJY6QTR, STM32U599BJY6QTR, STM32U599NIH6Q, STM32U599NJH6Q, STM32U599VIT6Q, STM32U599VJT6, STM32U599VJT6Q, STM32U599ZIT6Q, STM32U599ZIY6QTR, STM32U599ZJT6Q, STM32U599ZJY6QTR, STM32U5A5AJH6, STM32U5A5AJH6Q, STM32U5A5QJI6, STM32U5A5QJI6Q, STM32U5A5RJT6, STM32U5A5RJT6Q, STM32U5A5VJT6, STM32U5A5VJT6Q, STM32U5A5ZJT6, STM32U5A5ZJT6Q, STM32U5A5ZJY6QTR, STM32U5A9BJY6QTR, STM32U5A9J-DK, STM32U5A9NJH6Q, STM32U5A9VJT6Q, STM32U5A9ZJT6Q, STM32U5A9ZJY6QTR, STM32U5F7VIT6, STM32U5F7VIT6Q, STM32U5F7VJT6, STM32U5F7VJT6Q, STM32U5F9BJY6QTR, STM32U5F9NJH6Q, STM32U5F9VIT6Q, STM32U5F9VJT6Q, STM32U5F9ZIJ6QTR, STM32U5F9ZIT6Q, STM32U5F9ZJJ6QTR, STM32U5F9ZJT6Q, STM32U5G7VJT6, STM32U5G7VJT6Q, STM32U5G9BJY6QTR, STM32U5G9J-DK1, STM32U5G9J-DK2, STM32U5G9NJH6Q, STM32U5G9VJT6Q, STM32U5G9ZJJ6QTR, STM32U5G9ZJT6Q, STM32WB1MMCH6, STM32WBA50KEU6, STM32WBA50KEU6TR, STM32WBA50KGU6, STM32WBA50KGU6TR, STM32WBA52CEU6, STM32WBA52CEU6TR, STM32WBA52CEU7, STM32WBA52CEU7TR, STM32WBA52CGU6, STM32WBA52CGU6TR, STM32WBA52CGU6U, STM32WBA52CGU7, STM32WBA52CGU7TR, STM32WBA52KEU6, STM32WBA52KEU6TR, STM32WBA52KGU6, STM32WBA52KGU6TR, STM32WBA54CEU6, STM32WBA54CEU6TR, STM32WBA54CEU7, STM32WBA54CEU7TR, STM32WBA54CGU6, STM32WBA54CGU6TR, STM32WBA54CGU7, STM32WBA54CGU7TR, STM32WBA54KEU6, STM32WBA54KEU6TR, STM32WBA54KEU7, STM32WBA54KEU7TR, STM32WBA54KGU6, STM32WBA54KGU6TR, STM32WBA54KGU7, STM32WBA54KGU7TR, STM32WBA55CEU6, STM32WBA55CEU6TR, STM32WBA55CEU7, STM32WBA55CEU7TR, STM32WBA55CGU6, STM32WBA55CGU6TR, STM32WBA55CGU6U, STM32WBA55CGU7, STM32WBA55CGU7TR, STM32WBA55G-DK1, STM32WBA55HEF6, STM32WBA55HEF7, STM32WBA55HGF6, STM32WBA55HGF7, STM32WBA55UEI6, STM32WBA55UEI6TR, STM32WBA55UEI7, STM32WBA55UEI7TR, STM32WBA55UGI6, STM32WBA55UGI6TR, STM32WBA55UGI7, STM32WBA55UGI7TR, STM32WL5MOCH6, STM32WL5MOCH6TR]
2024-03-21 15:59:45,879 [INFO] DbMcus:218 - Found 3986 MCUs, 3986 are supported
2024-03-21 15:59:45,881 [INFO] ApiDb:423 - Load user favorites file /home/bhakti/.stm32cubeide/favorites.mcus.txt: 0 item(s)
2024-03-21 15:59:45,882 [INFO] ApiDb:427 - User favorites MCUs=[]
2024-03-21 15:59:45,882 [INFO] DbMcus:224 - Set 0 / 0 favorites MCUs
2024-03-21 15:59:46,297 [INFO] ApiDb:668 - CubeFinder database Data Model version=2.1
2024-03-21 15:59:46,297 [INFO] ApiDb:669 - CubeFinder database Configuration version=3.0.39
2024-03-21 15:59:46,297 [INFO] ApiDb:670 - CubeFinder database generation date=2024-03-01 (1709305525)
2024-03-21 15:59:46,297 [INFO] ApiDb:671 - CubeFinder database FW Pack versions=[FP-ATR-ASTRA1_V2.0.0, FP-SNS-FLIGHT1_V5.0.1, FP-SNS-FLIGHT1_V5.0.2, FP-SNS-MOTENV1_V4.3.1, FP-SNS-MOTENV1_V4.3.2, FP-SNS-MOTENVWB1_V1.3.1, FP-SNS-SMARTAG2_V1.2.0, STM32Cube_FW_C0_V1.1.0, STM32Cube_FW_F4_V1.28.0, STM32Cube_FW_F7_V1.17.0, STM32Cube_FW_G0_V1.6.2, STM32Cube_FW_G4_V1.5.2, STM32Cube_FW_H5_V0.5.1, STM32Cube_FW_H5_V1.1.1, STM32Cube_FW_H5_V1.2.0, STM32Cube_FW_H5_V1.2.0RC4, STM32Cube_FW_H7RS_V1.0.0, STM32Cube_FW_H7RS_V1.0.0RC4, STM32Cube_FW_H7_V1.11.0, STM32Cube_FW_L0_V1.12.2, STM32Cube_FW_L5_V1.5.1, STM32Cube_FW_U0_V1.0.0, STM32Cube_FW_U0_V1.0.0RC1, STM32Cube_FW_U5_V1.3.0RC4, STM32Cube_FW_U5_V1.5.0, STM32Cube_FW_U5_V1.5.0RC1, STM32Cube_FW_WBA_V1.0.0RC1, STM32Cube_FW_WBA_V1.2.0, STM32Cube_FW_WBA_V1.2.0RC2, STM32Cube_FW_WBA_V1.3.0, STM32Cube_FW_WBA_V1.3.0RC1, STM32Cube_FW_WB_V1.15.0RC1, STM32Cube_FW_WB_V1.16.0, STM32Cube_FW_WB_V1.16.0RC2, STM32Cube_FW_WB_V1.18.0, STM32Cube_FW_WB_V1.19.0, STM32Cube_FW_WL_V1.3.0, X-CUBE-ALGOBUILD_V1.3.0, X-CUBE-ALS_V1.0.1, X-CUBE-AZRTOS-F4_V1.1.0, X-CUBE-AZRTOS-F7_V1.1.0, X-CUBE-AZRTOS-G0_V1.1.0, X-CUBE-AZRTOS-G4_V2.0.0, X-CUBE-AZRTOS-H7_V3.2.0, X-CUBE-AZRTOS-L4_V1.0.0, X-CUBE-AZRTOS-L4_V2.0.0, X-CUBE-AZRTOS-L5_V1.1.0, X-CUBE-AZRTOS-WB_V2.0.0, X-CUBE-AZRTOS-WL_V2.0.0, X-CUBE-BLE1_V7.0.0, X-CUBE-BLE2_V3.3.0, X-CUBE-BLEMGR_V3.1.0, X-CUBE-EEPRMA1_V4.1.0, X-CUBE-EEPRMA1_V5.1.0, X-CUBE-FREERTOS_V1.1.0, X-CUBE-GNSS1_V6.0.0, X-CUBE-MEMS1_V10.0.0, X-CUBE-MEMS1_V9.1.0, X-CUBE-MEMS1_V9.4.0, X-CUBE-MEMS1_V9.6.0, X-CUBE-NFC4_V3.0.0, X-CUBE-NFC7_V1.0.1, X-CUBE-SFXS2LP1_V4.0.0, X-CUBE-SUBG2_V5.0.0, X-CUBE-TOF1_V3.4.0]
2024-03-21 15:59:46,338 [INFO] DbBoardsSqlite:226 - include board P-NUCLEO-WB55-NUCLEO as a kit item of type 'Nucleo-64'
2024-03-21 15:59:46,338 [INFO] DbBoardsSqlite:226 - include board P-NUCLEO-WB55-USBDONGLE as a kit item of type 'Nucleo USB Dongle'
2024-03-21 15:59:46,338 [INFO] DbBoardsSqlite:226 - include board STEVAL-IDP005V1 as a kit item of type 'Evaluation Board'
2024-03-21 15:59:46,339 [INFO] DbBoardsSqlite:226 - include board STEVAL-IDP005V2 as a kit item of type 'Evaluation Board'
2024-03-21 15:59:46,364 [INFO] ApiDb:240 - Found 371 in-development CPN: [B-G473E-ZEST1S, B-WB1M-WPAN1, B-WL5M-SUBG1, NUCLEO-C031C6, NUCLEO-H503RB, NUCLEO-H563ZI, NUCLEO-U545RE-Q, NUCLEO-U5A5ZJ-Q, NUCLEO-WBA52CG, NUCLEO-WBA55CG, STEVAL-MKBOXPRO, STEVAL-PROTEUS1, STEVAL-STWINBX1, STM320518-EVAL, STM32C0116-DK, STM32C011D6Y3TR, STM32C011D6Y6TR, STM32C011F4P3, STM32C011F4P6, STM32C011F4U3, STM32C011F4U6TR, STM32C011F6P3, STM32C011F6P6, STM32C011F6U3, STM32C011F6U6TR, STM32C011J4M3, STM32C011J4M6, STM32C011J6M3, STM32C011J6M6, STM32C0316-DK, STM32C031C4T3, STM32C031C4T6, STM32C031C4U3, STM32C031C4U6, STM32C031C6T3, STM32C031C6T6, STM32C031C6U3, STM32C031C6U6, STM32C031F4P3, STM32C031F4P6, STM32C031F6P3, STM32C031F6P6, STM32C031G4U3, STM32C031G4U6, STM32C031G6U3, STM32C031G6U6, STM32C031K4T3, STM32C031K4T6, STM32C031K4U3, STM32C031K4U6, STM32C031K6T3, STM32C031K6T6, STM32C031K6U3, STM32C031K6U6, STM32G071K8TXN, STM32G071K8UXN, STM32G081GBU6N, STM32G081KBT6N, STM32G081KBUXN, STM32G0B1CCT6N, STM32G0B1KCT6, STM32G0B1NEY6TR, STM32G0B1RCT6N, STM32G0C1CCT6, STM32G0C1CCT6N, STM32G0C1CCU6N, STM32G0C1CET6N, STM32G0C1CEU6N, STM32G0C1KCT6, STM32G0C1NEY6TR, STM32G0C1RCI6N, STM32G0C1RCT6N, STM32G0C1REI6N, STM32G0C1RET6N, STM32G0C1VCI6, STM32G0C1VEI6, STM32G471CCT6, STM32G471CCU6, STM32G471CET3, STM32G471CET6, STM32G471CEU3, STM32G471CEU6, STM32G471MCT6, STM32G471MET3, STM32G471MET6, STM32G471MEY6TR, STM32G471QCT6, STM32G471QET3, STM32G471RCT6, STM32G471RET3, STM32G471RET6, STM32G471VCH6, STM32G471VCI6, STM32G471VCT6, STM32G471VEH3, STM32G471VEH6, STM32G471VEI3, STM32G471VEI6, STM32G471VET3, STM32G471VET6, STM32G474CCT6, STM32H503CBT6, STM32H503CBU6, STM32H503EBY6TR, STM32H503KBU6, STM32H503RBT6, STM32H562AGI6, STM32H562AII6, STM32H562IGK6, STM32H562IGT6, STM32H562IIK6, STM32H562IIT6, STM32H562RGT6, STM32H562RGV6, STM32H562RIT6, STM32H562RIV6, STM32H562VGT6, STM32H562VIT6, STM32H562ZGT6, STM32H562ZIT6, STM32H563AGI6, STM32H563AII3Q, STM32H563AII6, STM32H563IGK6, STM32H563IGT6, STM32H563IIK3Q, STM32H563IIK6, STM32H563IIT3Q, STM32H563IIT6, STM32H563MIY3QTR, STM32H563RGT6, STM32H563RGV6, STM32H563RIT6, STM32H563RIV6, STM32H563VGT6, STM32H563VIT3Q, STM32H563VIT6, STM32H563ZGT6, STM32H563ZIT3Q, STM32H563ZIT6, STM32H573AII3Q, STM32H573AII6, STM32H573I-DK, STM32H573IIK3Q, STM32H573IIK6, STM32H573IIT3Q, STM32H573IIT6, STM32H573MIY3QTR, STM32H573RIT6, STM32H573RIV6, STM32H573VIT3Q, STM32H573VIT6, STM32H573ZIT3Q, STM32H573ZIT6, STM32L4R5QGI6STR, STM32MP131AAE3, STM32MP131AAF3, STM32MP131AAG3, STM32MP131CAE3, STM32MP131CAF3, STM32MP131CAG3, STM32MP131DAE7, STM32MP131DAF7, STM32MP131DAG7, STM32MP131FAE7, STM32MP131FAF7, STM32MP131FAG7, STM32MP133AAE3, STM32MP133AAF3, STM32MP133AAG3, STM32MP133CAE3, STM32MP133CAF3, STM32MP133CAG3, STM32MP133DAE7, STM32MP133DAF7, STM32MP133DAG7, STM32MP133FAE7, STM32MP133FAF7, STM32MP133FAG7, STM32MP135AAE3, STM32MP135AAF3, STM32MP135AAG3, STM32MP135CAE3, STM32MP135CAF3, STM32MP135CAG3, STM32MP135DAE7, STM32MP135DAF7, STM32MP135DAG7, STM32MP135F-DK, STM32MP135FAE7, STM32MP135FAF7, STM32MP135FAF7T, STM32MP135FAF7U, STM32MP135FAG7, STM32U535CBT6, STM32U535CBT6Q, STM32U535CBU6, STM32U535CBU6Q, STM32U535CCT6, STM32U535CCT6Q, STM32U535CCU6, STM32U535CCU6Q, STM32U535CET6, STM32U535CET6Q, STM32U535CEU6, STM32U535CEU6Q, STM32U535JEY6QTR, STM32U535NCY6QTR, STM32U535NEY6QTR, STM32U535RBI6, STM32U535RBI6Q, STM32U535RBT6, STM32U535RBT6Q, STM32U535RCI6, STM32U535RCI6Q, STM32U535RCT6, STM32U535RCT6Q, STM32U535REI6, STM32U535REI6Q, STM32U535RET6, STM32U535RET6Q, STM32U535VCI6, STM32U535VCI6Q, STM32U535VCT6, STM32U535VCT6Q, STM32U535VEI6, STM32U535VEI6Q, STM32U535VET6, STM32U535VET6Q, STM32U545CET6, STM32U545CET6Q, STM32U545CEU6, STM32U545CEU6Q, STM32U545JEY6QTR, STM32U545NEY6QTR, STM32U545REI6, STM32U545REI6Q, STM32U545RET6, STM32U545RET6Q, STM32U545VEI6, STM32U545VEI6Q, STM32U545VET6, STM32U545VET6Q, STM32U595AIH6, STM32U595AIH6Q, STM32U595AJH6, STM32U595AJH6Q, STM32U595QII6, STM32U595QII6Q, STM32U595QJI6, STM32U595QJI6Q, STM32U595RIT6, STM32U595RIT6Q, STM32U595RJT6, STM32U595RJT6Q, STM32U595VIT6, STM32U595VIT6Q, STM32U595VJT6, STM32U595VJT6Q, STM32U595ZIT6, STM32U595ZIT6Q, STM32U595ZIY6QTR, STM32U595ZJT6, STM32U595ZJT6Q, STM32U595ZJY6QTR, STM32U599BJY6QTR, STM32U599NIH6Q, STM32U599NJH6Q, STM32U599VIT6Q, STM32U599VJT6, STM32U599VJT6Q, STM32U599ZIT6Q, STM32U599ZIY6QTR, STM32U599ZJT6Q, STM32U599ZJY6QTR, STM32U5A5AJH6, STM32U5A5AJH6Q, STM32U5A5QJI6, STM32U5A5QJI6Q, STM32U5A5RJT6, STM32U5A5RJT6Q, STM32U5A5VJT6, STM32U5A5VJT6Q, STM32U5A5ZJT6, STM32U5A5ZJT6Q, STM32U5A5ZJY6QTR, STM32U5A9BJY6QTR, STM32U5A9J-DK, STM32U5A9NJH6Q, STM32U5A9VJT6Q, STM32U5A9ZJT6Q, STM32U5A9ZJY6QTR, STM32U5F7VIT6, STM32U5F7VIT6Q, STM32U5F7VJT6, STM32U5F7VJT6Q, STM32U5F9BJY6QTR, STM32U5F9NJH6Q, STM32U5F9VIT6Q, STM32U5F9VJT6Q, STM32U5F9ZIJ6QTR, STM32U5F9ZIT6Q, STM32U5F9ZJJ6QTR, STM32U5F9ZJT6Q, STM32U5G7VJT6, STM32U5G7VJT6Q, STM32U5G9BJY6QTR, STM32U5G9J-DK1, STM32U5G9J-DK2, STM32U5G9NJH6Q, STM32U5G9VJT6Q, STM32U5G9ZJJ6QTR, STM32U5G9ZJT6Q, STM32WB1MMCH6, STM32WBA50KEU6, STM32WBA50KEU6TR, STM32WBA50KGU6, STM32WBA50KGU6TR, STM32WBA52CEU6, STM32WBA52CEU6TR, STM32WBA52CEU7, STM32WBA52CEU7TR, STM32WBA52CGU6, STM32WBA52CGU6TR, STM32WBA52CGU6U, STM32WBA52CGU7, STM32WBA52CGU7TR, STM32WBA52KEU6, STM32WBA52KEU6TR, STM32WBA52KGU6, STM32WBA52KGU6TR, STM32WBA54CEU6, STM32WBA54CEU6TR, STM32WBA54CEU7, STM32WBA54CEU7TR, STM32WBA54CGU6, STM32WBA54CGU6TR, STM32WBA54CGU7, STM32WBA54CGU7TR, STM32WBA54KEU6, STM32WBA54KEU6TR, STM32WBA54KEU7, STM32WBA54KEU7TR, STM32WBA54KGU6, STM32WBA54KGU6TR, STM32WBA54KGU7, STM32WBA54KGU7TR, STM32WBA55CEU6, STM32WBA55CEU6TR, STM32WBA55CEU7, STM32WBA55CEU7TR, STM32WBA55CGU6, STM32WBA55CGU6TR, STM32WBA55CGU6U, STM32WBA55CGU7, STM32WBA55CGU7TR, STM32WBA55G-DK1, STM32WBA55HEF6, STM32WBA55HEF7, STM32WBA55HGF6, STM32WBA55HGF7, STM32WBA55UEI6, STM32WBA55UEI6TR, STM32WBA55UEI7, STM32WBA55UEI7TR, STM32WBA55UGI6, STM32WBA55UGI6TR, STM32WBA55UGI7, STM32WBA55UGI7TR, STM32WL5MOCH6, STM32WL5MOCH6TR]
2024-03-21 15:59:46,437 [INFO] BoardInfo:889 - No configuration file found for board P-NUCLEO-WB55
2024-03-21 15:59:46,437 [INFO] DbBoards:161 - Kit is not supported: P-NUCLEO-WB55
2024-03-21 15:59:46,440 [INFO] BoardInfo:889 - No configuration file found for board STEVAL-BFA001V1B
2024-03-21 15:59:46,440 [INFO] DbBoards:161 - Kit is not supported: STEVAL-BFA001V1B
2024-03-21 15:59:46,441 [INFO] BoardInfo:889 - No configuration file found for board STEVAL-BFA001V2B
2024-03-21 15:59:46,441 [INFO] DbBoards:161 - Kit is not supported: STEVAL-BFA001V2B
2024-03-21 15:59:46,517 [INFO] DbBoards:168 - Found 193 boards, 190 are supported
2024-03-21 15:59:46,517 [INFO] DbBoards:169 - Found 193 boards, 3 of them is supported for  Bsp
2024-03-21 15:59:46,521 [INFO] ApiDb:423 - Load user favorites file /home/bhakti/.stm32cubeide/favorites.boards.txt: 0 item(s)
2024-03-21 15:59:46,521 [INFO] ApiDb:427 - User favorites Boards=[]
2024-03-21 15:59:46,521 [INFO] DbBoards:198 - Set 0 / 0 favorites Boards
2024-03-21 15:59:46,523 [INFO] ApiDb:668 - CubeFinder database Data Model version=2.1
2024-03-21 15:59:46,523 [INFO] ApiDb:669 - CubeFinder database Configuration version=3.0.39
2024-03-21 15:59:46,524 [INFO] ApiDb:670 - CubeFinder database generation date=2024-03-01 (1709305525)
2024-03-21 15:59:46,524 [INFO] ApiDb:671 - CubeFinder database FW Pack versions=[FP-ATR-ASTRA1_V2.0.0, FP-SNS-FLIGHT1_V5.0.1, FP-SNS-FLIGHT1_V5.0.2, FP-SNS-MOTENV1_V4.3.1, FP-SNS-MOTENV1_V4.3.2, FP-SNS-MOTENVWB1_V1.3.1, FP-SNS-SMARTAG2_V1.2.0, STM32Cube_FW_C0_V1.1.0, STM32Cube_FW_F4_V1.28.0, STM32Cube_FW_F7_V1.17.0, STM32Cube_FW_G0_V1.6.2, STM32Cube_FW_G4_V1.5.2, STM32Cube_FW_H5_V0.5.1, STM32Cube_FW_H5_V1.1.1, STM32Cube_FW_H5_V1.2.0, STM32Cube_FW_H5_V1.2.0RC4, STM32Cube_FW_H7RS_V1.0.0, STM32Cube_FW_H7RS_V1.0.0RC4, STM32Cube_FW_H7_V1.11.0, STM32Cube_FW_L0_V1.12.2, STM32Cube_FW_L5_V1.5.1, STM32Cube_FW_U0_V1.0.0, STM32Cube_FW_U0_V1.0.0RC1, STM32Cube_FW_U5_V1.3.0RC4, STM32Cube_FW_U5_V1.5.0, STM32Cube_FW_U5_V1.5.0RC1, STM32Cube_FW_WBA_V1.0.0RC1, STM32Cube_FW_WBA_V1.2.0, STM32Cube_FW_WBA_V1.2.0RC2, STM32Cube_FW_WBA_V1.3.0, STM32Cube_FW_WBA_V1.3.0RC1, STM32Cube_FW_WB_V1.15.0RC1, STM32Cube_FW_WB_V1.16.0, STM32Cube_FW_WB_V1.16.0RC2, STM32Cube_FW_WB_V1.18.0, STM32Cube_FW_WB_V1.19.0, STM32Cube_FW_WL_V1.3.0, X-CUBE-ALGOBUILD_V1.3.0, X-CUBE-ALS_V1.0.1, X-CUBE-AZRTOS-F4_V1.1.0, X-CUBE-AZRTOS-F7_V1.1.0, X-CUBE-AZRTOS-G0_V1.1.0, X-CUBE-AZRTOS-G4_V2.0.0, X-CUBE-AZRTOS-H7_V3.2.0, X-CUBE-AZRTOS-L4_V1.0.0, X-CUBE-AZRTOS-L4_V2.0.0, X-CUBE-AZRTOS-L5_V1.1.0, X-CUBE-AZRTOS-WB_V2.0.0, X-CUBE-AZRTOS-WL_V2.0.0, X-CUBE-BLE1_V7.0.0, X-CUBE-BLE2_V3.3.0, X-CUBE-BLEMGR_V3.1.0, X-CUBE-EEPRMA1_V4.1.0, X-CUBE-EEPRMA1_V5.1.0, X-CUBE-FREERTOS_V1.1.0, X-CUBE-GNSS1_V6.0.0, X-CUBE-MEMS1_V10.0.0, X-CUBE-MEMS1_V9.1.0, X-CUBE-MEMS1_V9.4.0, X-CUBE-MEMS1_V9.6.0, X-CUBE-NFC4_V3.0.0, X-CUBE-NFC7_V1.0.1, X-CUBE-SFXS2LP1_V4.0.0, X-CUBE-SUBG2_V5.0.0, X-CUBE-TOF1_V3.4.0]
2024-03-21 15:59:47,253 [ERROR] DbExamplesSqlite:437 - Missing JSON key: board_cpn
2024-03-21 15:59:47,254 [ERROR] DbExamplesSqlite:437 - Missing JSON key: board_cpn
2024-03-21 15:59:47,254 [ERROR] DbExamplesSqlite:437 - Missing JSON key: board_cpn
2024-03-21 15:59:47,254 [ERROR] DbExamplesSqlite:437 - Missing JSON key: board_cpn
2024-03-21 15:59:47,364 [INFO] DbExamplesSqlite:395 - Ignored 60 examples not supported by CubeIDE
2024-03-21 15:59:47,365 [INFO] DbExamplesSqlite:396 - Found 8152 examples active
2024-03-21 15:59:47,365 [INFO] DbExamplesSqlite:397 - Found 871 examples obsolete
2024-03-21 15:59:47,365 [INFO] DbExamplesSqlite:398 - Found 0 examples under development
2024-03-21 15:59:47,365 [INFO] DbExamplesSqlite:399 - Found 10 examples not building
2024-03-21 15:59:47,368 [INFO] DbExamples:125 - Found 8102 examples
2024-03-21 15:59:47,781 [ERROR] DbExamples:208 - Found 542 examples with invalid data (board or MCU)
2024-03-21 15:59:47,781 [INFO] DbExamples:222 - Found 95 boards with related examples
2024-03-21 15:59:47,782 [INFO] DbExamples:235 - Found 80 MCUs with related examples
2024-03-21 15:59:47,799 [INFO] ApiDb:414 - User favorites file not found: /home/bhakti/.stm32cubeide/favorites.examples.txt
2024-03-21 15:59:47,799 [INFO] DbExamples:250 - Set 0 / 0 favorites Examples
2024-03-21 15:59:47,935 [INFO] McuFinderGlobals:76 - Set McuFinderConnectedMode to true
2024-03-21 15:59:47,945 [INFO] MultiScanPanel:200 - Auto-refresh data requested => check proxy status ongoing
2024-03-21 15:59:47,948 [INFO] FinderPluginLoader:95 - Searching for filters in installed packs
2024-03-21 15:59:49,831 [INFO] LoadUrlFilesThread:185 - End of LoadServerUrlFiles without Thread
2024-03-21 15:59:49,874 [INFO] DetailPanel:341 - Set advertising image to /home/bhakti/STM32Cube/Repository//en.prom-stm32wl3-mcu-finder.jpg
2024-03-21 15:59:55,493 [INFO] MultiScanPanel:200 - Auto-refresh data requested => check proxy status ongoing
2024-03-21 15:59:55,587 [INFO] LoadUrlFilesThread:185 - End of LoadServerUrlFiles without Thread
2024-03-21 15:59:55,587 [INFO] DetailPanel:341 - Set advertising image to /home/bhakti/STM32Cube/Repository//en.prom-stm32wl3-mcu-finder.jpg
2024-03-21 15:59:55,597 [INFO] DbBoards:642 - Loading board mini-images...
2024-03-21 15:59:56,382 [ERROR] DbBoards:659 - Image file not found for board NUCLEO-WBA55CG: /home/bhakti/.stmcufinder/plugins/mcufinder//mcu//boards_images/NUCLEO-WBA55CG.jpg
2024-03-21 15:59:57,239 [ERROR] DbBoards:659 - Image file not found for board STM32WBA55G-DK1: /home/bhakti/.stmcufinder/plugins/mcufinder//mcu//boards_images/STM32WBA55G-DK1.jpg
2024-03-21 15:59:57,239 [INFO] DbBoards:665 - Loaded 191 board mini-images
2024-03-21 15:59:59,461 [INFO] MultiScanPanel:200 - Auto-refresh data requested => check proxy status ongoing
2024-03-21 15:59:59,470 [INFO] SoftwarePacks:127 - Download is needed for SW pack 'FP-ATR-ASTRA1_V2.0.0'
2024-03-21 15:59:59,470 [INFO] SoftwarePacks:127 - Download is needed for SW pack 'FP-SNS-FLIGHT1_V5.0.2'
2024-03-21 15:59:59,470 [INFO] SoftwarePacks:127 - Download is needed for SW pack 'FP-SNS-MOTENV1_V4.3.2'
2024-03-21 15:59:59,470 [INFO] SoftwarePacks:127 - Download is needed for SW pack 'FP-SNS-MOTENVWB1_V1.3.1'
2024-03-21 15:59:59,470 [INFO] SoftwarePacks:127 - Download is needed for SW pack 'FP-SNS-SMARTAG2_V1.2.0'
2024-03-21 15:59:59,473 [INFO] SoftwarePacks:127 - Download is needed for SW pack 'STM32Cube_FW_C0_V1.1.0'
2024-03-21 15:59:59,474 [INFO] SoftwarePacks:127 - Download is needed for SW pack 'STM32Cube_FW_F4_V1.28.0'
2024-03-21 15:59:59,474 [INFO] SoftwarePacks:127 - Download is needed for SW pack 'STM32Cube_FW_F7_V1.17.0'
2024-03-21 15:59:59,474 [INFO] SoftwarePacks:127 - Download is needed for SW pack 'STM32Cube_FW_G0_V1.6.2'
2024-03-21 15:59:59,474 [INFO] SoftwarePacks:127 - Download is needed for SW pack 'STM32Cube_FW_G4_V1.5.2'
2024-03-21 15:59:59,475 [INFO] SoftwarePacks:127 - Download is needed for SW pack 'STM32Cube_FW_H5_V1.2.0'
2024-03-21 15:59:59,475 [INFO] SoftwarePacks:127 - Download is needed for SW pack 'STM32Cube_FW_H7RS_V1.0.0'
2024-03-21 15:59:59,475 [INFO] SoftwarePacks:127 - Download is needed for SW pack 'STM32Cube_FW_H7_V1.11.0'
2024-03-21 15:59:59,475 [INFO] SoftwarePacks:127 - Download is needed for SW pack 'STM32Cube_FW_L0_V1.12.2'
2024-03-21 15:59:59,475 [INFO] SoftwarePacks:127 - Download is needed for SW pack 'STM32Cube_FW_L5_V1.5.1'
2024-03-21 15:59:59,476 [INFO] SoftwarePacks:127 - Download is needed for SW pack 'STM32Cube_FW_U0_V1.0.0'
2024-03-21 15:59:59,476 [INFO] SoftwarePacks:127 - Download is needed for SW pack 'STM32Cube_FW_U5_V1.5.0'
2024-03-21 15:59:59,476 [INFO] SoftwarePacks:127 - Download is needed for SW pack 'STM32Cube_FW_WBA_V1.3.0'
2024-03-21 15:59:59,476 [INFO] SoftwarePacks:127 - Download is needed for SW pack 'STM32Cube_FW_WB_V1.19.0'
2024-03-21 15:59:59,476 [INFO] SoftwarePacks:127 - Download is needed for SW pack 'STM32Cube_FW_WL_V1.3.0'
2024-03-21 15:59:59,476 [INFO] SoftwarePacks:127 - Download is needed for SW pack 'X-CUBE-ALGOBUILD_V1.3.0'
2024-03-21 15:59:59,476 [INFO] SoftwarePacks:127 - Download is needed for SW pack 'X-CUBE-ALS_V1.0.1'
2024-03-21 15:59:59,476 [INFO] SoftwarePacks:127 - Download is needed for SW pack 'X-CUBE-AZRTOS-F4_V1.1.0'
2024-03-21 15:59:59,476 [INFO] SoftwarePacks:127 - Download is needed for SW pack 'X-CUBE-AZRTOS-F7_V1.1.0'
2024-03-21 15:59:59,476 [INFO] SoftwarePacks:127 - Download is needed for SW pack 'X-CUBE-AZRTOS-G0_V1.1.0'
2024-03-21 15:59:59,477 [INFO] SoftwarePacks:127 - Download is needed for SW pack 'X-CUBE-AZRTOS-G4_V2.0.0'
2024-03-21 15:59:59,477 [INFO] SoftwarePacks:127 - Download is needed for SW pack 'X-CUBE-AZRTOS-H7_V3.2.0'
2024-03-21 15:59:59,477 [INFO] SoftwarePacks:127 - Download is needed for SW pack 'X-CUBE-AZRTOS-L4_V2.0.0'
2024-03-21 15:59:59,477 [INFO] SoftwarePacks:127 - Download is needed for SW pack 'X-CUBE-AZRTOS-L5_V1.1.0'
2024-03-21 15:59:59,477 [INFO] SoftwarePacks:127 - Download is needed for SW pack 'X-CUBE-AZRTOS-WB_V2.0.0'
2024-03-21 15:59:59,477 [INFO] SoftwarePacks:127 - Download is needed for SW pack 'X-CUBE-AZRTOS-WL_V2.0.0'
2024-03-21 15:59:59,477 [INFO] SoftwarePacks:127 - Download is needed for SW pack 'X-CUBE-BLE1_V7.0.0'
2024-03-21 15:59:59,477 [INFO] SoftwarePacks:127 - Download is needed for SW pack 'X-CUBE-BLE2_V3.3.0'
2024-03-21 15:59:59,477 [INFO] SoftwarePacks:127 - Download is needed for SW pack 'X-CUBE-BLEMGR_V3.1.0'
2024-03-21 15:59:59,477 [INFO] SoftwarePacks:127 - Download is needed for SW pack 'X-CUBE-EEPRMA1_V5.1.0'
2024-03-21 15:59:59,477 [INFO] SoftwarePacks:127 - Download is needed for SW pack 'X-CUBE-FREERTOS_V1.1.0'
2024-03-21 15:59:59,477 [INFO] SoftwarePacks:127 - Download is needed for SW pack 'X-CUBE-GNSS1_V6.0.0'
2024-03-21 15:59:59,477 [INFO] SoftwarePacks:127 - Download is needed for SW pack 'X-CUBE-MEMS1_V10.0.0'
2024-03-21 15:59:59,477 [INFO] SoftwarePacks:127 - Download is needed for SW pack 'X-CUBE-NFC4_V3.0.0'
2024-03-21 15:59:59,477 [INFO] SoftwarePacks:127 - Download is needed for SW pack 'X-CUBE-NFC7_V1.0.1'
2024-03-21 15:59:59,477 [INFO] SoftwarePacks:127 - Download is needed for SW pack 'X-CUBE-SFXS2LP1_V4.0.0'
2024-03-21 15:59:59,478 [INFO] SoftwarePacks:127 - Download is needed for SW pack 'X-CUBE-SUBG2_V5.0.0'
2024-03-21 15:59:59,478 [INFO] SoftwarePacks:127 - Download is needed for SW pack 'X-CUBE-TOF1_V3.4.0'
2024-03-21 16:00:00,609 [INFO] LoadUrlFilesThread:185 - End of LoadServerUrlFiles without Thread
2024-03-21 16:00:00,610 [INFO] DetailPanel:341 - Set advertising image to /home/bhakti/STM32Cube/Repository//en.prom-stm32wl3-mcu-finder.jpg
2024-03-21 16:00:00,996 [ERROR] AppliInfo:139 - Unknown STM32CubeMX version: 6.11.0
2024-03-21 16:00:00,998 [ERROR] AppliInfo:139 - Unknown STM32CubeMX version: 6.11.0
2024-03-21 16:00:00,998 [ERROR] AppliInfo:139 - Unknown STM32CubeMX version: 6.11.0
2024-03-21 16:00:00,998 [ERROR] AppliInfo:139 - Unknown STM32CubeMX version: 6.11.0
2024-03-21 16:00:01,000 [ERROR] AppliInfo:139 - Unknown STM32CubeMX version: 6.11.0
2024-03-21 16:00:01,000 [ERROR] AppliInfo:139 - Unknown STM32CubeMX version: 6.11.0
2024-03-21 16:00:01,003 [ERROR] AppliInfo:139 - Unknown STM32CubeMX version: 6.11.0
2024-03-21 16:00:01,004 [ERROR] AppliInfo:139 - Unknown STM32CubeMX version: 6.11.0
2024-03-21 16:00:01,004 [ERROR] AppliInfo:139 - Unknown STM32CubeMX version: 6.11.0
2024-03-21 16:00:01,004 [ERROR] AppliInfo:139 - Unknown STM32CubeMX version: 6.11.0
2024-03-21 16:00:01,004 [ERROR] AppliInfo:139 - Unknown STM32CubeMX version: 6.11.0
2024-03-21 16:00:01,004 [ERROR] AppliInfo:139 - Unknown STM32CubeMX version: 6.11.0
2024-03-21 16:00:01,004 [ERROR] AppliInfo:139 - Unknown STM32CubeMX version: 6.11.0
2024-03-21 16:00:01,005 [ERROR] AppliInfo:139 - Unknown STM32CubeMX version: 6.11.0
2024-03-21 16:00:01,006 [ERROR] AppliInfo:139 - Unknown STM32CubeMX version: 6.11.0
2024-03-21 16:00:01,008 [ERROR] AppliInfo:139 - Unknown STM32CubeMX version: 6.11.0
2024-03-21 16:00:01,008 [ERROR] AppliInfo:139 - Unknown STM32CubeMX version: 6.11.0
2024-03-21 16:00:01,009 [ERROR] AppliInfo:139 - Unknown STM32CubeMX version: 6.11.0
2024-03-21 16:00:01,012 [ERROR] AppliInfo:139 - Unknown STM32CubeMX version: 6.11.0
2024-03-21 16:00:01,013 [ERROR] AppliInfo:139 - Unknown STM32CubeMX version: 6.11.0
2024-03-21 16:00:01,013 [ERROR] AppliInfo:139 - Unknown STM32CubeMX version: 6.11.0
2024-03-21 16:00:01,013 [ERROR] AppliInfo:139 - Unknown STM32CubeMX version: 6.11.0
2024-03-21 16:00:01,013 [ERROR] AppliInfo:139 - Unknown STM32CubeMX version: 6.11.0
2024-03-21 16:00:01,014 [ERROR] AppliInfo:139 - Unknown STM32CubeMX version: 6.11.0
2024-03-21 16:00:01,014 [ERROR] AppliInfo:139 - Unknown STM32CubeMX version: 6.11.0
2024-03-21 16:00:01,014 [ERROR] AppliInfo:139 - Unknown STM32CubeMX version: 6.11.0
2024-03-21 16:00:01,014 [ERROR] AppliInfo:139 - Unknown STM32CubeMX version: 6.11.0
2024-03-21 16:00:01,014 [ERROR] AppliInfo:139 - Unknown STM32CubeMX version: 6.11.0
2024-03-21 16:00:01,015 [ERROR] AppliInfo:139 - Unknown STM32CubeMX version: 6.11.0
2024-03-21 16:00:01,015 [ERROR] AppliInfo:139 - Unknown STM32CubeMX version: 6.11.0
2024-03-21 16:00:01,015 [ERROR] AppliInfo:139 - Unknown STM32CubeMX version: 6.11.0
2024-03-21 16:00:01,015 [ERROR] AppliInfo:139 - Unknown STM32CubeMX version: 6.11.0
2024-03-21 16:00:01,015 [ERROR] AppliInfo:139 - Unknown STM32CubeMX version: 6.11.0
2024-03-21 16:00:01,016 [ERROR] AppliInfo:139 - Unknown STM32CubeMX version: 6.11.0
2024-03-21 16:00:01,016 [ERROR] AppliInfo:139 - Unknown STM32CubeMX version: 6.11.0
2024-03-21 16:00:01,016 [ERROR] AppliInfo:139 - Unknown STM32CubeMX version: 6.11.0
2024-03-21 16:00:01,016 [ERROR] AppliInfo:139 - Unknown STM32CubeMX version: 6.11.0
2024-03-21 16:00:01,016 [ERROR] AppliInfo:139 - Unknown STM32CubeMX version: 6.11.0
2024-03-21 16:00:01,018 [ERROR] AppliInfo:139 - Unknown STM32CubeMX version: 6.11.0
2024-03-21 16:00:01,018 [ERROR] AppliInfo:139 - Unknown STM32CubeMX version: 6.11.0
2024-03-21 16:00:01,020 [ERROR] AppliInfo:139 - Unknown STM32CubeMX version: 6.11.0
2024-03-21 16:00:01,021 [ERROR] AppliInfo:139 - Unknown STM32CubeMX version: 6.11.0
2024-03-21 16:00:01,021 [ERROR] AppliInfo:139 - Unknown STM32CubeMX version: 6.11.0
2024-03-21 16:00:01,021 [ERROR] AppliInfo:139 - Unknown STM32CubeMX version: 6.11.0
2024-03-21 16:00:01,024 [ERROR] AppliInfo:139 - Unknown STM32CubeMX version: 6.11.0
2024-03-21 16:00:01,025 [ERROR] AppliInfo:139 - Unknown STM32CubeMX version: 6.11.0
2024-03-21 16:00:01,026 [ERROR] AppliInfo:139 - Unknown STM32CubeMX version: 6.11.0
2024-03-21 16:00:01,026 [ERROR] AppliInfo:139 - Unknown STM32CubeMX version: 6.11.0
2024-03-21 16:00:01,027 [ERROR] AppliInfo:139 - Unknown STM32CubeMX version: 6.11.0
2024-03-21 16:00:01,027 [ERROR] AppliInfo:139 - Unknown STM32CubeMX version: 6.11.0
2024-03-21 16:00:01,029 [ERROR] AppliInfo:139 - Unknown STM32CubeMX version: 6.11.0
2024-03-21 16:00:01,031 [ERROR] AppliInfo:139 - Unknown STM32CubeMX version: 6.11.0
2024-03-21 16:00:01,031 [ERROR] AppliInfo:139 - Unknown STM32CubeMX version: 6.11.0
2024-03-21 16:00:01,031 [ERROR] AppliInfo:139 - Unknown STM32CubeMX version: 6.11.0
2024-03-21 16:00:01,032 [ERROR] AppliInfo:139 - Unknown STM32CubeMX version: 6.11.0
2024-03-21 16:00:01,032 [ERROR] AppliInfo:139 - Unknown STM32CubeMX version: 6.11.0
2024-03-21 16:00:01,033 [ERROR] AppliInfo:139 - Unknown STM32CubeMX version: 6.11.0
2024-03-21 16:00:01,033 [ERROR] AppliInfo:139 - Unknown STM32CubeMX version: 6.11.0
2024-03-21 16:00:01,033 [ERROR] AppliInfo:139 - Unknown STM32CubeMX version: 6.11.0
2024-03-21 16:00:01,034 [ERROR] AppliInfo:139 - Unknown STM32CubeMX version: 6.11.0
2024-03-21 16:00:01,034 [ERROR] AppliInfo:139 - Unknown STM32CubeMX version: 6.11.0
2024-03-21 16:00:01,035 [ERROR] AppliInfo:139 - Unknown STM32CubeMX version: 6.11.0
2024-03-21 16:00:01,035 [ERROR] AppliInfo:139 - Unknown STM32CubeMX version: 6.11.0
2024-03-21 16:00:01,036 [ERROR] AppliInfo:139 - Unknown STM32CubeMX version: 6.11.0
2024-03-21 16:00:01,037 [ERROR] AppliInfo:139 - Unknown STM32CubeMX version: 6.11.0
2024-03-21 16:00:01,038 [ERROR] AppliInfo:139 - Unknown STM32CubeMX version: 6.11.0
2024-03-21 16:00:01,038 [ERROR] AppliInfo:139 - Unknown STM32CubeMX version: 6.11.0
2024-03-21 16:00:01,039 [ERROR] AppliInfo:139 - Unknown STM32CubeMX version: 6.11.0
2024-03-21 16:00:01,039 [ERROR] AppliInfo:139 - Unknown STM32CubeMX version: 6.11.0
2024-03-21 16:00:01,039 [ERROR] AppliInfo:139 - Unknown STM32CubeMX version: 6.11.0
2024-03-21 16:00:01,039 [ERROR] AppliInfo:139 - Unknown STM32CubeMX version: 6.11.0
2024-03-21 16:00:01,039 [ERROR] AppliInfo:139 - Unknown STM32CubeMX version: 6.11.0
2024-03-21 16:00:01,040 [ERROR] AppliInfo:139 - Unknown STM32CubeMX version: 6.11.0
2024-03-21 16:00:01,040 [ERROR] AppliInfo:139 - Unknown STM32CubeMX version: 6.11.0
2024-03-21 16:00:01,040 [ERROR] AppliInfo:139 - Unknown STM32CubeMX version: 6.11.0
2024-03-21 16:00:01,040 [ERROR] AppliInfo:139 - Unknown STM32CubeMX version: 6.11.0
2024-03-21 16:00:01,041 [ERROR] AppliInfo:139 - Unknown STM32CubeMX version: 6.11.0
2024-03-21 16:00:01,041 [ERROR] AppliInfo:139 - Unknown STM32CubeMX version: 6.11.0
2024-03-21 16:00:01,041 [ERROR] AppliInfo:139 - Unknown STM32CubeMX version: 6.11.0
2024-03-21 16:00:01,041 [ERROR] AppliInfo:139 - Unknown STM32CubeMX version: 6.11.0
2024-03-21 16:00:01,041 [ERROR] AppliInfo:139 - Unknown STM32CubeMX version: 6.11.0
2024-03-21 16:00:01,042 [ERROR] AppliInfo:139 - Unknown STM32CubeMX version: 6.11.0
2024-03-21 16:00:01,042 [ERROR] AppliInfo:139 - Unknown STM32CubeMX version: 6.11.0
2024-03-21 16:00:01,042 [ERROR] AppliInfo:139 - Unknown STM32CubeMX version: 6.11.0
2024-03-21 16:00:01,042 [ERROR] AppliInfo:139 - Unknown STM32CubeMX version: 6.11.0
2024-03-21 16:00:01,042 [ERROR] AppliInfo:139 - Unknown STM32CubeMX version: 6.11.0
2024-03-21 16:00:01,042 [ERROR] AppliInfo:139 - Unknown STM32CubeMX version: 6.11.0
2024-03-21 16:00:01,043 [ERROR] AppliInfo:139 - Unknown STM32CubeMX version: 6.11.0
2024-03-21 16:00:01,043 [ERROR] AppliInfo:139 - Unknown STM32CubeMX version: 6.11.0
2024-03-21 16:00:01,043 [ERROR] AppliInfo:139 - Unknown STM32CubeMX version: 6.11.0
2024-03-21 16:00:01,043 [ERROR] AppliInfo:139 - Unknown STM32CubeMX version: 6.11.0
2024-03-21 16:00:01,043 [ERROR] AppliInfo:139 - Unknown STM32CubeMX version: 6.11.0
2024-03-21 16:00:01,044 [ERROR] AppliInfo:139 - Unknown STM32CubeMX version: 6.11.0
2024-03-21 16:00:01,044 [ERROR] AppliInfo:139 - Unknown STM32CubeMX version: 6.11.0
2024-03-21 16:00:01,044 [ERROR] AppliInfo:139 - Unknown STM32CubeMX version: 6.11.0
2024-03-21 16:00:01,044 [ERROR] AppliInfo:139 - Unknown STM32CubeMX version: 6.11.0
2024-03-21 16:00:01,044 [ERROR] AppliInfo:139 - Unknown STM32CubeMX version: 6.11.0
2024-03-21 16:00:01,044 [ERROR] AppliInfo:139 - Unknown STM32CubeMX version: 6.11.0
2024-03-21 16:00:01,045 [ERROR] AppliInfo:139 - Unknown STM32CubeMX version: 6.11.0
2024-03-21 16:00:01,045 [ERROR] AppliInfo:139 - Unknown STM32CubeMX version: 6.11.0
2024-03-21 16:00:01,045 [ERROR] AppliInfo:139 - Unknown STM32CubeMX version: 6.11.0
2024-03-21 16:00:01,045 [ERROR] AppliInfo:139 - Unknown STM32CubeMX version: 6.11.0
2024-03-21 16:00:01,045 [ERROR] AppliInfo:139 - Unknown STM32CubeMX version: 6.11.0
2024-03-21 16:00:01,046 [ERROR] AppliInfo:139 - Unknown STM32CubeMX version: 6.11.0
2024-03-21 16:00:01,046 [ERROR] AppliInfo:139 - Unknown STM32CubeMX version: 6.11.0
2024-03-21 16:00:01,046 [ERROR] AppliInfo:139 - Unknown STM32CubeMX version: 6.11.0
2024-03-21 16:00:01,046 [ERROR] AppliInfo:139 - Unknown STM32CubeMX version: 6.11.0
2024-03-21 16:00:01,047 [ERROR] AppliInfo:139 - Unknown STM32CubeMX version: 6.11.0
2024-03-21 16:00:01,048 [ERROR] AppliInfo:139 - Unknown STM32CubeMX version: 6.11.0
2024-03-21 16:00:01,048 [ERROR] AppliInfo:139 - Unknown STM32CubeMX version: 6.11.0
2024-03-21 16:00:01,048 [ERROR] AppliInfo:139 - Unknown STM32CubeMX version: 6.11.0
2024-03-21 16:00:01,048 [ERROR] AppliInfo:139 - Unknown STM32CubeMX version: 6.11.0
2024-03-21 16:00:01,049 [ERROR] AppliInfo:139 - Unknown STM32CubeMX version: 6.11.0
2024-03-21 16:00:01,163 [ERROR] AppliInfo:139 - Unknown STM32CubeMX version: 6.11.0
2024-03-21 16:00:01,163 [ERROR] AppliInfo:139 - Unknown STM32CubeMX version: 6.11.0
2024-03-21 16:00:01,163 [ERROR] AppliInfo:139 - Unknown STM32CubeMX version: 6.11.0
2024-03-21 16:00:01,164 [ERROR] AppliInfo:139 - Unknown STM32CubeMX version: 6.11.0
2024-03-21 16:00:01,164 [ERROR] AppliInfo:139 - Unknown STM32CubeMX version: 6.11.0
2024-03-21 16:00:01,164 [ERROR] AppliInfo:139 - Unknown STM32CubeMX version: 6.11.0
2024-03-21 16:00:01,164 [ERROR] AppliInfo:139 - Unknown STM32CubeMX version: 6.11.0
2024-03-21 16:00:01,164 [ERROR] AppliInfo:139 - Unknown STM32CubeMX version: 6.11.0
2024-03-21 16:00:01,165 [ERROR] AppliInfo:139 - Unknown STM32CubeMX version: 6.11.0
2024-03-21 16:00:01,165 [ERROR] AppliInfo:139 - Unknown STM32CubeMX version: 6.11.0
2024-03-21 16:00:01,165 [ERROR] AppliInfo:139 - Unknown STM32CubeMX version: 6.11.0
2024-03-21 16:00:01,166 [ERROR] AppliInfo:139 - Unknown STM32CubeMX version: 6.11.0
2024-03-21 16:00:01,167 [ERROR] AppliInfo:139 - Unknown STM32CubeMX version: 6.11.0
2024-03-21 16:00:01,167 [ERROR] AppliInfo:139 - Unknown STM32CubeMX version: 6.11.0
2024-03-21 16:00:01,167 [ERROR] AppliInfo:139 - Unknown STM32CubeMX version: 6.11.0
2024-03-21 16:00:01,168 [ERROR] AppliInfo:139 - Unknown STM32CubeMX version: 6.11.0
2024-03-21 16:00:01,168 [ERROR] AppliInfo:139 - Unknown STM32CubeMX version: 6.11.0
2024-03-21 16:00:01,168 [ERROR] AppliInfo:139 - Unknown STM32CubeMX version: 6.11.0
2024-03-21 16:00:01,168 [ERROR] AppliInfo:139 - Unknown STM32CubeMX version: 6.11.0
2024-03-21 16:00:01,169 [ERROR] AppliInfo:139 - Unknown STM32CubeMX version: 6.11.0
2024-03-21 16:00:01,169 [ERROR] AppliInfo:139 - Unknown STM32CubeMX version: 6.11.0
2024-03-21 16:00:01,169 [ERROR] AppliInfo:139 - Unknown STM32CubeMX version: 6.11.0
2024-03-21 16:00:01,170 [ERROR] AppliInfo:139 - Unknown STM32CubeMX version: 6.11.0
2024-03-21 16:00:01,170 [ERROR] AppliInfo:139 - Unknown STM32CubeMX version: 6.11.0
2024-03-21 16:00:01,170 [ERROR] AppliInfo:139 - Unknown STM32CubeMX version: 6.11.0
2024-03-21 16:00:01,170 [ERROR] AppliInfo:139 - Unknown STM32CubeMX version: 6.11.0
2024-03-21 16:00:01,171 [ERROR] AppliInfo:139 - Unknown STM32CubeMX version: 6.11.0
2024-03-21 16:00:01,171 [ERROR] AppliInfo:139 - Unknown STM32CubeMX version: 6.11.0
2024-03-21 16:00:01,172 [ERROR] AppliInfo:139 - Unknown STM32CubeMX version: 6.11.0
2024-03-21 16:00:01,172 [ERROR] AppliInfo:139 - Unknown STM32CubeMX version: 6.11.0
2024-03-21 16:00:01,172 [ERROR] AppliInfo:139 - Unknown STM32CubeMX version: 6.11.0
2024-03-21 16:00:01,172 [ERROR] AppliInfo:139 - Unknown STM32CubeMX version: 6.11.0
2024-03-21 16:00:01,173 [ERROR] AppliInfo:139 - Unknown STM32CubeMX version: 6.11.0
2024-03-21 16:00:01,173 [ERROR] AppliInfo:139 - Unknown STM32CubeMX version: 6.11.0
2024-03-21 16:00:01,173 [ERROR] AppliInfo:139 - Unknown STM32CubeMX version: 6.11.0
2024-03-21 16:00:01,173 [ERROR] AppliInfo:139 - Unknown STM32CubeMX version: 6.11.0
2024-03-21 16:00:01,173 [ERROR] AppliInfo:139 - Unknown STM32CubeMX version: 6.11.0
2024-03-21 16:00:01,173 [ERROR] AppliInfo:139 - Unknown STM32CubeMX version: 6.11.0
2024-03-21 16:00:01,174 [ERROR] AppliInfo:139 - Unknown STM32CubeMX version: 6.11.0
2024-03-21 16:00:01,174 [ERROR] AppliInfo:139 - Unknown STM32CubeMX version: 6.11.0
2024-03-21 16:00:01,174 [ERROR] AppliInfo:139 - Unknown STM32CubeMX version: 6.11.0
2024-03-21 16:00:01,174 [ERROR] AppliInfo:139 - Unknown STM32CubeMX version: 6.11.0
2024-03-21 16:00:01,174 [ERROR] AppliInfo:139 - Unknown STM32CubeMX version: 6.11.0
2024-03-21 16:00:01,175 [ERROR] AppliInfo:139 - Unknown STM32CubeMX version: 6.11.0
2024-03-21 16:00:01,175 [ERROR] AppliInfo:139 - Unknown STM32CubeMX version: 6.11.0
2024-03-21 16:00:01,175 [ERROR] AppliInfo:139 - Unknown STM32CubeMX version: 6.11.0
2024-03-21 16:00:01,175 [ERROR] AppliInfo:139 - Unknown STM32CubeMX version: 6.11.0
2024-03-21 16:00:01,175 [ERROR] AppliInfo:139 - Unknown STM32CubeMX version: 6.11.0
2024-03-21 16:00:01,176 [ERROR] AppliInfo:139 - Unknown STM32CubeMX version: 6.11.0
2024-03-21 16:00:01,176 [ERROR] AppliInfo:139 - Unknown STM32CubeMX version: 6.11.0
2024-03-21 16:00:01,176 [ERROR] AppliInfo:139 - Unknown STM32CubeMX version: 6.11.0
2024-03-21 16:00:01,176 [ERROR] AppliInfo:139 - Unknown STM32CubeMX version: 6.11.0
2024-03-21 16:00:01,176 [ERROR] AppliInfo:139 - Unknown STM32CubeMX version: 6.11.0
2024-03-21 16:00:01,176 [ERROR] AppliInfo:139 - Unknown STM32CubeMX version: 6.11.0
2024-03-21 16:00:01,177 [ERROR] AppliInfo:139 - Unknown STM32CubeMX version: 6.11.0
2024-03-21 16:00:01,177 [ERROR] AppliInfo:139 - Unknown STM32CubeMX version: 6.11.0
2024-03-21 16:00:01,177 [ERROR] AppliInfo:139 - Unknown STM32CubeMX version: 6.11.0
2024-03-21 16:00:01,177 [ERROR] AppliInfo:139 - Unknown STM32CubeMX version: 6.11.0
2024-03-21 16:00:01,177 [ERROR] AppliInfo:139 - Unknown STM32CubeMX version: 6.11.0
2024-03-21 16:00:01,177 [ERROR] AppliInfo:139 - Unknown STM32CubeMX version: 6.11.0
2024-03-21 16:00:01,178 [ERROR] AppliInfo:139 - Unknown STM32CubeMX version: 6.11.0
2024-03-21 16:00:01,178 [ERROR] AppliInfo:139 - Unknown STM32CubeMX version: 6.11.0
2024-03-21 16:00:01,178 [ERROR] AppliInfo:139 - Unknown STM32CubeMX version: 6.11.0
2024-03-21 16:00:01,178 [ERROR] AppliInfo:139 - Unknown STM32CubeMX version: 6.11.0
2024-03-21 16:00:01,178 [ERROR] AppliInfo:139 - Unknown STM32CubeMX version: 6.11.0
2024-03-21 16:00:01,178 [ERROR] AppliInfo:139 - Unknown STM32CubeMX version: 6.11.0
2024-03-21 16:00:01,178 [ERROR] AppliInfo:139 - Unknown STM32CubeMX version: 6.11.0
2024-03-21 16:00:01,179 [ERROR] AppliInfo:139 - Unknown STM32CubeMX version: 6.11.0
2024-03-21 16:00:01,179 [ERROR] AppliInfo:139 - Unknown STM32CubeMX version: 6.11.0
2024-03-21 16:00:01,179 [ERROR] AppliInfo:139 - Unknown STM32CubeMX version: 6.11.0
2024-03-21 16:00:01,179 [ERROR] AppliInfo:139 - Unknown STM32CubeMX version: 6.11.0
2024-03-21 16:00:01,179 [ERROR] AppliInfo:139 - Unknown STM32CubeMX version: 6.11.0
2024-03-21 16:00:01,180 [ERROR] AppliInfo:139 - Unknown STM32CubeMX version: 6.11.0
2024-03-21 16:00:01,180 [ERROR] AppliInfo:139 - Unknown STM32CubeMX version: 6.11.0
2024-03-21 16:00:01,180 [ERROR] AppliInfo:139 - Unknown STM32CubeMX version: 6.11.0
2024-03-21 16:00:01,180 [ERROR] AppliInfo:139 - Unknown STM32CubeMX version: 6.11.0
2024-03-21 16:00:01,180 [ERROR] AppliInfo:139 - Unknown STM32CubeMX version: 6.11.0
2024-03-21 16:00:01,181 [ERROR] AppliInfo:139 - Unknown STM32CubeMX version: 6.11.0
2024-03-21 16:00:01,181 [ERROR] AppliInfo:139 - Unknown STM32CubeMX version: 6.11.0
2024-03-21 16:00:01,181 [ERROR] AppliInfo:139 - Unknown STM32CubeMX version: 6.11.0
2024-03-21 16:00:01,181 [ERROR] AppliInfo:139 - Unknown STM32CubeMX version: 6.11.0
2024-03-21 16:00:01,181 [ERROR] AppliInfo:139 - Unknown STM32CubeMX version: 6.11.0
2024-03-21 16:00:01,182 [ERROR] AppliInfo:139 - Unknown STM32CubeMX version: 6.11.0
2024-03-21 16:00:01,182 [ERROR] AppliInfo:139 - Unknown STM32CubeMX version: 6.11.0
2024-03-21 16:00:01,182 [ERROR] AppliInfo:139 - Unknown STM32CubeMX version: 6.11.0
2024-03-21 16:00:01,182 [ERROR] AppliInfo:139 - Unknown STM32CubeMX version: 6.11.0
2024-03-21 16:00:01,182 [ERROR] AppliInfo:139 - Unknown STM32CubeMX version: 6.11.0
2024-03-21 16:00:01,182 [ERROR] AppliInfo:139 - Unknown STM32CubeMX version: 6.11.0
2024-03-21 16:00:01,183 [ERROR] AppliInfo:139 - Unknown STM32CubeMX version: 6.11.0
2024-03-21 16:00:01,183 [ERROR] AppliInfo:139 - Unknown STM32CubeMX version: 6.11.0
2024-03-21 16:00:01,183 [ERROR] AppliInfo:139 - Unknown STM32CubeMX version: 6.11.0
2024-03-21 16:00:01,183 [ERROR] AppliInfo:139 - Unknown STM32CubeMX version: 6.11.0
2024-03-21 16:00:01,183 [ERROR] AppliInfo:139 - Unknown STM32CubeMX version: 6.11.0
2024-03-21 16:00:01,184 [ERROR] AppliInfo:139 - Unknown STM32CubeMX version: 6.11.0
2024-03-21 16:00:01,184 [ERROR] AppliInfo:139 - Unknown STM32CubeMX version: 6.11.0
2024-03-21 16:00:01,184 [ERROR] AppliInfo:139 - Unknown STM32CubeMX version: 6.11.0
2024-03-21 16:00:01,185 [ERROR] AppliInfo:139 - Unknown STM32CubeMX version: 6.11.0
2024-03-21 16:00:01,185 [ERROR] AppliInfo:139 - Unknown STM32CubeMX version: 6.11.0
2024-03-21 16:00:01,185 [ERROR] AppliInfo:139 - Unknown STM32CubeMX version: 6.11.0
2024-03-21 16:00:01,185 [ERROR] AppliInfo:139 - Unknown STM32CubeMX version: 6.11.0
2024-03-21 16:00:01,185 [ERROR] AppliInfo:139 - Unknown STM32CubeMX version: 6.11.0
2024-03-21 16:00:01,186 [ERROR] AppliInfo:139 - Unknown STM32CubeMX version: 6.11.0
2024-03-21 16:00:01,186 [ERROR] AppliInfo:139 - Unknown STM32CubeMX version: 6.11.0
2024-03-21 16:00:01,186 [ERROR] AppliInfo:139 - Unknown STM32CubeMX version: 6.11.0
2024-03-21 16:00:01,186 [ERROR] AppliInfo:139 - Unknown STM32CubeMX version: 6.11.0
2024-03-21 16:00:01,186 [ERROR] AppliInfo:139 - Unknown STM32CubeMX version: 6.11.0
2024-03-21 16:00:01,187 [ERROR] AppliInfo:139 - Unknown STM32CubeMX version: 6.11.0
2024-03-21 16:00:01,188 [ERROR] AppliInfo:139 - Unknown STM32CubeMX version: 6.11.0
2024-03-21 16:00:01,188 [ERROR] AppliInfo:139 - Unknown STM32CubeMX version: 6.11.0
2024-03-21 16:00:01,188 [ERROR] AppliInfo:139 - Unknown STM32CubeMX version: 6.11.0
2024-03-21 16:00:01,188 [ERROR] AppliInfo:139 - Unknown STM32CubeMX version: 6.11.0
2024-03-21 16:00:01,189 [ERROR] AppliInfo:139 - Unknown STM32CubeMX version: 6.11.0
2024-03-21 16:00:01,189 [ERROR] AppliInfo:139 - Unknown STM32CubeMX version: 6.11.0
2024-03-21 16:00:01,189 [ERROR] AppliInfo:139 - Unknown STM32CubeMX version: 6.11.0
2024-03-21 16:00:01,189 [ERROR] AppliInfo:139 - Unknown STM32CubeMX version: 6.11.0
2024-03-21 16:00:01,189 [ERROR] AppliInfo:139 - Unknown STM32CubeMX version: 6.11.0
2024-03-21 16:00:01,189 [ERROR] AppliInfo:139 - Unknown STM32CubeMX version: 6.11.0
2024-03-21 16:00:01,190 [ERROR] AppliInfo:139 - Unknown STM32CubeMX version: 6.11.0
2024-03-21 16:00:01,190 [ERROR] AppliInfo:139 - Unknown STM32CubeMX version: 6.11.0
2024-03-21 16:00:01,190 [ERROR] AppliInfo:139 - Unknown STM32CubeMX version: 6.11.0
2024-03-21 16:00:01,190 [ERROR] AppliInfo:139 - Unknown STM32CubeMX version: 6.11.0
2024-03-21 16:00:01,190 [ERROR] AppliInfo:139 - Unknown STM32CubeMX version: 6.11.0
2024-03-21 16:00:01,191 [ERROR] AppliInfo:139 - Unknown STM32CubeMX version: 6.11.0
2024-03-21 16:00:01,191 [ERROR] AppliInfo:139 - Unknown STM32CubeMX version: 6.11.0
2024-03-21 16:00:01,191 [ERROR] AppliInfo:139 - Unknown STM32CubeMX version: 6.11.0
2024-03-21 16:00:01,191 [ERROR] AppliInfo:139 - Unknown STM32CubeMX version: 6.11.0
2024-03-21 16:00:01,191 [ERROR] AppliInfo:139 - Unknown STM32CubeMX version: 6.11.0
2024-03-21 16:00:01,191 [ERROR] AppliInfo:139 - Unknown STM32CubeMX version: 6.11.0
2024-03-21 16:00:01,192 [ERROR] AppliInfo:139 - Unknown STM32CubeMX version: 6.11.0
2024-03-21 16:00:01,192 [ERROR] AppliInfo:139 - Unknown STM32CubeMX version: 6.11.0
2024-03-21 16:00:01,192 [ERROR] AppliInfo:139 - Unknown STM32CubeMX version: 6.11.0
2024-03-21 16:00:01,192 [ERROR] AppliInfo:139 - Unknown STM32CubeMX version: 6.11.0
2024-03-21 16:00:01,192 [ERROR] AppliInfo:139 - Unknown STM32CubeMX version: 6.11.0
2024-03-21 16:00:01,193 [ERROR] AppliInfo:139 - Unknown STM32CubeMX version: 6.11.0
2024-03-21 16:00:01,193 [ERROR] AppliInfo:139 - Unknown STM32CubeMX version: 6.11.0
2024-03-21 16:00:01,193 [ERROR] AppliInfo:139 - Unknown STM32CubeMX version: 6.11.0
2024-03-21 16:00:01,193 [ERROR] AppliInfo:139 - Unknown STM32CubeMX version: 6.11.0
2024-03-21 16:00:01,193 [ERROR] AppliInfo:139 - Unknown STM32CubeMX version: 6.11.0
2024-03-21 16:00:01,194 [ERROR] AppliInfo:139 - Unknown STM32CubeMX version: 6.11.0
2024-03-21 16:00:01,194 [ERROR] AppliInfo:139 - Unknown STM32CubeMX version: 6.11.0
2024-03-21 16:00:01,194 [ERROR] AppliInfo:139 - Unknown STM32CubeMX version: 6.11.0
2024-03-21 16:00:01,194 [ERROR] AppliInfo:139 - Unknown STM32CubeMX version: 6.11.0
2024-03-21 16:00:01,194 [ERROR] AppliInfo:139 - Unknown STM32CubeMX version: 6.11.0
2024-03-21 16:00:01,195 [ERROR] AppliInfo:139 - Unknown STM32CubeMX version: 6.11.0
2024-03-21 16:00:01,195 [ERROR] AppliInfo:139 - Unknown STM32CubeMX version: 6.11.0
2024-03-21 16:00:01,196 [ERROR] AppliInfo:139 - Unknown STM32CubeMX version: 6.11.0
2024-03-21 16:00:01,196 [ERROR] AppliInfo:139 - Unknown STM32CubeMX version: 6.11.0
2024-03-21 16:00:01,196 [ERROR] AppliInfo:139 - Unknown STM32CubeMX version: 6.11.0
2024-03-21 16:00:01,196 [ERROR] AppliInfo:139 - Unknown STM32CubeMX version: 6.11.0
2024-03-21 16:00:01,197 [ERROR] AppliInfo:139 - Unknown STM32CubeMX version: 6.11.0
2024-03-21 16:00:01,197 [ERROR] AppliInfo:139 - Unknown STM32CubeMX version: 6.11.0
2024-03-21 16:00:01,197 [ERROR] AppliInfo:139 - Unknown STM32CubeMX version: 6.11.0
2024-03-21 16:00:01,197 [ERROR] AppliInfo:139 - Unknown STM32CubeMX version: 6.11.0
2024-03-21 16:00:01,197 [ERROR] AppliInfo:139 - Unknown STM32CubeMX version: 6.11.0
2024-03-21 16:00:01,197 [ERROR] AppliInfo:139 - Unknown STM32CubeMX version: 6.11.0
2024-03-21 16:00:01,198 [ERROR] AppliInfo:139 - Unknown STM32CubeMX version: 6.11.0
2024-03-21 16:00:01,198 [ERROR] AppliInfo:139 - Unknown STM32CubeMX version: 6.11.0
2024-03-21 16:00:01,198 [ERROR] AppliInfo:139 - Unknown STM32CubeMX version: 6.11.0
2024-03-21 16:00:01,198 [ERROR] AppliInfo:139 - Unknown STM32CubeMX version: 6.11.0
2024-03-21 16:00:01,198 [ERROR] AppliInfo:139 - Unknown STM32CubeMX version: 6.11.0
2024-03-21 16:00:01,199 [ERROR] AppliInfo:139 - Unknown STM32CubeMX version: 6.11.0
2024-03-21 16:00:01,199 [ERROR] AppliInfo:139 - Unknown STM32CubeMX version: 6.11.0
2024-03-21 16:00:01,199 [ERROR] AppliInfo:139 - Unknown STM32CubeMX version: 6.11.0
2024-03-21 16:00:01,199 [ERROR] AppliInfo:139 - Unknown STM32CubeMX version: 6.11.0
2024-03-21 16:00:01,199 [ERROR] AppliInfo:139 - Unknown STM32CubeMX version: 6.11.0
2024-03-21 16:00:01,199 [ERROR] AppliInfo:139 - Unknown STM32CubeMX version: 6.11.0
2024-03-21 16:00:01,200 [ERROR] AppliInfo:139 - Unknown STM32CubeMX version: 6.11.0
2024-03-21 16:00:01,200 [ERROR] AppliInfo:139 - Unknown STM32CubeMX version: 6.11.0
2024-03-21 16:00:01,200 [ERROR] AppliInfo:139 - Unknown STM32CubeMX version: 6.11.0
2024-03-21 16:00:01,200 [ERROR] AppliInfo:139 - Unknown STM32CubeMX version: 6.11.0
2024-03-21 16:00:01,200 [ERROR] AppliInfo:139 - Unknown STM32CubeMX version: 6.11.0
2024-03-21 16:00:01,200 [ERROR] AppliInfo:139 - Unknown STM32CubeMX version: 6.11.0
2024-03-21 16:00:01,201 [ERROR] AppliInfo:139 - Unknown STM32CubeMX version: 6.11.0
2024-03-21 16:00:01,201 [ERROR] AppliInfo:139 - Unknown STM32CubeMX version: 6.11.0
2024-03-21 16:00:01,201 [ERROR] AppliInfo:139 - Unknown STM32CubeMX version: 6.11.0
2024-03-21 16:00:01,201 [ERROR] AppliInfo:139 - Unknown STM32CubeMX version: 6.11.0
2024-03-21 16:00:01,202 [ERROR] AppliInfo:139 - Unknown STM32CubeMX version: 6.11.0
2024-03-21 16:00:01,202 [ERROR] AppliInfo:139 - Unknown STM32CubeMX version: 6.11.0
2024-03-21 16:00:01,202 [ERROR] AppliInfo:139 - Unknown STM32CubeMX version: 6.11.0
2024-03-21 16:00:01,202 [ERROR] AppliInfo:139 - Unknown STM32CubeMX version: 6.11.0
2024-03-21 16:00:01,202 [ERROR] AppliInfo:139 - Unknown STM32CubeMX version: 6.11.0
2024-03-21 16:00:01,203 [ERROR] AppliInfo:139 - Unknown STM32CubeMX version: 6.11.0
2024-03-21 16:00:01,203 [ERROR] AppliInfo:139 - Unknown STM32CubeMX version: 6.11.0
2024-03-21 16:00:01,203 [ERROR] AppliInfo:139 - Unknown STM32CubeMX version: 6.11.0
2024-03-21 16:00:01,203 [ERROR] AppliInfo:139 - Unknown STM32CubeMX version: 6.11.0
2024-03-21 16:00:01,203 [ERROR] AppliInfo:139 - Unknown STM32CubeMX version: 6.11.0
2024-03-21 16:00:01,203 [ERROR] AppliInfo:139 - Unknown STM32CubeMX version: 6.11.0
2024-03-21 16:00:01,204 [ERROR] AppliInfo:139 - Unknown STM32CubeMX version: 6.11.0
2024-03-21 16:00:01,585 [ERROR] AppliInfo:139 - Unknown STM32CubeMX version: 6.11.0
2024-03-21 16:00:01,585 [ERROR] AppliInfo:139 - Unknown STM32CubeMX version: 6.11.0
2024-03-21 16:00:01,585 [ERROR] AppliInfo:139 - Unknown STM32CubeMX version: 6.11.0
2024-03-21 16:00:01,586 [ERROR] AppliInfo:139 - Unknown STM32CubeMX version: 6.11.0
2024-03-21 16:00:01,586 [ERROR] AppliInfo:139 - Unknown STM32CubeMX version: 6.11.0
2024-03-21 16:00:01,586 [ERROR] AppliInfo:139 - Unknown STM32CubeMX version: 6.11.0
2024-03-21 16:00:01,586 [ERROR] AppliInfo:139 - Unknown STM32CubeMX version: 6.11.0
2024-03-21 16:00:01,586 [ERROR] AppliInfo:139 - Unknown STM32CubeMX version: 6.11.0
2024-03-21 16:00:01,586 [ERROR] AppliInfo:139 - Unknown STM32CubeMX version: 6.11.0
2024-03-21 16:00:01,587 [ERROR] AppliInfo:139 - Unknown STM32CubeMX version: 6.11.0
2024-03-21 16:00:01,587 [ERROR] AppliInfo:139 - Unknown STM32CubeMX version: 6.11.0
2024-03-21 16:00:01,587 [ERROR] AppliInfo:139 - Unknown STM32CubeMX version: 6.11.0
2024-03-21 16:00:01,587 [ERROR] AppliInfo:139 - Unknown STM32CubeMX version: 6.11.0
2024-03-21 16:00:01,587 [ERROR] AppliInfo:139 - Unknown STM32CubeMX version: 6.11.0
2024-03-21 16:00:01,588 [ERROR] AppliInfo:139 - Unknown STM32CubeMX version: 6.11.0
2024-03-21 16:00:01,588 [ERROR] AppliInfo:139 - Unknown STM32CubeMX version: 6.11.0
2024-03-21 16:00:01,588 [ERROR] AppliInfo:139 - Unknown STM32CubeMX version: 6.11.0
2024-03-21 16:00:01,588 [ERROR] AppliInfo:139 - Unknown STM32CubeMX version: 6.11.0
2024-03-21 16:00:01,588 [ERROR] AppliInfo:139 - Unknown STM32CubeMX version: 6.11.0
2024-03-21 16:00:01,589 [ERROR] AppliInfo:139 - Unknown STM32CubeMX version: 6.11.0
2024-03-21 16:00:01,589 [ERROR] AppliInfo:139 - Unknown STM32CubeMX version: 6.11.0
2024-03-21 16:00:01,589 [ERROR] AppliInfo:139 - Unknown STM32CubeMX version: 6.11.0
2024-03-21 16:00:01,589 [ERROR] AppliInfo:139 - Unknown STM32CubeMX version: 6.11.0
2024-03-21 16:00:01,589 [ERROR] AppliInfo:139 - Unknown STM32CubeMX version: 6.11.0
2024-03-21 16:00:01,590 [ERROR] AppliInfo:139 - Unknown STM32CubeMX version: 6.11.0
2024-03-21 16:00:01,590 [ERROR] AppliInfo:139 - Unknown STM32CubeMX version: 6.11.0
2024-03-21 16:00:01,590 [ERROR] AppliInfo:139 - Unknown STM32CubeMX version: 6.11.0
2024-03-21 16:00:01,590 [ERROR] AppliInfo:139 - Unknown STM32CubeMX version: 6.11.0
2024-03-21 16:00:01,590 [ERROR] AppliInfo:139 - Unknown STM32CubeMX version: 6.11.0
2024-03-21 16:00:01,591 [ERROR] AppliInfo:139 - Unknown STM32CubeMX version: 6.11.0
2024-03-21 16:00:01,591 [ERROR] AppliInfo:139 - Unknown STM32CubeMX version: 6.11.0
2024-03-21 16:00:01,591 [ERROR] AppliInfo:139 - Unknown STM32CubeMX version: 6.11.0
2024-03-21 16:00:01,591 [ERROR] AppliInfo:139 - Unknown STM32CubeMX version: 6.11.0
2024-03-21 16:00:01,592 [ERROR] AppliInfo:139 - Unknown STM32CubeMX version: 6.11.0
2024-03-21 16:00:01,592 [ERROR] AppliInfo:139 - Unknown STM32CubeMX version: 6.11.0
2024-03-21 16:00:01,592 [ERROR] AppliInfo:139 - Unknown STM32CubeMX version: 6.11.0
2024-03-21 16:00:01,592 [ERROR] AppliInfo:139 - Unknown STM32CubeMX version: 6.11.0
2024-03-21 16:00:01,592 [ERROR] AppliInfo:139 - Unknown STM32CubeMX version: 6.11.0
2024-03-21 16:00:01,593 [ERROR] AppliInfo:139 - Unknown STM32CubeMX version: 6.11.0
2024-03-21 16:00:01,593 [ERROR] AppliInfo:139 - Unknown STM32CubeMX version: 6.11.0
2024-03-21 16:00:01,593 [ERROR] AppliInfo:139 - Unknown STM32CubeMX version: 6.11.0
2024-03-21 16:00:01,593 [ERROR] AppliInfo:139 - Unknown STM32CubeMX version: 6.11.0
2024-03-21 16:00:01,593 [ERROR] AppliInfo:139 - Unknown STM32CubeMX version: 6.11.0
2024-03-21 16:00:01,593 [ERROR] AppliInfo:139 - Unknown STM32CubeMX version: 6.11.0
2024-03-21 16:00:01,594 [ERROR] AppliInfo:139 - Unknown STM32CubeMX version: 6.11.0
2024-03-21 16:00:01,594 [ERROR] AppliInfo:139 - Unknown STM32CubeMX version: 6.11.0
2024-03-21 16:00:01,594 [ERROR] AppliInfo:139 - Unknown STM32CubeMX version: 6.11.0
2024-03-21 16:00:01,594 [ERROR] AppliInfo:139 - Unknown STM32CubeMX version: 6.11.0
2024-03-21 16:00:01,594 [ERROR] AppliInfo:139 - Unknown STM32CubeMX version: 6.11.0
2024-03-21 16:00:01,594 [ERROR] AppliInfo:139 - Unknown STM32CubeMX version: 6.11.0
2024-03-21 16:00:01,595 [ERROR] AppliInfo:139 - Unknown STM32CubeMX version: 6.11.0
2024-03-21 16:00:01,595 [ERROR] AppliInfo:139 - Unknown STM32CubeMX version: 6.11.0
2024-03-21 16:00:01,595 [ERROR] AppliInfo:139 - Unknown STM32CubeMX version: 6.11.0
2024-03-21 16:00:01,595 [ERROR] AppliInfo:139 - Unknown STM32CubeMX version: 6.11.0
2024-03-21 16:00:01,595 [ERROR] AppliInfo:139 - Unknown STM32CubeMX version: 6.11.0
2024-03-21 16:00:01,595 [ERROR] AppliInfo:139 - Unknown STM32CubeMX version: 6.11.0
2024-03-21 16:00:01,595 [ERROR] AppliInfo:139 - Unknown STM32CubeMX version: 6.11.0
2024-03-21 16:00:01,596 [ERROR] AppliInfo:139 - Unknown STM32CubeMX version: 6.11.0
2024-03-21 16:00:01,596 [ERROR] AppliInfo:139 - Unknown STM32CubeMX version: 6.11.0
2024-03-21 16:00:01,596 [ERROR] AppliInfo:139 - Unknown STM32CubeMX version: 6.11.0
2024-03-21 16:00:01,596 [ERROR] AppliInfo:139 - Unknown STM32CubeMX version: 6.11.0
2024-03-21 16:00:01,596 [ERROR] AppliInfo:139 - Unknown STM32CubeMX version: 6.11.0
2024-03-21 16:00:01,596 [ERROR] AppliInfo:139 - Unknown STM32CubeMX version: 6.11.0
2024-03-21 16:00:01,597 [ERROR] AppliInfo:139 - Unknown STM32CubeMX version: 6.11.0
2024-03-21 16:00:01,597 [ERROR] AppliInfo:139 - Unknown STM32CubeMX version: 6.11.0
2024-03-21 16:00:01,597 [ERROR] AppliInfo:139 - Unknown STM32CubeMX version: 6.11.0
2024-03-21 16:00:01,597 [ERROR] AppliInfo:139 - Unknown STM32CubeMX version: 6.11.0
2024-03-21 16:00:01,597 [ERROR] AppliInfo:139 - Unknown STM32CubeMX version: 6.11.0
2024-03-21 16:00:01,598 [ERROR] AppliInfo:139 - Unknown STM32CubeMX version: 6.11.0
2024-03-21 16:00:01,598 [ERROR] AppliInfo:139 - Unknown STM32CubeMX version: 6.11.0
2024-03-21 16:00:01,598 [ERROR] AppliInfo:139 - Unknown STM32CubeMX version: 6.11.0
2024-03-21 16:00:01,598 [ERROR] AppliInfo:139 - Unknown STM32CubeMX version: 6.11.0
2024-03-21 16:00:01,598 [ERROR] AppliInfo:139 - Unknown STM32CubeMX version: 6.11.0
2024-03-21 16:00:01,598 [ERROR] AppliInfo:139 - Unknown STM32CubeMX version: 6.11.0
2024-03-21 16:00:01,599 [ERROR] AppliInfo:139 - Unknown STM32CubeMX version: 6.11.0
2024-03-21 16:00:01,599 [ERROR] AppliInfo:139 - Unknown STM32CubeMX version: 6.11.0
2024-03-21 16:00:01,600 [ERROR] AppliInfo:139 - Unknown STM32CubeMX version: 6.11.0
2024-03-21 16:00:01,600 [ERROR] AppliInfo:139 - Unknown STM32CubeMX version: 6.11.0
2024-03-21 16:00:01,600 [ERROR] AppliInfo:139 - Unknown STM32CubeMX version: 6.11.0
2024-03-21 16:00:01,601 [ERROR] AppliInfo:139 - Unknown STM32CubeMX version: 6.11.0
2024-03-21 16:00:01,601 [ERROR] AppliInfo:139 - Unknown STM32CubeMX version: 6.11.0
2024-03-21 16:00:01,601 [ERROR] AppliInfo:139 - Unknown STM32CubeMX version: 6.11.0
2024-03-21 16:00:01,601 [ERROR] AppliInfo:139 - Unknown STM32CubeMX version: 6.11.0
2024-03-21 16:00:01,601 [ERROR] AppliInfo:139 - Unknown STM32CubeMX version: 6.11.0
2024-03-21 16:00:01,602 [ERROR] AppliInfo:139 - Unknown STM32CubeMX version: 6.11.0
2024-03-21 16:00:01,602 [ERROR] AppliInfo:139 - Unknown STM32CubeMX version: 6.11.0
2024-03-21 16:00:01,602 [ERROR] AppliInfo:139 - Unknown STM32CubeMX version: 6.11.0
2024-03-21 16:00:01,602 [ERROR] AppliInfo:139 - Unknown STM32CubeMX version: 6.11.0
2024-03-21 16:00:01,602 [ERROR] AppliInfo:139 - Unknown STM32CubeMX version: 6.11.0
2024-03-21 16:00:01,602 [ERROR] AppliInfo:139 - Unknown STM32CubeMX version: 6.11.0
2024-03-21 16:00:01,603 [ERROR] AppliInfo:139 - Unknown STM32CubeMX version: 6.11.0
2024-03-21 16:00:01,603 [ERROR] AppliInfo:139 - Unknown STM32CubeMX version: 6.11.0
2024-03-21 16:00:01,603 [ERROR] AppliInfo:139 - Unknown STM32CubeMX version: 6.11.0
2024-03-21 16:00:01,603 [ERROR] AppliInfo:139 - Unknown STM32CubeMX version: 6.11.0
2024-03-21 16:00:01,603 [ERROR] AppliInfo:139 - Unknown STM32CubeMX version: 6.11.0
2024-03-21 16:00:01,603 [ERROR] AppliInfo:139 - Unknown STM32CubeMX version: 6.11.0
2024-03-21 16:00:01,604 [ERROR] AppliInfo:139 - Unknown STM32CubeMX version: 6.11.0
2024-03-21 16:00:01,604 [ERROR] AppliInfo:139 - Unknown STM32CubeMX version: 6.11.0
2024-03-21 16:00:01,604 [ERROR] AppliInfo:139 - Unknown STM32CubeMX version: 6.11.0
2024-03-21 16:00:01,604 [ERROR] AppliInfo:139 - Unknown STM32CubeMX version: 6.11.0
2024-03-21 16:00:01,604 [ERROR] AppliInfo:139 - Unknown STM32CubeMX version: 6.11.0
2024-03-21 16:00:01,604 [ERROR] AppliInfo:139 - Unknown STM32CubeMX version: 6.11.0
2024-03-21 16:00:01,605 [ERROR] AppliInfo:139 - Unknown STM32CubeMX version: 6.11.0
2024-03-21 16:00:01,605 [ERROR] AppliInfo:139 - Unknown STM32CubeMX version: 6.11.0
2024-03-21 16:00:01,605 [ERROR] AppliInfo:139 - Unknown STM32CubeMX version: 6.11.0
2024-03-21 16:00:01,605 [ERROR] AppliInfo:139 - Unknown STM32CubeMX version: 6.11.0
2024-03-21 16:00:01,605 [ERROR] AppliInfo:139 - Unknown STM32CubeMX version: 6.11.0
2024-03-21 16:00:01,605 [ERROR] AppliInfo:139 - Unknown STM32CubeMX version: 6.11.0
2024-03-21 16:00:01,606 [ERROR] AppliInfo:139 - Unknown STM32CubeMX version: 6.11.0
2024-03-21 16:00:01,606 [ERROR] AppliInfo:139 - Unknown STM32CubeMX version: 6.11.0
2024-03-21 16:00:01,606 [ERROR] AppliInfo:139 - Unknown STM32CubeMX version: 6.11.0
2024-03-21 16:00:01,606 [ERROR] AppliInfo:139 - Unknown STM32CubeMX version: 6.11.0
2024-03-21 16:00:01,606 [ERROR] AppliInfo:139 - Unknown STM32CubeMX version: 6.11.0
2024-03-21 16:00:01,607 [ERROR] AppliInfo:139 - Unknown STM32CubeMX version: 6.11.0
2024-03-21 16:00:01,607 [ERROR] AppliInfo:139 - Unknown STM32CubeMX version: 6.11.0
2024-03-21 16:00:01,607 [ERROR] AppliInfo:139 - Unknown STM32CubeMX version: 6.11.0
2024-03-21 16:00:01,607 [ERROR] AppliInfo:139 - Unknown STM32CubeMX version: 6.11.0
2024-03-21 16:00:01,607 [ERROR] AppliInfo:139 - Unknown STM32CubeMX version: 6.11.0
2024-03-21 16:00:01,607 [ERROR] AppliInfo:139 - Unknown STM32CubeMX version: 6.11.0
2024-03-21 16:00:01,607 [ERROR] AppliInfo:139 - Unknown STM32CubeMX version: 6.11.0
2024-03-21 16:00:01,608 [ERROR] AppliInfo:139 - Unknown STM32CubeMX version: 6.11.0
2024-03-21 16:00:01,608 [ERROR] AppliInfo:139 - Unknown STM32CubeMX version: 6.11.0
2024-03-21 16:00:01,608 [ERROR] AppliInfo:139 - Unknown STM32CubeMX version: 6.11.0
2024-03-21 16:00:01,608 [ERROR] AppliInfo:139 - Unknown STM32CubeMX version: 6.11.0
2024-03-21 16:00:01,608 [ERROR] AppliInfo:139 - Unknown STM32CubeMX version: 6.11.0
2024-03-21 16:00:01,608 [ERROR] AppliInfo:139 - Unknown STM32CubeMX version: 6.11.0
2024-03-21 16:00:01,609 [ERROR] AppliInfo:139 - Unknown STM32CubeMX version: 6.11.0
2024-03-21 16:00:01,609 [ERROR] AppliInfo:139 - Unknown STM32CubeMX version: 6.11.0
2024-03-21 16:00:01,609 [ERROR] AppliInfo:139 - Unknown STM32CubeMX version: 6.11.0
2024-03-21 16:00:01,609 [ERROR] AppliInfo:139 - Unknown STM32CubeMX version: 6.11.0
2024-03-21 16:00:01,609 [ERROR] AppliInfo:139 - Unknown STM32CubeMX version: 6.11.0
2024-03-21 16:00:01,609 [ERROR] AppliInfo:139 - Unknown STM32CubeMX version: 6.11.0
2024-03-21 16:00:01,610 [ERROR] AppliInfo:139 - Unknown STM32CubeMX version: 6.11.0
2024-03-21 16:00:01,610 [ERROR] AppliInfo:139 - Unknown STM32CubeMX version: 6.11.0
2024-03-21 16:00:01,610 [ERROR] AppliInfo:139 - Unknown STM32CubeMX version: 6.11.0
2024-03-21 16:00:01,610 [ERROR] AppliInfo:139 - Unknown STM32CubeMX version: 6.11.0
2024-03-21 16:00:01,611 [ERROR] AppliInfo:139 - Unknown STM32CubeMX version: 6.11.0
2024-03-21 16:00:01,611 [ERROR] AppliInfo:139 - Unknown STM32CubeMX version: 6.11.0
2024-03-21 16:00:01,611 [ERROR] AppliInfo:139 - Unknown STM32CubeMX version: 6.11.0
2024-03-21 16:00:01,611 [ERROR] AppliInfo:139 - Unknown STM32CubeMX version: 6.11.0
2024-03-21 16:00:01,611 [ERROR] AppliInfo:139 - Unknown STM32CubeMX version: 6.11.0
2024-03-21 16:00:01,612 [ERROR] AppliInfo:139 - Unknown STM32CubeMX version: 6.11.0
2024-03-21 16:00:01,612 [ERROR] AppliInfo:139 - Unknown STM32CubeMX version: 6.11.0
2024-03-21 16:00:01,612 [ERROR] AppliInfo:139 - Unknown STM32CubeMX version: 6.11.0
2024-03-21 16:00:01,612 [ERROR] AppliInfo:139 - Unknown STM32CubeMX version: 6.11.0
2024-03-21 16:00:01,612 [ERROR] AppliInfo:139 - Unknown STM32CubeMX version: 6.11.0
2024-03-21 16:00:01,612 [ERROR] AppliInfo:139 - Unknown STM32CubeMX version: 6.11.0
2024-03-21 16:00:01,613 [ERROR] AppliInfo:139 - Unknown STM32CubeMX version: 6.11.0
2024-03-21 16:00:01,613 [ERROR] AppliInfo:139 - Unknown STM32CubeMX version: 6.11.0
2024-03-21 16:00:01,613 [ERROR] AppliInfo:139 - Unknown STM32CubeMX version: 6.11.0
2024-03-21 16:00:01,613 [ERROR] AppliInfo:139 - Unknown STM32CubeMX version: 6.11.0
2024-03-21 16:00:01,613 [ERROR] AppliInfo:139 - Unknown STM32CubeMX version: 6.11.0
2024-03-21 16:00:01,613 [ERROR] AppliInfo:139 - Unknown STM32CubeMX version: 6.11.0
2024-03-21 16:00:01,614 [ERROR] AppliInfo:139 - Unknown STM32CubeMX version: 6.11.0
2024-03-21 16:00:01,614 [ERROR] AppliInfo:139 - Unknown STM32CubeMX version: 6.11.0
2024-03-21 16:00:01,614 [ERROR] AppliInfo:139 - Unknown STM32CubeMX version: 6.11.0
2024-03-21 16:00:01,614 [ERROR] AppliInfo:139 - Unknown STM32CubeMX version: 6.11.0
2024-03-21 16:00:01,614 [ERROR] AppliInfo:139 - Unknown STM32CubeMX version: 6.11.0
2024-03-21 16:00:01,615 [ERROR] AppliInfo:139 - Unknown STM32CubeMX version: 6.11.0
2024-03-21 16:00:01,615 [ERROR] AppliInfo:139 - Unknown STM32CubeMX version: 6.11.0
2024-03-21 16:00:01,615 [ERROR] AppliInfo:139 - Unknown STM32CubeMX version: 6.11.0
2024-03-21 16:00:01,615 [ERROR] AppliInfo:139 - Unknown STM32CubeMX version: 6.11.0
2024-03-21 16:00:01,615 [ERROR] AppliInfo:139 - Unknown STM32CubeMX version: 6.11.0
2024-03-21 16:00:01,615 [ERROR] AppliInfo:139 - Unknown STM32CubeMX version: 6.11.0
2024-03-21 16:00:01,615 [ERROR] AppliInfo:139 - Unknown STM32CubeMX version: 6.11.0
2024-03-21 16:00:01,616 [ERROR] AppliInfo:139 - Unknown STM32CubeMX version: 6.11.0
2024-03-21 16:00:01,616 [ERROR] AppliInfo:139 - Unknown STM32CubeMX version: 6.11.0
2024-03-21 16:00:01,616 [ERROR] AppliInfo:139 - Unknown STM32CubeMX version: 6.11.0
2024-03-21 16:00:01,616 [ERROR] AppliInfo:139 - Unknown STM32CubeMX version: 6.11.0
2024-03-21 16:00:01,616 [ERROR] AppliInfo:139 - Unknown STM32CubeMX version: 6.11.0
2024-03-21 16:00:01,616 [ERROR] AppliInfo:139 - Unknown STM32CubeMX version: 6.11.0
2024-03-21 16:00:01,617 [ERROR] AppliInfo:139 - Unknown STM32CubeMX version: 6.11.0
2024-03-21 16:00:01,617 [ERROR] AppliInfo:139 - Unknown STM32CubeMX version: 6.11.0
2024-03-21 16:00:01,617 [ERROR] AppliInfo:139 - Unknown STM32CubeMX version: 6.11.0
2024-03-21 16:00:01,617 [ERROR] AppliInfo:139 - Unknown STM32CubeMX version: 6.11.0
2024-03-21 16:00:01,617 [ERROR] AppliInfo:139 - Unknown STM32CubeMX version: 6.11.0
2024-03-21 16:00:01,617 [ERROR] AppliInfo:139 - Unknown STM32CubeMX version: 6.11.0
2024-03-21 16:00:01,617 [ERROR] AppliInfo:139 - Unknown STM32CubeMX version: 6.11.0
2024-03-21 16:00:01,618 [ERROR] AppliInfo:139 - Unknown STM32CubeMX version: 6.11.0
2024-03-21 16:00:01,618 [ERROR] AppliInfo:139 - Unknown STM32CubeMX version: 6.11.0
2024-03-21 16:00:01,618 [ERROR] AppliInfo:139 - Unknown STM32CubeMX version: 6.11.0
2024-03-21 16:00:01,618 [ERROR] AppliInfo:139 - Unknown STM32CubeMX version: 6.11.0
2024-03-21 16:00:01,618 [ERROR] AppliInfo:139 - Unknown STM32CubeMX version: 6.11.0
2024-03-21 16:00:01,618 [ERROR] AppliInfo:139 - Unknown STM32CubeMX version: 6.11.0
2024-03-21 16:00:01,618 [ERROR] AppliInfo:139 - Unknown STM32CubeMX version: 6.11.0
2024-03-21 16:00:01,619 [ERROR] AppliInfo:139 - Unknown STM32CubeMX version: 6.11.0
2024-03-21 16:00:01,619 [ERROR] AppliInfo:139 - Unknown STM32CubeMX version: 6.11.0
2024-03-21 16:00:01,619 [ERROR] AppliInfo:139 - Unknown STM32CubeMX version: 6.11.0
2024-03-21 16:00:01,619 [ERROR] AppliInfo:139 - Unknown STM32CubeMX version: 6.11.0
2024-03-21 16:00:01,619 [ERROR] AppliInfo:139 - Unknown STM32CubeMX version: 6.11.0
2024-03-21 16:00:01,619 [ERROR] AppliInfo:139 - Unknown STM32CubeMX version: 6.11.0
2024-03-21 16:00:01,620 [ERROR] AppliInfo:139 - Unknown STM32CubeMX version: 6.11.0
2024-03-21 16:00:01,620 [ERROR] AppliInfo:139 - Unknown STM32CubeMX version: 6.11.0
2024-03-21 16:00:01,620 [ERROR] AppliInfo:139 - Unknown STM32CubeMX version: 6.11.0
2024-03-21 16:00:01,620 [ERROR] AppliInfo:139 - Unknown STM32CubeMX version: 6.11.0
2024-03-21 16:00:01,620 [ERROR] AppliInfo:139 - Unknown STM32CubeMX version: 6.11.0
2024-03-21 16:00:01,621 [ERROR] AppliInfo:139 - Unknown STM32CubeMX version: 6.11.0
2024-03-21 16:00:01,621 [ERROR] AppliInfo:139 - Unknown STM32CubeMX version: 6.11.0
2024-03-21 16:00:01,621 [ERROR] AppliInfo:139 - Unknown STM32CubeMX version: 6.11.0
2024-03-21 16:00:01,621 [ERROR] AppliInfo:139 - Unknown STM32CubeMX version: 6.11.0
2024-03-21 16:00:01,621 [ERROR] AppliInfo:139 - Unknown STM32CubeMX version: 6.11.0
2024-03-21 16:00:01,621 [ERROR] AppliInfo:139 - Unknown STM32CubeMX version: 6.11.0
2024-03-21 16:00:01,621 [ERROR] AppliInfo:139 - Unknown STM32CubeMX version: 6.11.0
2024-03-21 16:00:01,622 [ERROR] AppliInfo:139 - Unknown STM32CubeMX version: 6.11.0
2024-03-21 16:00:01,622 [ERROR] AppliInfo:139 - Unknown STM32CubeMX version: 6.11.0
2024-03-21 16:00:01,622 [ERROR] AppliInfo:139 - Unknown STM32CubeMX version: 6.11.0
2024-03-21 16:00:01,622 [ERROR] AppliInfo:139 - Unknown STM32CubeMX version: 6.11.0
2024-03-21 16:00:01,622 [ERROR] AppliInfo:139 - Unknown STM32CubeMX version: 6.11.0
2024-03-21 16:00:01,623 [ERROR] AppliInfo:139 - Unknown STM32CubeMX version: 6.11.0
2024-03-21 16:00:01,623 [ERROR] AppliInfo:139 - Unknown STM32CubeMX version: 6.11.0
2024-03-21 16:00:01,623 [ERROR] AppliInfo:139 - Unknown STM32CubeMX version: 6.11.0
2024-03-21 16:00:01,623 [ERROR] AppliInfo:139 - Unknown STM32CubeMX version: 6.11.0
2024-03-21 16:00:01,623 [ERROR] AppliInfo:139 - Unknown STM32CubeMX version: 6.11.0
2024-03-21 16:00:01,623 [ERROR] AppliInfo:139 - Unknown STM32CubeMX version: 6.11.0
2024-03-21 16:00:01,624 [ERROR] AppliInfo:139 - Unknown STM32CubeMX version: 6.11.0
2024-03-21 16:00:01,624 [ERROR] AppliInfo:139 - Unknown STM32CubeMX version: 6.11.0
2024-03-21 16:00:01,624 [ERROR] AppliInfo:139 - Unknown STM32CubeMX version: 6.11.0
2024-03-21 16:00:01,624 [ERROR] AppliInfo:139 - Unknown STM32CubeMX version: 6.11.0
2024-03-21 16:00:01,624 [ERROR] AppliInfo:139 - Unknown STM32CubeMX version: 6.11.0
2024-03-21 16:00:01,625 [ERROR] AppliInfo:139 - Unknown STM32CubeMX version: 6.11.0
2024-03-21 16:00:01,625 [ERROR] AppliInfo:139 - Unknown STM32CubeMX version: 6.11.0
2024-03-21 16:00:01,625 [ERROR] AppliInfo:139 - Unknown STM32CubeMX version: 6.11.0
2024-03-21 16:00:01,625 [ERROR] AppliInfo:139 - Unknown STM32CubeMX version: 6.11.0
2024-03-21 16:00:01,625 [ERROR] AppliInfo:139 - Unknown STM32CubeMX version: 6.11.0
2024-03-21 16:00:01,626 [ERROR] AppliInfo:139 - Unknown STM32CubeMX version: 6.11.0
2024-03-21 16:00:01,626 [ERROR] AppliInfo:139 - Unknown STM32CubeMX version: 6.11.0
2024-03-21 16:00:01,626 [ERROR] AppliInfo:139 - Unknown STM32CubeMX version: 6.11.0
2024-03-21 16:00:01,626 [ERROR] AppliInfo:139 - Unknown STM32CubeMX version: 6.11.0
2024-03-21 16:00:01,627 [ERROR] AppliInfo:139 - Unknown STM32CubeMX version: 6.11.0
2024-03-21 16:00:01,627 [ERROR] AppliInfo:139 - Unknown STM32CubeMX version: 6.11.0
2024-03-21 16:00:01,627 [ERROR] AppliInfo:139 - Unknown STM32CubeMX version: 6.11.0
2024-03-21 16:00:01,627 [ERROR] AppliInfo:139 - Unknown STM32CubeMX version: 6.11.0
2024-03-21 16:00:01,627 [ERROR] AppliInfo:139 - Unknown STM32CubeMX version: 6.11.0
2024-03-21 16:00:01,627 [ERROR] AppliInfo:139 - Unknown STM32CubeMX version: 6.11.0
2024-03-21 16:00:01,627 [ERROR] AppliInfo:139 - Unknown STM32CubeMX version: 6.11.0
2024-03-21 16:00:01,628 [ERROR] AppliInfo:139 - Unknown STM32CubeMX version: 6.11.0
2024-03-21 16:00:01,628 [ERROR] AppliInfo:139 - Unknown STM32CubeMX version: 6.11.0
2024-03-21 16:00:01,628 [ERROR] AppliInfo:139 - Unknown STM32CubeMX version: 6.11.0
2024-03-21 16:00:01,628 [ERROR] AppliInfo:139 - Unknown STM32CubeMX version: 6.11.0
2024-03-21 16:00:01,628 [ERROR] AppliInfo:139 - Unknown STM32CubeMX version: 6.11.0
2024-03-21 16:00:01,628 [ERROR] AppliInfo:139 - Unknown STM32CubeMX version: 6.11.0
2024-03-21 16:00:01,628 [ERROR] AppliInfo:139 - Unknown STM32CubeMX version: 6.11.0
2024-03-21 16:00:01,629 [ERROR] AppliInfo:139 - Unknown STM32CubeMX version: 6.11.0
2024-03-21 16:00:01,629 [ERROR] AppliInfo:139 - Unknown STM32CubeMX version: 6.11.0
2024-03-21 16:00:01,629 [ERROR] AppliInfo:139 - Unknown STM32CubeMX version: 6.11.0
2024-03-21 16:00:01,629 [ERROR] AppliInfo:139 - Unknown STM32CubeMX version: 6.11.0
2024-03-21 16:00:01,629 [ERROR] AppliInfo:139 - Unknown STM32CubeMX version: 6.11.0
2024-03-21 16:00:01,629 [ERROR] AppliInfo:139 - Unknown STM32CubeMX version: 6.11.0
2024-03-21 16:00:01,629 [ERROR] AppliInfo:139 - Unknown STM32CubeMX version: 6.11.0
2024-03-21 16:00:01,630 [ERROR] AppliInfo:139 - Unknown STM32CubeMX version: 6.11.0
2024-03-21 16:00:01,630 [ERROR] AppliInfo:139 - Unknown STM32CubeMX version: 6.11.0
2024-03-21 16:00:01,630 [ERROR] AppliInfo:139 - Unknown STM32CubeMX version: 6.11.0
2024-03-21 16:00:01,630 [ERROR] AppliInfo:139 - Unknown STM32CubeMX version: 6.11.0
2024-03-21 16:00:01,630 [ERROR] AppliInfo:139 - Unknown STM32CubeMX version: 6.11.0
2024-03-21 16:00:01,630 [ERROR] AppliInfo:139 - Unknown STM32CubeMX version: 6.11.0
2024-03-21 16:00:01,631 [ERROR] AppliInfo:139 - Unknown STM32CubeMX version: 6.11.0
2024-03-21 16:00:01,631 [ERROR] AppliInfo:139 - Unknown STM32CubeMX version: 6.11.0
2024-03-21 16:00:01,631 [ERROR] AppliInfo:139 - Unknown STM32CubeMX version: 6.11.0
2024-03-21 16:00:01,631 [ERROR] AppliInfo:139 - Unknown STM32CubeMX version: 6.11.0
2024-03-21 16:00:01,631 [ERROR] AppliInfo:139 - Unknown STM32CubeMX version: 6.11.0
2024-03-21 16:00:01,653 [ERROR] AppliInfo:139 - Unknown STM32CubeMX version: 6.11.0
2024-03-21 16:00:01,653 [ERROR] AppliInfo:139 - Unknown STM32CubeMX version: 6.11.0
2024-03-21 16:00:01,653 [ERROR] AppliInfo:139 - Unknown STM32CubeMX version: 6.11.0
2024-03-21 16:00:01,654 [ERROR] AppliInfo:139 - Unknown STM32CubeMX version: 6.11.0
2024-03-21 16:00:01,654 [ERROR] AppliInfo:139 - Unknown STM32CubeMX version: 6.11.0
2024-03-21 16:00:01,654 [ERROR] AppliInfo:139 - Unknown STM32CubeMX version: 6.11.0
2024-03-21 16:00:01,654 [ERROR] AppliInfo:139 - Unknown STM32CubeMX version: 6.11.0
2024-03-21 16:00:01,654 [ERROR] AppliInfo:139 - Unknown STM32CubeMX version: 6.11.0
2024-03-21 16:00:01,654 [ERROR] AppliInfo:139 - Unknown STM32CubeMX version: 6.11.0
2024-03-21 16:00:01,655 [ERROR] AppliInfo:139 - Unknown STM32CubeMX version: 6.11.0
2024-03-21 16:00:01,655 [ERROR] AppliInfo:139 - Unknown STM32CubeMX version: 6.11.0
2024-03-21 16:00:01,655 [ERROR] AppliInfo:139 - Unknown STM32CubeMX version: 6.11.0
2024-03-21 16:00:01,655 [ERROR] AppliInfo:139 - Unknown STM32CubeMX version: 6.11.0
2024-03-21 16:00:01,656 [ERROR] AppliInfo:139 - Unknown STM32CubeMX version: 6.11.0
2024-03-21 16:00:01,656 [ERROR] AppliInfo:139 - Unknown STM32CubeMX version: 6.11.0
2024-03-21 16:00:01,656 [ERROR] AppliInfo:139 - Unknown STM32CubeMX version: 6.11.0
2024-03-21 16:00:01,658 [ERROR] AppliInfo:139 - Unknown STM32CubeMX version: 6.11.0
2024-03-21 16:00:01,658 [ERROR] AppliInfo:139 - Unknown STM32CubeMX version: 6.11.0
2024-03-21 16:00:01,658 [ERROR] AppliInfo:139 - Unknown STM32CubeMX version: 6.11.0
2024-03-21 16:00:01,658 [ERROR] AppliInfo:139 - Unknown STM32CubeMX version: 6.11.0
2024-03-21 16:00:01,659 [ERROR] AppliInfo:139 - Unknown STM32CubeMX version: 6.11.0
2024-03-21 16:00:01,659 [ERROR] AppliInfo:139 - Unknown STM32CubeMX version: 6.11.0
2024-03-21 16:00:01,659 [ERROR] AppliInfo:139 - Unknown STM32CubeMX version: 6.11.0
2024-03-21 16:00:01,659 [ERROR] AppliInfo:139 - Unknown STM32CubeMX version: 6.11.0
2024-03-21 16:00:01,659 [ERROR] AppliInfo:139 - Unknown STM32CubeMX version: 6.11.0
2024-03-21 16:00:01,660 [ERROR] AppliInfo:139 - Unknown STM32CubeMX version: 6.11.0
2024-03-21 16:00:01,660 [ERROR] AppliInfo:139 - Unknown STM32CubeMX version: 6.11.0
2024-03-21 16:00:01,660 [ERROR] AppliInfo:139 - Unknown STM32CubeMX version: 6.11.0
2024-03-21 16:00:01,660 [ERROR] AppliInfo:139 - Unknown STM32CubeMX version: 6.11.0
2024-03-21 16:00:01,661 [ERROR] AppliInfo:139 - Unknown STM32CubeMX version: 6.11.0
2024-03-21 16:00:01,661 [ERROR] AppliInfo:139 - Unknown STM32CubeMX version: 6.11.0
2024-03-21 16:00:01,662 [ERROR] AppliInfo:139 - Unknown STM32CubeMX version: 6.11.0
2024-03-21 16:00:01,662 [ERROR] AppliInfo:139 - Unknown STM32CubeMX version: 6.11.0
2024-03-21 16:00:01,662 [ERROR] AppliInfo:139 - Unknown STM32CubeMX version: 6.11.0
2024-03-21 16:00:01,662 [ERROR] AppliInfo:139 - Unknown STM32CubeMX version: 6.11.0
2024-03-21 16:00:01,665 [ERROR] AppliInfo:139 - Unknown STM32CubeMX version: 6.11.0
2024-03-21 16:00:01,665 [ERROR] AppliInfo:139 - Unknown STM32CubeMX version: 6.11.0
2024-03-21 16:00:01,665 [ERROR] AppliInfo:139 - Unknown STM32CubeMX version: 6.11.0
2024-03-21 16:00:01,665 [ERROR] AppliInfo:139 - Unknown STM32CubeMX version: 6.11.0
2024-03-21 16:00:01,666 [ERROR] AppliInfo:139 - Unknown STM32CubeMX version: 6.11.0
2024-03-21 16:00:01,666 [ERROR] AppliInfo:139 - Unknown STM32CubeMX version: 6.11.0
2024-03-21 16:00:01,666 [ERROR] AppliInfo:139 - Unknown STM32CubeMX version: 6.11.0
2024-03-21 16:00:01,667 [ERROR] AppliInfo:139 - Unknown STM32CubeMX version: 6.11.0
2024-03-21 16:00:01,667 [ERROR] AppliInfo:139 - Unknown STM32CubeMX version: 6.11.0
2024-03-21 16:00:01,667 [ERROR] AppliInfo:139 - Unknown STM32CubeMX version: 6.11.0
2024-03-21 16:00:01,667 [ERROR] AppliInfo:139 - Unknown STM32CubeMX version: 6.11.0
2024-03-21 16:00:01,668 [ERROR] AppliInfo:139 - Unknown STM32CubeMX version: 6.11.0
2024-03-21 16:00:01,669 [ERROR] AppliInfo:139 - Unknown STM32CubeMX version: 6.11.0
2024-03-21 16:00:01,669 [ERROR] AppliInfo:139 - Unknown STM32CubeMX version: 6.11.0
2024-03-21 16:00:01,669 [ERROR] AppliInfo:139 - Unknown STM32CubeMX version: 6.11.0
2024-03-21 16:00:01,669 [ERROR] AppliInfo:139 - Unknown STM32CubeMX version: 6.11.0
2024-03-21 16:00:01,669 [ERROR] AppliInfo:139 - Unknown STM32CubeMX version: 6.11.0
2024-03-21 16:00:01,669 [ERROR] AppliInfo:139 - Unknown STM32CubeMX version: 6.11.0
2024-03-21 16:00:01,669 [ERROR] AppliInfo:139 - Unknown STM32CubeMX version: 6.11.0
2024-03-21 16:00:01,670 [ERROR] AppliInfo:139 - Unknown STM32CubeMX version: 6.11.0
2024-03-21 16:00:01,670 [ERROR] AppliInfo:139 - Unknown STM32CubeMX version: 6.11.0
2024-03-21 16:00:01,679 [ERROR] AppliInfo:139 - Unknown STM32CubeMX version: 6.11.0
2024-03-21 16:00:01,679 [ERROR] AppliInfo:139 - Unknown STM32CubeMX version: 6.11.0
2024-03-21 16:00:01,679 [ERROR] AppliInfo:139 - Unknown STM32CubeMX version: 6.11.0
2024-03-21 16:00:01,679 [ERROR] AppliInfo:139 - Unknown STM32CubeMX version: 6.11.0
2024-03-21 16:00:01,680 [ERROR] AppliInfo:139 - Unknown STM32CubeMX version: 6.11.0
2024-03-21 16:00:01,680 [ERROR] AppliInfo:139 - Unknown STM32CubeMX version: 6.11.0
2024-03-21 16:00:01,680 [ERROR] AppliInfo:139 - Unknown STM32CubeMX version: 6.11.0
2024-03-21 16:00:01,681 [ERROR] AppliInfo:139 - Unknown STM32CubeMX version: 6.11.0
2024-03-21 16:00:01,713 [ERROR] AppliInfo:139 - Unknown STM32CubeMX version: 6.11.0
2024-03-21 16:00:01,713 [ERROR] AppliInfo:139 - Unknown STM32CubeMX version: 6.11.0
2024-03-21 16:00:01,713 [ERROR] AppliInfo:139 - Unknown STM32CubeMX version: 6.11.0
2024-03-21 16:00:01,716 [ERROR] AppliInfo:139 - Unknown STM32CubeMX version: 6.11.0
2024-03-21 16:00:01,717 [ERROR] AppliInfo:139 - Unknown STM32CubeMX version: 6.11.0
2024-03-21 16:00:01,717 [ERROR] AppliInfo:139 - Unknown STM32CubeMX version: 6.11.0
2024-03-21 16:00:01,741 [ERROR] AppliInfo:139 - Unknown STM32CubeMX version: 6.11.0
2024-03-21 16:00:01,741 [ERROR] AppliInfo:139 - Unknown STM32CubeMX version: 6.11.0
2024-03-21 16:00:01,741 [ERROR] AppliInfo:139 - Unknown STM32CubeMX version: 6.11.0
2024-03-21 16:00:01,741 [ERROR] AppliInfo:139 - Unknown STM32CubeMX version: 6.11.0
2024-03-21 16:00:01,741 [ERROR] AppliInfo:139 - Unknown STM32CubeMX version: 6.11.0
2024-03-21 16:00:01,742 [ERROR] AppliInfo:139 - Unknown STM32CubeMX version: 6.11.0
2024-03-21 16:00:01,742 [ERROR] AppliInfo:139 - Unknown STM32CubeMX version: 6.11.0
2024-03-21 16:00:01,742 [ERROR] AppliInfo:139 - Unknown STM32CubeMX version: 6.11.0
2024-03-21 16:00:01,742 [ERROR] AppliInfo:139 - Unknown STM32CubeMX version: 6.11.0
2024-03-21 16:00:01,742 [ERROR] AppliInfo:139 - Unknown STM32CubeMX version: 6.11.0
2024-03-21 16:00:01,742 [ERROR] AppliInfo:139 - Unknown STM32CubeMX version: 6.11.0
2024-03-21 16:00:01,743 [ERROR] AppliInfo:139 - Unknown STM32CubeMX version: 6.11.0
2024-03-21 16:00:01,743 [ERROR] AppliInfo:139 - Unknown STM32CubeMX version: 6.11.0
2024-03-21 16:00:01,743 [ERROR] AppliInfo:139 - Unknown STM32CubeMX version: 6.11.0
2024-03-21 16:00:01,743 [ERROR] AppliInfo:139 - Unknown STM32CubeMX version: 6.11.0
2024-03-21 16:00:01,743 [ERROR] AppliInfo:139 - Unknown STM32CubeMX version: 6.11.0
2024-03-21 16:00:01,743 [ERROR] AppliInfo:139 - Unknown STM32CubeMX version: 6.11.0
2024-03-21 16:00:01,744 [ERROR] AppliInfo:139 - Unknown STM32CubeMX version: 6.11.0
2024-03-21 16:00:01,744 [ERROR] AppliInfo:139 - Unknown STM32CubeMX version: 6.11.0
2024-03-21 16:00:01,744 [ERROR] AppliInfo:139 - Unknown STM32CubeMX version: 6.11.0
2024-03-21 16:00:01,745 [ERROR] AppliInfo:139 - Unknown STM32CubeMX version: 6.11.0
2024-03-21 16:00:01,745 [ERROR] AppliInfo:139 - Unknown STM32CubeMX version: 6.11.0
2024-03-21 16:00:01,781 [ERROR] AppliInfo:139 - Unknown STM32CubeMX version: 6.11.0
2024-03-21 16:00:01,782 [ERROR] AppliInfo:139 - Unknown STM32CubeMX version: 6.11.0
2024-03-21 16:00:01,782 [ERROR] AppliInfo:139 - Unknown STM32CubeMX version: 6.11.0
2024-03-21 16:00:01,784 [ERROR] AppliInfo:139 - Unknown STM32CubeMX version: 6.11.0
2024-03-21 16:00:01,784 [ERROR] AppliInfo:139 - Unknown STM32CubeMX version: 6.11.0
2024-03-21 16:00:01,784 [ERROR] AppliInfo:139 - Unknown STM32CubeMX version: 6.11.0
2024-03-21 16:00:01,784 [ERROR] AppliInfo:139 - Unknown STM32CubeMX version: 6.11.0
2024-03-21 16:00:01,784 [ERROR] AppliInfo:139 - Unknown STM32CubeMX version: 6.11.0
2024-03-21 16:00:01,784 [ERROR] AppliInfo:139 - Unknown STM32CubeMX version: 6.11.0
2024-03-21 16:00:01,785 [ERROR] AppliInfo:139 - Unknown STM32CubeMX version: 6.11.0
2024-03-21 16:00:01,785 [ERROR] AppliInfo:139 - Unknown STM32CubeMX version: 6.11.0
2024-03-21 16:00:01,785 [ERROR] AppliInfo:139 - Unknown STM32CubeMX version: 6.11.0
2024-03-21 16:00:01,785 [ERROR] AppliInfo:139 - Unknown STM32CubeMX version: 6.11.0
2024-03-21 16:00:01,785 [ERROR] AppliInfo:139 - Unknown STM32CubeMX version: 6.11.0
2024-03-21 16:00:01,786 [ERROR] AppliInfo:139 - Unknown STM32CubeMX version: 6.11.0
2024-03-21 16:00:01,786 [ERROR] AppliInfo:139 - Unknown STM32CubeMX version: 6.11.0
2024-03-21 16:00:01,786 [ERROR] AppliInfo:139 - Unknown STM32CubeMX version: 6.11.0
2024-03-21 16:00:01,786 [ERROR] AppliInfo:139 - Unknown STM32CubeMX version: 6.11.0
2024-03-21 16:00:01,786 [ERROR] AppliInfo:139 - Unknown STM32CubeMX version: 6.11.0
2024-03-21 16:00:01,786 [ERROR] AppliInfo:139 - Unknown STM32CubeMX version: 6.11.0
2024-03-21 16:00:01,786 [ERROR] AppliInfo:139 - Unknown STM32CubeMX version: 6.11.0
2024-03-21 16:00:01,787 [ERROR] AppliInfo:139 - Unknown STM32CubeMX version: 6.11.0
2024-03-21 16:00:01,787 [ERROR] AppliInfo:139 - Unknown STM32CubeMX version: 6.11.0
2024-03-21 16:00:01,787 [ERROR] AppliInfo:139 - Unknown STM32CubeMX version: 6.11.0
2024-03-21 16:00:01,787 [ERROR] AppliInfo:139 - Unknown STM32CubeMX version: 6.11.0
2024-03-21 16:00:01,787 [ERROR] AppliInfo:139 - Unknown STM32CubeMX version: 6.11.0
2024-03-21 16:00:01,787 [ERROR] AppliInfo:139 - Unknown STM32CubeMX version: 6.11.0
2024-03-21 16:00:01,787 [ERROR] AppliInfo:139 - Unknown STM32CubeMX version: 6.11.0
2024-03-21 16:00:01,788 [ERROR] AppliInfo:139 - Unknown STM32CubeMX version: 6.11.0
2024-03-21 16:00:01,788 [ERROR] AppliInfo:139 - Unknown STM32CubeMX version: 6.11.0
2024-03-21 16:00:01,788 [ERROR] AppliInfo:139 - Unknown STM32CubeMX version: 6.11.0
2024-03-21 16:00:01,788 [ERROR] AppliInfo:139 - Unknown STM32CubeMX version: 6.11.0
2024-03-21 16:00:01,788 [ERROR] AppliInfo:139 - Unknown STM32CubeMX version: 6.11.0
2024-03-21 16:00:01,788 [ERROR] AppliInfo:139 - Unknown STM32CubeMX version: 6.11.0
2024-03-21 16:00:01,789 [ERROR] AppliInfo:139 - Unknown STM32CubeMX version: 6.11.0
2024-03-21 16:00:01,790 [ERROR] AppliInfo:139 - Unknown STM32CubeMX version: 6.11.0
2024-03-21 16:00:01,790 [ERROR] AppliInfo:139 - Unknown STM32CubeMX version: 6.11.0
2024-03-21 16:00:46,985 [INFO] McuFinderGlobals:76 - Set McuFinderConnectedMode to true
2024-03-21 16:00:46,992 [INFO] ApiDb:448 - Save user favorites file /home/bhakti/.stm32cubeide/favorites.mcus.txt: 0 item(s)
2024-03-21 16:00:46,992 [INFO] ApiDb:452 - User favorites MCUs=[]
2024-03-21 16:00:46,998 [INFO] ApiDb:448 - Save user favorites file /home/bhakti/.stm32cubeide/favorites.boards.txt: 0 item(s)
2024-03-21 16:00:46,999 [INFO] ApiDb:452 - User favorites Boards=[]
2024-03-21 16:00:47,002 [INFO] ApiDb:448 - Save user favorites file /home/bhakti/.stm32cubeide/favorites.examples.txt: 0 item(s)
2024-03-21 16:00:47,002 [INFO] ApiDb:452 - User favorites Examples=[]
