2024-03-10 10:13:21,808 [INFO] Activator:176 - 


2024-03-10 10:13:21,812 [INFO] Activator:177 - !SESSION log4j initialized
2024-03-10 10:13:25,525 [INFO] LogOutputStream:77 - [STDOUT_REDIRECT] 
2024-03-10 10:13:36,672 [INFO] ApplicationProperties:184 - Using Application install path: /opt/st/stm32cubeide_1.14.0/plugins/com.st.stm32cube.common.mx_6.10.0.202311202037
2024-03-10 10:13:36,690 [INFO] DbMcusXml:78 - Set database path to: /opt/st/stm32cubeide_1.14.0/plugins/com.st.stm32cube.common.mx_6.10.0.202311202037//db//mcu/
2024-03-10 10:13:36,690 [INFO] ApiDb:274 - Set plugin database path to: /opt/st/stm32cubeide_1.14.0/plugins/com.st.stm32cube.common.mx_6.10.0.202311202037//db//plugins/boardmanager/
2024-03-10 10:13:36,691 [WARN] ApiDb:259 - Overriding images path with different value:  => /opt/st/stm32cubeide_1.14.0/plugins/com.st.stm32cube.common.mx_6.10.0.202311202037//db//plugins/mcufinder/images/
2024-03-10 10:13:36,698 [INFO] ApiDb:250 - Set database path to: /home/bhakti/.stmcufinder/plugins/mcufinder//mcu/
2024-03-10 10:13:36,699 [INFO] DbMcusAds:125 - Set database path to: /home/bhakti/.stmcufinder/plugins/mcufinder//mcu/
2024-03-10 10:13:36,701 [INFO] CrossReferenceDbSqlite:203 - Set database path to: /home/bhakti/.stmcufinder/plugins/mcufinder//mcu/cs/
2024-03-10 10:13:36,839 [INFO] RulesReader:64 - Compatibility file has been processed (297 Rules)
2024-03-10 10:13:36,903 [INFO] DbMcusXml:78 - Set database path to: /opt/st/stm32cubeide_1.14.0/plugins/com.st.stm32cube.common.mx_6.10.0.202311202037//db//mcu/
2024-03-10 10:13:36,903 [INFO] ApiDb:274 - Set plugin database path to: /opt/st/stm32cubeide_1.14.0/plugins/com.st.stm32cube.common.mx_6.10.0.202311202037//db//plugins/boardmanager/
2024-03-10 10:13:36,904 [INFO] ApiDb:261 - Set plugin images path to: /opt/st/stm32cubeide_1.14.0/plugins/com.st.stm32cube.common.mx_6.10.0.202311202037//db//plugins/mcufinder/images/
2024-03-10 10:13:36,904 [WARN] DbFile:41 - Overriding database path with different value: /home/bhakti/.stmcufinder/plugins/mcufinder/ => /home/bhakti/.stmcufinder/plugins/mcufinder
2024-03-10 10:13:36,904 [INFO] ApiDb:250 - Set database path to: /home/bhakti/.stmcufinder/plugins/mcufinder//mcu/
2024-03-10 10:13:36,904 [WARN] DbFile:41 - Overriding database path with different value: /home/bhakti/.stmcufinder/plugins/mcufinder/ => /home/bhakti/.stmcufinder/plugins/mcufinder
2024-03-10 10:13:36,904 [INFO] DbMcusAds:125 - Set database path to: /home/bhakti/.stmcufinder/plugins/mcufinder//mcu/
2024-03-10 10:13:36,904 [WARN] DbFile:41 - Overriding database path with different value: /home/bhakti/.stmcufinder/plugins/mcufinder/ => /home/bhakti/.stmcufinder/plugins/mcufinder
2024-03-10 10:13:36,904 [WARN] DbFile:41 - Overriding database path with different value: /home/bhakti/.stmcufinder/plugins/mcufinder/ => /home/bhakti/.stmcufinder/plugins/mcufinder
2024-03-10 10:13:36,904 [INFO] CrossReferenceDbSqlite:203 - Set database path to: /home/bhakti/.stmcufinder/plugins/mcufinder//mcu/cs/
2024-03-10 10:13:36,991 [INFO] MainPanel:264 - HeapMemory: 268435456
2024-03-10 10:13:37,084 [INFO] DbMcusXml:78 - Set database path to: /opt/st/stm32cubeide_1.14.0/plugins/com.st.stm32cube.common.mx_6.10.0.202311202037//db//mcu/
2024-03-10 10:13:37,084 [INFO] ApiDb:274 - Set plugin database path to: /opt/st/stm32cubeide_1.14.0/plugins/com.st.stm32cube.common.mx_6.10.0.202311202037//db//plugins/boardmanager/
2024-03-10 10:13:37,084 [INFO] ApiDb:261 - Set plugin images path to: /opt/st/stm32cubeide_1.14.0/plugins/com.st.stm32cube.common.mx_6.10.0.202311202037//db//plugins/mcufinder/images/
2024-03-10 10:13:37,085 [WARN] DbFile:41 - Overriding database path with different value: /home/bhakti/.stmcufinder/plugins/mcufinder/ => /home/bhakti/.stmcufinder/plugins/mcufinder
2024-03-10 10:13:37,085 [INFO] ApiDb:250 - Set database path to: /home/bhakti/.stmcufinder/plugins/mcufinder//mcu/
2024-03-10 10:13:37,085 [WARN] DbFile:41 - Overriding database path with different value: /home/bhakti/.stmcufinder/plugins/mcufinder/ => /home/bhakti/.stmcufinder/plugins/mcufinder
2024-03-10 10:13:37,085 [INFO] DbMcusAds:125 - Set database path to: /home/bhakti/.stmcufinder/plugins/mcufinder//mcu/
2024-03-10 10:13:37,085 [WARN] DbFile:41 - Overriding database path with different value: /home/bhakti/.stmcufinder/plugins/mcufinder/ => /home/bhakti/.stmcufinder/plugins/mcufinder
2024-03-10 10:13:37,085 [WARN] DbFile:41 - Overriding database path with different value: /home/bhakti/.stmcufinder/plugins/mcufinder/ => /home/bhakti/.stmcufinder/plugins/mcufinder
2024-03-10 10:13:37,085 [INFO] CrossReferenceDbSqlite:203 - Set database path to: /home/bhakti/.stmcufinder/plugins/mcufinder//mcu/cs/
2024-03-10 10:13:37,100 [INFO] ApplicationProperties:184 - Using Application install path: /opt/st/stm32cubeide_1.14.0/plugins/com.st.stm32cube.common.mx_6.10.0.202311202037
2024-03-10 10:13:37,102 [INFO] PluginManage:196 - Search for loadable plugins [exclusion list=, ]
2024-03-10 10:13:37,103 [INFO] PluginManage:310 - Check plugin analytics
2024-03-10 10:13:37,282 [INFO] AnalyticsPlugin:253 - Accepted Software Licenses: 
2024-03-10 10:13:37,282 [INFO] AnalyticsPlugin:255 - Accepted CMSIS Pack Licenses: 
2024-03-10 10:13:37,283 [INFO] AnalyticsPlugin:257 - Accepted Firmware Licenses: 
2024-03-10 10:13:37,286 [INFO] PluginManage:359 - Loaded plugin analytics (category:tool,tabindex:-1)
2024-03-10 10:13:37,286 [INFO] PluginManage:310 - Check plugin cadmodel
2024-03-10 10:13:37,315 [INFO] CADModel:105 - Init CAD model plugin
2024-03-10 10:13:37,315 [INFO] PluginManage:359 - Loaded plugin cadmodel (category:power,tabindex:5)
2024-03-10 10:13:37,315 [INFO] PluginManage:310 - Check plugin clock
2024-03-10 10:13:37,324 [INFO] PluginManage:359 - Loaded plugin clock (category:base,tabindex:2)
2024-03-10 10:13:37,324 [INFO] PluginManage:310 - Check plugin ddr
2024-03-10 10:13:37,326 [INFO] PluginManage:359 - Loaded plugin ddr (category:tool,tabindex:6)
2024-03-10 10:13:37,327 [INFO] PluginManage:310 - Check plugin filemanager
2024-03-10 10:13:37,445 [INFO] PluginManage:359 - Loaded plugin filemanager (category:base,tabindex:10)
2024-03-10 10:13:37,445 [INFO] PluginManage:310 - Check plugin ipmanager
2024-03-10 10:13:37,450 [INFO] PluginManage:359 - Loaded plugin ipmanager (category:base,tabindex:5)
2024-03-10 10:13:37,450 [INFO] PluginManage:310 - Check plugin lpbam
2024-03-10 10:13:37,459 [INFO] PluginManage:359 - Loaded plugin lpbam (category:base,tabindex:0)
2024-03-10 10:13:37,459 [INFO] PluginManage:310 - Check plugin memorymap
2024-03-10 10:13:37,469 [INFO] PluginManage:359 - Loaded plugin memorymap (category:base,tabindex:4)
2024-03-10 10:13:37,469 [INFO] PluginManage:310 - Check plugin pinoutandconfiguration
2024-03-10 10:13:37,475 [INFO] PluginManage:359 - Loaded plugin pinoutandconfiguration (category:base,tabindex:1)
2024-03-10 10:13:37,475 [INFO] PluginManage:310 - Check plugin pinoutconfig
2024-03-10 10:13:37,551 [WARN] SupportedApi:132 - Cannot load RTOS API schema: s4s-elt-must-match.1: The content of 'definitions' must match (annotation?, (simpleType | complexType)?, (unique | key | keyref)*)). A problem was found starting at: attribute.
2024-03-10 10:13:37,698 [INFO] PluginManage:359 - Loaded plugin pinoutconfig (category:base,tabindex:0)
2024-03-10 10:13:37,698 [INFO] PluginManage:310 - Check plugin power
2024-03-10 10:13:37,706 [INFO] PluginManage:359 - Loaded plugin power (category:power,tabindex:4)
2024-03-10 10:13:37,707 [INFO] PluginManage:310 - Check plugin projectmanager
2024-03-10 10:13:37,721 [INFO] PluginManage:359 - Loaded plugin projectmanager (category:projectmanager,tabindex:3)
2024-03-10 10:13:37,721 [INFO] PluginManage:310 - Check plugin thirdparty
2024-03-10 10:13:37,816 [INFO] PluginManage:359 - Loaded plugin thirdparty (category:base,tabindex:-1)
2024-03-10 10:13:37,816 [WARN] IntegrityCheckThread:84 - waiting for thirdparty lock release [integrity check]
2024-03-10 10:13:37,816 [INFO] IntegrityCheckThread:86 - entering critical section [integrity check]
2024-03-10 10:13:37,816 [INFO] PluginManage:310 - Check plugin tools
2024-03-10 10:13:37,817 [INFO] ThirdPartyUpdaterWithRetryManager:70 - Updater plugin not ready yet. [1/15]
2024-03-10 10:13:37,818 [INFO] PluginManage:359 - Loaded plugin tools (category:base,tabindex:7)
2024-03-10 10:13:37,819 [INFO] PluginManage:310 - Check plugin tutovideos
2024-03-10 10:13:37,980 [INFO] PluginManage:359 - Loaded plugin tutovideos (category:base,tabindex:-1)
2024-03-10 10:13:37,980 [INFO] PluginManage:310 - Check plugin updater
2024-03-10 10:13:37,990 [INFO] PluginManage:359 - Loaded plugin updater (category:base,tabindex:12)
2024-03-10 10:13:37,990 [INFO] PluginManage:310 - Check plugin userauth
2024-03-10 10:13:37,995 [INFO] UserAuth:114 - Init User Auth plugin
2024-03-10 10:13:37,995 [INFO] PluginManage:359 - Loaded plugin userauth (category:base,tabindex:14)
2024-03-10 10:13:37,996 [INFO] PluginManage:283 - PluginManage : Loaded plugins [17]
2024-03-10 10:13:38,163 [INFO] PinOutPanel:1499 - setPackage(No Configuration,No Configuration)
2024-03-10 10:13:38,213 [INFO] CADModel:165 - CPN selected for project level
2024-03-10 10:13:38,213 [INFO] CADModel:114 - Register for checkConnection events
2024-03-10 10:13:38,225 [INFO] IPUIPlugin:80 - create IPUIPlugin
2024-03-10 10:13:38,225 [INFO] PluginManager:220 - loadIPPluginJar : add usbx
2024-03-10 10:13:38,231 [INFO] IPUIPlugin:80 - create IPUIPlugin
2024-03-10 10:13:38,231 [INFO] PluginManager:220 - loadIPPluginJar : add freertos
2024-03-10 10:13:38,233 [INFO] IPUIPlugin:80 - create IPUIPlugin
2024-03-10 10:13:38,233 [INFO] PluginManager:220 - loadIPPluginJar : add fatfs
2024-03-10 10:13:38,238 [INFO] IPUIPlugin:80 - create IPUIPlugin
2024-03-10 10:13:38,238 [INFO] PluginManager:220 - loadIPPluginJar : add resmgrutility
2024-03-10 10:13:38,240 [INFO] IPUIPlugin:80 - create IPUIPlugin
2024-03-10 10:13:38,240 [INFO] PluginManager:220 - loadIPPluginJar : add tracer_emb
2024-03-10 10:13:38,243 [INFO] IPUIPlugin:80 - create IPUIPlugin
2024-03-10 10:13:38,243 [INFO] PluginManager:220 - loadIPPluginJar : add gtzc
2024-03-10 10:13:38,244 [INFO] IPUIPlugin:80 - create IPUIPlugin
2024-03-10 10:13:38,244 [INFO] PluginManager:220 - loadIPPluginJar : add genericplugin
2024-03-10 10:13:38,249 [INFO] IPUIPlugin:80 - create IPUIPlugin
2024-03-10 10:13:38,249 [INFO] PluginManager:220 - loadIPPluginJar : add stm32_wpan
2024-03-10 10:13:38,251 [INFO] IPUIPlugin:80 - create IPUIPlugin
2024-03-10 10:13:38,252 [INFO] PluginManager:220 - loadIPPluginJar : add lorawan
2024-03-10 10:13:38,258 [INFO] IPUIPlugin:80 - create IPUIPlugin
2024-03-10 10:13:38,260 [INFO] PluginManager:220 - loadIPPluginJar : add plateformsettings
2024-03-10 10:13:38,262 [INFO] IPUIPlugin:80 - create IPUIPlugin
2024-03-10 10:13:38,262 [INFO] PluginManager:220 - loadIPPluginJar : add usart
2024-03-10 10:13:38,269 [INFO] IPUIPlugin:80 - create IPUIPlugin
2024-03-10 10:13:38,270 [INFO] PluginManager:220 - loadIPPluginJar : add mdma
2024-03-10 10:13:38,274 [INFO] IPUIPlugin:80 - create IPUIPlugin
2024-03-10 10:13:38,275 [INFO] PluginManager:220 - loadIPPluginJar : add gpio
2024-03-10 10:13:38,281 [INFO] IPUIPlugin:80 - create IPUIPlugin
2024-03-10 10:13:38,281 [INFO] PluginManager:220 - loadIPPluginJar : add adc
2024-03-10 10:13:38,284 [INFO] IPUIPlugin:80 - create IPUIPlugin
2024-03-10 10:13:38,284 [INFO] PluginManager:220 - loadIPPluginJar : add can
2024-03-10 10:13:38,287 [INFO] IPUIPlugin:80 - create IPUIPlugin
2024-03-10 10:13:38,288 [INFO] PluginManager:220 - loadIPPluginJar : add ipddr
2024-03-10 10:13:38,290 [INFO] IPUIPlugin:80 - create IPUIPlugin
2024-03-10 10:13:38,291 [INFO] PluginManager:220 - loadIPPluginJar : add sai
2024-03-10 10:13:38,292 [INFO] IPUIPlugin:80 - create IPUIPlugin
2024-03-10 10:13:38,292 [INFO] PluginManager:220 - loadIPPluginJar : add tsc
2024-03-10 10:13:38,298 [INFO] IPUIPlugin:80 - create IPUIPlugin
2024-03-10 10:13:38,298 [INFO] PluginManager:220 - loadIPPluginJar : add gic
2024-03-10 10:13:38,300 [INFO] IPUIPlugin:80 - create IPUIPlugin
2024-03-10 10:13:38,300 [INFO] PluginManager:220 - loadIPPluginJar : add ucpd
2024-03-10 10:13:38,305 [INFO] IPUIPlugin:80 - create IPUIPlugin
2024-03-10 10:13:38,305 [INFO] PluginManager:220 - loadIPPluginJar : add dma
2024-03-10 10:13:38,307 [INFO] IPUIPlugin:80 - create IPUIPlugin
2024-03-10 10:13:38,307 [INFO] PluginManager:220 - loadIPPluginJar : add ts
2024-03-10 10:13:38,311 [INFO] IPUIPlugin:80 - create IPUIPlugin
2024-03-10 10:13:38,311 [INFO] PluginManager:220 - loadIPPluginJar : add fmc
2024-03-10 10:13:38,313 [INFO] IPUIPlugin:80 - create IPUIPlugin
2024-03-10 10:13:38,313 [INFO] PluginManager:220 - loadIPPluginJar : add i2c
2024-03-10 10:13:38,315 [INFO] IPUIPlugin:80 - create IPUIPlugin
2024-03-10 10:13:38,315 [INFO] PluginManager:220 - loadIPPluginJar : add dfsdm
2024-03-10 10:13:38,317 [INFO] IPUIPlugin:80 - create IPUIPlugin
2024-03-10 10:13:38,317 [INFO] PluginManager:220 - loadIPPluginJar : add hash
2024-03-10 10:13:38,318 [INFO] IPUIPlugin:80 - create IPUIPlugin
2024-03-10 10:13:38,318 [INFO] PluginManager:220 - loadIPPluginJar : add ltdc
2024-03-10 10:13:38,321 [INFO] IPUIPlugin:80 - create IPUIPlugin
2024-03-10 10:13:38,321 [INFO] PluginManager:220 - loadIPPluginJar : add opamp
2024-03-10 10:13:38,323 [INFO] IPUIPlugin:80 - create IPUIPlugin
2024-03-10 10:13:38,323 [INFO] PluginManager:220 - loadIPPluginJar : add aes
2024-03-10 10:13:38,325 [INFO] IPUIPlugin:80 - create IPUIPlugin
2024-03-10 10:13:38,325 [INFO] PluginManager:220 - loadIPPluginJar : add comp
2024-03-10 10:13:38,326 [INFO] IPUIPlugin:80 - create IPUIPlugin
2024-03-10 10:13:38,327 [INFO] PluginManager:220 - loadIPPluginJar : add tim
2024-03-10 10:13:38,329 [INFO] IPUIPlugin:80 - create IPUIPlugin
2024-03-10 10:13:38,329 [INFO] PluginManager:220 - loadIPPluginJar : add spi
2024-03-10 10:13:38,331 [INFO] IPUIPlugin:80 - create IPUIPlugin
2024-03-10 10:13:38,331 [INFO] PluginManager:220 - loadIPPluginJar : add pdm2pcm
2024-03-10 10:13:38,334 [INFO] IPUIPlugin:80 - create IPUIPlugin
2024-03-10 10:13:38,334 [INFO] PluginManager:220 - loadIPPluginJar : add dma3
2024-03-10 10:13:38,337 [INFO] IPUIPlugin:80 - create IPUIPlugin
2024-03-10 10:13:38,337 [INFO] PluginManager:220 - loadIPPluginJar : add openamp
2024-03-10 10:13:38,338 [INFO] IPUIPlugin:80 - create IPUIPlugin
2024-03-10 10:13:38,338 [INFO] PluginManager:220 - loadIPPluginJar : add quadspi
2024-03-10 10:13:38,340 [INFO] IPUIPlugin:80 - create IPUIPlugin
2024-03-10 10:13:38,340 [INFO] PluginManager:220 - loadIPPluginJar : add gfxmmu
2024-03-10 10:13:38,344 [INFO] IPUIPlugin:80 - create IPUIPlugin
2024-03-10 10:13:38,344 [INFO] PluginManager:220 - loadIPPluginJar : add nvic
2024-03-10 10:13:38,347 [INFO] IPUIPlugin:80 - create IPUIPlugin
2024-03-10 10:13:38,347 [INFO] PluginManager:220 - loadIPPluginJar : add touchsensing
2024-03-10 10:13:38,349 [INFO] IPUIPlugin:80 - create IPUIPlugin
2024-03-10 10:13:38,349 [INFO] PluginManager:220 - loadIPPluginJar : add i2s
2024-03-10 10:13:38,355 [INFO] IPUIPlugin:80 - create IPUIPlugin
2024-03-10 10:13:38,356 [INFO] PluginManager:220 - loadIPPluginJar : add linkedlist
2024-03-10 10:13:38,357 [INFO] IPUIPlugin:80 - create IPUIPlugin
2024-03-10 10:13:38,358 [INFO] PluginManager:220 - loadIPPluginJar : add cryp
2024-03-10 10:13:38,360 [INFO] IPUIPlugin:80 - create IPUIPlugin
2024-03-10 10:13:38,360 [INFO] PluginManager:220 - loadIPPluginJar : add i3c
2024-03-10 10:13:38,460 [INFO] CADModel:165 - CPN selected for project level
2024-03-10 10:13:38,460 [INFO] CADModel:114 - Register for checkConnection events
2024-03-10 10:13:38,461 [FATAL] Updater:308 - Updater called before beeing initialized
2024-03-10 10:13:38,461 [ERROR] CADModel:125 - Updater not yet initialized, retry later 
2024-03-10 10:13:38,584 [INFO] CADModel:165 - CPN selected for project level
2024-03-10 10:13:38,584 [INFO] CADModel:114 - Register for checkConnection events
2024-03-10 10:13:38,584 [FATAL] Updater:308 - Updater called before beeing initialized
2024-03-10 10:13:38,584 [ERROR] CADModel:125 - Updater not yet initialized, retry later 
2024-03-10 10:13:38,587 [FATAL] Updater:308 - Updater called before beeing initialized
2024-03-10 10:13:38,668 [FATAL] Updater:308 - Updater called before beeing initialized
2024-03-10 10:13:38,672 [INFO] DbMcusAds:53 - JSON generation date=Wed Nov 29 16:22:27 IST 2023 (1701255147349)
2024-03-10 10:13:38,672 [FATAL] Updater:308 - Updater called before beeing initialized
2024-03-10 10:13:38,706 [WARN] DetailPanel:346 - Failed to get advertising image, set to default
2024-03-10 10:13:38,786 [FATAL] Updater:308 - Updater called before beeing initialized
2024-03-10 10:13:38,787 [FATAL] Updater:308 - Updater called before beeing initialized
2024-03-10 10:13:38,787 [FATAL] Updater:308 - Updater called before beeing initialized
2024-03-10 10:13:38,787 [WARN] DetailPanel:346 - Failed to get advertising image, set to default
2024-03-10 10:13:38,788 [FATAL] Updater:308 - Updater called before beeing initialized
2024-03-10 10:13:38,820 [ERROR] Updater:1120 - MainUpdater not yet initialized. External WinMGr cannot be set.
2024-03-10 10:13:38,821 [INFO] Updater:1056 - Updater Version found : 6.10.0
2024-03-10 10:13:38,841 [INFO] ApplicationProperties:184 - Using Application install path: /opt/st/stm32cubeide_1.14.0/plugins/com.st.stm32cube.common.mx_6.10.0.202311202037
2024-03-10 10:13:40,818 [INFO] ThirdPartyUpdaterWithRetryManager:70 - Updater plugin not ready yet. [2/15]
2024-03-10 10:13:41,558 [INFO] MainUpdater:2873 - connection check result : 10
2024-03-10 10:13:41,560 [INFO] MainUpdater:290 - Updater Check For Update Now.
2024-03-10 10:13:41,560 [INFO] MicroXplorer:498 - Change Database Version : DB.6.0.100
2024-03-10 10:13:41,566 [INFO] McuFinderGlobals:63 - Set McuFinder mode to 2 (CubeIDE integrated)
2024-03-10 10:13:41,566 [INFO] UserAuth:180 - activating auth plugin
2024-03-10 10:13:41,569 [INFO] UserAuth:404 - Internet connection configuration mode: 1
2024-03-10 10:13:41,585 [INFO] JxBrowserEngine:152 - Initiate JxBrowser Engine with user profile folder
2024-03-10 10:13:41,751 [INFO] CheckServerUpdateThread:120 - End of CheckServer Thread
2024-03-10 10:13:42,403 [INFO] WebApp:161 - Instantiating new browser for Auth
2024-03-10 10:13:43,007 [INFO] WebApp:780 - Register for checkConnection events
2024-03-10 10:13:43,007 [INFO] WebApp:414 - Apply proxy settings
2024-03-10 10:13:43,007 [INFO] WebApp:499 - Chromium requires no authentication
2024-03-10 10:13:43,015 [INFO] WebApp:442 - Direct internet connection detected
2024-03-10 10:13:43,164 [INFO] WebApp:192 - Starting web application
2024-03-10 10:13:43,164 [INFO] WebApp:544 - Web application path used /opt/st/stm32cubeide_1.14.0/plugins/com.st.stm32cube.common.mx_6.10.0.202311202037/db/plugins/mcufinder/reactClient1/index.html
2024-03-10 10:13:43,907 [WARN] PackLoader:240 - Cannot read IP mode file for STMicroelectronics.X-CUBE-SMBUS.2.1.0
2024-03-10 10:13:43,913 [WARN] PackLoader:240 - Cannot read IP mode file for STMicroelectronics.X-CUBE-TOUCHGFX.4.23.0
2024-03-10 10:13:43,938 [WARN] PackLoader:240 - Cannot read IP mode file for STMicroelectronics.X-CUBE-AZRTOS-F7.1.1.0
2024-03-10 10:13:43,947 [WARN] PackLoader:240 - Cannot read IP mode file for STMicroelectronics.FP-SNS-MOTENV1.4.3.2
2024-03-10 10:13:43,953 [WARN] PackLoader:240 - Cannot read IP mode file for STMicroelectronics.FP-SNS-FLIGHT1.5.0.2
2024-03-10 10:13:43,960 [WARN] PackLoader:240 - Cannot read IP mode file for STMicroelectronics.X-CUBE-DISPLAY.3.0.0
2024-03-10 10:13:43,970 [WARN] PackLoader:240 - Cannot read IP mode file for STMicroelectronics.X-CUBE-BLE1.7.0.0
2024-03-10 10:13:43,975 [WARN] PackLoader:240 - Cannot read IP mode file for emotas.I-CUBE-CANOPEN.1.3.0
2024-03-10 10:13:43,985 [WARN] PackLoader:240 - Cannot read IP mode file for STMicroelectronics.X-CUBE-BLEMGR.3.1.0
2024-03-10 10:13:43,991 [WARN] PackLoader:240 - Cannot read IP mode file for STMicroelectronics.FP-SNS-SMARTAG2.1.2.0
2024-03-10 10:13:44,000 [INFO] LogOutputStream:77 - [STDOUT_REDIRECT] 1 : Invalid condition id : UX_CORESTACK_Condition cause : null
2024-03-10 10:13:44,001 [INFO] LogOutputStream:77 - [STDOUT_REDIRECT] 1 : Invalid condition id : UX_CORESTACK_Condition cause : null
2024-03-10 10:13:44,001 [INFO] LogOutputStream:77 - [STDOUT_REDIRECT] 1 : Invalid condition id : UX_CORESTACK_Condition cause : null
2024-03-10 10:13:44,001 [INFO] LogOutputStream:77 - [STDOUT_REDIRECT] 1 : Invalid condition id : UX_CORESTACK_Condition cause : null
2024-03-10 10:13:44,002 [INFO] LogOutputStream:77 - [STDOUT_REDIRECT] 1 : Invalid condition id : UX_CORESTACK_Condition cause : null
2024-03-10 10:13:44,005 [WARN] PackLoader:240 - Cannot read IP mode file for STMicroelectronics.X-CUBE-AZRTOS-WL.2.0.0
2024-03-10 10:13:44,012 [WARN] PackLoader:240 - Cannot read IP mode file for WES.I-CUBE-Cesium.1.3.0
2024-03-10 10:13:44,016 [WARN] PackLoader:240 - Cannot read IP mode file for STMicroelectronics.X-CUBE-BLE2.3.3.0
2024-03-10 10:13:44,021 [WARN] PackLoader:240 - Cannot read IP mode file for STMicroelectronics.X-CUBE-ALGOBUILD.1.3.0
2024-03-10 10:13:44,038 [WARN] PackLoader:240 - Cannot read IP mode file for STMicroelectronics.X-CUBE-AZRTOS-G0.1.1.0
2024-03-10 10:13:44,043 [WARN] PackLoader:240 - Cannot read IP mode file for STMicroelectronics.X-CUBE-NFC4.3.0.0
2024-03-10 10:13:44,052 [WARN] PackLoader:240 - Cannot read IP mode file for STMicroelectronics.X-CUBE-BLEMGR.3.0.0
2024-03-10 10:13:44,056 [WARN] PackLoader:240 - Cannot read IP mode file for STMicroelectronics.FP-ATR-SIGFOX1.3.2.0
2024-03-10 10:13:44,060 [WARN] PackLoader:240 - Cannot read IP mode file for STMicroelectronics.X-CUBE-EEPRMA1.5.1.0
2024-03-10 10:13:44,092 [WARN] PackLoader:240 - Cannot read IP mode file for SEGGER.I-CUBE-embOS.1.3.1
2024-03-10 10:13:44,146 [WARN] PackLoader:240 - Cannot read IP mode file for STMicroelectronics.X-CUBE-GNSS1.6.0.0
2024-03-10 10:13:44,174 [WARN] PackLoader:240 - Cannot read IP mode file for STMicroelectronics.X-CUBE-AZRTOS-F4.1.1.0
2024-03-10 10:13:44,182 [WARN] PackLoader:240 - Cannot read IP mode file for wolfSSL.I-CUBE-wolfSSL.5.6.6
2024-03-10 10:13:44,216 [WARN] PackLoader:240 - Cannot read IP mode file for STMicroelectronics.X-CUBE-AZRTOS-L5.2.0.0
2024-03-10 10:13:44,223 [WARN] PackLoader:240 - Cannot read IP mode file for ITTIA_DB.I-CUBE-ITTIADB.8.8.0
2024-03-10 10:13:44,229 [WARN] PackLoader:240 - Cannot read IP mode file for STMicroelectronics.X-CUBE-NFC7.1.0.1
2024-03-10 10:13:44,238 [WARN] PackLoader:240 - Cannot read IP mode file for STMicroelectronics.X-CUBE-NFC6.3.0.0
2024-03-10 10:13:44,244 [WARN] PackLoader:240 - Cannot read IP mode file for STMicroelectronics.X-CUBE-AI.8.1.0
2024-03-10 10:13:44,271 [WARN] ConditionMgr:438 - getConditionDescription Invalid condition id : LAN8742 Phy interface Condition cause : null
2024-03-10 10:13:44,272 [WARN] PackLoader:240 - Cannot read IP mode file for STMicroelectronics.X-CUBE-AZRTOS-L4.2.0.0
2024-03-10 10:13:44,273 [WARN] ConditionMgr:1039 - genDependencies : Invalid condition id : LAN8742 Phy interface Condition cause : null
2024-03-10 10:13:44,273 [WARN] ConditionMgr:1039 - genDependencies : Invalid condition id : LAN8742 Phy interface Condition cause : null
2024-03-10 10:13:44,274 [WARN] ConditionMgr:1039 - genDependencies : Invalid condition id : LAN8742 Phy interface Condition cause : null
2024-03-10 10:13:44,279 [WARN] PackLoader:240 - Cannot read IP mode file for STMicroelectronics.X-CUBE-SFXS2LP1.4.0.0
2024-03-10 10:13:44,290 [WARN] ConditionMgr:438 - getConditionDescription Invalid condition id : UX DEVICE CLASS RTOS Condition cause : null
2024-03-10 10:13:44,290 [WARN] ConditionMgr:438 - getConditionDescription Invalid condition id : UX DEVICE CLASS RTOS Condition cause : null
2024-03-10 10:13:44,292 [WARN] PackLoader:240 - Cannot read IP mode file for STMicroelectronics.X-CUBE-AZRTOS-WB.2.0.0
2024-03-10 10:13:44,292 [WARN] ConditionMgr:1039 - genDependencies : Invalid condition id : UX DEVICE CLASS RTOS Condition cause : null
2024-03-10 10:13:44,293 [WARN] ConditionMgr:1039 - genDependencies : Invalid condition id : UX DEVICE CLASS RTOS Condition cause : null
2024-03-10 10:13:44,293 [WARN] ConditionMgr:1039 - genDependencies : Invalid condition id : UX DEVICE CLASS RTOS Condition cause : null
2024-03-10 10:13:44,293 [WARN] ConditionMgr:1039 - genDependencies : Invalid condition id : UX DEVICE CLASS RTOS Condition cause : null
2024-03-10 10:13:44,293 [WARN] ConditionMgr:1039 - genDependencies : Invalid condition id : UX DEVICE CLASS RTOS Condition cause : null
2024-03-10 10:13:44,301 [WARN] PackLoader:240 - Cannot read IP mode file for STMicroelectronics.X-CUBE-SUBG2.5.0.0
2024-03-10 10:13:44,321 [WARN] PackLoader:240 - Cannot read IP mode file for STMicroelectronics.X-CUBE-AZRTOS-G4.2.0.0
2024-03-10 10:13:44,332 [WARN] PackLoader:240 - Cannot read IP mode file for Infineon.AIROC-Wi-Fi-Bluetooth-STM32.1.5.1
2024-03-10 10:13:44,337 [WARN] PackLoader:240 - Cannot read IP mode file for STMicroelectronics.FP-SNS-MOTENVWB1.1.3.1
2024-03-10 10:13:44,340 [WARN] PackLoader:240 - Cannot read IP mode file for STMicroelectronics.X-CUBE-ISPU.2.0.0
2024-03-10 10:13:44,383 [WARN] PackLoader:240 - Cannot read IP mode file for STMicroelectronics.X-CUBE-MEMS1.10.0.0
2024-03-10 10:13:44,490 [WARN] PackLoader:240 - Cannot read IP mode file for STMicroelectronics.X-CUBE-FREERTOS.1.1.0
2024-03-10 10:13:44,494 [WARN] PackLoader:240 - Cannot read IP mode file for portGmbH.I-Cube-SoM-uGOAL.1.1.0
2024-03-10 10:13:44,497 [WARN] PackLoader:240 - Cannot read IP mode file for STMicroelectronics.X-CUBE-ALS.1.0.1
2024-03-10 10:13:44,499 [WARN] PackLoader:240 - Cannot read IP mode file for STMicroelectronics.FP-ATR-ASTRA1.2.0.0
2024-03-10 10:13:44,507 [WARN] PackLoader:240 - Cannot read IP mode file for STMicroelectronics.X-CUBE-TOF1.3.4.0
2024-03-10 10:13:44,524 [WARN] PackLoader:240 - Cannot read IP mode file for STMicroelectronics.X-CUBE-TOF1.3.4.1
2024-03-10 10:13:44,549 [WARN] PackLoader:240 - Cannot read IP mode file for STMicroelectronics.X-CUBE-AZRTOS-H7.3.2.0
2024-03-10 10:13:44,558 [INFO] ThirdParty:978 - Integrity check success = true
2024-03-10 10:13:44,559 [INFO] IntegrityCheckThread:100 - exiting critical section [integrity check]
2024-03-10 10:13:44,559 [INFO] IntegrityCheckThread:103 - End integrity checks thread
2024-03-10 10:14:03,586 [ERROR] LogOutputStream:75 - [STDERR_REDIRECT] SLF4J: Failed to load class "org.slf4j.impl.StaticLoggerBinder".
2024-03-10 10:14:03,587 [ERROR] LogOutputStream:75 - [STDERR_REDIRECT] SLF4J: Defaulting to no-operation (NOP) logger implementation
2024-03-10 10:14:03,587 [ERROR] LogOutputStream:75 - [STDERR_REDIRECT] SLF4J: See http://www.slf4j.org/codes.html#StaticLoggerBinder for further details.
2024-03-10 23:07:46,833 [ERROR] ConfigurationRetriever:142 - IOException on connection: sw-center.st.com
2024-03-10 23:07:46,835 [ERROR] ConfigurationRetriever:142 - IOException on connection: sw-center.st.com
2024-03-10 23:07:46,836 [ERROR] ConfigurationRetriever:142 - IOException on connection: sw-center.st.com
2024-03-10 23:07:47,913 [ERROR] LogOutputStream:75 - [STDERR_REDIRECT] 
