2024-03-27 10:06:22,085 [INFO] Activator:176 - 


2024-03-27 10:06:22,090 [INFO] Activator:177 - !SESSION log4j initialized
2024-03-27 10:06:27,144 [INFO] LogOutputStream:77 - [STDOUT_REDIRECT] 
2024-03-27 10:06:28,840 [INFO] ApplicationProperties:184 - Using Application install path: /opt/st/stm32cubeide_1.14.0/plugins/com.st.stm32cube.common.mx_6.10.0.202311202037
2024-03-27 10:06:28,864 [INFO] DbMcusXml:78 - Set database path to: /opt/st/stm32cubeide_1.14.0/plugins/com.st.stm32cube.common.mx_6.10.0.202311202037//db//mcu/
2024-03-27 10:06:28,865 [INFO] ApiDb:274 - Set plugin database path to: /opt/st/stm32cubeide_1.14.0/plugins/com.st.stm32cube.common.mx_6.10.0.202311202037//db//plugins/boardmanager/
2024-03-27 10:06:28,865 [WARN] ApiDb:259 - Overriding images path with different value:  => /opt/st/stm32cubeide_1.14.0/plugins/com.st.stm32cube.common.mx_6.10.0.202311202037//db//plugins/mcufinder/images/
2024-03-27 10:06:28,875 [INFO] ApiDb:250 - Set database path to: /home/bhakti/.stmcufinder/plugins/mcufinder//mcu/
2024-03-27 10:06:28,877 [INFO] DbMcusAds:125 - Set database path to: /home/bhakti/.stmcufinder/plugins/mcufinder//mcu/
2024-03-27 10:06:28,881 [INFO] CrossReferenceDbSqlite:203 - Set database path to: /home/bhakti/.stmcufinder/plugins/mcufinder//mcu/cs/
2024-03-27 10:06:29,055 [INFO] RulesReader:64 - Compatibility file has been processed (297 Rules)
2024-03-27 10:06:29,178 [INFO] DbMcusXml:78 - Set database path to: /opt/st/stm32cubeide_1.14.0/plugins/com.st.stm32cube.common.mx_6.10.0.202311202037//db//mcu/
2024-03-27 10:06:29,178 [INFO] ApiDb:274 - Set plugin database path to: /opt/st/stm32cubeide_1.14.0/plugins/com.st.stm32cube.common.mx_6.10.0.202311202037//db//plugins/boardmanager/
2024-03-27 10:06:29,178 [INFO] ApiDb:261 - Set plugin images path to: /opt/st/stm32cubeide_1.14.0/plugins/com.st.stm32cube.common.mx_6.10.0.202311202037//db//plugins/mcufinder/images/
2024-03-27 10:06:29,179 [WARN] DbFile:41 - Overriding database path with different value: /home/bhakti/.stmcufinder/plugins/mcufinder/ => /home/bhakti/.stmcufinder/plugins/mcufinder
2024-03-27 10:06:29,179 [INFO] ApiDb:250 - Set database path to: /home/bhakti/.stmcufinder/plugins/mcufinder//mcu/
2024-03-27 10:06:29,179 [WARN] DbFile:41 - Overriding database path with different value: /home/bhakti/.stmcufinder/plugins/mcufinder/ => /home/bhakti/.stmcufinder/plugins/mcufinder
2024-03-27 10:06:29,180 [INFO] DbMcusAds:125 - Set database path to: /home/bhakti/.stmcufinder/plugins/mcufinder//mcu/
2024-03-27 10:06:29,180 [WARN] DbFile:41 - Overriding database path with different value: /home/bhakti/.stmcufinder/plugins/mcufinder/ => /home/bhakti/.stmcufinder/plugins/mcufinder
2024-03-27 10:06:29,180 [WARN] DbFile:41 - Overriding database path with different value: /home/bhakti/.stmcufinder/plugins/mcufinder/ => /home/bhakti/.stmcufinder/plugins/mcufinder
2024-03-27 10:06:29,180 [INFO] CrossReferenceDbSqlite:203 - Set database path to: /home/bhakti/.stmcufinder/plugins/mcufinder//mcu/cs/
2024-03-27 10:06:29,286 [INFO] MainPanel:264 - HeapMemory: 268435456
2024-03-27 10:06:29,408 [INFO] DbMcusXml:78 - Set database path to: /opt/st/stm32cubeide_1.14.0/plugins/com.st.stm32cube.common.mx_6.10.0.202311202037//db//mcu/
2024-03-27 10:06:29,408 [INFO] ApiDb:274 - Set plugin database path to: /opt/st/stm32cubeide_1.14.0/plugins/com.st.stm32cube.common.mx_6.10.0.202311202037//db//plugins/boardmanager/
2024-03-27 10:06:29,408 [INFO] ApiDb:261 - Set plugin images path to: /opt/st/stm32cubeide_1.14.0/plugins/com.st.stm32cube.common.mx_6.10.0.202311202037//db//plugins/mcufinder/images/
2024-03-27 10:06:29,409 [WARN] DbFile:41 - Overriding database path with different value: /home/bhakti/.stmcufinder/plugins/mcufinder/ => /home/bhakti/.stmcufinder/plugins/mcufinder
2024-03-27 10:06:29,409 [INFO] ApiDb:250 - Set database path to: /home/bhakti/.stmcufinder/plugins/mcufinder//mcu/
2024-03-27 10:06:29,409 [WARN] DbFile:41 - Overriding database path with different value: /home/bhakti/.stmcufinder/plugins/mcufinder/ => /home/bhakti/.stmcufinder/plugins/mcufinder
2024-03-27 10:06:29,409 [INFO] DbMcusAds:125 - Set database path to: /home/bhakti/.stmcufinder/plugins/mcufinder//mcu/
2024-03-27 10:06:29,409 [WARN] DbFile:41 - Overriding database path with different value: /home/bhakti/.stmcufinder/plugins/mcufinder/ => /home/bhakti/.stmcufinder/plugins/mcufinder
2024-03-27 10:06:29,410 [WARN] DbFile:41 - Overriding database path with different value: /home/bhakti/.stmcufinder/plugins/mcufinder/ => /home/bhakti/.stmcufinder/plugins/mcufinder
2024-03-27 10:06:29,410 [INFO] CrossReferenceDbSqlite:203 - Set database path to: /home/bhakti/.stmcufinder/plugins/mcufinder//mcu/cs/
2024-03-27 10:06:29,432 [INFO] ApplicationProperties:184 - Using Application install path: /opt/st/stm32cubeide_1.14.0/plugins/com.st.stm32cube.common.mx_6.10.0.202311202037
2024-03-27 10:06:29,434 [INFO] PluginManage:196 - Search for loadable plugins [exclusion list=, ]
2024-03-27 10:06:29,436 [INFO] PluginManage:310 - Check plugin analytics
2024-03-27 10:06:29,699 [INFO] AnalyticsPlugin:253 - Accepted Software Licenses: 
2024-03-27 10:06:29,699 [INFO] AnalyticsPlugin:255 - Accepted CMSIS Pack Licenses: 
2024-03-27 10:06:29,700 [INFO] AnalyticsPlugin:257 - Accepted Firmware Licenses: 
2024-03-27 10:06:29,708 [INFO] PluginManage:359 - Loaded plugin analytics (category:tool,tabindex:-1)
2024-03-27 10:06:29,708 [INFO] PluginManage:310 - Check plugin cadmodel
2024-03-27 10:06:29,955 [INFO] CADModel:105 - Init CAD model plugin
2024-03-27 10:06:29,956 [INFO] PluginManage:359 - Loaded plugin cadmodel (category:power,tabindex:5)
2024-03-27 10:06:29,956 [INFO] PluginManage:310 - Check plugin clock
2024-03-27 10:06:29,970 [INFO] PluginManage:359 - Loaded plugin clock (category:base,tabindex:2)
2024-03-27 10:06:29,970 [INFO] PluginManage:310 - Check plugin ddr
2024-03-27 10:06:29,973 [INFO] PluginManage:359 - Loaded plugin ddr (category:tool,tabindex:6)
2024-03-27 10:06:29,973 [INFO] PluginManage:310 - Check plugin filemanager
2024-03-27 10:06:30,176 [INFO] PluginManage:359 - Loaded plugin filemanager (category:base,tabindex:10)
2024-03-27 10:06:30,177 [INFO] PluginManage:310 - Check plugin ipmanager
2024-03-27 10:06:30,183 [INFO] PluginManage:359 - Loaded plugin ipmanager (category:base,tabindex:5)
2024-03-27 10:06:30,183 [INFO] PluginManage:310 - Check plugin lpbam
2024-03-27 10:06:30,193 [INFO] PluginManage:359 - Loaded plugin lpbam (category:base,tabindex:0)
2024-03-27 10:06:30,193 [INFO] PluginManage:310 - Check plugin memorymap
2024-03-27 10:06:30,208 [INFO] PluginManage:359 - Loaded plugin memorymap (category:base,tabindex:4)
2024-03-27 10:06:30,208 [INFO] PluginManage:310 - Check plugin pinoutandconfiguration
2024-03-27 10:06:30,217 [INFO] PluginManage:359 - Loaded plugin pinoutandconfiguration (category:base,tabindex:1)
2024-03-27 10:06:30,217 [INFO] PluginManage:310 - Check plugin pinoutconfig
2024-03-27 10:06:30,317 [WARN] SupportedApi:132 - Cannot load RTOS API schema: s4s-elt-must-match.1: The content of 'definitions' must match (annotation?, (simpleType | complexType)?, (unique | key | keyref)*)). A problem was found starting at: attribute.
2024-03-27 10:06:30,482 [INFO] PluginManage:359 - Loaded plugin pinoutconfig (category:base,tabindex:0)
2024-03-27 10:06:30,482 [INFO] PluginManage:310 - Check plugin power
2024-03-27 10:06:30,493 [INFO] PluginManage:359 - Loaded plugin power (category:power,tabindex:4)
2024-03-27 10:06:30,493 [INFO] PluginManage:310 - Check plugin projectmanager
2024-03-27 10:06:30,530 [INFO] PluginManage:359 - Loaded plugin projectmanager (category:projectmanager,tabindex:3)
2024-03-27 10:06:30,530 [INFO] PluginManage:310 - Check plugin thirdparty
2024-03-27 10:06:30,683 [INFO] PluginManage:359 - Loaded plugin thirdparty (category:base,tabindex:-1)
2024-03-27 10:06:30,682 [WARN] IntegrityCheckThread:84 - waiting for thirdparty lock release [integrity check]
2024-03-27 10:06:30,683 [INFO] PluginManage:310 - Check plugin tools
2024-03-27 10:06:30,683 [INFO] IntegrityCheckThread:86 - entering critical section [integrity check]
2024-03-27 10:06:30,684 [INFO] ThirdPartyUpdaterWithRetryManager:70 - Updater plugin not ready yet. [1/15]
2024-03-27 10:06:30,686 [INFO] PluginManage:359 - Loaded plugin tools (category:base,tabindex:7)
2024-03-27 10:06:30,687 [INFO] PluginManage:310 - Check plugin tutovideos
2024-03-27 10:06:30,903 [INFO] PluginManage:359 - Loaded plugin tutovideos (category:base,tabindex:-1)
2024-03-27 10:06:30,904 [INFO] PluginManage:310 - Check plugin updater
2024-03-27 10:06:30,916 [INFO] PluginManage:359 - Loaded plugin updater (category:base,tabindex:12)
2024-03-27 10:06:30,916 [INFO] PluginManage:310 - Check plugin userauth
2024-03-27 10:06:30,922 [INFO] UserAuth:114 - Init User Auth plugin
2024-03-27 10:06:30,922 [INFO] PluginManage:359 - Loaded plugin userauth (category:base,tabindex:14)
2024-03-27 10:06:30,923 [INFO] PluginManage:283 - PluginManage : Loaded plugins [17]
2024-03-27 10:06:31,175 [INFO] PinOutPanel:1499 - setPackage(No Configuration,No Configuration)
2024-03-27 10:06:31,257 [INFO] CADModel:165 - CPN selected for project level
2024-03-27 10:06:31,257 [INFO] CADModel:114 - Register for checkConnection events
2024-03-27 10:06:31,278 [INFO] IPUIPlugin:80 - create IPUIPlugin
2024-03-27 10:06:31,279 [INFO] PluginManager:220 - loadIPPluginJar : add usbx
2024-03-27 10:06:31,287 [INFO] IPUIPlugin:80 - create IPUIPlugin
2024-03-27 10:06:31,287 [INFO] PluginManager:220 - loadIPPluginJar : add freertos
2024-03-27 10:06:31,289 [INFO] IPUIPlugin:80 - create IPUIPlugin
2024-03-27 10:06:31,289 [INFO] PluginManager:220 - loadIPPluginJar : add fatfs
2024-03-27 10:06:31,297 [INFO] IPUIPlugin:80 - create IPUIPlugin
2024-03-27 10:06:31,297 [INFO] PluginManager:220 - loadIPPluginJar : add resmgrutility
2024-03-27 10:06:31,300 [INFO] IPUIPlugin:80 - create IPUIPlugin
2024-03-27 10:06:31,300 [INFO] PluginManager:220 - loadIPPluginJar : add tracer_emb
2024-03-27 10:06:31,304 [INFO] IPUIPlugin:80 - create IPUIPlugin
2024-03-27 10:06:31,304 [INFO] PluginManager:220 - loadIPPluginJar : add gtzc
2024-03-27 10:06:31,307 [INFO] IPUIPlugin:80 - create IPUIPlugin
2024-03-27 10:06:31,307 [INFO] PluginManager:220 - loadIPPluginJar : add genericplugin
2024-03-27 10:06:31,315 [INFO] IPUIPlugin:80 - create IPUIPlugin
2024-03-27 10:06:31,316 [INFO] PluginManager:220 - loadIPPluginJar : add stm32_wpan
2024-03-27 10:06:31,319 [INFO] IPUIPlugin:80 - create IPUIPlugin
2024-03-27 10:06:31,319 [INFO] PluginManager:220 - loadIPPluginJar : add lorawan
2024-03-27 10:06:31,329 [INFO] IPUIPlugin:80 - create IPUIPlugin
2024-03-27 10:06:31,333 [INFO] PluginManager:220 - loadIPPluginJar : add plateformsettings
2024-03-27 10:06:31,337 [INFO] IPUIPlugin:80 - create IPUIPlugin
2024-03-27 10:06:31,337 [INFO] PluginManager:220 - loadIPPluginJar : add usart
2024-03-27 10:06:31,346 [INFO] IPUIPlugin:80 - create IPUIPlugin
2024-03-27 10:06:31,346 [INFO] PluginManager:220 - loadIPPluginJar : add mdma
2024-03-27 10:06:31,352 [INFO] IPUIPlugin:80 - create IPUIPlugin
2024-03-27 10:06:31,353 [INFO] PluginManager:220 - loadIPPluginJar : add gpio
2024-03-27 10:06:31,360 [INFO] IPUIPlugin:80 - create IPUIPlugin
2024-03-27 10:06:31,361 [INFO] PluginManager:220 - loadIPPluginJar : add adc
2024-03-27 10:06:31,364 [INFO] IPUIPlugin:80 - create IPUIPlugin
2024-03-27 10:06:31,364 [INFO] PluginManager:220 - loadIPPluginJar : add can
2024-03-27 10:06:31,368 [INFO] IPUIPlugin:80 - create IPUIPlugin
2024-03-27 10:06:31,368 [INFO] PluginManager:220 - loadIPPluginJar : add ipddr
2024-03-27 10:06:31,371 [INFO] IPUIPlugin:80 - create IPUIPlugin
2024-03-27 10:06:31,371 [INFO] PluginManager:220 - loadIPPluginJar : add sai
2024-03-27 10:06:31,372 [INFO] IPUIPlugin:80 - create IPUIPlugin
2024-03-27 10:06:31,372 [INFO] PluginManager:220 - loadIPPluginJar : add tsc
2024-03-27 10:06:31,379 [INFO] IPUIPlugin:80 - create IPUIPlugin
2024-03-27 10:06:31,379 [INFO] PluginManager:220 - loadIPPluginJar : add gic
2024-03-27 10:06:31,382 [INFO] IPUIPlugin:80 - create IPUIPlugin
2024-03-27 10:06:31,382 [INFO] PluginManager:220 - loadIPPluginJar : add ucpd
2024-03-27 10:06:31,390 [INFO] IPUIPlugin:80 - create IPUIPlugin
2024-03-27 10:06:31,390 [INFO] PluginManager:220 - loadIPPluginJar : add dma
2024-03-27 10:06:31,392 [INFO] IPUIPlugin:80 - create IPUIPlugin
2024-03-27 10:06:31,393 [INFO] PluginManager:220 - loadIPPluginJar : add ts
2024-03-27 10:06:31,399 [INFO] IPUIPlugin:80 - create IPUIPlugin
2024-03-27 10:06:31,400 [INFO] PluginManager:220 - loadIPPluginJar : add fmc
2024-03-27 10:06:31,403 [INFO] IPUIPlugin:80 - create IPUIPlugin
2024-03-27 10:06:31,403 [INFO] PluginManager:220 - loadIPPluginJar : add i2c
2024-03-27 10:06:31,407 [INFO] IPUIPlugin:80 - create IPUIPlugin
2024-03-27 10:06:31,407 [INFO] PluginManager:220 - loadIPPluginJar : add dfsdm
2024-03-27 10:06:31,410 [INFO] IPUIPlugin:80 - create IPUIPlugin
2024-03-27 10:06:31,411 [INFO] PluginManager:220 - loadIPPluginJar : add hash
2024-03-27 10:06:31,413 [INFO] IPUIPlugin:80 - create IPUIPlugin
2024-03-27 10:06:31,413 [INFO] PluginManager:220 - loadIPPluginJar : add ltdc
2024-03-27 10:06:31,417 [INFO] IPUIPlugin:80 - create IPUIPlugin
2024-03-27 10:06:31,417 [INFO] PluginManager:220 - loadIPPluginJar : add opamp
2024-03-27 10:06:31,420 [INFO] IPUIPlugin:80 - create IPUIPlugin
2024-03-27 10:06:31,420 [INFO] PluginManager:220 - loadIPPluginJar : add aes
2024-03-27 10:06:31,422 [INFO] IPUIPlugin:80 - create IPUIPlugin
2024-03-27 10:06:31,422 [INFO] PluginManager:220 - loadIPPluginJar : add comp
2024-03-27 10:06:31,424 [INFO] IPUIPlugin:80 - create IPUIPlugin
2024-03-27 10:06:31,424 [INFO] PluginManager:220 - loadIPPluginJar : add tim
2024-03-27 10:06:31,426 [INFO] IPUIPlugin:80 - create IPUIPlugin
2024-03-27 10:06:31,426 [INFO] PluginManager:220 - loadIPPluginJar : add spi
2024-03-27 10:06:31,431 [INFO] IPUIPlugin:80 - create IPUIPlugin
2024-03-27 10:06:31,431 [INFO] PluginManager:220 - loadIPPluginJar : add pdm2pcm
2024-03-27 10:06:31,434 [INFO] IPUIPlugin:80 - create IPUIPlugin
2024-03-27 10:06:31,434 [INFO] PluginManager:220 - loadIPPluginJar : add dma3
2024-03-27 10:06:31,438 [INFO] IPUIPlugin:80 - create IPUIPlugin
2024-03-27 10:06:31,438 [INFO] PluginManager:220 - loadIPPluginJar : add openamp
2024-03-27 10:06:31,440 [INFO] IPUIPlugin:80 - create IPUIPlugin
2024-03-27 10:06:31,440 [INFO] PluginManager:220 - loadIPPluginJar : add quadspi
2024-03-27 10:06:31,443 [INFO] IPUIPlugin:80 - create IPUIPlugin
2024-03-27 10:06:31,444 [INFO] PluginManager:220 - loadIPPluginJar : add gfxmmu
2024-03-27 10:06:31,450 [INFO] IPUIPlugin:80 - create IPUIPlugin
2024-03-27 10:06:31,450 [INFO] PluginManager:220 - loadIPPluginJar : add nvic
2024-03-27 10:06:31,453 [INFO] IPUIPlugin:80 - create IPUIPlugin
2024-03-27 10:06:31,454 [INFO] PluginManager:220 - loadIPPluginJar : add touchsensing
2024-03-27 10:06:31,456 [INFO] IPUIPlugin:80 - create IPUIPlugin
2024-03-27 10:06:31,456 [INFO] PluginManager:220 - loadIPPluginJar : add i2s
2024-03-27 10:06:31,465 [INFO] IPUIPlugin:80 - create IPUIPlugin
2024-03-27 10:06:31,466 [INFO] PluginManager:220 - loadIPPluginJar : add linkedlist
2024-03-27 10:06:31,468 [INFO] IPUIPlugin:80 - create IPUIPlugin
2024-03-27 10:06:31,469 [INFO] PluginManager:220 - loadIPPluginJar : add cryp
2024-03-27 10:06:31,471 [INFO] IPUIPlugin:80 - create IPUIPlugin
2024-03-27 10:06:31,472 [INFO] PluginManager:220 - loadIPPluginJar : add i3c
2024-03-27 10:06:31,584 [INFO] CADModel:165 - CPN selected for project level
2024-03-27 10:06:31,584 [INFO] CADModel:114 - Register for checkConnection events
2024-03-27 10:06:31,585 [FATAL] Updater:308 - Updater called before beeing initialized
2024-03-27 10:06:31,585 [ERROR] CADModel:125 - Updater not yet initialized, retry later 
2024-03-27 10:06:31,722 [INFO] CADModel:165 - CPN selected for project level
2024-03-27 10:06:31,722 [INFO] CADModel:114 - Register for checkConnection events
2024-03-27 10:06:31,722 [FATAL] Updater:308 - Updater called before beeing initialized
2024-03-27 10:06:31,722 [ERROR] CADModel:125 - Updater not yet initialized, retry later 
2024-03-27 10:06:31,726 [FATAL] Updater:308 - Updater called before beeing initialized
2024-03-27 10:06:31,819 [FATAL] Updater:308 - Updater called before beeing initialized
2024-03-27 10:06:31,824 [INFO] DbMcusAds:53 - JSON generation date=Wed Nov 29 16:22:27 IST 2023 (1701255147349)
2024-03-27 10:06:31,824 [FATAL] Updater:308 - Updater called before beeing initialized
2024-03-27 10:06:31,888 [WARN] DetailPanel:346 - Failed to get advertising image, set to default
2024-03-27 10:06:32,042 [FATAL] Updater:308 - Updater called before beeing initialized
2024-03-27 10:06:32,045 [FATAL] Updater:308 - Updater called before beeing initialized
2024-03-27 10:06:32,045 [FATAL] Updater:308 - Updater called before beeing initialized
2024-03-27 10:06:32,045 [WARN] DetailPanel:346 - Failed to get advertising image, set to default
2024-03-27 10:06:32,047 [FATAL] Updater:308 - Updater called before beeing initialized
2024-03-27 10:06:32,089 [ERROR] Updater:1120 - MainUpdater not yet initialized. External WinMGr cannot be set.
2024-03-27 10:06:32,091 [INFO] Updater:1056 - Updater Version found : 6.10.0
2024-03-27 10:06:32,113 [INFO] ApplicationProperties:184 - Using Application install path: /opt/st/stm32cubeide_1.14.0/plugins/com.st.stm32cube.common.mx_6.10.0.202311202037
2024-03-27 10:06:32,470 [INFO] MainUpdater:2873 - connection check result : 10
2024-03-27 10:06:32,471 [INFO] MainUpdater:3567 - Updater definition file requires update
2024-03-27 10:06:32,471 [INFO] MainUpdater:290 - Updater Check For Update Now.
2024-03-27 10:06:32,471 [INFO] MicroXplorer:498 - Change Database Version : DB.6.0.100
2024-03-27 10:06:32,477 [INFO] McuFinderGlobals:63 - Set McuFinder mode to 2 (CubeIDE integrated)
2024-03-27 10:06:32,477 [INFO] UserAuth:180 - activating auth plugin
2024-03-27 10:06:32,480 [INFO] UserAuth:404 - Internet connection configuration mode: 1
2024-03-27 10:06:32,492 [INFO] JxBrowserEngine:152 - Initiate JxBrowser Engine with user profile folder
2024-03-27 10:06:32,561 [INFO] ServerAccessManage:473 - Download File updaters.zip
2024-03-27 10:06:33,061 [INFO] FileExtend:240 - Unzip File : updaters.zip
2024-03-27 10:06:33,062 [INFO] FileExtend:255 - Standard Zip Deflate
2024-03-27 10:06:33,392 [INFO] ServerAccessManage:473 - Download File PacksControlFlags.xml
2024-03-27 10:06:33,533 [INFO] WebApp:161 - Instantiating new browser for Auth
2024-03-27 10:06:33,566 [INFO] ServerAccessManage:473 - Download File cubemx.pidx
2024-03-27 10:06:33,685 [WARN] MainUpdater:1194 - Updater busy. Cannot search thirdparties
2024-03-27 10:06:33,685 [INFO] ThirdPartyUpdaterWithRetryManager:96 - Updater plugin is busy. [1/15]
2024-03-27 10:06:34,817 [INFO] WebApp:780 - Register for checkConnection events
2024-03-27 10:06:34,818 [INFO] WebApp:414 - Apply proxy settings
2024-03-27 10:06:34,818 [INFO] WebApp:499 - Chromium requires no authentication
2024-03-27 10:06:34,828 [INFO] WebApp:442 - Direct internet connection detected
2024-03-27 10:06:34,830 [INFO] ServerAccessManage:473 - Download File STMicroelectronics.X-CUBE-NFC6.pdsc
2024-03-27 10:06:35,114 [INFO] WebApp:192 - Starting web application
2024-03-27 10:06:35,114 [INFO] WebApp:544 - Web application path used /opt/st/stm32cubeide_1.14.0/plugins/com.st.stm32cube.common.mx_6.10.0.202311202037/db/plugins/mcufinder/reactClient1/index.html
2024-03-27 10:06:35,808 [WARN] PackLoader:240 - Cannot read IP mode file for STMicroelectronics.X-CUBE-NFC6.3.1.0
2024-03-27 10:06:35,828 [INFO] PopulateThirdPartyThread:66 - Ending populate Thread
2024-03-27 10:06:35,830 [INFO] ThirdParty:1030 - CMSIS Pack Vendor :STMicroelectronics X-CUBE-NFC6 3.1.0
2024-03-27 10:06:35,831 [INFO] LoadServerUpdatesThread:375 - End of LoadServerUpdate Thread
2024-03-27 10:06:35,936 [INFO] CheckServerUpdateThread:120 - End of CheckServer Thread
2024-03-27 10:06:36,833 [WARN] PackLoader:240 - Cannot read IP mode file for STMicroelectronics.X-CUBE-SMBUS.2.1.0
2024-03-27 10:06:36,838 [WARN] PackLoader:240 - Cannot read IP mode file for STMicroelectronics.X-CUBE-TOUCHGFX.4.23.0
2024-03-27 10:06:36,870 [WARN] PackLoader:240 - Cannot read IP mode file for STMicroelectronics.X-CUBE-AZRTOS-F7.1.1.0
2024-03-27 10:06:36,885 [WARN] PackLoader:240 - Cannot read IP mode file for STMicroelectronics.FP-SNS-MOTENV1.4.3.2
2024-03-27 10:06:36,897 [WARN] PackLoader:240 - Cannot read IP mode file for STMicroelectronics.FP-SNS-FLIGHT1.5.0.2
2024-03-27 10:06:36,910 [WARN] PackLoader:240 - Cannot read IP mode file for STMicroelectronics.X-CUBE-DISPLAY.3.0.0
2024-03-27 10:06:36,931 [WARN] PackLoader:240 - Cannot read IP mode file for STMicroelectronics.X-CUBE-BLE1.7.0.0
2024-03-27 10:06:36,939 [WARN] PackLoader:240 - Cannot read IP mode file for emotas.I-CUBE-CANOPEN.1.3.0
2024-03-27 10:06:36,959 [WARN] PackLoader:240 - Cannot read IP mode file for STMicroelectronics.X-CUBE-BLEMGR.3.1.0
2024-03-27 10:06:36,974 [WARN] PackLoader:240 - Cannot read IP mode file for STMicroelectronics.FP-SNS-SMARTAG2.1.2.0
2024-03-27 10:06:36,987 [INFO] LogOutputStream:77 - [STDOUT_REDIRECT] 1 : Invalid condition id : UX_CORESTACK_Condition cause : null
2024-03-27 10:06:36,988 [INFO] LogOutputStream:77 - [STDOUT_REDIRECT] 1 : Invalid condition id : UX_CORESTACK_Condition cause : null
2024-03-27 10:06:36,989 [INFO] LogOutputStream:77 - [STDOUT_REDIRECT] 1 : Invalid condition id : UX_CORESTACK_Condition cause : null
2024-03-27 10:06:36,990 [INFO] LogOutputStream:77 - [STDOUT_REDIRECT] 1 : Invalid condition id : UX_CORESTACK_Condition cause : null
2024-03-27 10:06:36,990 [INFO] LogOutputStream:77 - [STDOUT_REDIRECT] 1 : Invalid condition id : UX_CORESTACK_Condition cause : null
2024-03-27 10:06:37,000 [WARN] PackLoader:240 - Cannot read IP mode file for STMicroelectronics.X-CUBE-AZRTOS-WL.2.0.0
2024-03-27 10:06:37,015 [WARN] PackLoader:240 - Cannot read IP mode file for WES.I-CUBE-Cesium.1.3.0
2024-03-27 10:06:37,021 [WARN] PackLoader:240 - Cannot read IP mode file for STMicroelectronics.X-CUBE-BLE2.3.3.0
2024-03-27 10:06:37,034 [WARN] PackLoader:240 - Cannot read IP mode file for STMicroelectronics.X-CUBE-ALGOBUILD.1.3.0
2024-03-27 10:06:37,083 [WARN] PackLoader:240 - Cannot read IP mode file for STMicroelectronics.X-CUBE-AZRTOS-G0.1.1.0
2024-03-27 10:06:37,101 [WARN] PackLoader:240 - Cannot read IP mode file for STMicroelectronics.X-CUBE-NFC4.3.0.0
2024-03-27 10:06:37,122 [WARN] PackLoader:240 - Cannot read IP mode file for STMicroelectronics.X-CUBE-BLEMGR.3.0.0
2024-03-27 10:06:37,134 [WARN] PackLoader:240 - Cannot read IP mode file for STMicroelectronics.FP-ATR-SIGFOX1.3.2.0
2024-03-27 10:06:37,145 [WARN] PackLoader:240 - Cannot read IP mode file for STMicroelectronics.X-CUBE-EEPRMA1.5.1.0
2024-03-27 10:06:37,217 [WARN] PackLoader:240 - Cannot read IP mode file for SEGGER.I-CUBE-embOS.1.3.1
2024-03-27 10:06:37,300 [WARN] PackLoader:240 - Cannot read IP mode file for STMicroelectronics.X-CUBE-GNSS1.6.0.0
2024-03-27 10:06:37,325 [WARN] PackLoader:240 - Cannot read IP mode file for STMicroelectronics.X-CUBE-AZRTOS-F4.1.1.0
2024-03-27 10:06:37,332 [WARN] PackLoader:240 - Cannot read IP mode file for wolfSSL.I-CUBE-wolfSSL.5.6.6
2024-03-27 10:06:37,353 [WARN] PackLoader:240 - Cannot read IP mode file for STMicroelectronics.X-CUBE-AZRTOS-L5.2.0.0
2024-03-27 10:06:37,367 [WARN] PackLoader:240 - Cannot read IP mode file for STMicroelectronics.X-CUBE-NFC6.3.1.0
2024-03-27 10:06:37,375 [WARN] PackLoader:240 - Cannot read IP mode file for ITTIA_DB.I-CUBE-ITTIADB.8.8.0
2024-03-27 10:06:37,383 [WARN] PackLoader:240 - Cannot read IP mode file for STMicroelectronics.X-CUBE-NFC7.1.0.1
2024-03-27 10:06:37,392 [WARN] PackLoader:240 - Cannot read IP mode file for STMicroelectronics.X-CUBE-NFC6.3.0.0
2024-03-27 10:06:37,399 [WARN] PackLoader:240 - Cannot read IP mode file for STMicroelectronics.X-CUBE-AI.8.1.0
2024-03-27 10:06:37,421 [WARN] ConditionMgr:438 - getConditionDescription Invalid condition id : LAN8742 Phy interface Condition cause : null
2024-03-27 10:06:37,422 [WARN] PackLoader:240 - Cannot read IP mode file for STMicroelectronics.X-CUBE-AZRTOS-L4.2.0.0
2024-03-27 10:06:37,424 [WARN] ConditionMgr:1039 - genDependencies : Invalid condition id : LAN8742 Phy interface Condition cause : null
2024-03-27 10:06:37,424 [WARN] ConditionMgr:1039 - genDependencies : Invalid condition id : LAN8742 Phy interface Condition cause : null
2024-03-27 10:06:37,425 [WARN] ConditionMgr:1039 - genDependencies : Invalid condition id : LAN8742 Phy interface Condition cause : null
2024-03-27 10:06:37,432 [WARN] PackLoader:240 - Cannot read IP mode file for STMicroelectronics.X-CUBE-SFXS2LP1.4.0.0
2024-03-27 10:06:37,448 [WARN] ConditionMgr:438 - getConditionDescription Invalid condition id : UX DEVICE CLASS RTOS Condition cause : null
2024-03-27 10:06:37,448 [WARN] ConditionMgr:438 - getConditionDescription Invalid condition id : UX DEVICE CLASS RTOS Condition cause : null
2024-03-27 10:06:37,452 [WARN] PackLoader:240 - Cannot read IP mode file for STMicroelectronics.X-CUBE-AZRTOS-WB.2.0.0
2024-03-27 10:06:37,453 [WARN] ConditionMgr:1039 - genDependencies : Invalid condition id : UX DEVICE CLASS RTOS Condition cause : null
2024-03-27 10:06:37,454 [WARN] ConditionMgr:1039 - genDependencies : Invalid condition id : UX DEVICE CLASS RTOS Condition cause : null
2024-03-27 10:06:37,454 [WARN] ConditionMgr:1039 - genDependencies : Invalid condition id : UX DEVICE CLASS RTOS Condition cause : null
2024-03-27 10:06:37,455 [WARN] ConditionMgr:1039 - genDependencies : Invalid condition id : UX DEVICE CLASS RTOS Condition cause : null
2024-03-27 10:06:37,456 [WARN] ConditionMgr:1039 - genDependencies : Invalid condition id : UX DEVICE CLASS RTOS Condition cause : null
2024-03-27 10:06:37,471 [WARN] PackLoader:240 - Cannot read IP mode file for STMicroelectronics.X-CUBE-SUBG2.5.0.0
2024-03-27 10:06:37,504 [WARN] PackLoader:240 - Cannot read IP mode file for STMicroelectronics.X-CUBE-AZRTOS-G4.2.0.0
2024-03-27 10:06:37,532 [WARN] PackLoader:240 - Cannot read IP mode file for Infineon.AIROC-Wi-Fi-Bluetooth-STM32.1.5.1
2024-03-27 10:06:37,546 [WARN] PackLoader:240 - Cannot read IP mode file for STMicroelectronics.FP-SNS-MOTENVWB1.1.3.1
2024-03-27 10:06:37,554 [WARN] PackLoader:240 - Cannot read IP mode file for STMicroelectronics.X-CUBE-ISPU.2.0.0
2024-03-27 10:06:37,643 [WARN] PackLoader:240 - Cannot read IP mode file for STMicroelectronics.X-CUBE-MEMS1.10.0.0
2024-03-27 10:06:38,021 [WARN] PackLoader:240 - Cannot read IP mode file for STMicroelectronics.X-CUBE-FREERTOS.1.1.0
2024-03-27 10:06:38,030 [WARN] PackLoader:240 - Cannot read IP mode file for portGmbH.I-Cube-SoM-uGOAL.1.1.0
2024-03-27 10:06:38,036 [WARN] PackLoader:240 - Cannot read IP mode file for STMicroelectronics.X-CUBE-ALS.1.0.1
2024-03-27 10:06:38,043 [WARN] PackLoader:240 - Cannot read IP mode file for STMicroelectronics.FP-ATR-ASTRA1.2.0.0
2024-03-27 10:06:38,064 [WARN] PackLoader:240 - Cannot read IP mode file for STMicroelectronics.X-CUBE-TOF1.3.4.0
2024-03-27 10:06:38,109 [WARN] PackLoader:240 - Cannot read IP mode file for STMicroelectronics.X-CUBE-TOF1.3.4.1
2024-03-27 10:06:38,156 [WARN] PackLoader:240 - Cannot read IP mode file for STMicroelectronics.X-CUBE-AZRTOS-H7.3.2.0
2024-03-27 10:06:38,164 [INFO] ThirdParty:978 - Integrity check success = true
2024-03-27 10:06:38,164 [INFO] IntegrityCheckThread:100 - exiting critical section [integrity check]
2024-03-27 10:06:38,164 [INFO] IntegrityCheckThread:103 - End integrity checks thread
2024-03-27 10:06:55,861 [ERROR] LogOutputStream:75 - [STDERR_REDIRECT] SLF4J: Failed to load class "org.slf4j.impl.StaticLoggerBinder".
2024-03-27 10:06:55,861 [ERROR] LogOutputStream:75 - [STDERR_REDIRECT] SLF4J: Defaulting to no-operation (NOP) logger implementation
2024-03-27 10:06:55,862 [ERROR] LogOutputStream:75 - [STDERR_REDIRECT] SLF4J: See http://www.slf4j.org/codes.html#StaticLoggerBinder for further details.
2024-03-27 10:09:16,107 [ERROR] LogOutputStream:75 - [STDERR_REDIRECT] 
