2024-03-06 15:02:24,687 [INFO] Activator:176 - 


2024-03-06 15:02:24,692 [INFO] Activator:177 - !SESSION log4j initialized
2024-03-06 15:02:29,041 [INFO] LogOutputStream:77 - [STDOUT_REDIRECT] 
2024-03-06 15:02:59,637 [INFO] ApplicationProperties:184 - Using Application install path: /opt/st/stm32cubeide_1.14.0/plugins/com.st.stm32cube.common.mx_6.10.0.202311202037
2024-03-06 15:02:59,659 [INFO] DbMcusXml:78 - Set database path to: /opt/st/stm32cubeide_1.14.0/plugins/com.st.stm32cube.common.mx_6.10.0.202311202037//db//mcu/
2024-03-06 15:02:59,659 [INFO] ApiDb:274 - Set plugin database path to: /opt/st/stm32cubeide_1.14.0/plugins/com.st.stm32cube.common.mx_6.10.0.202311202037//db//plugins/boardmanager/
2024-03-06 15:02:59,659 [WARN] ApiDb:259 - Overriding images path with different value:  => /opt/st/stm32cubeide_1.14.0/plugins/com.st.stm32cube.common.mx_6.10.0.202311202037//db//plugins/mcufinder/images/
2024-03-06 15:02:59,666 [INFO] ApiDb:250 - Set database path to: /home/bhakti/.stmcufinder/plugins/mcufinder//mcu/
2024-03-06 15:02:59,668 [INFO] DbMcusAds:125 - Set database path to: /home/bhakti/.stmcufinder/plugins/mcufinder//mcu/
2024-03-06 15:02:59,671 [INFO] CrossReferenceDbSqlite:203 - Set database path to: /home/bhakti/.stmcufinder/plugins/mcufinder//mcu/cs/
2024-03-06 15:02:59,775 [INFO] RulesReader:64 - Compatibility file has been processed (297 Rules)
2024-03-06 15:02:59,838 [INFO] DbMcusXml:78 - Set database path to: /opt/st/stm32cubeide_1.14.0/plugins/com.st.stm32cube.common.mx_6.10.0.202311202037//db//mcu/
2024-03-06 15:02:59,838 [INFO] ApiDb:274 - Set plugin database path to: /opt/st/stm32cubeide_1.14.0/plugins/com.st.stm32cube.common.mx_6.10.0.202311202037//db//plugins/boardmanager/
2024-03-06 15:02:59,839 [INFO] ApiDb:261 - Set plugin images path to: /opt/st/stm32cubeide_1.14.0/plugins/com.st.stm32cube.common.mx_6.10.0.202311202037//db//plugins/mcufinder/images/
2024-03-06 15:02:59,839 [WARN] DbFile:41 - Overriding database path with different value: /home/bhakti/.stmcufinder/plugins/mcufinder/ => /home/bhakti/.stmcufinder/plugins/mcufinder
2024-03-06 15:02:59,839 [INFO] ApiDb:250 - Set database path to: /home/bhakti/.stmcufinder/plugins/mcufinder//mcu/
2024-03-06 15:02:59,839 [WARN] DbFile:41 - Overriding database path with different value: /home/bhakti/.stmcufinder/plugins/mcufinder/ => /home/bhakti/.stmcufinder/plugins/mcufinder
2024-03-06 15:02:59,839 [INFO] DbMcusAds:125 - Set database path to: /home/bhakti/.stmcufinder/plugins/mcufinder//mcu/
2024-03-06 15:02:59,839 [WARN] DbFile:41 - Overriding database path with different value: /home/bhakti/.stmcufinder/plugins/mcufinder/ => /home/bhakti/.stmcufinder/plugins/mcufinder
2024-03-06 15:02:59,839 [WARN] DbFile:41 - Overriding database path with different value: /home/bhakti/.stmcufinder/plugins/mcufinder/ => /home/bhakti/.stmcufinder/plugins/mcufinder
2024-03-06 15:02:59,840 [INFO] CrossReferenceDbSqlite:203 - Set database path to: /home/bhakti/.stmcufinder/plugins/mcufinder//mcu/cs/
2024-03-06 15:02:59,910 [INFO] MainPanel:264 - HeapMemory: 268435456
2024-03-06 15:02:59,996 [INFO] DbMcusXml:78 - Set database path to: /opt/st/stm32cubeide_1.14.0/plugins/com.st.stm32cube.common.mx_6.10.0.202311202037//db//mcu/
2024-03-06 15:02:59,997 [INFO] ApiDb:274 - Set plugin database path to: /opt/st/stm32cubeide_1.14.0/plugins/com.st.stm32cube.common.mx_6.10.0.202311202037//db//plugins/boardmanager/
2024-03-06 15:02:59,997 [INFO] ApiDb:261 - Set plugin images path to: /opt/st/stm32cubeide_1.14.0/plugins/com.st.stm32cube.common.mx_6.10.0.202311202037//db//plugins/mcufinder/images/
2024-03-06 15:02:59,997 [WARN] DbFile:41 - Overriding database path with different value: /home/bhakti/.stmcufinder/plugins/mcufinder/ => /home/bhakti/.stmcufinder/plugins/mcufinder
2024-03-06 15:02:59,997 [INFO] ApiDb:250 - Set database path to: /home/bhakti/.stmcufinder/plugins/mcufinder//mcu/
2024-03-06 15:02:59,997 [WARN] DbFile:41 - Overriding database path with different value: /home/bhakti/.stmcufinder/plugins/mcufinder/ => /home/bhakti/.stmcufinder/plugins/mcufinder
2024-03-06 15:02:59,997 [INFO] DbMcusAds:125 - Set database path to: /home/bhakti/.stmcufinder/plugins/mcufinder//mcu/
2024-03-06 15:02:59,997 [WARN] DbFile:41 - Overriding database path with different value: /home/bhakti/.stmcufinder/plugins/mcufinder/ => /home/bhakti/.stmcufinder/plugins/mcufinder
2024-03-06 15:02:59,997 [WARN] DbFile:41 - Overriding database path with different value: /home/bhakti/.stmcufinder/plugins/mcufinder/ => /home/bhakti/.stmcufinder/plugins/mcufinder
2024-03-06 15:02:59,997 [INFO] CrossReferenceDbSqlite:203 - Set database path to: /home/bhakti/.stmcufinder/plugins/mcufinder//mcu/cs/
2024-03-06 15:03:00,010 [INFO] ApplicationProperties:184 - Using Application install path: /opt/st/stm32cubeide_1.14.0/plugins/com.st.stm32cube.common.mx_6.10.0.202311202037
2024-03-06 15:03:00,012 [INFO] PluginManage:196 - Search for loadable plugins [exclusion list=, ]
2024-03-06 15:03:00,013 [INFO] PluginManage:310 - Check plugin analytics
2024-03-06 15:03:00,162 [INFO] AnalyticsPlugin:253 - Accepted Software Licenses: 
2024-03-06 15:03:00,162 [INFO] AnalyticsPlugin:255 - Accepted CMSIS Pack Licenses: 
2024-03-06 15:03:00,162 [INFO] AnalyticsPlugin:257 - Accepted Firmware Licenses: 
2024-03-06 15:03:00,166 [INFO] PluginManage:359 - Loaded plugin analytics (category:tool,tabindex:-1)
2024-03-06 15:03:00,166 [INFO] PluginManage:310 - Check plugin cadmodel
2024-03-06 15:03:00,201 [INFO] CADModel:105 - Init CAD model plugin
2024-03-06 15:03:00,202 [INFO] PluginManage:359 - Loaded plugin cadmodel (category:power,tabindex:5)
2024-03-06 15:03:00,202 [INFO] PluginManage:310 - Check plugin clock
2024-03-06 15:03:00,214 [INFO] PluginManage:359 - Loaded plugin clock (category:base,tabindex:2)
2024-03-06 15:03:00,214 [INFO] PluginManage:310 - Check plugin ddr
2024-03-06 15:03:00,218 [INFO] PluginManage:359 - Loaded plugin ddr (category:tool,tabindex:6)
2024-03-06 15:03:00,218 [INFO] PluginManage:310 - Check plugin filemanager
2024-03-06 15:03:00,364 [INFO] PluginManage:359 - Loaded plugin filemanager (category:base,tabindex:10)
2024-03-06 15:03:00,364 [INFO] PluginManage:310 - Check plugin ipmanager
2024-03-06 15:03:00,368 [INFO] PluginManage:359 - Loaded plugin ipmanager (category:base,tabindex:5)
2024-03-06 15:03:00,369 [INFO] PluginManage:310 - Check plugin lpbam
2024-03-06 15:03:00,377 [INFO] PluginManage:359 - Loaded plugin lpbam (category:base,tabindex:0)
2024-03-06 15:03:00,377 [INFO] PluginManage:310 - Check plugin memorymap
2024-03-06 15:03:00,387 [INFO] PluginManage:359 - Loaded plugin memorymap (category:base,tabindex:4)
2024-03-06 15:03:00,387 [INFO] PluginManage:310 - Check plugin pinoutandconfiguration
2024-03-06 15:03:00,394 [INFO] PluginManage:359 - Loaded plugin pinoutandconfiguration (category:base,tabindex:1)
2024-03-06 15:03:00,394 [INFO] PluginManage:310 - Check plugin pinoutconfig
2024-03-06 15:03:00,465 [WARN] SupportedApi:132 - Cannot load RTOS API schema: s4s-elt-must-match.1: The content of 'definitions' must match (annotation?, (simpleType | complexType)?, (unique | key | keyref)*)). A problem was found starting at: attribute.
2024-03-06 15:03:00,583 [INFO] PluginManage:359 - Loaded plugin pinoutconfig (category:base,tabindex:0)
2024-03-06 15:03:00,583 [INFO] PluginManage:310 - Check plugin power
2024-03-06 15:03:00,592 [INFO] PluginManage:359 - Loaded plugin power (category:power,tabindex:4)
2024-03-06 15:03:00,592 [INFO] PluginManage:310 - Check plugin projectmanager
2024-03-06 15:03:00,606 [INFO] PluginManage:359 - Loaded plugin projectmanager (category:projectmanager,tabindex:3)
2024-03-06 15:03:00,606 [INFO] PluginManage:310 - Check plugin thirdparty
2024-03-06 15:03:00,702 [INFO] PluginManage:359 - Loaded plugin thirdparty (category:base,tabindex:-1)
2024-03-06 15:03:00,702 [WARN] IntegrityCheckThread:84 - waiting for thirdparty lock release [integrity check]
2024-03-06 15:03:00,702 [INFO] PluginManage:310 - Check plugin tools
2024-03-06 15:03:00,702 [INFO] IntegrityCheckThread:86 - entering critical section [integrity check]
2024-03-06 15:03:00,703 [INFO] ThirdPartyUpdaterWithRetryManager:70 - Updater plugin not ready yet. [1/15]
2024-03-06 15:03:00,705 [INFO] PluginManage:359 - Loaded plugin tools (category:base,tabindex:7)
2024-03-06 15:03:00,705 [INFO] PluginManage:310 - Check plugin tutovideos
2024-03-06 15:03:00,839 [INFO] PluginManage:359 - Loaded plugin tutovideos (category:base,tabindex:-1)
2024-03-06 15:03:00,839 [INFO] PluginManage:310 - Check plugin updater
2024-03-06 15:03:00,849 [INFO] PluginManage:359 - Loaded plugin updater (category:base,tabindex:12)
2024-03-06 15:03:00,849 [INFO] PluginManage:310 - Check plugin userauth
2024-03-06 15:03:00,854 [INFO] UserAuth:114 - Init User Auth plugin
2024-03-06 15:03:00,854 [INFO] PluginManage:359 - Loaded plugin userauth (category:base,tabindex:14)
2024-03-06 15:03:00,854 [INFO] PluginManage:283 - PluginManage : Loaded plugins [17]
2024-03-06 15:03:01,002 [INFO] PinOutPanel:1499 - setPackage(No Configuration,No Configuration)
2024-03-06 15:03:01,058 [INFO] CADModel:165 - CPN selected for project level
2024-03-06 15:03:01,058 [INFO] CADModel:114 - Register for checkConnection events
2024-03-06 15:03:01,071 [INFO] IPUIPlugin:80 - create IPUIPlugin
2024-03-06 15:03:01,071 [INFO] PluginManager:220 - loadIPPluginJar : add usbx
2024-03-06 15:03:01,077 [INFO] IPUIPlugin:80 - create IPUIPlugin
2024-03-06 15:03:01,077 [INFO] PluginManager:220 - loadIPPluginJar : add freertos
2024-03-06 15:03:01,079 [INFO] IPUIPlugin:80 - create IPUIPlugin
2024-03-06 15:03:01,079 [INFO] PluginManager:220 - loadIPPluginJar : add fatfs
2024-03-06 15:03:01,084 [INFO] IPUIPlugin:80 - create IPUIPlugin
2024-03-06 15:03:01,084 [INFO] PluginManager:220 - loadIPPluginJar : add resmgrutility
2024-03-06 15:03:01,086 [INFO] IPUIPlugin:80 - create IPUIPlugin
2024-03-06 15:03:01,086 [INFO] PluginManager:220 - loadIPPluginJar : add tracer_emb
2024-03-06 15:03:01,089 [INFO] IPUIPlugin:80 - create IPUIPlugin
2024-03-06 15:03:01,089 [INFO] PluginManager:220 - loadIPPluginJar : add gtzc
2024-03-06 15:03:01,091 [INFO] IPUIPlugin:80 - create IPUIPlugin
2024-03-06 15:03:01,091 [INFO] PluginManager:220 - loadIPPluginJar : add genericplugin
2024-03-06 15:03:01,097 [INFO] IPUIPlugin:80 - create IPUIPlugin
2024-03-06 15:03:01,097 [INFO] PluginManager:220 - loadIPPluginJar : add stm32_wpan
2024-03-06 15:03:01,099 [INFO] IPUIPlugin:80 - create IPUIPlugin
2024-03-06 15:03:01,099 [INFO] PluginManager:220 - loadIPPluginJar : add lorawan
2024-03-06 15:03:01,106 [INFO] IPUIPlugin:80 - create IPUIPlugin
2024-03-06 15:03:01,109 [INFO] PluginManager:220 - loadIPPluginJar : add plateformsettings
2024-03-06 15:03:01,111 [INFO] IPUIPlugin:80 - create IPUIPlugin
2024-03-06 15:03:01,111 [INFO] PluginManager:220 - loadIPPluginJar : add usart
2024-03-06 15:03:01,119 [INFO] IPUIPlugin:80 - create IPUIPlugin
2024-03-06 15:03:01,119 [INFO] PluginManager:220 - loadIPPluginJar : add mdma
2024-03-06 15:03:01,124 [INFO] IPUIPlugin:80 - create IPUIPlugin
2024-03-06 15:03:01,125 [INFO] PluginManager:220 - loadIPPluginJar : add gpio
2024-03-06 15:03:01,131 [INFO] IPUIPlugin:80 - create IPUIPlugin
2024-03-06 15:03:01,131 [INFO] PluginManager:220 - loadIPPluginJar : add adc
2024-03-06 15:03:01,134 [INFO] IPUIPlugin:80 - create IPUIPlugin
2024-03-06 15:03:01,134 [INFO] PluginManager:220 - loadIPPluginJar : add can
2024-03-06 15:03:01,137 [INFO] IPUIPlugin:80 - create IPUIPlugin
2024-03-06 15:03:01,138 [INFO] PluginManager:220 - loadIPPluginJar : add ipddr
2024-03-06 15:03:01,141 [INFO] IPUIPlugin:80 - create IPUIPlugin
2024-03-06 15:03:01,141 [INFO] PluginManager:220 - loadIPPluginJar : add sai
2024-03-06 15:03:01,142 [INFO] IPUIPlugin:80 - create IPUIPlugin
2024-03-06 15:03:01,142 [INFO] PluginManager:220 - loadIPPluginJar : add tsc
2024-03-06 15:03:01,148 [INFO] IPUIPlugin:80 - create IPUIPlugin
2024-03-06 15:03:01,149 [INFO] PluginManager:220 - loadIPPluginJar : add gic
2024-03-06 15:03:01,150 [INFO] IPUIPlugin:80 - create IPUIPlugin
2024-03-06 15:03:01,150 [INFO] PluginManager:220 - loadIPPluginJar : add ucpd
2024-03-06 15:03:01,156 [INFO] IPUIPlugin:80 - create IPUIPlugin
2024-03-06 15:03:01,156 [INFO] PluginManager:220 - loadIPPluginJar : add dma
2024-03-06 15:03:01,158 [INFO] IPUIPlugin:80 - create IPUIPlugin
2024-03-06 15:03:01,158 [INFO] PluginManager:220 - loadIPPluginJar : add ts
2024-03-06 15:03:01,162 [INFO] IPUIPlugin:80 - create IPUIPlugin
2024-03-06 15:03:01,162 [INFO] PluginManager:220 - loadIPPluginJar : add fmc
2024-03-06 15:03:01,165 [INFO] IPUIPlugin:80 - create IPUIPlugin
2024-03-06 15:03:01,165 [INFO] PluginManager:220 - loadIPPluginJar : add i2c
2024-03-06 15:03:01,167 [INFO] IPUIPlugin:80 - create IPUIPlugin
2024-03-06 15:03:01,167 [INFO] PluginManager:220 - loadIPPluginJar : add dfsdm
2024-03-06 15:03:01,169 [INFO] IPUIPlugin:80 - create IPUIPlugin
2024-03-06 15:03:01,170 [INFO] PluginManager:220 - loadIPPluginJar : add hash
2024-03-06 15:03:01,171 [INFO] IPUIPlugin:80 - create IPUIPlugin
2024-03-06 15:03:01,171 [INFO] PluginManager:220 - loadIPPluginJar : add ltdc
2024-03-06 15:03:01,173 [INFO] IPUIPlugin:80 - create IPUIPlugin
2024-03-06 15:03:01,174 [INFO] PluginManager:220 - loadIPPluginJar : add opamp
2024-03-06 15:03:01,176 [INFO] IPUIPlugin:80 - create IPUIPlugin
2024-03-06 15:03:01,176 [INFO] PluginManager:220 - loadIPPluginJar : add aes
2024-03-06 15:03:01,179 [INFO] IPUIPlugin:80 - create IPUIPlugin
2024-03-06 15:03:01,179 [INFO] PluginManager:220 - loadIPPluginJar : add comp
2024-03-06 15:03:01,181 [INFO] IPUIPlugin:80 - create IPUIPlugin
2024-03-06 15:03:01,181 [INFO] PluginManager:220 - loadIPPluginJar : add tim
2024-03-06 15:03:01,183 [INFO] IPUIPlugin:80 - create IPUIPlugin
2024-03-06 15:03:01,183 [INFO] PluginManager:220 - loadIPPluginJar : add spi
2024-03-06 15:03:01,186 [INFO] IPUIPlugin:80 - create IPUIPlugin
2024-03-06 15:03:01,186 [INFO] PluginManager:220 - loadIPPluginJar : add pdm2pcm
2024-03-06 15:03:01,188 [INFO] IPUIPlugin:80 - create IPUIPlugin
2024-03-06 15:03:01,188 [INFO] PluginManager:220 - loadIPPluginJar : add dma3
2024-03-06 15:03:01,191 [INFO] IPUIPlugin:80 - create IPUIPlugin
2024-03-06 15:03:01,191 [INFO] PluginManager:220 - loadIPPluginJar : add openamp
2024-03-06 15:03:01,193 [INFO] IPUIPlugin:80 - create IPUIPlugin
2024-03-06 15:03:01,193 [INFO] PluginManager:220 - loadIPPluginJar : add quadspi
2024-03-06 15:03:01,195 [INFO] IPUIPlugin:80 - create IPUIPlugin
2024-03-06 15:03:01,195 [INFO] PluginManager:220 - loadIPPluginJar : add gfxmmu
2024-03-06 15:03:01,199 [INFO] IPUIPlugin:80 - create IPUIPlugin
2024-03-06 15:03:01,199 [INFO] PluginManager:220 - loadIPPluginJar : add nvic
2024-03-06 15:03:01,202 [INFO] IPUIPlugin:80 - create IPUIPlugin
2024-03-06 15:03:01,202 [INFO] PluginManager:220 - loadIPPluginJar : add touchsensing
2024-03-06 15:03:01,205 [INFO] IPUIPlugin:80 - create IPUIPlugin
2024-03-06 15:03:01,205 [INFO] PluginManager:220 - loadIPPluginJar : add i2s
2024-03-06 15:03:01,212 [INFO] IPUIPlugin:80 - create IPUIPlugin
2024-03-06 15:03:01,213 [INFO] PluginManager:220 - loadIPPluginJar : add linkedlist
2024-03-06 15:03:01,215 [INFO] IPUIPlugin:80 - create IPUIPlugin
2024-03-06 15:03:01,215 [INFO] PluginManager:220 - loadIPPluginJar : add cryp
2024-03-06 15:03:01,218 [INFO] IPUIPlugin:80 - create IPUIPlugin
2024-03-06 15:03:01,218 [INFO] PluginManager:220 - loadIPPluginJar : add i3c
2024-03-06 15:03:01,326 [INFO] CADModel:165 - CPN selected for project level
2024-03-06 15:03:01,326 [INFO] CADModel:114 - Register for checkConnection events
2024-03-06 15:03:01,326 [FATAL] Updater:308 - Updater called before beeing initialized
2024-03-06 15:03:01,326 [ERROR] CADModel:125 - Updater not yet initialized, retry later 
2024-03-06 15:03:01,436 [INFO] CADModel:165 - CPN selected for project level
2024-03-06 15:03:01,436 [INFO] CADModel:114 - Register for checkConnection events
2024-03-06 15:03:01,436 [FATAL] Updater:308 - Updater called before beeing initialized
2024-03-06 15:03:01,437 [ERROR] CADModel:125 - Updater not yet initialized, retry later 
2024-03-06 15:03:01,439 [FATAL] Updater:308 - Updater called before beeing initialized
2024-03-06 15:03:01,520 [FATAL] Updater:308 - Updater called before beeing initialized
2024-03-06 15:03:01,525 [INFO] DbMcusAds:53 - JSON generation date=Wed Nov 29 16:22:27 IST 2023 (1701255147349)
2024-03-06 15:03:01,525 [FATAL] Updater:308 - Updater called before beeing initialized
2024-03-06 15:03:01,555 [WARN] DetailPanel:346 - Failed to get advertising image, set to default
2024-03-06 15:03:01,624 [FATAL] Updater:308 - Updater called before beeing initialized
2024-03-06 15:03:01,625 [FATAL] Updater:308 - Updater called before beeing initialized
2024-03-06 15:03:01,625 [FATAL] Updater:308 - Updater called before beeing initialized
2024-03-06 15:03:01,625 [WARN] DetailPanel:346 - Failed to get advertising image, set to default
2024-03-06 15:03:01,626 [FATAL] Updater:308 - Updater called before beeing initialized
2024-03-06 15:03:01,654 [ERROR] Updater:1120 - MainUpdater not yet initialized. External WinMGr cannot be set.
2024-03-06 15:03:01,656 [INFO] Updater:1056 - Updater Version found : 6.10.0
2024-03-06 15:03:01,678 [INFO] ApplicationProperties:184 - Using Application install path: /opt/st/stm32cubeide_1.14.0/plugins/com.st.stm32cube.common.mx_6.10.0.202311202037
2024-03-06 15:03:02,760 [INFO] MainUpdater:2873 - connection check result : 10
2024-03-06 15:03:02,761 [INFO] MainUpdater:290 - Updater Check For Update Now.
2024-03-06 15:03:02,761 [INFO] MicroXplorer:498 - Change Database Version : DB.6.0.100
2024-03-06 15:03:02,773 [INFO] McuFinderGlobals:63 - Set McuFinder mode to 2 (CubeIDE integrated)
2024-03-06 15:03:02,773 [INFO] UserAuth:180 - activating auth plugin
2024-03-06 15:03:02,776 [INFO] UserAuth:404 - Internet connection configuration mode: 1
2024-03-06 15:03:02,794 [INFO] JxBrowserEngine:152 - Initiate JxBrowser Engine with user profile folder
2024-03-06 15:03:02,934 [INFO] CheckServerUpdateThread:120 - End of CheckServer Thread
2024-03-06 15:03:03,478 [INFO] WebApp:161 - Instantiating new browser for Auth
2024-03-06 15:03:03,818 [WARN] PackLoader:240 - Cannot read IP mode file for STMicroelectronics.X-CUBE-SMBUS.2.1.0
2024-03-06 15:03:03,825 [WARN] PackLoader:240 - Cannot read IP mode file for STMicroelectronics.X-CUBE-TOUCHGFX.4.23.0
2024-03-06 15:03:03,866 [WARN] PackLoader:240 - Cannot read IP mode file for STMicroelectronics.X-CUBE-AZRTOS-F7.1.1.0
2024-03-06 15:03:03,878 [WARN] PackLoader:240 - Cannot read IP mode file for STMicroelectronics.FP-SNS-MOTENV1.4.3.2
2024-03-06 15:03:03,886 [WARN] PackLoader:240 - Cannot read IP mode file for STMicroelectronics.FP-SNS-FLIGHT1.5.0.2
2024-03-06 15:03:03,896 [WARN] PackLoader:240 - Cannot read IP mode file for STMicroelectronics.X-CUBE-DISPLAY.3.0.0
2024-03-06 15:03:03,911 [WARN] PackLoader:240 - Cannot read IP mode file for STMicroelectronics.X-CUBE-BLE1.7.0.0
2024-03-06 15:03:03,916 [WARN] PackLoader:240 - Cannot read IP mode file for emotas.I-CUBE-CANOPEN.1.3.0
2024-03-06 15:03:03,926 [WARN] PackLoader:240 - Cannot read IP mode file for STMicroelectronics.X-CUBE-BLEMGR.3.1.0
2024-03-06 15:03:03,934 [WARN] PackLoader:240 - Cannot read IP mode file for STMicroelectronics.FP-SNS-SMARTAG2.1.2.0
2024-03-06 15:03:03,944 [INFO] LogOutputStream:77 - [STDOUT_REDIRECT] 1 : Invalid condition id : UX_CORESTACK_Condition cause : null
2024-03-06 15:03:03,944 [INFO] LogOutputStream:77 - [STDOUT_REDIRECT] 1 : Invalid condition id : UX_CORESTACK_Condition cause : null
2024-03-06 15:03:03,945 [INFO] LogOutputStream:77 - [STDOUT_REDIRECT] 1 : Invalid condition id : UX_CORESTACK_Condition cause : null
2024-03-06 15:03:03,945 [INFO] LogOutputStream:77 - [STDOUT_REDIRECT] 1 : Invalid condition id : UX_CORESTACK_Condition cause : null
2024-03-06 15:03:03,945 [INFO] LogOutputStream:77 - [STDOUT_REDIRECT] 1 : Invalid condition id : UX_CORESTACK_Condition cause : null
2024-03-06 15:03:03,949 [WARN] PackLoader:240 - Cannot read IP mode file for STMicroelectronics.X-CUBE-AZRTOS-WL.2.0.0
2024-03-06 15:03:03,957 [WARN] PackLoader:240 - Cannot read IP mode file for WES.I-CUBE-Cesium.1.3.0
2024-03-06 15:03:03,961 [WARN] PackLoader:240 - Cannot read IP mode file for STMicroelectronics.X-CUBE-BLE2.3.3.0
2024-03-06 15:03:03,976 [WARN] PackLoader:240 - Cannot read IP mode file for STMicroelectronics.X-CUBE-ALGOBUILD.1.3.0
2024-03-06 15:03:03,998 [WARN] PackLoader:240 - Cannot read IP mode file for STMicroelectronics.X-CUBE-AZRTOS-G0.1.1.0
2024-03-06 15:03:04,009 [WARN] PackLoader:240 - Cannot read IP mode file for STMicroelectronics.X-CUBE-NFC4.3.0.0
2024-03-06 15:03:04,022 [WARN] PackLoader:240 - Cannot read IP mode file for STMicroelectronics.X-CUBE-BLEMGR.3.0.0
2024-03-06 15:03:04,029 [WARN] PackLoader:240 - Cannot read IP mode file for STMicroelectronics.FP-ATR-SIGFOX1.3.2.0
2024-03-06 15:03:04,037 [WARN] PackLoader:240 - Cannot read IP mode file for STMicroelectronics.X-CUBE-EEPRMA1.5.1.0
2024-03-06 15:03:04,089 [WARN] PackLoader:240 - Cannot read IP mode file for SEGGER.I-CUBE-embOS.1.3.1
2024-03-06 15:03:04,124 [WARN] PackLoader:240 - Cannot read IP mode file for STMicroelectronics.X-CUBE-GNSS1.6.0.0
2024-03-06 15:03:04,141 [WARN] PackLoader:240 - Cannot read IP mode file for STMicroelectronics.X-CUBE-AZRTOS-F4.1.1.0
2024-03-06 15:03:04,146 [WARN] PackLoader:240 - Cannot read IP mode file for wolfSSL.I-CUBE-wolfSSL.5.6.6
2024-03-06 15:03:04,157 [INFO] WebApp:780 - Register for checkConnection events
2024-03-06 15:03:04,158 [INFO] WebApp:414 - Apply proxy settings
2024-03-06 15:03:04,158 [INFO] WebApp:499 - Chromium requires no authentication
2024-03-06 15:03:04,160 [WARN] PackLoader:240 - Cannot read IP mode file for STMicroelectronics.X-CUBE-AZRTOS-L5.2.0.0
2024-03-06 15:03:04,165 [WARN] PackLoader:240 - Cannot read IP mode file for ITTIA_DB.I-CUBE-ITTIADB.8.8.0
2024-03-06 15:03:04,168 [INFO] WebApp:442 - Direct internet connection detected
2024-03-06 15:03:04,169 [WARN] PackLoader:240 - Cannot read IP mode file for STMicroelectronics.X-CUBE-NFC7.1.0.1
2024-03-06 15:03:04,176 [WARN] PackLoader:240 - Cannot read IP mode file for STMicroelectronics.X-CUBE-NFC6.3.0.0
2024-03-06 15:03:04,181 [WARN] PackLoader:240 - Cannot read IP mode file for STMicroelectronics.X-CUBE-AI.8.1.0
2024-03-06 15:03:04,205 [WARN] ConditionMgr:438 - getConditionDescription Invalid condition id : LAN8742 Phy interface Condition cause : null
2024-03-06 15:03:04,206 [WARN] PackLoader:240 - Cannot read IP mode file for STMicroelectronics.X-CUBE-AZRTOS-L4.2.0.0
2024-03-06 15:03:04,208 [WARN] ConditionMgr:1039 - genDependencies : Invalid condition id : LAN8742 Phy interface Condition cause : null
2024-03-06 15:03:04,209 [WARN] ConditionMgr:1039 - genDependencies : Invalid condition id : LAN8742 Phy interface Condition cause : null
2024-03-06 15:03:04,210 [WARN] ConditionMgr:1039 - genDependencies : Invalid condition id : LAN8742 Phy interface Condition cause : null
2024-03-06 15:03:04,219 [WARN] PackLoader:240 - Cannot read IP mode file for STMicroelectronics.X-CUBE-SFXS2LP1.4.0.0
2024-03-06 15:03:04,236 [WARN] ConditionMgr:438 - getConditionDescription Invalid condition id : UX DEVICE CLASS RTOS Condition cause : null
2024-03-06 15:03:04,236 [WARN] ConditionMgr:438 - getConditionDescription Invalid condition id : UX DEVICE CLASS RTOS Condition cause : null
2024-03-06 15:03:04,239 [WARN] PackLoader:240 - Cannot read IP mode file for STMicroelectronics.X-CUBE-AZRTOS-WB.2.0.0
2024-03-06 15:03:04,240 [WARN] ConditionMgr:1039 - genDependencies : Invalid condition id : UX DEVICE CLASS RTOS Condition cause : null
2024-03-06 15:03:04,240 [WARN] ConditionMgr:1039 - genDependencies : Invalid condition id : UX DEVICE CLASS RTOS Condition cause : null
2024-03-06 15:03:04,241 [WARN] ConditionMgr:1039 - genDependencies : Invalid condition id : UX DEVICE CLASS RTOS Condition cause : null
2024-03-06 15:03:04,242 [WARN] ConditionMgr:1039 - genDependencies : Invalid condition id : UX DEVICE CLASS RTOS Condition cause : null
2024-03-06 15:03:04,242 [WARN] ConditionMgr:1039 - genDependencies : Invalid condition id : UX DEVICE CLASS RTOS Condition cause : null
2024-03-06 15:03:04,255 [WARN] PackLoader:240 - Cannot read IP mode file for STMicroelectronics.X-CUBE-SUBG2.5.0.0
2024-03-06 15:03:04,280 [WARN] PackLoader:240 - Cannot read IP mode file for STMicroelectronics.X-CUBE-AZRTOS-G4.2.0.0
2024-03-06 15:03:04,308 [WARN] PackLoader:240 - Cannot read IP mode file for Infineon.AIROC-Wi-Fi-Bluetooth-STM32.1.5.1
2024-03-06 15:03:04,321 [WARN] PackLoader:240 - Cannot read IP mode file for STMicroelectronics.FP-SNS-MOTENVWB1.1.3.1
2024-03-06 15:03:04,325 [WARN] PackLoader:240 - Cannot read IP mode file for STMicroelectronics.X-CUBE-ISPU.2.0.0
2024-03-06 15:03:04,373 [WARN] PackLoader:240 - Cannot read IP mode file for STMicroelectronics.X-CUBE-MEMS1.10.0.0
2024-03-06 15:03:04,437 [INFO] WebApp:192 - Starting web application
2024-03-06 15:03:04,437 [INFO] WebApp:544 - Web application path used /opt/st/stm32cubeide_1.14.0/plugins/com.st.stm32cube.common.mx_6.10.0.202311202037/db/plugins/mcufinder/reactClient1/index.html
2024-03-06 15:03:04,544 [WARN] PackLoader:240 - Cannot read IP mode file for STMicroelectronics.X-CUBE-FREERTOS.1.1.0
2024-03-06 15:03:04,548 [WARN] PackLoader:240 - Cannot read IP mode file for portGmbH.I-Cube-SoM-uGOAL.1.1.0
2024-03-06 15:03:04,550 [WARN] PackLoader:240 - Cannot read IP mode file for STMicroelectronics.X-CUBE-ALS.1.0.1
2024-03-06 15:03:04,553 [WARN] PackLoader:240 - Cannot read IP mode file for STMicroelectronics.FP-ATR-ASTRA1.2.0.0
2024-03-06 15:03:04,561 [WARN] PackLoader:240 - Cannot read IP mode file for STMicroelectronics.X-CUBE-TOF1.3.4.0
2024-03-06 15:03:04,577 [WARN] PackLoader:240 - Cannot read IP mode file for STMicroelectronics.X-CUBE-TOF1.3.4.1
2024-03-06 15:03:04,606 [WARN] PackLoader:240 - Cannot read IP mode file for STMicroelectronics.X-CUBE-AZRTOS-H7.3.2.0
2024-03-06 15:03:04,611 [INFO] ThirdParty:978 - Integrity check success = true
2024-03-06 15:03:04,611 [INFO] IntegrityCheckThread:100 - exiting critical section [integrity check]
2024-03-06 15:03:04,611 [INFO] IntegrityCheckThread:103 - End integrity checks thread
2024-03-06 15:03:24,925 [ERROR] LogOutputStream:75 - [STDERR_REDIRECT] SLF4J: Failed to load class "org.slf4j.impl.StaticLoggerBinder".
2024-03-06 15:03:24,925 [ERROR] LogOutputStream:75 - [STDERR_REDIRECT] SLF4J: Defaulting to no-operation (NOP) logger implementation
2024-03-06 15:03:24,926 [ERROR] LogOutputStream:75 - [STDERR_REDIRECT] SLF4J: See http://www.slf4j.org/codes.html#StaticLoggerBinder for further details.
2024-03-06 17:08:21,840 [ERROR] LogOutputStream:75 - [STDERR_REDIRECT] 
2024-03-06 21:09:07,493 [INFO] Activator:176 - 


2024-03-06 21:09:07,495 [INFO] Activator:177 - !SESSION log4j initialized
2024-03-06 21:09:15,609 [INFO] LogOutputStream:77 - [STDOUT_REDIRECT] 
2024-03-06 21:09:28,225 [INFO] ApplicationProperties:184 - Using Application install path: /opt/st/stm32cubeide_1.14.0/plugins/com.st.stm32cube.common.mx_6.10.0.202311202037
2024-03-06 21:09:28,247 [INFO] DbMcusXml:78 - Set database path to: /opt/st/stm32cubeide_1.14.0/plugins/com.st.stm32cube.common.mx_6.10.0.202311202037//db//mcu/
2024-03-06 21:09:28,248 [INFO] ApiDb:274 - Set plugin database path to: /opt/st/stm32cubeide_1.14.0/plugins/com.st.stm32cube.common.mx_6.10.0.202311202037//db//plugins/boardmanager/
2024-03-06 21:09:28,248 [WARN] ApiDb:259 - Overriding images path with different value:  => /opt/st/stm32cubeide_1.14.0/plugins/com.st.stm32cube.common.mx_6.10.0.202311202037//db//plugins/mcufinder/images/
2024-03-06 21:09:28,256 [INFO] ApiDb:250 - Set database path to: /home/bhakti/.stmcufinder/plugins/mcufinder//mcu/
2024-03-06 21:09:28,258 [INFO] DbMcusAds:125 - Set database path to: /home/bhakti/.stmcufinder/plugins/mcufinder//mcu/
2024-03-06 21:09:28,262 [INFO] CrossReferenceDbSqlite:203 - Set database path to: /home/bhakti/.stmcufinder/plugins/mcufinder//mcu/cs/
2024-03-06 21:09:28,419 [INFO] RulesReader:64 - Compatibility file has been processed (297 Rules)
2024-03-06 21:09:28,489 [INFO] DbMcusXml:78 - Set database path to: /opt/st/stm32cubeide_1.14.0/plugins/com.st.stm32cube.common.mx_6.10.0.202311202037//db//mcu/
2024-03-06 21:09:28,490 [INFO] ApiDb:274 - Set plugin database path to: /opt/st/stm32cubeide_1.14.0/plugins/com.st.stm32cube.common.mx_6.10.0.202311202037//db//plugins/boardmanager/
2024-03-06 21:09:28,490 [INFO] ApiDb:261 - Set plugin images path to: /opt/st/stm32cubeide_1.14.0/plugins/com.st.stm32cube.common.mx_6.10.0.202311202037//db//plugins/mcufinder/images/
2024-03-06 21:09:28,490 [WARN] DbFile:41 - Overriding database path with different value: /home/bhakti/.stmcufinder/plugins/mcufinder/ => /home/bhakti/.stmcufinder/plugins/mcufinder
2024-03-06 21:09:28,490 [INFO] ApiDb:250 - Set database path to: /home/bhakti/.stmcufinder/plugins/mcufinder//mcu/
2024-03-06 21:09:28,491 [WARN] DbFile:41 - Overriding database path with different value: /home/bhakti/.stmcufinder/plugins/mcufinder/ => /home/bhakti/.stmcufinder/plugins/mcufinder
2024-03-06 21:09:28,491 [INFO] DbMcusAds:125 - Set database path to: /home/bhakti/.stmcufinder/plugins/mcufinder//mcu/
2024-03-06 21:09:28,491 [WARN] DbFile:41 - Overriding database path with different value: /home/bhakti/.stmcufinder/plugins/mcufinder/ => /home/bhakti/.stmcufinder/plugins/mcufinder
2024-03-06 21:09:28,491 [WARN] DbFile:41 - Overriding database path with different value: /home/bhakti/.stmcufinder/plugins/mcufinder/ => /home/bhakti/.stmcufinder/plugins/mcufinder
2024-03-06 21:09:28,491 [INFO] CrossReferenceDbSqlite:203 - Set database path to: /home/bhakti/.stmcufinder/plugins/mcufinder//mcu/cs/
2024-03-06 21:09:28,577 [INFO] MainPanel:264 - HeapMemory: 268435456
2024-03-06 21:09:28,694 [INFO] DbMcusXml:78 - Set database path to: /opt/st/stm32cubeide_1.14.0/plugins/com.st.stm32cube.common.mx_6.10.0.202311202037//db//mcu/
2024-03-06 21:09:28,694 [INFO] ApiDb:274 - Set plugin database path to: /opt/st/stm32cubeide_1.14.0/plugins/com.st.stm32cube.common.mx_6.10.0.202311202037//db//plugins/boardmanager/
2024-03-06 21:09:28,694 [INFO] ApiDb:261 - Set plugin images path to: /opt/st/stm32cubeide_1.14.0/plugins/com.st.stm32cube.common.mx_6.10.0.202311202037//db//plugins/mcufinder/images/
2024-03-06 21:09:28,695 [WARN] DbFile:41 - Overriding database path with different value: /home/bhakti/.stmcufinder/plugins/mcufinder/ => /home/bhakti/.stmcufinder/plugins/mcufinder
2024-03-06 21:09:28,695 [INFO] ApiDb:250 - Set database path to: /home/bhakti/.stmcufinder/plugins/mcufinder//mcu/
2024-03-06 21:09:28,695 [WARN] DbFile:41 - Overriding database path with different value: /home/bhakti/.stmcufinder/plugins/mcufinder/ => /home/bhakti/.stmcufinder/plugins/mcufinder
2024-03-06 21:09:28,695 [INFO] DbMcusAds:125 - Set database path to: /home/bhakti/.stmcufinder/plugins/mcufinder//mcu/
2024-03-06 21:09:28,695 [WARN] DbFile:41 - Overriding database path with different value: /home/bhakti/.stmcufinder/plugins/mcufinder/ => /home/bhakti/.stmcufinder/plugins/mcufinder
2024-03-06 21:09:28,695 [WARN] DbFile:41 - Overriding database path with different value: /home/bhakti/.stmcufinder/plugins/mcufinder/ => /home/bhakti/.stmcufinder/plugins/mcufinder
2024-03-06 21:09:28,695 [INFO] CrossReferenceDbSqlite:203 - Set database path to: /home/bhakti/.stmcufinder/plugins/mcufinder//mcu/cs/
2024-03-06 21:09:28,713 [INFO] ApplicationProperties:184 - Using Application install path: /opt/st/stm32cubeide_1.14.0/plugins/com.st.stm32cube.common.mx_6.10.0.202311202037
2024-03-06 21:09:28,715 [INFO] PluginManage:196 - Search for loadable plugins [exclusion list=, ]
2024-03-06 21:09:28,717 [INFO] PluginManage:310 - Check plugin analytics
2024-03-06 21:09:28,966 [INFO] AnalyticsPlugin:253 - Accepted Software Licenses: 
2024-03-06 21:09:28,966 [INFO] AnalyticsPlugin:255 - Accepted CMSIS Pack Licenses: 
2024-03-06 21:09:28,966 [INFO] AnalyticsPlugin:257 - Accepted Firmware Licenses: 
2024-03-06 21:09:28,970 [INFO] PluginManage:359 - Loaded plugin analytics (category:tool,tabindex:-1)
2024-03-06 21:09:28,970 [INFO] PluginManage:310 - Check plugin cadmodel
2024-03-06 21:09:29,016 [INFO] CADModel:105 - Init CAD model plugin
2024-03-06 21:09:29,016 [INFO] PluginManage:359 - Loaded plugin cadmodel (category:power,tabindex:5)
2024-03-06 21:09:29,017 [INFO] PluginManage:310 - Check plugin clock
2024-03-06 21:09:29,033 [INFO] PluginManage:359 - Loaded plugin clock (category:base,tabindex:2)
2024-03-06 21:09:29,034 [INFO] PluginManage:310 - Check plugin ddr
2024-03-06 21:09:29,036 [INFO] PluginManage:359 - Loaded plugin ddr (category:tool,tabindex:6)
2024-03-06 21:09:29,037 [INFO] PluginManage:310 - Check plugin filemanager
2024-03-06 21:09:29,223 [INFO] PluginManage:359 - Loaded plugin filemanager (category:base,tabindex:10)
2024-03-06 21:09:29,224 [INFO] PluginManage:310 - Check plugin ipmanager
2024-03-06 21:09:29,230 [INFO] PluginManage:359 - Loaded plugin ipmanager (category:base,tabindex:5)
2024-03-06 21:09:29,230 [INFO] PluginManage:310 - Check plugin lpbam
2024-03-06 21:09:29,239 [INFO] PluginManage:359 - Loaded plugin lpbam (category:base,tabindex:0)
2024-03-06 21:09:29,239 [INFO] PluginManage:310 - Check plugin memorymap
2024-03-06 21:09:29,257 [INFO] PluginManage:359 - Loaded plugin memorymap (category:base,tabindex:4)
2024-03-06 21:09:29,257 [INFO] PluginManage:310 - Check plugin pinoutandconfiguration
2024-03-06 21:09:29,265 [INFO] PluginManage:359 - Loaded plugin pinoutandconfiguration (category:base,tabindex:1)
2024-03-06 21:09:29,266 [INFO] PluginManage:310 - Check plugin pinoutconfig
2024-03-06 21:09:29,368 [WARN] SupportedApi:132 - Cannot load RTOS API schema: s4s-elt-must-match.1: The content of 'definitions' must match (annotation?, (simpleType | complexType)?, (unique | key | keyref)*)). A problem was found starting at: attribute.
2024-03-06 21:09:29,535 [INFO] PluginManage:359 - Loaded plugin pinoutconfig (category:base,tabindex:0)
2024-03-06 21:09:29,536 [INFO] PluginManage:310 - Check plugin power
2024-03-06 21:09:29,548 [INFO] PluginManage:359 - Loaded plugin power (category:power,tabindex:4)
2024-03-06 21:09:29,549 [INFO] PluginManage:310 - Check plugin projectmanager
2024-03-06 21:09:29,566 [INFO] PluginManage:359 - Loaded plugin projectmanager (category:projectmanager,tabindex:3)
2024-03-06 21:09:29,566 [INFO] PluginManage:310 - Check plugin thirdparty
2024-03-06 21:09:29,697 [WARN] IntegrityCheckThread:84 - waiting for thirdparty lock release [integrity check]
2024-03-06 21:09:29,698 [INFO] IntegrityCheckThread:86 - entering critical section [integrity check]
2024-03-06 21:09:29,698 [INFO] PluginManage:359 - Loaded plugin thirdparty (category:base,tabindex:-1)
2024-03-06 21:09:29,698 [INFO] PluginManage:310 - Check plugin tools
2024-03-06 21:09:29,698 [INFO] ThirdPartyUpdaterWithRetryManager:70 - Updater plugin not ready yet. [1/15]
2024-03-06 21:09:29,701 [INFO] PluginManage:359 - Loaded plugin tools (category:base,tabindex:7)
2024-03-06 21:09:29,701 [INFO] PluginManage:310 - Check plugin tutovideos
2024-03-06 21:09:29,950 [INFO] PluginManage:359 - Loaded plugin tutovideos (category:base,tabindex:-1)
2024-03-06 21:09:29,951 [INFO] PluginManage:310 - Check plugin updater
2024-03-06 21:09:29,964 [INFO] PluginManage:359 - Loaded plugin updater (category:base,tabindex:12)
2024-03-06 21:09:29,965 [INFO] PluginManage:310 - Check plugin userauth
2024-03-06 21:09:29,969 [INFO] UserAuth:114 - Init User Auth plugin
2024-03-06 21:09:29,970 [INFO] PluginManage:359 - Loaded plugin userauth (category:base,tabindex:14)
2024-03-06 21:09:29,971 [INFO] PluginManage:283 - PluginManage : Loaded plugins [17]
2024-03-06 21:09:30,214 [INFO] PinOutPanel:1499 - setPackage(No Configuration,No Configuration)
2024-03-06 21:09:30,284 [INFO] CADModel:165 - CPN selected for project level
2024-03-06 21:09:30,284 [INFO] CADModel:114 - Register for checkConnection events
2024-03-06 21:09:30,301 [INFO] IPUIPlugin:80 - create IPUIPlugin
2024-03-06 21:09:30,301 [INFO] PluginManager:220 - loadIPPluginJar : add usbx
2024-03-06 21:09:30,312 [INFO] IPUIPlugin:80 - create IPUIPlugin
2024-03-06 21:09:30,312 [INFO] PluginManager:220 - loadIPPluginJar : add freertos
2024-03-06 21:09:30,313 [INFO] IPUIPlugin:80 - create IPUIPlugin
2024-03-06 21:09:30,314 [INFO] PluginManager:220 - loadIPPluginJar : add fatfs
2024-03-06 21:09:30,319 [INFO] IPUIPlugin:80 - create IPUIPlugin
2024-03-06 21:09:30,319 [INFO] PluginManager:220 - loadIPPluginJar : add resmgrutility
2024-03-06 21:09:30,322 [INFO] IPUIPlugin:80 - create IPUIPlugin
2024-03-06 21:09:30,322 [INFO] PluginManager:220 - loadIPPluginJar : add tracer_emb
2024-03-06 21:09:30,325 [INFO] IPUIPlugin:80 - create IPUIPlugin
2024-03-06 21:09:30,325 [INFO] PluginManager:220 - loadIPPluginJar : add gtzc
2024-03-06 21:09:30,327 [INFO] IPUIPlugin:80 - create IPUIPlugin
2024-03-06 21:09:30,327 [INFO] PluginManager:220 - loadIPPluginJar : add genericplugin
2024-03-06 21:09:30,332 [INFO] IPUIPlugin:80 - create IPUIPlugin
2024-03-06 21:09:30,332 [INFO] PluginManager:220 - loadIPPluginJar : add stm32_wpan
2024-03-06 21:09:30,333 [INFO] IPUIPlugin:80 - create IPUIPlugin
2024-03-06 21:09:30,334 [INFO] PluginManager:220 - loadIPPluginJar : add lorawan
2024-03-06 21:09:30,340 [INFO] IPUIPlugin:80 - create IPUIPlugin
2024-03-06 21:09:30,345 [INFO] PluginManager:220 - loadIPPluginJar : add plateformsettings
2024-03-06 21:09:30,347 [INFO] IPUIPlugin:80 - create IPUIPlugin
2024-03-06 21:09:30,347 [INFO] PluginManager:220 - loadIPPluginJar : add usart
2024-03-06 21:09:30,355 [INFO] IPUIPlugin:80 - create IPUIPlugin
2024-03-06 21:09:30,356 [INFO] PluginManager:220 - loadIPPluginJar : add mdma
2024-03-06 21:09:30,362 [INFO] IPUIPlugin:80 - create IPUIPlugin
2024-03-06 21:09:30,362 [INFO] PluginManager:220 - loadIPPluginJar : add gpio
2024-03-06 21:09:30,368 [INFO] IPUIPlugin:80 - create IPUIPlugin
2024-03-06 21:09:30,368 [INFO] PluginManager:220 - loadIPPluginJar : add adc
2024-03-06 21:09:30,371 [INFO] IPUIPlugin:80 - create IPUIPlugin
2024-03-06 21:09:30,371 [INFO] PluginManager:220 - loadIPPluginJar : add can
2024-03-06 21:09:30,377 [INFO] IPUIPlugin:80 - create IPUIPlugin
2024-03-06 21:09:30,377 [INFO] PluginManager:220 - loadIPPluginJar : add ipddr
2024-03-06 21:09:30,381 [INFO] IPUIPlugin:80 - create IPUIPlugin
2024-03-06 21:09:30,381 [INFO] PluginManager:220 - loadIPPluginJar : add sai
2024-03-06 21:09:30,383 [INFO] IPUIPlugin:80 - create IPUIPlugin
2024-03-06 21:09:30,383 [INFO] PluginManager:220 - loadIPPluginJar : add tsc
2024-03-06 21:09:30,392 [INFO] IPUIPlugin:80 - create IPUIPlugin
2024-03-06 21:09:30,392 [INFO] PluginManager:220 - loadIPPluginJar : add gic
2024-03-06 21:09:30,395 [INFO] IPUIPlugin:80 - create IPUIPlugin
2024-03-06 21:09:30,395 [INFO] PluginManager:220 - loadIPPluginJar : add ucpd
2024-03-06 21:09:30,401 [INFO] IPUIPlugin:80 - create IPUIPlugin
2024-03-06 21:09:30,401 [INFO] PluginManager:220 - loadIPPluginJar : add dma
2024-03-06 21:09:30,420 [INFO] IPUIPlugin:80 - create IPUIPlugin
2024-03-06 21:09:30,421 [INFO] PluginManager:220 - loadIPPluginJar : add ts
2024-03-06 21:09:30,428 [INFO] IPUIPlugin:80 - create IPUIPlugin
2024-03-06 21:09:30,428 [INFO] PluginManager:220 - loadIPPluginJar : add fmc
2024-03-06 21:09:30,430 [INFO] IPUIPlugin:80 - create IPUIPlugin
2024-03-06 21:09:30,431 [INFO] PluginManager:220 - loadIPPluginJar : add i2c
2024-03-06 21:09:30,432 [INFO] IPUIPlugin:80 - create IPUIPlugin
2024-03-06 21:09:30,432 [INFO] PluginManager:220 - loadIPPluginJar : add dfsdm
2024-03-06 21:09:30,434 [INFO] IPUIPlugin:80 - create IPUIPlugin
2024-03-06 21:09:30,434 [INFO] PluginManager:220 - loadIPPluginJar : add hash
2024-03-06 21:09:30,435 [INFO] IPUIPlugin:80 - create IPUIPlugin
2024-03-06 21:09:30,435 [INFO] PluginManager:220 - loadIPPluginJar : add ltdc
2024-03-06 21:09:30,438 [INFO] IPUIPlugin:80 - create IPUIPlugin
2024-03-06 21:09:30,438 [INFO] PluginManager:220 - loadIPPluginJar : add opamp
2024-03-06 21:09:30,444 [INFO] IPUIPlugin:80 - create IPUIPlugin
2024-03-06 21:09:30,444 [INFO] PluginManager:220 - loadIPPluginJar : add aes
2024-03-06 21:09:30,446 [INFO] IPUIPlugin:80 - create IPUIPlugin
2024-03-06 21:09:30,446 [INFO] PluginManager:220 - loadIPPluginJar : add comp
2024-03-06 21:09:30,454 [INFO] IPUIPlugin:80 - create IPUIPlugin
2024-03-06 21:09:30,454 [INFO] PluginManager:220 - loadIPPluginJar : add tim
2024-03-06 21:09:30,457 [INFO] IPUIPlugin:80 - create IPUIPlugin
2024-03-06 21:09:30,457 [INFO] PluginManager:220 - loadIPPluginJar : add spi
2024-03-06 21:09:30,462 [INFO] IPUIPlugin:80 - create IPUIPlugin
2024-03-06 21:09:30,462 [INFO] PluginManager:220 - loadIPPluginJar : add pdm2pcm
2024-03-06 21:09:30,465 [INFO] IPUIPlugin:80 - create IPUIPlugin
2024-03-06 21:09:30,465 [INFO] PluginManager:220 - loadIPPluginJar : add dma3
2024-03-06 21:09:30,468 [INFO] IPUIPlugin:80 - create IPUIPlugin
2024-03-06 21:09:30,468 [INFO] PluginManager:220 - loadIPPluginJar : add openamp
2024-03-06 21:09:30,470 [INFO] IPUIPlugin:80 - create IPUIPlugin
2024-03-06 21:09:30,471 [INFO] PluginManager:220 - loadIPPluginJar : add quadspi
2024-03-06 21:09:30,475 [INFO] IPUIPlugin:80 - create IPUIPlugin
2024-03-06 21:09:30,476 [INFO] PluginManager:220 - loadIPPluginJar : add gfxmmu
2024-03-06 21:09:30,481 [INFO] IPUIPlugin:80 - create IPUIPlugin
2024-03-06 21:09:30,481 [INFO] PluginManager:220 - loadIPPluginJar : add nvic
2024-03-06 21:09:30,485 [INFO] IPUIPlugin:80 - create IPUIPlugin
2024-03-06 21:09:30,486 [INFO] PluginManager:220 - loadIPPluginJar : add touchsensing
2024-03-06 21:09:30,490 [INFO] IPUIPlugin:80 - create IPUIPlugin
2024-03-06 21:09:30,490 [INFO] PluginManager:220 - loadIPPluginJar : add i2s
2024-03-06 21:09:30,499 [INFO] IPUIPlugin:80 - create IPUIPlugin
2024-03-06 21:09:30,499 [INFO] PluginManager:220 - loadIPPluginJar : add linkedlist
2024-03-06 21:09:30,502 [INFO] IPUIPlugin:80 - create IPUIPlugin
2024-03-06 21:09:30,502 [INFO] PluginManager:220 - loadIPPluginJar : add cryp
2024-03-06 21:09:30,505 [INFO] IPUIPlugin:80 - create IPUIPlugin
2024-03-06 21:09:30,505 [INFO] PluginManager:220 - loadIPPluginJar : add i3c
2024-03-06 21:09:30,622 [INFO] CADModel:165 - CPN selected for project level
2024-03-06 21:09:30,622 [INFO] CADModel:114 - Register for checkConnection events
2024-03-06 21:09:30,622 [FATAL] Updater:308 - Updater called before beeing initialized
2024-03-06 21:09:30,622 [ERROR] CADModel:125 - Updater not yet initialized, retry later 
2024-03-06 21:09:30,810 [INFO] CADModel:165 - CPN selected for project level
2024-03-06 21:09:30,811 [INFO] CADModel:114 - Register for checkConnection events
2024-03-06 21:09:30,811 [FATAL] Updater:308 - Updater called before beeing initialized
2024-03-06 21:09:30,811 [ERROR] CADModel:125 - Updater not yet initialized, retry later 
2024-03-06 21:09:30,815 [FATAL] Updater:308 - Updater called before beeing initialized
2024-03-06 21:09:30,915 [FATAL] Updater:308 - Updater called before beeing initialized
2024-03-06 21:09:30,922 [INFO] DbMcusAds:53 - JSON generation date=Wed Nov 29 16:22:27 IST 2023 (1701255147349)
2024-03-06 21:09:30,922 [FATAL] Updater:308 - Updater called before beeing initialized
2024-03-06 21:09:30,963 [WARN] DetailPanel:346 - Failed to get advertising image, set to default
2024-03-06 21:09:31,047 [FATAL] Updater:308 - Updater called before beeing initialized
2024-03-06 21:09:31,049 [FATAL] Updater:308 - Updater called before beeing initialized
2024-03-06 21:09:31,049 [FATAL] Updater:308 - Updater called before beeing initialized
2024-03-06 21:09:31,049 [WARN] DetailPanel:346 - Failed to get advertising image, set to default
2024-03-06 21:09:31,050 [FATAL] Updater:308 - Updater called before beeing initialized
2024-03-06 21:09:31,100 [ERROR] Updater:1120 - MainUpdater not yet initialized. External WinMGr cannot be set.
2024-03-06 21:09:31,102 [INFO] Updater:1056 - Updater Version found : 6.10.0
2024-03-06 21:09:31,134 [INFO] ApplicationProperties:184 - Using Application install path: /opt/st/stm32cubeide_1.14.0/plugins/com.st.stm32cube.common.mx_6.10.0.202311202037
2024-03-06 21:09:31,584 [INFO] MainUpdater:2873 - connection check result : 10
2024-03-06 21:09:31,585 [INFO] MainUpdater:290 - Updater Check For Update Now.
2024-03-06 21:09:31,585 [INFO] MicroXplorer:498 - Change Database Version : DB.6.0.100
2024-03-06 21:09:31,600 [INFO] McuFinderGlobals:63 - Set McuFinder mode to 2 (CubeIDE integrated)
2024-03-06 21:09:31,600 [INFO] UserAuth:180 - activating auth plugin
2024-03-06 21:09:31,605 [INFO] UserAuth:404 - Internet connection configuration mode: 1
2024-03-06 21:09:31,635 [INFO] JxBrowserEngine:152 - Initiate JxBrowser Engine with user profile folder
2024-03-06 21:09:31,803 [INFO] CheckServerUpdateThread:120 - End of CheckServer Thread
2024-03-06 21:09:32,571 [INFO] WebApp:161 - Instantiating new browser for Auth
2024-03-06 21:09:32,907 [WARN] PackLoader:240 - Cannot read IP mode file for STMicroelectronics.X-CUBE-SMBUS.2.1.0
2024-03-06 21:09:32,919 [WARN] PackLoader:240 - Cannot read IP mode file for STMicroelectronics.X-CUBE-TOUCHGFX.4.23.0
2024-03-06 21:09:32,966 [WARN] PackLoader:240 - Cannot read IP mode file for STMicroelectronics.X-CUBE-AZRTOS-F7.1.1.0
2024-03-06 21:09:32,984 [WARN] PackLoader:240 - Cannot read IP mode file for STMicroelectronics.FP-SNS-MOTENV1.4.3.2
2024-03-06 21:09:32,996 [WARN] PackLoader:240 - Cannot read IP mode file for STMicroelectronics.FP-SNS-FLIGHT1.5.0.2
2024-03-06 21:09:33,007 [WARN] PackLoader:240 - Cannot read IP mode file for STMicroelectronics.X-CUBE-DISPLAY.3.0.0
2024-03-06 21:09:33,031 [WARN] PackLoader:240 - Cannot read IP mode file for STMicroelectronics.X-CUBE-BLE1.7.0.0
2024-03-06 21:09:33,037 [WARN] PackLoader:240 - Cannot read IP mode file for emotas.I-CUBE-CANOPEN.1.3.0
2024-03-06 21:09:33,064 [WARN] PackLoader:240 - Cannot read IP mode file for STMicroelectronics.X-CUBE-BLEMGR.3.1.0
2024-03-06 21:09:33,080 [WARN] PackLoader:240 - Cannot read IP mode file for STMicroelectronics.FP-SNS-SMARTAG2.1.2.0
2024-03-06 21:09:33,098 [INFO] LogOutputStream:77 - [STDOUT_REDIRECT] 1 : Invalid condition id : UX_CORESTACK_Condition cause : null
2024-03-06 21:09:33,099 [INFO] LogOutputStream:77 - [STDOUT_REDIRECT] 1 : Invalid condition id : UX_CORESTACK_Condition cause : null
2024-03-06 21:09:33,100 [INFO] LogOutputStream:77 - [STDOUT_REDIRECT] 1 : Invalid condition id : UX_CORESTACK_Condition cause : null
2024-03-06 21:09:33,100 [INFO] LogOutputStream:77 - [STDOUT_REDIRECT] 1 : Invalid condition id : UX_CORESTACK_Condition cause : null
2024-03-06 21:09:33,100 [INFO] LogOutputStream:77 - [STDOUT_REDIRECT] 1 : Invalid condition id : UX_CORESTACK_Condition cause : null
2024-03-06 21:09:33,117 [WARN] PackLoader:240 - Cannot read IP mode file for STMicroelectronics.X-CUBE-AZRTOS-WL.2.0.0
2024-03-06 21:09:33,132 [WARN] PackLoader:240 - Cannot read IP mode file for WES.I-CUBE-Cesium.1.3.0
2024-03-06 21:09:33,139 [WARN] PackLoader:240 - Cannot read IP mode file for STMicroelectronics.X-CUBE-BLE2.3.3.0
2024-03-06 21:09:33,150 [WARN] PackLoader:240 - Cannot read IP mode file for STMicroelectronics.X-CUBE-ALGOBUILD.1.3.0
2024-03-06 21:09:33,184 [WARN] PackLoader:240 - Cannot read IP mode file for STMicroelectronics.X-CUBE-AZRTOS-G0.1.1.0
2024-03-06 21:09:33,198 [WARN] PackLoader:240 - Cannot read IP mode file for STMicroelectronics.X-CUBE-NFC4.3.0.0
2024-03-06 21:09:33,218 [WARN] PackLoader:240 - Cannot read IP mode file for STMicroelectronics.X-CUBE-BLEMGR.3.0.0
2024-03-06 21:09:33,233 [WARN] PackLoader:240 - Cannot read IP mode file for STMicroelectronics.FP-ATR-SIGFOX1.3.2.0
2024-03-06 21:09:33,249 [WARN] PackLoader:240 - Cannot read IP mode file for STMicroelectronics.X-CUBE-EEPRMA1.5.1.0
2024-03-06 21:09:33,334 [WARN] PackLoader:240 - Cannot read IP mode file for SEGGER.I-CUBE-embOS.1.3.1
2024-03-06 21:09:33,402 [WARN] PackLoader:240 - Cannot read IP mode file for STMicroelectronics.X-CUBE-GNSS1.6.0.0
2024-03-06 21:09:33,431 [WARN] PackLoader:240 - Cannot read IP mode file for STMicroelectronics.X-CUBE-AZRTOS-F4.1.1.0
2024-03-06 21:09:33,440 [WARN] PackLoader:240 - Cannot read IP mode file for wolfSSL.I-CUBE-wolfSSL.5.6.6
2024-03-06 21:09:33,472 [WARN] PackLoader:240 - Cannot read IP mode file for STMicroelectronics.X-CUBE-AZRTOS-L5.2.0.0
2024-03-06 21:09:33,500 [WARN] PackLoader:240 - Cannot read IP mode file for ITTIA_DB.I-CUBE-ITTIADB.8.8.0
2024-03-06 21:09:33,511 [WARN] PackLoader:240 - Cannot read IP mode file for STMicroelectronics.X-CUBE-NFC7.1.0.1
2024-03-06 21:09:33,531 [WARN] PackLoader:240 - Cannot read IP mode file for STMicroelectronics.X-CUBE-NFC6.3.0.0
2024-03-06 21:09:33,541 [WARN] PackLoader:240 - Cannot read IP mode file for STMicroelectronics.X-CUBE-AI.8.1.0
2024-03-06 21:09:33,637 [WARN] ConditionMgr:438 - getConditionDescription Invalid condition id : LAN8742 Phy interface Condition cause : null
2024-03-06 21:09:33,639 [WARN] PackLoader:240 - Cannot read IP mode file for STMicroelectronics.X-CUBE-AZRTOS-L4.2.0.0
2024-03-06 21:09:33,644 [WARN] ConditionMgr:1039 - genDependencies : Invalid condition id : LAN8742 Phy interface Condition cause : null
2024-03-06 21:09:33,645 [WARN] ConditionMgr:1039 - genDependencies : Invalid condition id : LAN8742 Phy interface Condition cause : null
2024-03-06 21:09:33,646 [WARN] ConditionMgr:1039 - genDependencies : Invalid condition id : LAN8742 Phy interface Condition cause : null
2024-03-06 21:09:33,661 [WARN] PackLoader:240 - Cannot read IP mode file for STMicroelectronics.X-CUBE-SFXS2LP1.4.0.0
2024-03-06 21:09:33,705 [WARN] ConditionMgr:438 - getConditionDescription Invalid condition id : UX DEVICE CLASS RTOS Condition cause : null
2024-03-06 21:09:33,706 [WARN] ConditionMgr:438 - getConditionDescription Invalid condition id : UX DEVICE CLASS RTOS Condition cause : null
2024-03-06 21:09:33,711 [WARN] PackLoader:240 - Cannot read IP mode file for STMicroelectronics.X-CUBE-AZRTOS-WB.2.0.0
2024-03-06 21:09:33,712 [WARN] ConditionMgr:1039 - genDependencies : Invalid condition id : UX DEVICE CLASS RTOS Condition cause : null
2024-03-06 21:09:33,712 [WARN] ConditionMgr:1039 - genDependencies : Invalid condition id : UX DEVICE CLASS RTOS Condition cause : null
2024-03-06 21:09:33,713 [WARN] ConditionMgr:1039 - genDependencies : Invalid condition id : UX DEVICE CLASS RTOS Condition cause : null
2024-03-06 21:09:33,714 [WARN] ConditionMgr:1039 - genDependencies : Invalid condition id : UX DEVICE CLASS RTOS Condition cause : null
2024-03-06 21:09:33,714 [WARN] ConditionMgr:1039 - genDependencies : Invalid condition id : UX DEVICE CLASS RTOS Condition cause : null
2024-03-06 21:09:33,731 [WARN] PackLoader:240 - Cannot read IP mode file for STMicroelectronics.X-CUBE-SUBG2.5.0.0
2024-03-06 21:09:33,792 [WARN] PackLoader:240 - Cannot read IP mode file for STMicroelectronics.X-CUBE-AZRTOS-G4.2.0.0
2024-03-06 21:09:33,845 [WARN] PackLoader:240 - Cannot read IP mode file for Infineon.AIROC-Wi-Fi-Bluetooth-STM32.1.5.1
2024-03-06 21:09:33,861 [WARN] PackLoader:240 - Cannot read IP mode file for STMicroelectronics.FP-SNS-MOTENVWB1.1.3.1
2024-03-06 21:09:33,868 [WARN] PackLoader:240 - Cannot read IP mode file for STMicroelectronics.X-CUBE-ISPU.2.0.0
2024-03-06 21:09:33,882 [INFO] WebApp:780 - Register for checkConnection events
2024-03-06 21:09:33,883 [INFO] WebApp:414 - Apply proxy settings
2024-03-06 21:09:33,883 [INFO] WebApp:499 - Chromium requires no authentication
2024-03-06 21:09:33,901 [INFO] WebApp:442 - Direct internet connection detected
2024-03-06 21:09:33,958 [WARN] PackLoader:240 - Cannot read IP mode file for STMicroelectronics.X-CUBE-MEMS1.10.0.0
2024-03-06 21:09:34,293 [WARN] PackLoader:240 - Cannot read IP mode file for STMicroelectronics.X-CUBE-FREERTOS.1.1.0
2024-03-06 21:09:34,299 [WARN] PackLoader:240 - Cannot read IP mode file for portGmbH.I-Cube-SoM-uGOAL.1.1.0
2024-03-06 21:09:34,309 [WARN] PackLoader:240 - Cannot read IP mode file for STMicroelectronics.X-CUBE-ALS.1.0.1
2024-03-06 21:09:34,314 [WARN] PackLoader:240 - Cannot read IP mode file for STMicroelectronics.FP-ATR-ASTRA1.2.0.0
2024-03-06 21:09:34,330 [WARN] PackLoader:240 - Cannot read IP mode file for STMicroelectronics.X-CUBE-TOF1.3.4.0
2024-03-06 21:09:34,347 [INFO] WebApp:192 - Starting web application
2024-03-06 21:09:34,347 [INFO] WebApp:544 - Web application path used /opt/st/stm32cubeide_1.14.0/plugins/com.st.stm32cube.common.mx_6.10.0.202311202037/db/plugins/mcufinder/reactClient1/index.html
2024-03-06 21:09:34,378 [WARN] PackLoader:240 - Cannot read IP mode file for STMicroelectronics.X-CUBE-TOF1.3.4.1
2024-03-06 21:09:34,463 [WARN] PackLoader:240 - Cannot read IP mode file for STMicroelectronics.X-CUBE-AZRTOS-H7.3.2.0
2024-03-06 21:09:34,485 [INFO] ThirdParty:978 - Integrity check success = true
2024-03-06 21:09:34,485 [INFO] IntegrityCheckThread:100 - exiting critical section [integrity check]
2024-03-06 21:09:34,485 [INFO] IntegrityCheckThread:103 - End integrity checks thread
2024-03-06 21:09:55,268 [ERROR] LogOutputStream:75 - [STDERR_REDIRECT] SLF4J: Failed to load class "org.slf4j.impl.StaticLoggerBinder".
2024-03-06 21:09:55,269 [ERROR] LogOutputStream:75 - [STDERR_REDIRECT] SLF4J: Defaulting to no-operation (NOP) logger implementation
2024-03-06 21:09:55,269 [ERROR] LogOutputStream:75 - [STDERR_REDIRECT] SLF4J: See http://www.slf4j.org/codes.html#StaticLoggerBinder for further details.
